INFO-FLOW: Workspace /home/pratik0509/Projects/HLx_Examples/Acceleration/memcached/hls/flashModel_prj/solution1 opened at Fri Nov 02 21:44:39 IST 2018
Execute     set_part xc7vx690tffg1157-2 
Execute       add_library xilinx/virtex7/virtex7:xc7vx690t:ffg1157:-2 
Execute         get_default_platform 
Execute         license_isbetapart xc7vx690t 
Command         license_isbetapart done; error code: 1; 
Execute         open_platform DefaultPlatform 
Execute         import_lib /home/pratik0509/xillinx/Vivado/2018.2/common/technology/xilinx/virtex7/virtex7 
Execute           source /home/pratik0509/xillinx/Vivado/2018.2/common/technology/xilinx/common/xilinx.lib 
Execute             source /home/pratik0509/xillinx/Vivado/2018.2/common/technology/xilinx/interface/xilinx_interface.lib 
Execute               source /home/pratik0509/xillinx/Vivado/2018.2/common/technology/xilinx/interface/plb46.lib 
Execute               source /home/pratik0509/xillinx/Vivado/2018.2/common/technology/xilinx/interface/fsl.lib 
Execute               source /home/pratik0509/xillinx/Vivado/2018.2/common/technology/xilinx/interface/axi4.lib 
Execute               source /home/pratik0509/xillinx/Vivado/2018.2/common/technology/xilinx/interface/maxi.lib 
Execute               source /home/pratik0509/xillinx/Vivado/2018.2/common/technology/xilinx/interface/saxilite.lib 
Execute             source /home/pratik0509/xillinx/Vivado/2018.2/common/technology/xilinx/common/dsp48.lib 
Execute             source /home/pratik0509/xillinx/Vivado/2018.2/common/technology/xilinx/ip/xfft.lib 
Execute             source /home/pratik0509/xillinx/Vivado/2018.2/common/technology/xilinx/ip/xfir.lib 
Execute             source /home/pratik0509/xillinx/Vivado/2018.2/common/technology/xilinx/ip/dds_compiler.lib 
Execute           source /home/pratik0509/xillinx/Vivado/2018.2/common/technology/xilinx/common/xilinx_old.lib 
Execute           source /home/pratik0509/xillinx/Vivado/2018.2/common/technology/xilinx/common/xilinx_vivado.lib 
Execute           source /home/pratik0509/xillinx/Vivado/2018.2/common/technology/xilinx/common/xilinx.hlp 
Execute             source /home/pratik0509/xillinx/Vivado/2018.2/common/technology/xilinx/common/target_info.tcl 
Execute             source /home/pratik0509/xillinx/Vivado/2018.2/common/technology/xilinx/interface/xilinx_interface.hlp 
Execute               source /home/pratik0509/xillinx/Vivado/2018.2/common/technology/xilinx/interface/maxi.hlp 
Execute               source /home/pratik0509/xillinx/Vivado/2018.2/common/technology/xilinx/interface/saxilite.hlp 
Execute             source /home/pratik0509/xillinx/Vivado/2018.2/common/technology/xilinx/common/dsp48.hlp 
Execute           source /home/pratik0509/xillinx/Vivado/2018.2/common/technology/xilinx/virtex7/dsp48e1.hlp 
Execute           get_default_platform 
Execute           config_chip_info -quiet -resource  {SLICE 91050 } {LUT 364200 } {FF 728400 } {DSP48E 1260} {BRAM 1590}  
Execute           config_chip_info -quiet -speed medium 
Execute           source /home/pratik0509/xillinx/Vivado/2018.2/common/technology/xilinx/common/xilinx.hlp 
Execute             source /home/pratik0509/xillinx/Vivado/2018.2/common/technology/xilinx/common/target_info.tcl 
Execute             source /home/pratik0509/xillinx/Vivado/2018.2/common/technology/xilinx/interface/xilinx_interface.hlp 
Execute               source /home/pratik0509/xillinx/Vivado/2018.2/common/technology/xilinx/interface/maxi.hlp 
Execute               source /home/pratik0509/xillinx/Vivado/2018.2/common/technology/xilinx/interface/saxilite.hlp 
Execute             source /home/pratik0509/xillinx/Vivado/2018.2/common/technology/xilinx/common/dsp48.hlp 
Command         import_lib done; 0.23 sec.
Execute         source /home/pratik0509/xillinx/Vivado/2018.2/common/technology/xilinx/virtex7/virtex7.gen 
Execute           source /home/pratik0509/xillinx/Vivado/2018.2/common/technology/xilinx/common/virtex.gen 
Execute             source /home/pratik0509/xillinx/Vivado/2018.2/common/technology/xilinx/common/xilinx.gen 
Execute               source /home/pratik0509/xillinx/Vivado/2018.2/common/technology/xilinx/interface/plb46.gen 
Execute               source /home/pratik0509/xillinx/Vivado/2018.2/common/technology/xilinx/interface/fsl.gen 
Execute               source /home/pratik0509/xillinx/Vivado/2018.2/common/technology/xilinx/interface/axi4.gen 
Execute               source /home/pratik0509/xillinx/Vivado/2018.2/common/technology/xilinx/interface/nativeAXI4.gen 
Execute                 source /home/pratik0509/xillinx/Vivado/2018.2/common/technology/xilinx/interface/saxilite.gen 
Execute                 source /home/pratik0509/xillinx/Vivado/2018.2/common/technology/xilinx/interface/maxi.gen 
Execute               source /home/pratik0509/xillinx/Vivado/2018.2/common/technology/xilinx/scripts/xilinxcoregen.gen 
Execute               source /home/pratik0509/xillinx/Vivado/2018.2/common/technology/xilinx/interface/XilEDKCoreGen.gen 
Execute               source /home/pratik0509/xillinx/Vivado/2018.2/common/technology/xilinx/ip/dds_compiler.gen 
Execute               source /home/pratik0509/xillinx/Vivado/2018.2/common/technology/xilinx/ip/util.gen 
Execute               source /home/pratik0509/xillinx/Vivado/2018.2/common/technology/xilinx/ip/xfft.gen 
Execute               source /home/pratik0509/xillinx/Vivado/2018.2/common/technology/xilinx/ip/xfir.gen 
Command             ap_source done; 0.21 sec.
Execute             source /home/pratik0509/xillinx/Vivado/2018.2/common/technology/xilinx/common/dsp48.gen 
Command           ap_source done; 0.23 sec.
Command         ap_source done; 0.24 sec.
Execute         get_default_platform 
Execute         config_chip_info -quiet -resource  {SLICE 108300} {LUT 433200 } {FF 866400 } {DSP48E 3600} {BRAM 2940}  
Execute         config_chip_info -quiet -speed medium 
Command       add_library done; 0.56 sec.
Execute       add_library xilinx/virtex7/virtex7_fpv6 
Execute         get_default_platform 
Execute         open_platform DefaultPlatform 
Execute         import_lib /home/pratik0509/xillinx/Vivado/2018.2/common/technology/xilinx/virtex7/virtex7_fpv6 
Execute           source /home/pratik0509/xillinx/Vivado/2018.2/common/technology/xilinx/common/xilinx_fpv7.lib 
Execute             source /home/pratik0509/xillinx/Vivado/2018.2/common/technology/xilinx/common/xilinx_hp.lib 
Execute           source /home/pratik0509/xillinx/Vivado/2018.2/common/technology/xilinx/common/xilinx_fpv.hlp 
Execute             source /home/pratik0509/xillinx/Vivado/2018.2/common/technology/xilinx/common/xilinx.hlp 
Execute               source /home/pratik0509/xillinx/Vivado/2018.2/common/technology/xilinx/common/target_info.tcl 
Execute               source /home/pratik0509/xillinx/Vivado/2018.2/common/technology/xilinx/interface/xilinx_interface.hlp 
Execute                 source /home/pratik0509/xillinx/Vivado/2018.2/common/technology/xilinx/interface/maxi.hlp 
Execute                 source /home/pratik0509/xillinx/Vivado/2018.2/common/technology/xilinx/interface/saxilite.hlp 
Execute               source /home/pratik0509/xillinx/Vivado/2018.2/common/technology/xilinx/common/dsp48.hlp 
Execute           source /home/pratik0509/xillinx/Vivado/2018.2/common/technology/xilinx/virtex7/virtex7_hp.hlp 
Execute         source /home/pratik0509/xillinx/Vivado/2018.2/common/technology/xilinx/virtex7/virtex7_fpv6.gen 
Execute           source /home/pratik0509/xillinx/Vivado/2018.2/common/technology/xilinx/common/xilinx_fpv6.gen 
Command       add_library done; 0.13 sec.
INFO: [HLS 200-10] Setting target device to 'xc7vx690tffg1157-2'
Execute       get_default_platform 
Command     set_part done; 0.74 sec.
Execute     create_clock -period 6.4 -name default 
Execute       config_clock -quiet -name default -period 6.4 -default=false 
INFO: [SYN 201-201] Setting up clock 'default' with a period of 6.4ns.
Execute     csynth_design 
Execute       get_config_compile -effort 
Execute       get_config_compile -enable_clang39 
Execute       get_config_compile -g 
Execute       get_config_compile -lm 
Execute       get_config_compile -ng 
Execute       get_config_compile -opt_fp 
Execute       get_config_compile -skip_cdt 
Execute       get_config_compile -skip_syncheck 
Execute       get_config_compile -skip_transform 
Execute       get_config_compile -keep_printf 
Execute       elaborate -effort=medium -skip_syncheck=0 -keep_printf=0 -lm=0 -skip_cdt=0 -skip_transform=0 -ng=0 -g=0 -opt_fp=0 -from_csynth_design=1 
Execute         get_config_schedule -relax_ii_for_timing 
Execute         get_config_schedule -suppress_dependence_error_break 
INFO: [HLS 200-10] Analyzing design file 'sources/otherModules/flashModel/flashModel.cpp' ... 
INFO-FLOW: Compiling one TU...
Execute         is_m_axi_addr64 
INFO-FLOW: Handling sources/otherModules/flashModel/flashModel.cpp as C++
Execute         get_default_platform 
Execute         is_encrypted sources/otherModules/flashModel/flashModel.cpp 
Execute         get_default_platform 
INFO-FLOW: Source preprocessing
Execute         clang  -fno-limit-debug-info -gcc-toolchain "/home/pratik0509/xillinx/Vivado/2018.2/lnx64/tools/gcc" -hls  -fno-exceptions  -D__llvm__  -E "sources/otherModules/flashModel/flashModel.cpp"     -fno-math-errno -c -emit-llvm -O0  -mllvm -disable-llvm-optzns -fno-threadsafe-statics  -fno-use-cxa-atexit  -fno-threadsafe-statics -fno-use-cxa-atexit -D__CLANG_3_1__ -DAESL_SYN -D__SYNTHESIS__ -D__HLS_SYN__ -I "/home/pratik0509/xillinx/Vivado/2018.2/common/technology/autopilot" -I "/home/pratik0509/xillinx/Vivado/2018.2/common/technology/autopilot/ap_sysc" -include etc/autopilot_ssdm_op.h -D__DSP48E1__  -o "/home/pratik0509/Projects/HLx_Examples/Acceleration/memcached/hls/flashModel_prj/solution1/.autopilot/db/flashModel.pp.0.cpp" 
INFO-FLOW: exec /home/pratik0509/xillinx/Vivado/2018.2/lnx64/tools/clang/bin/clang -fno-limit-debug-info -gcc-toolchain /home/pratik0509/xillinx/Vivado/2018.2/lnx64/tools/gcc -hls -fno-exceptions -D__llvm__ -E sources/otherModules/flashModel/flashModel.cpp -fno-math-errno -c -emit-llvm -O0 -mllvm -disable-llvm-optzns -fno-threadsafe-statics -fno-use-cxa-atexit -fno-threadsafe-statics -fno-use-cxa-atexit -D__CLANG_3_1__ -DAESL_SYN -D__SYNTHESIS__ -D__HLS_SYN__ -I /home/pratik0509/xillinx/Vivado/2018.2/common/technology/autopilot -I /home/pratik0509/xillinx/Vivado/2018.2/common/technology/autopilot/ap_sysc -include etc/autopilot_ssdm_op.h -D__DSP48E1__ -o /home/pratik0509/Projects/HLx_Examples/Acceleration/memcached/hls/flashModel_prj/solution1/.autopilot/db/flashModel.pp.0.cpp
Command         clang done; 3.52 sec.
INFO-FLOW: Syntax Checking before pre-processing...
Execute         clang  -fno-limit-debug-info -gcc-toolchain "/home/pratik0509/xillinx/Vivado/2018.2/lnx64/tools/gcc" -hls    -fno-math-errno -c -emit-llvm -O0  -mllvm -disable-llvm-optzns -fno-threadsafe-statics  -fno-use-cxa-atexit  -fno-threadsafe-statics -fno-use-cxa-atexit -D__CLANG_3_1__ -DAESL_SYN -D__SYNTHESIS__ -D__HLS_SYN__ -I "/home/pratik0509/xillinx/Vivado/2018.2/common/technology/autopilot" -I "/home/pratik0509/xillinx/Vivado/2018.2/common/technology/autopilot/ap_sysc" -include etc/autopilot_ssdm_op.h -D__DSP48E1__  "/home/pratik0509/Projects/HLx_Examples/Acceleration/memcached/hls/flashModel_prj/solution1/.autopilot/db/flashModel.pp.0.cpp"  -o "/home/pratik0509/Projects/HLx_Examples/Acceleration/memcached/hls/flashModel_prj/solution1/.autopilot/db/useless.bc"  
INFO-FLOW: exec /home/pratik0509/xillinx/Vivado/2018.2/lnx64/tools/clang/bin/clang -fno-limit-debug-info -gcc-toolchain /home/pratik0509/xillinx/Vivado/2018.2/lnx64/tools/gcc -hls -fno-math-errno -c -emit-llvm -O0 -mllvm -disable-llvm-optzns -fno-threadsafe-statics -fno-use-cxa-atexit -fno-threadsafe-statics -fno-use-cxa-atexit -D__CLANG_3_1__ -DAESL_SYN -D__SYNTHESIS__ -D__HLS_SYN__ -I /home/pratik0509/xillinx/Vivado/2018.2/common/technology/autopilot -I /home/pratik0509/xillinx/Vivado/2018.2/common/technology/autopilot/ap_sysc -include etc/autopilot_ssdm_op.h -D__DSP48E1__ /home/pratik0509/Projects/HLx_Examples/Acceleration/memcached/hls/flashModel_prj/solution1/.autopilot/db/flashModel.pp.0.cpp -o /home/pratik0509/Projects/HLx_Examples/Acceleration/memcached/hls/flashModel_prj/solution1/.autopilot/db/useless.bc
Command         clang done; 2.07 sec.
INFO-FLOW: GCC PP time: 5 seconds per iteration
Execute         list_core -type functional_unit 
Execute         tidy_31 xilinx-systemc-detector /home/pratik0509/Projects/HLx_Examples/Acceleration/memcached/hls/flashModel_prj/solution1/.autopilot/db/flashModel.pp.0.cpp std=gnu++98 -directive=/home/pratik0509/Projects/HLx_Examples/Acceleration/memcached/hls/flashModel_prj/solution1/.autopilot/db/.systemc_flag 
INFO-FLOW: exec /home/pratik0509/xillinx/Vivado/2018.2/lnx64/tools/clang-3.9-csynth/bin/tidy-3.1 -header-filter=.* --checks=-*,xilinx-systemc-detector -import-directive=/home/pratik0509/Projects/HLx_Examples/Acceleration/memcached/hls/flashModel_prj/solution1/.autopilot/db/.systemc_flag -quiet -fix-errors /home/pratik0509/Projects/HLx_Examples/Acceleration/memcached/hls/flashModel_prj/solution1/.autopilot/db/flashModel.pp.0.cpp -- -std=gnu++98 -fhls -ferror-limit=0
Command         tidy_31 done; 2.85 sec.
INFO-FLOW: CDT Preprocessing with tidy-3.1...
Execute         tidy_31 xilinx-directive2pragma /home/pratik0509/Projects/HLx_Examples/Acceleration/memcached/hls/flashModel_prj/solution1/.autopilot/db/flashModel.pp.0.cpp std=gnu++98 -directive=/home/pratik0509/Projects/HLx_Examples/Acceleration/memcached/hls/flashModel_prj/solution1/solution1.json 
INFO-FLOW: exec /home/pratik0509/xillinx/Vivado/2018.2/lnx64/tools/clang-3.9-csynth/bin/tidy-3.1 -header-filter=.* --checks=-*,xilinx-directive2pragma -import-directive=/home/pratik0509/Projects/HLx_Examples/Acceleration/memcached/hls/flashModel_prj/solution1/solution1.json -quiet -fix-errors /home/pratik0509/Projects/HLx_Examples/Acceleration/memcached/hls/flashModel_prj/solution1/.autopilot/db/flashModel.pp.0.cpp -- -std=gnu++98 -fhls -ferror-limit=0
Command         tidy_31 done; 0.79 sec.
Execute         get_config_dataflow -strict_mode 
Execute         ap_eval exec -ignorestderr /home/pratik0509/xillinx/Vivado/2018.2/lnx64/tools/clang-3.9-csynth/bin/xilinx-dataflow-lawyer -export-fixes=/home/pratik0509/Projects/HLx_Examples/Acceleration/memcached/hls/flashModel_prj/solution1/.autopilot/db/xilinx-dataflow-lawyer.flashModel.pp.0.cpp.diag.yml /home/pratik0509/Projects/HLx_Examples/Acceleration/memcached/hls/flashModel_prj/solution1/.autopilot/db/flashModel.pp.0.cpp -- -std=gnu++98 -fhls -ferror-limit=0 -fstrict-dataflow > /home/pratik0509/Projects/HLx_Examples/Acceleration/memcached/hls/flashModel_prj/solution1/.autopilot/db/xilinx-dataflow-lawyer.flashModel.pp.0.cpp.out.log 2> /home/pratik0509/Projects/HLx_Examples/Acceleration/memcached/hls/flashModel_prj/solution1/.autopilot/db/xilinx-dataflow-lawyer.flashModel.pp.0.cpp.err.log 
Command         ap_eval done; 1.36 sec.
Execute         tidy_31 -errorcheck xilinx-constantarray-param,xilinx-resource-pragma-transformer /home/pratik0509/Projects/HLx_Examples/Acceleration/memcached/hls/flashModel_prj/solution1/.autopilot/db/flashModel.pp.0.cpp std=gnu++98 
INFO-FLOW: exec /home/pratik0509/xillinx/Vivado/2018.2/lnx64/tools/clang-3.9-csynth/bin/tidy-3.1 -header-filter=.* --checks=-*,xilinx-constantarray-param,xilinx-resource-pragma-transformer -quiet -fix-errors /home/pratik0509/Projects/HLx_Examples/Acceleration/memcached/hls/flashModel_prj/solution1/.autopilot/db/flashModel.pp.0.cpp -- -std=gnu++98 -fhls -ferror-limit=0
INFO-FLOW: exec /home/pratik0509/xillinx/Vivado/2018.2/lnx64/tools/clang-3.9-csynth/bin/xilinx-legacy-rewriter /home/pratik0509/Projects/HLx_Examples/Acceleration/memcached/hls/flashModel_prj/solution1/.autopilot/db/flashModel.pp.0.cpp -- -std=gnu++98 -fhls -ferror-limit=0
Command         tidy_31 done; 3.05 sec.
INFO-FLOW: tidy-3.1 time 5 seconds per iteration
INFO-FLOW: Pragma Handling...
Execute         tidy_31 xilinx-ssdm-intrinsics-arguments /home/pratik0509/Projects/HLx_Examples/Acceleration/memcached/hls/flashModel_prj/solution1/.autopilot/db/flashModel.pragma.1.cpp std=gnu++98 
INFO-FLOW: exec /home/pratik0509/xillinx/Vivado/2018.2/lnx64/tools/clang-3.9-csynth/bin/tidy-3.1 -header-filter=.* --checks=-*,xilinx-ssdm-intrinsics-arguments -quiet -fix-errors /home/pratik0509/Projects/HLx_Examples/Acceleration/memcached/hls/flashModel_prj/solution1/.autopilot/db/flashModel.pragma.1.cpp -- -std=gnu++98 -fhls -ferror-limit=0
Command         tidy_31 done; 1 sec.
INFO-FLOW: Source preprocessing
Execute         clang  -fno-limit-debug-info -gcc-toolchain "/home/pratik0509/xillinx/Vivado/2018.2/lnx64/tools/gcc" -hls  -fno-exceptions  -D__llvm__  -E "/home/pratik0509/Projects/HLx_Examples/Acceleration/memcached/hls/flashModel_prj/solution1/.autopilot/db/flashModel.pragma.1.cpp"     -fno-math-errno -c -emit-llvm -O0  -mllvm -disable-llvm-optzns -fno-threadsafe-statics  -fno-use-cxa-atexit  -fno-threadsafe-statics -fno-use-cxa-atexit -D__CLANG_3_1__ -DAESL_SYN -D__SYNTHESIS__ -D__HLS_SYN__ -I "/home/pratik0509/xillinx/Vivado/2018.2/common/technology/autopilot" -I "/home/pratik0509/xillinx/Vivado/2018.2/common/technology/autopilot/ap_sysc" -include etc/autopilot_ssdm_op.h -D__DSP48E1__  -o "/home/pratik0509/Projects/HLx_Examples/Acceleration/memcached/hls/flashModel_prj/solution1/.autopilot/db/flashModel.pragma.2.cpp" 
INFO-FLOW: exec /home/pratik0509/xillinx/Vivado/2018.2/lnx64/tools/clang/bin/clang -fno-limit-debug-info -gcc-toolchain /home/pratik0509/xillinx/Vivado/2018.2/lnx64/tools/gcc -hls -fno-exceptions -D__llvm__ -E /home/pratik0509/Projects/HLx_Examples/Acceleration/memcached/hls/flashModel_prj/solution1/.autopilot/db/flashModel.pragma.1.cpp -fno-math-errno -c -emit-llvm -O0 -mllvm -disable-llvm-optzns -fno-threadsafe-statics -fno-use-cxa-atexit -fno-threadsafe-statics -fno-use-cxa-atexit -D__CLANG_3_1__ -DAESL_SYN -D__SYNTHESIS__ -D__HLS_SYN__ -I /home/pratik0509/xillinx/Vivado/2018.2/common/technology/autopilot -I /home/pratik0509/xillinx/Vivado/2018.2/common/technology/autopilot/ap_sysc -include etc/autopilot_ssdm_op.h -D__DSP48E1__ -o /home/pratik0509/Projects/HLx_Examples/Acceleration/memcached/hls/flashModel_prj/solution1/.autopilot/db/flashModel.pragma.2.cpp
Command         clang done; 1.23 sec.
Execute         get_default_platform 
INFO-FLOW: Processing labels
Execute         clang -src /home/pratik0509/Projects/HLx_Examples/Acceleration/memcached/hls/flashModel_prj/solution1/.autopilot/db/flashModel.pragma.2.cpp  -fno-limit-debug-info -gcc-toolchain /home/pratik0509/xillinx/Vivado/2018.2/lnx64/tools/gcc -hls -hls-analyze-label -hls-analyze-pragma -fno-exceptions  -D__llvm__  -w  "/home/pratik0509/Projects/HLx_Examples/Acceleration/memcached/hls/flashModel_prj/solution1/.autopilot/db/flashModel.pragma.2.cpp"    -fno-math-errno -c -emit-llvm -O0  -mllvm -disable-llvm-optzns -fno-threadsafe-statics  -fno-use-cxa-atexit -DAESL_SYN -D__SYNTHESIS__ -D__HLS_SYN__ -I "/home/pratik0509/xillinx/Vivado/2018.2/common/technology/autopilot" -I "/home/pratik0509/xillinx/Vivado/2018.2/common/technology/autopilot/ap_sysc" -include etc/autopilot_ssdm_op.h -D__DSP48E1__ -g -o "/home/pratik0509/Projects/HLx_Examples/Acceleration/memcached/hls/flashModel_prj/solution1/.autopilot/db/flashModel.bc" 
INFO-FLOW: exec /home/pratik0509/xillinx/Vivado/2018.2/lnx64/tools/clang/bin/clang -fno-limit-debug-info -gcc-toolchain /home/pratik0509/xillinx/Vivado/2018.2/lnx64/tools/gcc -hls -hls-analyze-label -hls-analyze-pragma -fno-exceptions -D__llvm__ -w /home/pratik0509/Projects/HLx_Examples/Acceleration/memcached/hls/flashModel_prj/solution1/.autopilot/db/flashModel.pragma.2.cpp -fno-math-errno -c -emit-llvm -O0 -mllvm -disable-llvm-optzns -fno-threadsafe-statics -fno-use-cxa-atexit -DAESL_SYN -D__SYNTHESIS__ -D__HLS_SYN__ -I /home/pratik0509/xillinx/Vivado/2018.2/common/technology/autopilot -I /home/pratik0509/xillinx/Vivado/2018.2/common/technology/autopilot/ap_sysc -include etc/autopilot_ssdm_op.h -D__DSP48E1__ -g -o /home/pratik0509/Projects/HLx_Examples/Acceleration/memcached/hls/flashModel_prj/solution1/.autopilot/db/flashModel.bc
Command         clang done; 1.7 sec.
INFO-FLOW: Linking Debug ...
Execute         llvm-ld /home/pratik0509/Projects/HLx_Examples/Acceleration/memcached/hls/flashModel_prj/solution1/.autopilot/db/flashModel.g.bc -hls-opt -except-internalize flashModel -L/home/pratik0509/xillinx/Vivado/2018.2/lnx64/lib -lhlsm -lhlsmc++ -o /home/pratik0509/Projects/HLx_Examples/Acceleration/memcached/hls/flashModel_prj/solution1/.autopilot/db/a.g 
Command         llvm-ld done; 0.97 sec.
INFO: [HLS 200-111] Finished Linking Time (s): cpu = 00:00:12 ; elapsed = 00:00:20 . Memory (MB): peak = 346.688 ; gain = 0.199 ; free physical = 1719 ; free virtual = 6391
INFO: [HLS 200-111] Finished Checking Pragmas Time (s): cpu = 00:00:12 ; elapsed = 00:00:20 . Memory (MB): peak = 346.688 ; gain = 0.199 ; free physical = 1719 ; free virtual = 6391
Execute         ::config_rtl 
Execute         opt_and_import_c a -opt_level=2 -skip_syncheck=0 -ng=0 -keep_printf=0 
Execute           cleanup_all_models 
INFO: [HLS 200-10] Starting code transformations ...
Execute           transform -promote-dbg-pointer /home/pratik0509/Projects/HLx_Examples/Acceleration/memcached/hls/flashModel_prj/solution1/.autopilot/db/a.pp.bc -o /home/pratik0509/Projects/HLx_Examples/Acceleration/memcached/hls/flashModel_prj/solution1/.autopilot/db/a.pp.0.bc -f 
Command           transform done; 0.27 sec.
Execute           llvm-ld /home/pratik0509/Projects/HLx_Examples/Acceleration/memcached/hls/flashModel_prj/solution1/.autopilot/db/a.pp.0.bc -disable-opt -L/home/pratik0509/xillinx/Vivado/2018.2/lnx64/lib -lfloatconversion -o /home/pratik0509/Projects/HLx_Examples/Acceleration/memcached/hls/flashModel_prj/solution1/.autopilot/db/a.g.0 
Command           llvm-ld done; 0.7 sec.
INFO-FLOW: Running Standard Transforms...
Execute           transform -hls -share-std-xform -demangle-name -inline-byval-memcpy -always-inline -promote-dbg-pointer -interface-preproc -scalarrepl -mem2reg -keep-read-access -instcombine -dce -promote-dbg-pointer -bitop-raise -loop-simplify -indvarspre -indvars -loop-simplify -xunroll -constprop -instcombine -simplifycfg -indvars -simplifycfg -dce -globaldce -basicaa -simplifycfg -mem2reg -globalopt -global-constprop -deadargelim -instcombine -simplifycfg -prune-eh -simplifycfg -scalarrepl -instcombine -reassociate -licm -simplifycfg -loop-simplify -indvars -instcombine -simplifycfg -mem2reg -loop-simplify -indvars -instcombine -gvn -gvn -instcombine -adce -break-crit-edges -simplifycfg -loop-delete -global-array-opt -dce -dse -adce -find-syn-modules -top flashModel -deadargelim -mem2reg -instcombine -dce -presyn-prepare -auto-rom-infer -interface-preproc -syn-check -check-rec-only -find-region -simplifycfg -func-extr -function-inline -globaldce -mem2reg -instcombine -dce -gvn -globaldce -adce -adse -constprop -instcombine -bit-constprop -instcombine -dce -simplifycfg -bitop-raise -simplifycfg -dce -loop-delete -reassociate -globalopt -global-privatize -mem2reg -dce -global-constprop -pointer-simplify -constprop -dce -func-inst -deadargelim -auto-shift-reg-idiom -promote-dbg-pointer -norm-name /home/pratik0509/Projects/HLx_Examples/Acceleration/memcached/hls/flashModel_prj/solution1/.autopilot/db/a.g.0.bc -o /home/pratik0509/Projects/HLx_Examples/Acceleration/memcached/hls/flashModel_prj/solution1/.autopilot/db/a.g.1.bc -f -phase std-opt 
Command           transform done; 0.17 sec.
INFO: [HLS 200-111] Finished Standard Transforms Time (s): cpu = 00:00:12 ; elapsed = 00:00:21 . Memory (MB): peak = 346.816 ; gain = 0.328 ; free physical = 1698 ; free virtual = 6382
INFO: [HLS 200-10] Checking synthesizability ...
INFO-FLOW: Checking Synthesizability 1/2..
Execute           transform -hls -syn-check -check-rec-only -disaggr -scalarrepl -norm-name -dce -mem2reg -instcombine -function-uniquify -directive-preproc -mem2reg -dse -dce -auto-rom-infer -dce -array-normalize -instcombine -dce -warn-fifo-pointer -array-seg-normalize -instcombine -dce -array-flatten -instcombine -dce -array-burst -dce -deadargelim -promote-global-argument -simplifycfg -mem2reg -globaldce -resolve-double-ptr -dce -deadargelim -dce -instcombine -function-inline -globaldce -dce -doublePtrSimplify -doublePtrElim -dce -doublePtrSimplify -promote-dbg-pointer -dce -scalarrepl -dse -adse -instcombine -ptrLegalization -simplifycfg -dce -instcombine -pointer-simplify -ptrArgReplace -dce -instcombine -disaggr -scalarrepl -norm-name -dce -mem2reg -instcombine -ptrLegalization -simplifycfg -deadargelim -instcombine -dce -inst-simplify -function-uniquify -directive-preproc -mem2reg -dse -dce -globaldce /home/pratik0509/Projects/HLx_Examples/Acceleration/memcached/hls/flashModel_prj/solution1/.autopilot/db/a.g.1.bc -o /home/pratik0509/Projects/HLx_Examples/Acceleration/memcached/hls/flashModel_prj/solution1/.autopilot/db/a.g.2.prechk.bc -f 
INFO-FLOW: Checking Synthesizability 2/2..
Execute           transform -syn-check /home/pratik0509/Projects/HLx_Examples/Acceleration/memcached/hls/flashModel_prj/solution1/.autopilot/db/a.g.2.prechk.bc -o /home/pratik0509/Projects/HLx_Examples/Acceleration/memcached/hls/flashModel_prj/solution1/.autopilot/db/a.g.2.bc -f -phase syn-check 
INFO: [HLS 200-111] Finished Checking Synthesizability Time (s): cpu = 00:00:13 ; elapsed = 00:00:21 . Memory (MB): peak = 346.816 ; gain = 0.328 ; free physical = 1692 ; free virtual = 6377
INFO-FLOW: Compiler optimizing ...
INFO-FLOW: Share syncheck's 1.bc for syn flow: copy /home/pratik0509/Projects/HLx_Examples/Acceleration/memcached/hls/flashModel_prj/solution1/.autopilot/db/a.g.1.bc to /home/pratik0509/Projects/HLx_Examples/Acceleration/memcached/hls/flashModel_prj/solution1/.autopilot/db/a.o.1.bc
INFO-FLOW: Presyn 1...
Execute           transform -hls -tmp /home/pratik0509/Projects/HLx_Examples/Acceleration/memcached/hls/flashModel_prj/solution1/.autopilot/db -interface-port-rename -type-info -function-uniquify -directive-preproc -mem2reg -dse -dce -disaggr -scalarrepl -norm-name -deadargelim -mem2reg -instcombine -dce -simplifycfg -auto-rom-infer -dce -function-uniquify -resource-proc -simplifycfg -mem2reg -globaldce -resolve-double-ptr -dce -deadargelim -dce -instcombine -clib-intrinsic-prepare -dce -func-buffer -dce -array-normalize -func-legal -instcombine -gvn -constprop -dce -ptrArgReplace -mem2reg -instcombine -dce -array-seg-normalize -deadargelim -instcombine -dce -pointer-simplify -dce -port-alignment -dce -interface-preproc -data-pack -instcombine -dce -basicaa -aggr-aa -aggrmodref-aa -aggr-aa -gvn -gvn -basicaa -aggr-aa -aggrmodref-aa -aggr-aa -dse -adse -adce -loop-simplify -indvars -instcombine -gvn -loop-simplify -mem2reg -dce -find-region -instcombine -auto-loop-pipeline -inst-simplify -interface-preproc -cfgopt -instcombine -indvars -auto-loop-unroll -loop-simplify -loop-bound -xunroll -constprop -instcombine -simplifycfg -indvars -simplifycfg -dce -globaldce -clean-region -attach-range -gvn -inst-simplify -constprop -simplifycfg -dce -pointer-simplify -dce -globalopt -constprop -dce -array-promote -constprop -instcombine -dce -ptrArgReplace -mem2reg -instcombine -simplifycfg -dce -auto-par -instcombine -dce -array-transform-check -array-reshape -instcombine -simplifycfg -dce -ptrArgReplace -deadargelim -mem2reg -instcombine -simplifycfg -dce -indvars -loop-simplify -loop-bound -xunroll -constprop -instcombine -simplifycfg -indvars -simplifycfg -dce -globaldce -duplicate-dataflow-processes -globaldce -instcombine -array-partition -instcombine -simplifycfg -dce -ptrArgReplace -global-constprop -deadargelim -mem2reg -func-legal -instcombine -dce -global-constprop -deadargelim -mem2reg -instcombine -simplifycfg -dce -merge-param -deadargelim -globalopt -constprop -dce -array-promote -constprop -instcombine -dce -ptrArgReplace -mem2reg -instcombine -simplifycfg -dce -mem-intrinsic-preproc -dce -global-internalize -global-privatize -mem2reg -globaldce -promote-global-argument -ptrArgReplace -mem2reg -instcombine -dce -globalopt -mergereturn -simplify-global-access -mem2reg -dce -pointer-simplify -dce -functionattrs -basicaa -aggr-aa -aggrmodref-aa -aggr-aa -gvn -gvn -basicaa -aggr-aa -aggrmodref-aa -aggr-aa -dse -adse -adce -inst-simplify -dce -norm-name -function-inline -globaldce -func-inst -constprop -instcombine -simplifycfg -dce -func-legal -dce -loop-bound -arraycheck -bitwidthmin -on-by-dataflow -loop-delete -instcombine -simplifycfg -globaldce -dce -gvn -deadargelim -dce -loop-simplify -clean-region -simplifycfg -propagate-stable-arguments -loop-stream -instcombine -simplifycfg -dce -globaldce -duplicate-dataflow-processes -stream-intrinsic-preproc -dce -check-ap-stream -loop-simplify -eliminate-keepreads -extract-dataflow-in-loop -loop-simplify -dce -gvn -deadargelim -dse -check-dataflow-syntax -legalize-stream-variable -legalize-global -extract-subproc -dce -dead-channel-elimination -canonicalize-gep -globaldce -dce -gvn -deadargelim -annotate-dataflow-channels -scalar-propagation -deadargelim -globaldce -mem2reg -check-dataflow-channels -function-stream -dce -globaldce -prop-fifo-spec -internal-stream-gen -canonicalize-gep -globaldce -dce -gvn -deadargelim -mergereturn -indvars -loop-simplify -instcombine -array-stream -array-seg-normalize -array-partition -func-legal -instcombine -simplifycfg -dce -bundle-memfifo-ops -deadargelim -function-uniquify -directive-preproc -mem2reg -dse -dce -group-axi-access -licm -simplifycfg -dce -loop-delete -norm-name /home/pratik0509/Projects/HLx_Examples/Acceleration/memcached/hls/flashModel_prj/solution1/.autopilot/db/a.o.1.bc -o /home/pratik0509/Projects/HLx_Examples/Acceleration/memcached/hls/flashModel_prj/solution1/.autopilot/db/a.o.1.tmp.bc -f 
INFO: [XFORM 203-1101] Packing variable 'rdCmdIn.V' (sources/otherModules/flashModel/flashModel.cpp:93) into a 45-bit variable.
INFO: [XFORM 203-1101] Packing variable 'wrCmdIn.V' (sources/otherModules/flashModel/flashModel.cpp:93) into a 45-bit variable.
INFO: [XFORM 203-712] Applying dataflow to function 'flashModel', detected/extracted 2 process function(s): 
	 'flashCmdAggregator'
	 'flashMemAccess'.
Command           transform done; 0.25 sec.
INFO-FLOW: Presyn 2...
Execute           transform -hls -keep-callgraph -scalarrepl -mem2reg -port-alignment -attach-range -dce -pipe-mux-gen -indvars -loop-bound -inst-simplify -instcombine -dce -merge-array-access -mem2reg -dce -clean-region -mergereturn -if-conv -instcombine -dce -constprop -basicaa -aggr-aa -aggrmodref-aa -aggr-aa -gvn -gvn -basicaa -aggr-aa -aggrmodref-aa -aggr-aa -dse -adse -adce -scalarrepl -mem2reg -global-constprop -deadargelim -deadargelim -instcombine -dce -simplifycfg -ptrArgReplace -mem2reg -function-inline -globaldce -mem2reg -instcombine -dce -expr-balance -instcombine -dce -bitwidthmin -interface-preproc -directive-preproc -inst-rectify -instcombine -dce -functionattrs -constprop -instcombine -bit-constprop -simplify-global-access -globalopt -globaldce -inst-simplify -instcombine -elimdeaddata -dce -loop-delete -simplifycfg -loop-simplify -auto-burst -norm-name /home/pratik0509/Projects/HLx_Examples/Acceleration/memcached/hls/flashModel_prj/solution1/.autopilot/db/a.o.1.tmp.bc -o /home/pratik0509/Projects/HLx_Examples/Acceleration/memcached/hls/flashModel_prj/solution1/.autopilot/db/a.o.2.bc -f -phase presyn 
INFO: [HLS 200-111] Finished Pre-synthesis Time (s): cpu = 00:00:13 ; elapsed = 00:00:22 . Memory (MB): peak = 474.488 ; gain = 128.000 ; free physical = 1659 ; free virtual = 6345
INFO-FLOW: Building ssdm...
Execute           transform -hls -function-uniquify -auto-function-inline -globaldce -ptrArgReplace -mem2reg -instcombine -dce -reset-lda -loop-simplify -indvars -licm -loop-dep -loop-bound -licm -loop-simplify -flattenloopnest -array-flatten -gvn -instcombine -dce -array-map -dce -func-legal -gvn -adce -instcombine -cfgopt -simplifycfg -loop-simplify -array-burst -promote-global-argument -dce -axi4-lower -array-seg-normalize -basicaa -aggrmodref-aa -globalsmodref-aa -aggr-aa -gvn -gvn -basicaa -aggrmodref-aa -globalsmodref-aa -aggr-aa -dse -adse -adce -licm -inst-simplify -dce -globaldce -instcombine -array-stream -eliminate-keepreads -instcombine -dce -deadargelim -doublePtrSimplify -doublePtrElim -dce -doublePtrSimplify -promote-dbg-pointer -dce -scalarrepl -mem2reg -disaggr -norm-name -mem2reg -instcombine -dse -adse -adce -ptrLegalization -dce -auto-rom-infer -array-flatten -dce -instcombine -check-doubleptr -loop-rot -constprop -cfgopt -simplifycfg -loop-simplify -indvars -pointer-simplify -dce -loop-bound -loop-simplify -loop-preproc -constprop -global-constprop -gvn -mem2reg -instcombine -dce -loop-bound -loop-merge -dce -bitwidthmin -deadargelim -dce -canonicalize-dataflow -dce -scalar-propagation -deadargelim -globaldce -mem2reg -read-loop-dep -interface-preproc -directive-preproc -interface-gen -bram-byte-enable -deadargelim -inst-simplify -dce -gvn -mem2reg -instcombine -dce -adse -loop-bound -instcombine -cfgopt -simplifycfg -loop-simplify -clean-region -io-protocol -find-region -mem2reg -bitop-raise -inst-simplify -inst-rectify -instcombine -adce -deadargelim -loop-simplify -phi-opt -bitop-raise -cfgopt -simplifycfg -strip-dead-prototypes -interface-lower -bitop-lower -intrinsic-lower -auto-function-inline -basicaa -aggrmodref-aa -globalsmodref-aa -aggr-aa -inst-simplify -simplifycfg -loop-simplify -mergereturn -inst-simplify -inst-rectify -dce -load-elim -bitop-lower -loop-rewind -pointer-simplify -dce -cfgopt -dce -bitwidth -loop-dep -read-loop-dep -dce -check-stream -norm-name -legalize -validate-dataflow -dead-allocation-elimination -cdfg-build /home/pratik0509/Projects/HLx_Examples/Acceleration/memcached/hls/flashModel_prj/solution1/.autopilot/db/a.o.2.bc -o /home/pratik0509/Projects/HLx_Examples/Acceleration/memcached/hls/flashModel_prj/solution1/.autopilot/db/a.o.3.bc -f -phase build-ssdm 
Command           transform done; 0.19 sec.
INFO: [HLS 200-111] Finished Architecture Synthesis Time (s): cpu = 00:00:13 ; elapsed = 00:00:22 . Memory (MB): peak = 474.488 ; gain = 128.000 ; free physical = 1642 ; free virtual = 6328
INFO-FLOW: Finish building internal data model.
Command         opt_and_import_c done; 1.82 sec.
Command       elaborate done; 20.73 sec.
Execute       autosyn -from_csynth_design=1 
INFO: [HLS 200-10] Starting hardware synthesis ...
INFO-FLOW: Synthesizing C/C++ design ...
INFO: [HLS 200-10] Synthesizing 'flashModel' ...
Execute         ap_set_top_model flashModel 
Execute         get_model_list flashModel -filter all-wo-channel -topdown 
Execute         preproc_iomode -model flashModel 
Execute         preproc_iomode -model flashMemAccess 
Execute         preproc_iomode -model flashCmdAggregator 
Execute         get_model_list flashModel -filter all-wo-channel 
INFO-FLOW: Model list for configure: flashCmdAggregator flashMemAccess flashModel
INFO-FLOW: Configuring Module : flashCmdAggregator ...
Execute         set_default_model flashCmdAggregator 
Execute         apply_spec_resource_limit flashCmdAggregator 
INFO-FLOW: Configuring Module : flashMemAccess ...
Execute         set_default_model flashMemAccess 
Execute         apply_spec_resource_limit flashMemAccess 
INFO-FLOW: Configuring Module : flashModel ...
Execute         set_default_model flashModel 
Execute         apply_spec_resource_limit flashModel 
INFO-FLOW: Model list for preprocess: flashCmdAggregator flashMemAccess flashModel
INFO-FLOW: Preprocessing Module: flashCmdAggregator ...
Execute         set_default_model flashCmdAggregator 
Execute         cdfg_preprocess -model flashCmdAggregator 
Execute         rtl_gen_preprocess flashCmdAggregator 
INFO-FLOW: Preprocessing Module: flashMemAccess ...
Execute         set_default_model flashMemAccess 
Execute         cdfg_preprocess -model flashMemAccess 
Execute         rtl_gen_preprocess flashMemAccess 
INFO-FLOW: Preprocessing Module: flashModel ...
Execute         set_default_model flashModel 
Execute         cdfg_preprocess -model flashModel 
Execute         rtl_gen_preprocess flashModel 
INFO-FLOW: Model list for synthesis: flashCmdAggregator flashMemAccess flashModel
INFO: [HLS 200-10] ----------------------------------------------------------------
INFO: [HLS 200-42] -- Implementing module 'flashCmdAggregator' 
INFO: [HLS 200-10] ----------------------------------------------------------------
Execute         set_default_model flashCmdAggregator 
Execute         schedule -model flashCmdAggregator 
INFO: [SCHED 204-11] Starting scheduling ...
INFO: [SCHED 204-11] Finished scheduling.
Command         schedule done; 0.19 sec.
INFO: [HLS 200-111]  Elapsed time: 21.95 seconds; current allocated memory: 108.253 MB.
Execute         report -o /home/pratik0509/Projects/HLx_Examples/Acceleration/memcached/hls/flashModel_prj/solution1/.autopilot/db/flashCmdAggregator.verbose.sched.rpt -verbose -f 
Execute         db_write -o /home/pratik0509/Projects/HLx_Examples/Acceleration/memcached/hls/flashModel_prj/solution1/.autopilot/db/flashCmdAggregator.sched.adb -f 
INFO-FLOW: Finish scheduling flashCmdAggregator.
Execute         set_default_model flashCmdAggregator 
Execute         bind -model flashCmdAggregator 
BIND OPTION: fu_weight=[ 0.0 -- 1.0 ]
BIND OPTION: model=flashCmdAggregator
BIND OPTION: reg_weight=[ 0.0 -- 1.0 ]
INFO: [BIND 205-100] Starting micro-architecture generation ...
INFO: [BIND 205-101] Performing variable lifetime analysis.
INFO: [BIND 205-101] Exploring resource sharing.
INFO: [BIND 205-101] Binding ...
INFO: [BIND 205-100] Finished micro-architecture generation.
INFO: [HLS 200-111]  Elapsed time: 0.05 seconds; current allocated memory: 108.335 MB.
Execute         report -o /home/pratik0509/Projects/HLx_Examples/Acceleration/memcached/hls/flashModel_prj/solution1/.autopilot/db/flashCmdAggregator.verbose.bind.rpt -verbose -f 
Execute         db_write -o /home/pratik0509/Projects/HLx_Examples/Acceleration/memcached/hls/flashModel_prj/solution1/.autopilot/db/flashCmdAggregator.bind.adb -f 
INFO-FLOW: Finish binding flashCmdAggregator.
INFO: [HLS 200-10] ----------------------------------------------------------------
INFO: [HLS 200-42] -- Implementing module 'flashMemAccess' 
INFO: [HLS 200-10] ----------------------------------------------------------------
Execute         set_default_model flashMemAccess 
Execute         schedule -model flashMemAccess 
INFO: [SCHED 204-11] Starting scheduling ...
INFO: [SCHED 204-61] Pipelining function 'flashMemAccess'.
INFO: [SCHED 204-61] Pipelining result : Target II = 1, Final II = 1, Depth = 3.
INFO: [SCHED 204-11] Finished scheduling.
INFO: [HLS 200-111]  Elapsed time: 0.1 seconds; current allocated memory: 108.690 MB.
Execute         report -o /home/pratik0509/Projects/HLx_Examples/Acceleration/memcached/hls/flashModel_prj/solution1/.autopilot/db/flashMemAccess.verbose.sched.rpt -verbose -f 
Execute         db_write -o /home/pratik0509/Projects/HLx_Examples/Acceleration/memcached/hls/flashModel_prj/solution1/.autopilot/db/flashMemAccess.sched.adb -f 
INFO-FLOW: Finish scheduling flashMemAccess.
Execute         set_default_model flashMemAccess 
Execute         bind -model flashMemAccess 
BIND OPTION: fu_weight=[ 0.0 -- 1.0 ]
BIND OPTION: model=flashMemAccess
BIND OPTION: reg_weight=[ 0.0 -- 1.0 ]
INFO: [BIND 205-100] Starting micro-architecture generation ...
INFO: [BIND 205-101] Performing variable lifetime analysis.
INFO: [BIND 205-101] Exploring resource sharing.
INFO: [BIND 205-101] Binding ...
INFO: [BIND 205-100] Finished micro-architecture generation.
INFO: [HLS 200-111]  Elapsed time: 0.03 seconds; current allocated memory: 108.881 MB.
Execute         report -o /home/pratik0509/Projects/HLx_Examples/Acceleration/memcached/hls/flashModel_prj/solution1/.autopilot/db/flashMemAccess.verbose.bind.rpt -verbose -f 
Execute         db_write -o /home/pratik0509/Projects/HLx_Examples/Acceleration/memcached/hls/flashModel_prj/solution1/.autopilot/db/flashMemAccess.bind.adb -f 
INFO-FLOW: Finish binding flashMemAccess.
INFO: [HLS 200-10] ----------------------------------------------------------------
INFO: [HLS 200-42] -- Implementing module 'flashModel' 
INFO: [HLS 200-10] ----------------------------------------------------------------
Execute         set_default_model flashModel 
Execute         schedule -model flashModel 
INFO: [SCHED 204-11] Starting scheduling ...
INFO: [SCHED 204-11] Finished scheduling.
INFO: [HLS 200-111]  Elapsed time: 0.04 seconds; current allocated memory: 108.950 MB.
Execute         report -o /home/pratik0509/Projects/HLx_Examples/Acceleration/memcached/hls/flashModel_prj/solution1/.autopilot/db/flashModel.verbose.sched.rpt -verbose -f 
Execute         db_write -o /home/pratik0509/Projects/HLx_Examples/Acceleration/memcached/hls/flashModel_prj/solution1/.autopilot/db/flashModel.sched.adb -f 
INFO-FLOW: Finish scheduling flashModel.
Execute         set_default_model flashModel 
Execute         bind -model flashModel 
BIND OPTION: fu_weight=[ 0.0 -- 1.0 ]
BIND OPTION: model=flashModel
BIND OPTION: reg_weight=[ 0.0 -- 1.0 ]
INFO: [BIND 205-100] Starting micro-architecture generation ...
INFO: [BIND 205-101] Performing variable lifetime analysis.
INFO: [BIND 205-101] Exploring resource sharing.
INFO: [BIND 205-101] Binding ...
INFO: [BIND 205-100] Finished micro-architecture generation.
INFO: [HLS 200-111]  Elapsed time: 0.01 seconds; current allocated memory: 109.055 MB.
Execute         report -o /home/pratik0509/Projects/HLx_Examples/Acceleration/memcached/hls/flashModel_prj/solution1/.autopilot/db/flashModel.verbose.bind.rpt -verbose -f 
Execute         db_write -o /home/pratik0509/Projects/HLx_Examples/Acceleration/memcached/hls/flashModel_prj/solution1/.autopilot/db/flashModel.bind.adb -f 
INFO-FLOW: Finish binding flashModel.
Execute         get_model_list flashModel -filter all-wo-channel 
INFO-FLOW: Preprocessing for RTLGen ...
Execute         rtl_gen_preprocess flashCmdAggregator 
Execute         rtl_gen_preprocess flashMemAccess 
Execute         rtl_gen_preprocess flashModel 
INFO-FLOW: Model list for RTL generation: flashCmdAggregator flashMemAccess flashModel
INFO: [HLS 200-10] ----------------------------------------------------------------
INFO: [HLS 200-10] -- Generating RTL for module 'flashCmdAggregator' 
INFO: [HLS 200-10] ----------------------------------------------------------------
Execute         get_config_rtl -prefix 
Execute         get_config_rtl -auto_prefix 
Execute         create_rtl_model flashCmdAggregator -vendor xilinx -mg_file /home/pratik0509/Projects/HLx_Examples/Acceleration/memcached/hls/flashModel_prj/solution1/.autopilot/db/flashCmdAggregator.compgen.tcl 
INFO: [RTGEN 206-100] Finished creating RTL model for 'flashCmdAggregator'.
INFO: [HLS 200-111]  Elapsed time: 0.05 seconds; current allocated memory: 109.254 MB.
Execute         source /home/pratik0509/Projects/HLx_Examples/Acceleration/memcached/hls/flashModel_prj/solution1/.autopilot/db/flashModel.rtl_wrap.cfg.tcl 
Execute         gen_rtl flashCmdAggregator -style xilinx -tracefl mytrace -tracefmt vcd -traceopt all -f -lang sc -o /home/pratik0509/Projects/HLx_Examples/Acceleration/memcached/hls/flashModel_prj/solution1/syn/systemc/flashCmdAggregator -synmodules flashCmdAggregator flashMemAccess flashModel 
Execute         gen_rtl flashCmdAggregator -style xilinx -f -lang vhdl -o /home/pratik0509/Projects/HLx_Examples/Acceleration/memcached/hls/flashModel_prj/solution1/syn/vhdl/flashCmdAggregator 
Execute         gen_rtl flashCmdAggregator -style xilinx -f -lang vlog -o /home/pratik0509/Projects/HLx_Examples/Acceleration/memcached/hls/flashModel_prj/solution1/syn/verilog/flashCmdAggregator 
Execute         gen_tb_info flashCmdAggregator -o /home/pratik0509/Projects/HLx_Examples/Acceleration/memcached/hls/flashModel_prj/solution1/.autopilot/db/flashCmdAggregator -p /home/pratik0509/Projects/HLx_Examples/Acceleration/memcached/hls/flashModel_prj/solution1/.autopilot/db 
Execute         report -model flashCmdAggregator -o /home/pratik0509/Projects/HLx_Examples/Acceleration/memcached/hls/flashModel_prj/solution1/syn/report/flashCmdAggregator_csynth.rpt -f 
Execute         report -model flashCmdAggregator -o /home/pratik0509/Projects/HLx_Examples/Acceleration/memcached/hls/flashModel_prj/solution1/syn/report/flashCmdAggregator_csynth.xml -f -x 
Execute         report -model flashCmdAggregator -o /home/pratik0509/Projects/HLx_Examples/Acceleration/memcached/hls/flashModel_prj/solution1/.autopilot/db/flashCmdAggregator.verbose.rpt -verbose -f 
Execute         db_write -model flashCmdAggregator -o /home/pratik0509/Projects/HLx_Examples/Acceleration/memcached/hls/flashModel_prj/solution1/.autopilot/db/flashCmdAggregator.adb -f 
INFO: [HLS 200-10] ----------------------------------------------------------------
INFO: [HLS 200-10] -- Generating RTL for module 'flashMemAccess' 
INFO: [HLS 200-10] ----------------------------------------------------------------
Execute         get_config_rtl -prefix 
Execute         get_config_rtl -auto_prefix 
Execute         create_rtl_model flashMemAccess -vendor xilinx -mg_file /home/pratik0509/Projects/HLx_Examples/Acceleration/memcached/hls/flashModel_prj/solution1/.autopilot/db/flashMemAccess.compgen.tcl 
WARNING: [RTGEN 206-101] Register 'memState' is power-on initialization.
WARNING: [RTGEN 206-101] Register 'inputWord_address_V' is power-on initialization.
WARNING: [RTGEN 206-101] Register 'inputWord_count_V' is power-on initialization.
WARNING: [RTGEN 206-101] Register 'inputWord_rdOrWr_V' is power-on initialization.
INFO: [SYN 201-210] Renamed object name 'flashMemAccess_memArray_V' to 'flashMemAccess_mebkb' due to the length limit 20
INFO: [RTGEN 206-100] Finished creating RTL model for 'flashMemAccess'.
INFO: [HLS 200-111]  Elapsed time: 0.07 seconds; current allocated memory: 110.047 MB.
Execute         source /home/pratik0509/Projects/HLx_Examples/Acceleration/memcached/hls/flashModel_prj/solution1/.autopilot/db/flashModel.rtl_wrap.cfg.tcl 
Execute         gen_rtl flashMemAccess -style xilinx -tracefl mytrace -tracefmt vcd -traceopt all -f -lang sc -o /home/pratik0509/Projects/HLx_Examples/Acceleration/memcached/hls/flashModel_prj/solution1/syn/systemc/flashMemAccess -synmodules flashCmdAggregator flashMemAccess flashModel 
Execute         gen_rtl flashMemAccess -style xilinx -f -lang vhdl -o /home/pratik0509/Projects/HLx_Examples/Acceleration/memcached/hls/flashModel_prj/solution1/syn/vhdl/flashMemAccess 
Execute         gen_rtl flashMemAccess -style xilinx -f -lang vlog -o /home/pratik0509/Projects/HLx_Examples/Acceleration/memcached/hls/flashModel_prj/solution1/syn/verilog/flashMemAccess 
Execute         gen_tb_info flashMemAccess -o /home/pratik0509/Projects/HLx_Examples/Acceleration/memcached/hls/flashModel_prj/solution1/.autopilot/db/flashMemAccess -p /home/pratik0509/Projects/HLx_Examples/Acceleration/memcached/hls/flashModel_prj/solution1/.autopilot/db 
Execute         report -model flashMemAccess -o /home/pratik0509/Projects/HLx_Examples/Acceleration/memcached/hls/flashModel_prj/solution1/syn/report/flashMemAccess_csynth.rpt -f 
Execute         report -model flashMemAccess -o /home/pratik0509/Projects/HLx_Examples/Acceleration/memcached/hls/flashModel_prj/solution1/syn/report/flashMemAccess_csynth.xml -f -x 
Execute         report -model flashMemAccess -o /home/pratik0509/Projects/HLx_Examples/Acceleration/memcached/hls/flashModel_prj/solution1/.autopilot/db/flashMemAccess.verbose.rpt -verbose -f 
Execute         db_write -model flashMemAccess -o /home/pratik0509/Projects/HLx_Examples/Acceleration/memcached/hls/flashModel_prj/solution1/.autopilot/db/flashMemAccess.adb -f 
INFO: [HLS 200-10] ----------------------------------------------------------------
INFO: [HLS 200-10] -- Generating RTL for module 'flashModel' 
INFO: [HLS 200-10] ----------------------------------------------------------------
Execute         get_config_rtl -prefix 
Execute         get_config_rtl -auto_prefix 
Execute         create_rtl_model flashModel -vendor xilinx -mg_file /home/pratik0509/Projects/HLx_Examples/Acceleration/memcached/hls/flashModel_prj/solution1/.autopilot/db/flashModel.compgen.tcl 
INFO: [RTGEN 206-500] Setting interface mode on port 'flashModel/rdCmdIn_V' to 'axis'.
INFO: [RTGEN 206-500] Setting interface mode on port 'flashModel/rdDataOut_V_V' to 'axis' (register, both mode).
INFO: [RTGEN 206-500] Setting interface mode on port 'flashModel/wrCmdIn_V' to 'axis'.
INFO: [RTGEN 206-500] Setting interface mode on port 'flashModel/wrDataIn_V_V' to 'axis'.
INFO: [RTGEN 206-500] Setting interface mode on function 'flashModel' to 'ap_ctrl_none'.
INFO: [RTGEN 206-100] Finished creating RTL model for 'flashModel'.
INFO: [HLS 200-111]  Elapsed time: 0.1 seconds; current allocated memory: 111.095 MB.
Execute         source /home/pratik0509/Projects/HLx_Examples/Acceleration/memcached/hls/flashModel_prj/solution1/.autopilot/db/flashModel.rtl_wrap.cfg.tcl 
Execute         gen_rtl flashModel -istop -style xilinx -tracefl mytrace -tracefmt vcd -traceopt all -f -lang sc -o /home/pratik0509/Projects/HLx_Examples/Acceleration/memcached/hls/flashModel_prj/solution1/syn/systemc/flashModel -synmodules flashCmdAggregator flashMemAccess flashModel 
Execute         gen_rtl flashModel -istop -style xilinx -f -lang vhdl -o /home/pratik0509/Projects/HLx_Examples/Acceleration/memcached/hls/flashModel_prj/solution1/syn/vhdl/flashModel 
Execute         gen_rtl flashModel -istop -style xilinx -f -lang vlog -o /home/pratik0509/Projects/HLx_Examples/Acceleration/memcached/hls/flashModel_prj/solution1/syn/verilog/flashModel 
Execute         export_constraint_db -o /home/pratik0509/Projects/HLx_Examples/Acceleration/memcached/hls/flashModel_prj/solution1/.autopilot/db/flashModel.constraint.tcl -f -tool general 
Execute         report -model flashModel -o /home/pratik0509/Projects/HLx_Examples/Acceleration/memcached/hls/flashModel_prj/solution1/.autopilot/db/flashModel.design.xml -verbose -f -dv 
Execute         report -model flashModel -o /home/pratik0509/Projects/HLx_Examples/Acceleration/memcached/hls/flashModel_prj/solution1/.autopilot/db/flashModel.sdaccel.xml -verbose -f -sdaccel 
Execute         gen_tb_info flashModel -o /home/pratik0509/Projects/HLx_Examples/Acceleration/memcached/hls/flashModel_prj/solution1/.autopilot/db/flashModel -p /home/pratik0509/Projects/HLx_Examples/Acceleration/memcached/hls/flashModel_prj/solution1/.autopilot/db 
Execute         report -model flashModel -o /home/pratik0509/Projects/HLx_Examples/Acceleration/memcached/hls/flashModel_prj/solution1/syn/report/flashModel_csynth.rpt -f 
Execute         report -model flashModel -o /home/pratik0509/Projects/HLx_Examples/Acceleration/memcached/hls/flashModel_prj/solution1/syn/report/flashModel_csynth.xml -f -x 
Execute         report -model flashModel -o /home/pratik0509/Projects/HLx_Examples/Acceleration/memcached/hls/flashModel_prj/solution1/.autopilot/db/flashModel.verbose.rpt -verbose -f 
Execute         db_write -model flashModel -o /home/pratik0509/Projects/HLx_Examples/Acceleration/memcached/hls/flashModel_prj/solution1/.autopilot/db/flashModel.adb -f 
Execute         sc_get_clocks flashModel 
Execute         sc_get_portdomain flashModel 
INFO-FLOW: Model list for RTL component generation: flashCmdAggregator flashMemAccess flashModel
INFO-FLOW: Handling components in module [flashCmdAggregator] ... 
Execute         source /home/pratik0509/Projects/HLx_Examples/Acceleration/memcached/hls/flashModel_prj/solution1/.autopilot/db/flashCmdAggregator.compgen.tcl 
INFO-FLOW: Handling components in module [flashMemAccess] ... 
Execute         source /home/pratik0509/Projects/HLx_Examples/Acceleration/memcached/hls/flashModel_prj/solution1/.autopilot/db/flashMemAccess.compgen.tcl 
INFO-FLOW: Found component flashMemAccess_mebkb.
INFO-FLOW: Append model flashMemAccess_mebkb
INFO-FLOW: Handling components in module [flashModel] ... 
Execute         source /home/pratik0509/Projects/HLx_Examples/Acceleration/memcached/hls/flashModel_prj/solution1/.autopilot/db/flashModel.compgen.tcl 
INFO-FLOW: Found component fifo_w46_d16_A.
INFO-FLOW: Append model fifo_w46_d16_A
INFO-FLOW: Append model flashCmdAggregator
INFO-FLOW: Append model flashMemAccess
INFO-FLOW: Append model flashModel
INFO-FLOW: Generating RTL model list ...
INFO-FLOW: All models in this session: flashMemAccess_mebkb fifo_w46_d16_A flashCmdAggregator flashMemAccess flashModel
INFO-FLOW: To file: write model flashMemAccess_mebkb
INFO-FLOW: To file: write model fifo_w46_d16_A
INFO-FLOW: To file: write model flashCmdAggregator
INFO-FLOW: To file: write model flashMemAccess
INFO-FLOW: To file: write model flashModel
INFO-FLOW: Finished generating RTL model list.


INFO-FLOW: RTL Generation done.
INFO-FLOW: CAS Generation done.
INFO-FLOW: CBC Generation done.
Execute         get_config_sdx -target 
Execute         source /home/pratik0509/Projects/HLx_Examples/Acceleration/memcached/hls/flashModel_prj/solution1/.autopilot/db/global.setting.tcl 
Execute         source /home/pratik0509/xillinx/Vivado/2018.2/common/technology/generic/autopilot/common.gen 
Execute           source /home/pratik0509/xillinx/Vivado/2018.2/common/technology/generic/autopilot/APCoreGen.gen 
Execute         source /home/pratik0509/xillinx/Vivado/2018.2/common/technology/generic/autopilot/op.gen 
Execute         source /home/pratik0509/xillinx/Vivado/2018.2/common/technology/generic/autopilot/op_simcore.gen 
Execute         source /home/pratik0509/xillinx/Vivado/2018.2/common/technology/generic/autopilot/interface.gen 
Execute         source /home/pratik0509/Projects/HLx_Examples/Acceleration/memcached/hls/flashModel_prj/solution1/.autopilot/db/global.setting.tcl 
Execute         source /home/pratik0509/xillinx/Vivado/2018.2/common/technology/xilinx/virtex7/virtex7.gen 
Execute           source /home/pratik0509/xillinx/Vivado/2018.2/common/technology/xilinx/common/virtex.gen 
Execute             source /home/pratik0509/xillinx/Vivado/2018.2/common/technology/xilinx/common/xilinx.gen 
Execute               source /home/pratik0509/xillinx/Vivado/2018.2/common/technology/xilinx/interface/plb46.gen 
Execute               source /home/pratik0509/xillinx/Vivado/2018.2/common/technology/xilinx/interface/fsl.gen 
Execute               source /home/pratik0509/xillinx/Vivado/2018.2/common/technology/xilinx/interface/axi4.gen 
Execute               source /home/pratik0509/xillinx/Vivado/2018.2/common/technology/xilinx/interface/nativeAXI4.gen 
Execute                 source /home/pratik0509/xillinx/Vivado/2018.2/common/technology/xilinx/interface/saxilite.gen 
Execute                 source /home/pratik0509/xillinx/Vivado/2018.2/common/technology/xilinx/interface/maxi.gen 
Execute               source /home/pratik0509/xillinx/Vivado/2018.2/common/technology/xilinx/scripts/xilinxcoregen.gen 
Execute               source /home/pratik0509/xillinx/Vivado/2018.2/common/technology/xilinx/interface/XilEDKCoreGen.gen 
Execute               source /home/pratik0509/xillinx/Vivado/2018.2/common/technology/xilinx/ip/dds_compiler.gen 
Execute               source /home/pratik0509/xillinx/Vivado/2018.2/common/technology/xilinx/ip/util.gen 
Execute               source /home/pratik0509/xillinx/Vivado/2018.2/common/technology/xilinx/ip/xfft.gen 
Execute               source /home/pratik0509/xillinx/Vivado/2018.2/common/technology/xilinx/ip/xfir.gen 
Command             ap_source done; 0.12 sec.
Execute             source /home/pratik0509/xillinx/Vivado/2018.2/common/technology/xilinx/common/dsp48.gen 
Command           ap_source done; 0.13 sec.
Command         ap_source done; 0.13 sec.
Execute         source /home/pratik0509/xillinx/Vivado/2018.2/common/technology/xilinx/virtex7/virtex7_fpv6.gen 
Execute           source /home/pratik0509/xillinx/Vivado/2018.2/common/technology/xilinx/common/xilinx_fpv6.gen 
Execute         source /home/pratik0509/Projects/HLx_Examples/Acceleration/memcached/hls/flashModel_prj/solution1/.autopilot/db/global.setting.tcl 
Execute         source /home/pratik0509/Projects/HLx_Examples/Acceleration/memcached/hls/flashModel_prj/solution1/.autopilot/db/global.setting.tcl 
Execute         source /home/pratik0509/Projects/HLx_Examples/Acceleration/memcached/hls/flashModel_prj/solution1/.autopilot/db/global.setting.tcl 
Execute         source /home/pratik0509/Projects/HLx_Examples/Acceleration/memcached/hls/flashModel_prj/solution1/.autopilot/db/flashCmdAggregator.compgen.tcl 
Execute         source /home/pratik0509/Projects/HLx_Examples/Acceleration/memcached/hls/flashModel_prj/solution1/.autopilot/db/flashMemAccess.compgen.tcl 
INFO: [RTMG 210-278] Implementing memory 'flashMemAccess_mebkb_ram (RAM_T2P_BRAM)' using block RAMs with power-on initialization.
Execute         source /home/pratik0509/Projects/HLx_Examples/Acceleration/memcached/hls/flashModel_prj/solution1/.autopilot/db/flashModel.compgen.tcl 
INFO: [RTMG 210-285] Implementing FIFO 'flashAggregateMemCmd_1_U(fifo_w46_d16_A)' using Shift Registers.
Execute         get_config_sdx -target 
Execute         source /home/pratik0509/Projects/HLx_Examples/Acceleration/memcached/hls/flashModel_prj/solution1/.autopilot/db/global.setting.tcl 
Execute         source /home/pratik0509/xillinx/Vivado/2018.2/common/technology/generic/autopilot/common.gen 
Execute           source /home/pratik0509/xillinx/Vivado/2018.2/common/technology/generic/autopilot/APCoreGen.gen 
Execute         source /home/pratik0509/xillinx/Vivado/2018.2/common/technology/generic/autopilot/op.gen 
Execute         source /home/pratik0509/xillinx/Vivado/2018.2/common/technology/generic/autopilot/op_simcore.gen 
Execute         source /home/pratik0509/xillinx/Vivado/2018.2/common/technology/generic/autopilot/interface.gen 
Execute         source /home/pratik0509/Projects/HLx_Examples/Acceleration/memcached/hls/flashModel_prj/solution1/.autopilot/db/global.setting.tcl 
Execute         source /home/pratik0509/xillinx/Vivado/2018.2/common/technology/xilinx/virtex7/virtex7.gen 
Execute           source /home/pratik0509/xillinx/Vivado/2018.2/common/technology/xilinx/common/virtex.gen 
Execute             source /home/pratik0509/xillinx/Vivado/2018.2/common/technology/xilinx/common/xilinx.gen 
Execute               source /home/pratik0509/xillinx/Vivado/2018.2/common/technology/xilinx/interface/plb46.gen 
Execute               source /home/pratik0509/xillinx/Vivado/2018.2/common/technology/xilinx/interface/fsl.gen 
Execute               source /home/pratik0509/xillinx/Vivado/2018.2/common/technology/xilinx/interface/axi4.gen 
Execute               source /home/pratik0509/xillinx/Vivado/2018.2/common/technology/xilinx/interface/nativeAXI4.gen 
Execute                 source /home/pratik0509/xillinx/Vivado/2018.2/common/technology/xilinx/interface/saxilite.gen 
Execute                 source /home/pratik0509/xillinx/Vivado/2018.2/common/technology/xilinx/interface/maxi.gen 
Execute               source /home/pratik0509/xillinx/Vivado/2018.2/common/technology/xilinx/scripts/xilinxcoregen.gen 
Execute               source /home/pratik0509/xillinx/Vivado/2018.2/common/technology/xilinx/interface/XilEDKCoreGen.gen 
Execute               source /home/pratik0509/xillinx/Vivado/2018.2/common/technology/xilinx/ip/dds_compiler.gen 
Execute               source /home/pratik0509/xillinx/Vivado/2018.2/common/technology/xilinx/ip/util.gen 
Execute               source /home/pratik0509/xillinx/Vivado/2018.2/common/technology/xilinx/ip/xfft.gen 
Execute               source /home/pratik0509/xillinx/Vivado/2018.2/common/technology/xilinx/ip/xfir.gen 
Command             ap_source done; 0.11 sec.
Execute             source /home/pratik0509/xillinx/Vivado/2018.2/common/technology/xilinx/common/dsp48.gen 
Command           ap_source done; 0.11 sec.
Command         ap_source done; 0.11 sec.
Execute         source /home/pratik0509/xillinx/Vivado/2018.2/common/technology/xilinx/virtex7/virtex7_fpv6.gen 
Execute           source /home/pratik0509/xillinx/Vivado/2018.2/common/technology/xilinx/common/xilinx_fpv6.gen 
Execute         source /home/pratik0509/Projects/HLx_Examples/Acceleration/memcached/hls/flashModel_prj/solution1/.autopilot/db/flashModel.rtl_wrap.cfg.tcl 
Execute         source /home/pratik0509/Projects/HLx_Examples/Acceleration/memcached/hls/flashModel_prj/solution1/.autopilot/db/flashModel.rtl_wrap.cfg.tcl 
Execute         source /home/pratik0509/Projects/HLx_Examples/Acceleration/memcached/hls/flashModel_prj/solution1/.autopilot/db/flashModel.rtl_wrap.cfg.tcl 
Execute         source /home/pratik0509/Projects/HLx_Examples/Acceleration/memcached/hls/flashModel_prj/solution1/.autopilot/db/flashModel.tbgen.tcl 
Execute         source /home/pratik0509/Projects/HLx_Examples/Acceleration/memcached/hls/flashModel_prj/solution1/.autopilot/db/flashModel.tbgen.tcl 
Execute         source /home/pratik0509/Projects/HLx_Examples/Acceleration/memcached/hls/flashModel_prj/solution1/.autopilot/db/global.setting.tcl 
Execute         source /home/pratik0509/Projects/HLx_Examples/Acceleration/memcached/hls/flashModel_prj/solution1/.autopilot/db/flashCmdAggregator.compgen.tcl 
Execute         source /home/pratik0509/Projects/HLx_Examples/Acceleration/memcached/hls/flashModel_prj/solution1/.autopilot/db/flashMemAccess.compgen.tcl 
Execute         source /home/pratik0509/Projects/HLx_Examples/Acceleration/memcached/hls/flashModel_prj/solution1/.autopilot/db/flashModel.compgen.tcl 
Execute         source /home/pratik0509/Projects/HLx_Examples/Acceleration/memcached/hls/flashModel_prj/solution1/.autopilot/db/global.setting.tcl 
Execute         source /home/pratik0509/Projects/HLx_Examples/Acceleration/memcached/hls/flashModel_prj/solution1/.autopilot/db/flashCmdAggregator.compgen.tcl 
Execute         source /home/pratik0509/Projects/HLx_Examples/Acceleration/memcached/hls/flashModel_prj/solution1/.autopilot/db/flashMemAccess.compgen.tcl 
Execute         source /home/pratik0509/Projects/HLx_Examples/Acceleration/memcached/hls/flashModel_prj/solution1/.autopilot/db/flashModel.compgen.tcl 
Execute         source /home/pratik0509/Projects/HLx_Examples/Acceleration/memcached/hls/flashModel_prj/solution1/.autopilot/db/global.setting.tcl 
Execute         source /home/pratik0509/Projects/HLx_Examples/Acceleration/memcached/hls/flashModel_prj/solution1/.autopilot/db/flashCmdAggregator.compgen.tcl 
Execute         source /home/pratik0509/Projects/HLx_Examples/Acceleration/memcached/hls/flashModel_prj/solution1/.autopilot/db/flashMemAccess.compgen.tcl 
Execute         source /home/pratik0509/Projects/HLx_Examples/Acceleration/memcached/hls/flashModel_prj/solution1/.autopilot/db/flashModel.compgen.tcl 
Execute         source /home/pratik0509/Projects/HLx_Examples/Acceleration/memcached/hls/flashModel_prj/solution1/.autopilot/db/global.setting.tcl 
Execute         source /home/pratik0509/Projects/HLx_Examples/Acceleration/memcached/hls/flashModel_prj/solution1/.autopilot/db/flashModel.constraint.tcl 
Execute         source /home/pratik0509/Projects/HLx_Examples/Acceleration/memcached/hls/flashModel_prj/solution1/.autopilot/db/flashModel.tbgen.tcl 
Execute         source /home/pratik0509/Projects/HLx_Examples/Acceleration/memcached/hls/flashModel_prj/solution1/.autopilot/db/global.setting.tcl 
Execute         source /home/pratik0509/Projects/HLx_Examples/Acceleration/memcached/hls/flashModel_prj/solution1/.autopilot/db/global.setting.tcl 
Execute         source /home/pratik0509/Projects/HLx_Examples/Acceleration/memcached/hls/flashModel_prj/solution1/.autopilot/db/global.setting.tcl 
Execute         source /home/pratik0509/Projects/HLx_Examples/Acceleration/memcached/hls/flashModel_prj/solution1/.autopilot/db/flashModel.tbgen.tcl 
Execute         source /home/pratik0509/Projects/HLx_Examples/Acceleration/memcached/hls/flashModel_prj/solution1/.autopilot/db/global.setting.tcl 
Execute         source /home/pratik0509/Projects/HLx_Examples/Acceleration/memcached/hls/flashModel_prj/solution1/.autopilot/db/flashModel.constraint.tcl 
Execute         sc_get_clocks flashModel 
Execute         source /home/pratik0509/Projects/HLx_Examples/Acceleration/memcached/hls/flashModel_prj/solution1/.autopilot/db/global.setting.tcl 
Execute         get_config_sdx -target 
Execute         get_config_sdx -profile 
Execute         ::config_rtl 
INFO: [HLS 200-111] Finished generating all RTL models Time (s): cpu = 00:00:14 ; elapsed = 00:00:23 . Memory (MB): peak = 474.488 ; gain = 128.000 ; free physical = 1612 ; free virtual = 6311
INFO: [SYSC 207-301] Generating SystemC RTL for flashModel.
INFO: [VHDL 208-304] Generating VHDL RTL for flashModel.
INFO: [VLOG 209-307] Generating Verilog RTL for flashModel.
Command       autosyn done; 1.4 sec.
Command     csynth_design done; 22.13 sec.
Execute     export_design -format ip_catalog -display_name Flash Model for the KVS Pipeline -description A BRAM Value Store imitating the I/F of the SSD one. -vendor xilinx.labs -version 1.0 
Execute       source /home/pratik0509/Projects/HLx_Examples/Acceleration/memcached/hls/flashModel_prj/solution1/.autopilot/db/global.setting.tcl 
Execute       source /home/pratik0509/xillinx/Vivado/2018.2/common/technology/generic/autopilot/common.gen 
Execute         source /home/pratik0509/xillinx/Vivado/2018.2/common/technology/generic/autopilot/APCoreGen.gen 
Execute       source /home/pratik0509/xillinx/Vivado/2018.2/common/technology/generic/autopilot/op.gen 
Execute       source /home/pratik0509/xillinx/Vivado/2018.2/common/technology/generic/autopilot/op_simcore.gen 
Execute       source /home/pratik0509/xillinx/Vivado/2018.2/common/technology/generic/autopilot/interface.gen 
Execute       source /home/pratik0509/Projects/HLx_Examples/Acceleration/memcached/hls/flashModel_prj/solution1/.autopilot/db/global.setting.tcl 
Execute       source /home/pratik0509/xillinx/Vivado/2018.2/common/technology/xilinx/virtex7/virtex7.gen 
Execute         source /home/pratik0509/xillinx/Vivado/2018.2/common/technology/xilinx/common/virtex.gen 
Execute           source /home/pratik0509/xillinx/Vivado/2018.2/common/technology/xilinx/common/xilinx.gen 
Execute             source /home/pratik0509/xillinx/Vivado/2018.2/common/technology/xilinx/interface/plb46.gen 
Execute             source /home/pratik0509/xillinx/Vivado/2018.2/common/technology/xilinx/interface/fsl.gen 
Execute             source /home/pratik0509/xillinx/Vivado/2018.2/common/technology/xilinx/interface/axi4.gen 
Execute             source /home/pratik0509/xillinx/Vivado/2018.2/common/technology/xilinx/interface/nativeAXI4.gen 
Execute               source /home/pratik0509/xillinx/Vivado/2018.2/common/technology/xilinx/interface/saxilite.gen 
Execute               source /home/pratik0509/xillinx/Vivado/2018.2/common/technology/xilinx/interface/maxi.gen 
Execute             source /home/pratik0509/xillinx/Vivado/2018.2/common/technology/xilinx/scripts/xilinxcoregen.gen 
Execute             source /home/pratik0509/xillinx/Vivado/2018.2/common/technology/xilinx/interface/XilEDKCoreGen.gen 
Execute             source /home/pratik0509/xillinx/Vivado/2018.2/common/technology/xilinx/ip/dds_compiler.gen 
Execute             source /home/pratik0509/xillinx/Vivado/2018.2/common/technology/xilinx/ip/util.gen 
Execute             source /home/pratik0509/xillinx/Vivado/2018.2/common/technology/xilinx/ip/xfft.gen 
Execute             source /home/pratik0509/xillinx/Vivado/2018.2/common/technology/xilinx/ip/xfir.gen 
Command           ap_source done; 0.11 sec.
Execute           source /home/pratik0509/xillinx/Vivado/2018.2/common/technology/xilinx/common/dsp48.gen 
Command         ap_source done; 0.11 sec.
Command       ap_source done; 0.11 sec.
Execute       source /home/pratik0509/xillinx/Vivado/2018.2/common/technology/xilinx/virtex7/virtex7_fpv6.gen 
Execute         source /home/pratik0509/xillinx/Vivado/2018.2/common/technology/xilinx/common/xilinx_fpv6.gen 
Execute       source /home/pratik0509/Projects/HLx_Examples/Acceleration/memcached/hls/flashModel_prj/solution1/.autopilot/db/global.setting.tcl 
INFO: [IMPL 213-8] Exporting RTL as a Vivado IP.
Execute       source /home/pratik0509/Projects/HLx_Examples/Acceleration/memcached/hls/flashModel_prj/solution1/.autopilot/db/global.setting.tcl 
Execute       get_config_sdx -target 
Execute       source /home/pratik0509/Projects/HLx_Examples/Acceleration/memcached/hls/flashModel_prj/solution1/.autopilot/db/global.setting.tcl 
Execute       source /home/pratik0509/xillinx/Vivado/2018.2/common/technology/generic/autopilot/common.gen 
Execute         source /home/pratik0509/xillinx/Vivado/2018.2/common/technology/generic/autopilot/APCoreGen.gen 
Execute       source /home/pratik0509/xillinx/Vivado/2018.2/common/technology/generic/autopilot/op.gen 
Execute       source /home/pratik0509/xillinx/Vivado/2018.2/common/technology/generic/autopilot/op_simcore.gen 
Execute       source /home/pratik0509/xillinx/Vivado/2018.2/common/technology/generic/autopilot/interface.gen 
Execute       source /home/pratik0509/Projects/HLx_Examples/Acceleration/memcached/hls/flashModel_prj/solution1/.autopilot/db/global.setting.tcl 
Execute       source /home/pratik0509/xillinx/Vivado/2018.2/common/technology/xilinx/virtex7/virtex7.gen 
Execute         source /home/pratik0509/xillinx/Vivado/2018.2/common/technology/xilinx/common/virtex.gen 
Execute           source /home/pratik0509/xillinx/Vivado/2018.2/common/technology/xilinx/common/xilinx.gen 
Execute             source /home/pratik0509/xillinx/Vivado/2018.2/common/technology/xilinx/interface/plb46.gen 
Execute             source /home/pratik0509/xillinx/Vivado/2018.2/common/technology/xilinx/interface/fsl.gen 
Execute             source /home/pratik0509/xillinx/Vivado/2018.2/common/technology/xilinx/interface/axi4.gen 
Execute             source /home/pratik0509/xillinx/Vivado/2018.2/common/technology/xilinx/interface/nativeAXI4.gen 
Execute               source /home/pratik0509/xillinx/Vivado/2018.2/common/technology/xilinx/interface/saxilite.gen 
Execute               source /home/pratik0509/xillinx/Vivado/2018.2/common/technology/xilinx/interface/maxi.gen 
Execute             source /home/pratik0509/xillinx/Vivado/2018.2/common/technology/xilinx/scripts/xilinxcoregen.gen 
Execute             source /home/pratik0509/xillinx/Vivado/2018.2/common/technology/xilinx/interface/XilEDKCoreGen.gen 
Execute             source /home/pratik0509/xillinx/Vivado/2018.2/common/technology/xilinx/ip/dds_compiler.gen 
Execute             source /home/pratik0509/xillinx/Vivado/2018.2/common/technology/xilinx/ip/util.gen 
Execute             source /home/pratik0509/xillinx/Vivado/2018.2/common/technology/xilinx/ip/xfft.gen 
Execute             source /home/pratik0509/xillinx/Vivado/2018.2/common/technology/xilinx/ip/xfir.gen 
Execute           source /home/pratik0509/xillinx/Vivado/2018.2/common/technology/xilinx/common/dsp48.gen 
Execute       source /home/pratik0509/xillinx/Vivado/2018.2/common/technology/xilinx/virtex7/virtex7_fpv6.gen 
Execute         source /home/pratik0509/xillinx/Vivado/2018.2/common/technology/xilinx/common/xilinx_fpv6.gen 
Execute       source /home/pratik0509/Projects/HLx_Examples/Acceleration/memcached/hls/flashModel_prj/solution1/.autopilot/db/global.setting.tcl 
Execute       source /home/pratik0509/Projects/HLx_Examples/Acceleration/memcached/hls/flashModel_prj/solution1/.autopilot/db/flashCmdAggregator.compgen.tcl 
Execute       source /home/pratik0509/Projects/HLx_Examples/Acceleration/memcached/hls/flashModel_prj/solution1/.autopilot/db/flashMemAccess.compgen.tcl 
Execute       source /home/pratik0509/Projects/HLx_Examples/Acceleration/memcached/hls/flashModel_prj/solution1/.autopilot/db/flashModel.compgen.tcl 
Execute       source /home/pratik0509/Projects/HLx_Examples/Acceleration/memcached/hls/flashModel_prj/solution1/.autopilot/db/global.setting.tcl 
Execute       source /home/pratik0509/Projects/HLx_Examples/Acceleration/memcached/hls/flashModel_prj/solution1/.autopilot/db/flashCmdAggregator.compgen.tcl 
Execute       source /home/pratik0509/Projects/HLx_Examples/Acceleration/memcached/hls/flashModel_prj/solution1/.autopilot/db/flashMemAccess.compgen.tcl 
Execute       source /home/pratik0509/Projects/HLx_Examples/Acceleration/memcached/hls/flashModel_prj/solution1/.autopilot/db/flashModel.compgen.tcl 
Execute       source /home/pratik0509/Projects/HLx_Examples/Acceleration/memcached/hls/flashModel_prj/solution1/.autopilot/db/global.setting.tcl 
Execute       source /home/pratik0509/Projects/HLx_Examples/Acceleration/memcached/hls/flashModel_prj/solution1/.autopilot/db/flashCmdAggregator.compgen.tcl 
Execute       source /home/pratik0509/Projects/HLx_Examples/Acceleration/memcached/hls/flashModel_prj/solution1/.autopilot/db/flashMemAccess.compgen.tcl 
Execute       source /home/pratik0509/Projects/HLx_Examples/Acceleration/memcached/hls/flashModel_prj/solution1/.autopilot/db/flashModel.compgen.tcl 
Execute       source /home/pratik0509/Projects/HLx_Examples/Acceleration/memcached/hls/flashModel_prj/solution1/.autopilot/db/global.setting.tcl 
Execute       source /home/pratik0509/Projects/HLx_Examples/Acceleration/memcached/hls/flashModel_prj/solution1/.autopilot/db/flashModel.constraint.tcl 
Execute       source /home/pratik0509/Projects/HLx_Examples/Acceleration/memcached/hls/flashModel_prj/solution1/.autopilot/db/flashModel.tbgen.tcl 
Execute       source /home/pratik0509/Projects/HLx_Examples/Acceleration/memcached/hls/flashModel_prj/solution1/.autopilot/db/global.setting.tcl 
Execute       source /home/pratik0509/Projects/HLx_Examples/Acceleration/memcached/hls/flashModel_prj/solution1/.autopilot/db/global.setting.tcl 
Execute       source /home/pratik0509/Projects/HLx_Examples/Acceleration/memcached/hls/flashModel_prj/solution1/.autopilot/db/global.setting.tcl 
Execute       source /home/pratik0509/Projects/HLx_Examples/Acceleration/memcached/hls/flashModel_prj/solution1/.autopilot/db/flashModel.tbgen.tcl 
Execute       source /home/pratik0509/Projects/HLx_Examples/Acceleration/memcached/hls/flashModel_prj/solution1/.autopilot/db/global.setting.tcl 
Execute       source /home/pratik0509/Projects/HLx_Examples/Acceleration/memcached/hls/flashModel_prj/solution1/.autopilot/db/flashModel.constraint.tcl 
Execute       sc_get_clocks flashModel 
Execute       source /home/pratik0509/Projects/HLx_Examples/Acceleration/memcached/hls/flashModel_prj/solution1/.autopilot/db/global.setting.tcl 
Execute       get_config_sdx -target 
Execute       get_config_sdx -profile 
Execute       ::config_rtl 
Execute       source /home/pratik0509/Projects/HLx_Examples/Acceleration/memcached/hls/flashModel_prj/solution1/.autopilot/db/flashModel.tbgen.tcl 
Execute       source /home/pratik0509/Projects/HLx_Examples/Acceleration/memcached/hls/flashModel_prj/solution1/.autopilot/db/global.setting.tcl 
Execute       source /home/pratik0509/Projects/HLx_Examples/Acceleration/memcached/hls/flashModel_prj/solution1/.autopilot/db/global.setting.tcl 
Execute       source /home/pratik0509/Projects/HLx_Examples/Acceleration/memcached/hls/flashModel_prj/solution1/.autopilot/db/flashModel.rtl_wrap.cfg.tcl 
Execute       source /home/pratik0509/Projects/HLx_Examples/Acceleration/memcached/hls/flashModel_prj/solution1/.autopilot/db/flashModel.rtl_wrap.cfg.tcl 
Execute       source /home/pratik0509/Projects/HLx_Examples/Acceleration/memcached/hls/flashModel_prj/solution1/.autopilot/db/flashModel.rtl_wrap.cfg.tcl 
Execute       source /home/pratik0509/Projects/HLx_Examples/Acceleration/memcached/hls/flashModel_prj/solution1/.autopilot/db/flashModel.tbgen.tcl 
Execute       source /home/pratik0509/Projects/HLx_Examples/Acceleration/memcached/hls/flashModel_prj/solution1/.autopilot/db/flashModel.tbgen.tcl 
Execute       source /home/pratik0509/Projects/HLx_Examples/Acceleration/memcached/hls/flashModel_prj/solution1/.autopilot/db/flashModel.tbgen.tcl 
Execute       source /home/pratik0509/Projects/HLx_Examples/Acceleration/memcached/hls/flashModel_prj/solution1/.autopilot/db/flashModel.rtl_wrap.cfg.tcl 
Execute       source /home/pratik0509/Projects/HLx_Examples/Acceleration/memcached/hls/flashModel_prj/solution1/.autopilot/db/flashModel.rtl_wrap.cfg.tcl 
Execute       source /home/pratik0509/Projects/HLx_Examples/Acceleration/memcached/hls/flashModel_prj/solution1/.autopilot/db/flashModel.rtl_wrap.cfg.tcl 
Execute       source /home/pratik0509/Projects/HLx_Examples/Acceleration/memcached/hls/flashModel_prj/solution1/.autopilot/db/flashModel.tbgen.tcl 
Execute       source /home/pratik0509/Projects/HLx_Examples/Acceleration/memcached/hls/flashModel_prj/solution1/.autopilot/db/flashModel.tbgen.tcl 
Execute       source /home/pratik0509/Projects/HLx_Examples/Acceleration/memcached/hls/flashModel_prj/solution1/.autopilot/db/flashModel.tbgen.tcl 
Execute       source /home/pratik0509/Projects/HLx_Examples/Acceleration/memcached/hls/flashModel_prj/solution1/.autopilot/db/global.setting.tcl 
Execute       source /home/pratik0509/Projects/HLx_Examples/Acceleration/memcached/hls/flashModel_prj/solution1/.autopilot/db/flashModel.constraint.tcl 
Execute       source /home/pratik0509/Projects/HLx_Examples/Acceleration/memcached/hls/flashModel_prj/solution1/.autopilot/db/global.setting.tcl 
Execute       source /home/pratik0509/Projects/HLx_Examples/Acceleration/memcached/hls/flashModel_prj/solution1/.autopilot/db/global.setting.tcl 
Execute       source /home/pratik0509/Projects/HLx_Examples/Acceleration/memcached/hls/flashModel_prj/solution1/.autopilot/db/flashModel.constraint.tcl 
Execute       source /home/pratik0509/Projects/HLx_Examples/Acceleration/memcached/hls/flashModel_prj/solution1/.autopilot/db/flashModel.tbgen.tcl 
Execute       source /home/pratik0509/Projects/HLx_Examples/Acceleration/memcached/hls/flashModel_prj/solution1/.autopilot/db/global.setting.tcl 
Execute       source /home/pratik0509/Projects/HLx_Examples/Acceleration/memcached/hls/flashModel_prj/solution1/.autopilot/db/flashModel.constraint.tcl 
Execute       source /home/pratik0509/Projects/HLx_Examples/Acceleration/memcached/hls/flashModel_prj/solution1/.autopilot/db/flashModel.tbgen.tcl 
Execute       source /home/pratik0509/Projects/HLx_Examples/Acceleration/memcached/hls/flashModel_prj/solution1/.autopilot/db/global.setting.tcl 
Execute       source /home/pratik0509/xillinx/Vivado/2018.2/common/technology/generic/autopilot/common.gen 
Execute         source /home/pratik0509/xillinx/Vivado/2018.2/common/technology/generic/autopilot/APCoreGen.gen 
Execute       source /home/pratik0509/xillinx/Vivado/2018.2/common/technology/generic/autopilot/op.gen 
Execute       source /home/pratik0509/xillinx/Vivado/2018.2/common/technology/generic/autopilot/op_simcore.gen 
Execute       source /home/pratik0509/xillinx/Vivado/2018.2/common/technology/generic/autopilot/interface.gen 
Execute       source /home/pratik0509/Projects/HLx_Examples/Acceleration/memcached/hls/flashModel_prj/solution1/.autopilot/db/global.setting.tcl 
Execute       source /home/pratik0509/xillinx/Vivado/2018.2/common/technology/xilinx/virtex7/virtex7.gen 
Execute         source /home/pratik0509/xillinx/Vivado/2018.2/common/technology/xilinx/common/virtex.gen 
Execute           source /home/pratik0509/xillinx/Vivado/2018.2/common/technology/xilinx/common/xilinx.gen 
Execute             source /home/pratik0509/xillinx/Vivado/2018.2/common/technology/xilinx/interface/plb46.gen 
Execute             source /home/pratik0509/xillinx/Vivado/2018.2/common/technology/xilinx/interface/fsl.gen 
Execute             source /home/pratik0509/xillinx/Vivado/2018.2/common/technology/xilinx/interface/axi4.gen 
Execute             source /home/pratik0509/xillinx/Vivado/2018.2/common/technology/xilinx/interface/nativeAXI4.gen 
Execute               source /home/pratik0509/xillinx/Vivado/2018.2/common/technology/xilinx/interface/saxilite.gen 
Execute               source /home/pratik0509/xillinx/Vivado/2018.2/common/technology/xilinx/interface/maxi.gen 
Execute             source /home/pratik0509/xillinx/Vivado/2018.2/common/technology/xilinx/scripts/xilinxcoregen.gen 
Execute             source /home/pratik0509/xillinx/Vivado/2018.2/common/technology/xilinx/interface/XilEDKCoreGen.gen 
Execute             source /home/pratik0509/xillinx/Vivado/2018.2/common/technology/xilinx/ip/dds_compiler.gen 
Execute             source /home/pratik0509/xillinx/Vivado/2018.2/common/technology/xilinx/ip/util.gen 
Execute             source /home/pratik0509/xillinx/Vivado/2018.2/common/technology/xilinx/ip/xfft.gen 
Execute             source /home/pratik0509/xillinx/Vivado/2018.2/common/technology/xilinx/ip/xfir.gen 
Execute           source /home/pratik0509/xillinx/Vivado/2018.2/common/technology/xilinx/common/dsp48.gen 
Execute       source /home/pratik0509/xillinx/Vivado/2018.2/common/technology/xilinx/virtex7/virtex7_fpv6.gen 
Execute         source /home/pratik0509/xillinx/Vivado/2018.2/common/technology/xilinx/common/xilinx_fpv6.gen 
Command     export_design done; 16.5 sec.
Execute     cleanup_all 
