INFO-FLOW: Workspace /home/pratik0509/Projects/HLx_Examples/Acceleration/memcached/hls/dramModel_prj/solution1 opened at Fri Nov 02 21:51:01 IST 2018
Execute     set_part xc7vx690tffg1157-2 
Execute       add_library xilinx/virtex7/virtex7:xc7vx690t:ffg1157:-2 
Execute         get_default_platform 
Execute         license_isbetapart xc7vx690t 
Command         license_isbetapart done; error code: 1; 
Execute         open_platform DefaultPlatform 
Execute         import_lib /home/pratik0509/xillinx/Vivado/2018.2/common/technology/xilinx/virtex7/virtex7 
Execute           source /home/pratik0509/xillinx/Vivado/2018.2/common/technology/xilinx/common/xilinx.lib 
Execute             source /home/pratik0509/xillinx/Vivado/2018.2/common/technology/xilinx/interface/xilinx_interface.lib 
Execute               source /home/pratik0509/xillinx/Vivado/2018.2/common/technology/xilinx/interface/plb46.lib 
Execute               source /home/pratik0509/xillinx/Vivado/2018.2/common/technology/xilinx/interface/fsl.lib 
Execute               source /home/pratik0509/xillinx/Vivado/2018.2/common/technology/xilinx/interface/axi4.lib 
Execute               source /home/pratik0509/xillinx/Vivado/2018.2/common/technology/xilinx/interface/maxi.lib 
Execute               source /home/pratik0509/xillinx/Vivado/2018.2/common/technology/xilinx/interface/saxilite.lib 
Execute             source /home/pratik0509/xillinx/Vivado/2018.2/common/technology/xilinx/common/dsp48.lib 
Execute             source /home/pratik0509/xillinx/Vivado/2018.2/common/technology/xilinx/ip/xfft.lib 
Execute             source /home/pratik0509/xillinx/Vivado/2018.2/common/technology/xilinx/ip/xfir.lib 
Execute             source /home/pratik0509/xillinx/Vivado/2018.2/common/technology/xilinx/ip/dds_compiler.lib 
Execute           source /home/pratik0509/xillinx/Vivado/2018.2/common/technology/xilinx/common/xilinx_old.lib 
Execute           source /home/pratik0509/xillinx/Vivado/2018.2/common/technology/xilinx/common/xilinx_vivado.lib 
Execute           source /home/pratik0509/xillinx/Vivado/2018.2/common/technology/xilinx/common/xilinx.hlp 
Execute             source /home/pratik0509/xillinx/Vivado/2018.2/common/technology/xilinx/common/target_info.tcl 
Execute             source /home/pratik0509/xillinx/Vivado/2018.2/common/technology/xilinx/interface/xilinx_interface.hlp 
Execute               source /home/pratik0509/xillinx/Vivado/2018.2/common/technology/xilinx/interface/maxi.hlp 
Execute               source /home/pratik0509/xillinx/Vivado/2018.2/common/technology/xilinx/interface/saxilite.hlp 
Execute             source /home/pratik0509/xillinx/Vivado/2018.2/common/technology/xilinx/common/dsp48.hlp 
Execute           source /home/pratik0509/xillinx/Vivado/2018.2/common/technology/xilinx/virtex7/dsp48e1.hlp 
Execute           get_default_platform 
Execute           config_chip_info -quiet -resource  {SLICE 91050 } {LUT 364200 } {FF 728400 } {DSP48E 1260} {BRAM 1590}  
Execute           config_chip_info -quiet -speed medium 
Execute           source /home/pratik0509/xillinx/Vivado/2018.2/common/technology/xilinx/common/xilinx.hlp 
Execute             source /home/pratik0509/xillinx/Vivado/2018.2/common/technology/xilinx/common/target_info.tcl 
Execute             source /home/pratik0509/xillinx/Vivado/2018.2/common/technology/xilinx/interface/xilinx_interface.hlp 
Execute               source /home/pratik0509/xillinx/Vivado/2018.2/common/technology/xilinx/interface/maxi.hlp 
Execute               source /home/pratik0509/xillinx/Vivado/2018.2/common/technology/xilinx/interface/saxilite.hlp 
Execute             source /home/pratik0509/xillinx/Vivado/2018.2/common/technology/xilinx/common/dsp48.hlp 
Execute         source /home/pratik0509/xillinx/Vivado/2018.2/common/technology/xilinx/virtex7/virtex7.gen 
Execute           source /home/pratik0509/xillinx/Vivado/2018.2/common/technology/xilinx/common/virtex.gen 
Execute             source /home/pratik0509/xillinx/Vivado/2018.2/common/technology/xilinx/common/xilinx.gen 
Execute               source /home/pratik0509/xillinx/Vivado/2018.2/common/technology/xilinx/interface/plb46.gen 
Execute               source /home/pratik0509/xillinx/Vivado/2018.2/common/technology/xilinx/interface/fsl.gen 
Execute               source /home/pratik0509/xillinx/Vivado/2018.2/common/technology/xilinx/interface/axi4.gen 
Execute               source /home/pratik0509/xillinx/Vivado/2018.2/common/technology/xilinx/interface/nativeAXI4.gen 
Execute                 source /home/pratik0509/xillinx/Vivado/2018.2/common/technology/xilinx/interface/saxilite.gen 
Execute                 source /home/pratik0509/xillinx/Vivado/2018.2/common/technology/xilinx/interface/maxi.gen 
Execute               source /home/pratik0509/xillinx/Vivado/2018.2/common/technology/xilinx/scripts/xilinxcoregen.gen 
Execute               source /home/pratik0509/xillinx/Vivado/2018.2/common/technology/xilinx/interface/XilEDKCoreGen.gen 
Execute               source /home/pratik0509/xillinx/Vivado/2018.2/common/technology/xilinx/ip/dds_compiler.gen 
Execute               source /home/pratik0509/xillinx/Vivado/2018.2/common/technology/xilinx/ip/util.gen 
Execute               source /home/pratik0509/xillinx/Vivado/2018.2/common/technology/xilinx/ip/xfft.gen 
Execute               source /home/pratik0509/xillinx/Vivado/2018.2/common/technology/xilinx/ip/xfir.gen 
Execute             source /home/pratik0509/xillinx/Vivado/2018.2/common/technology/xilinx/common/dsp48.gen 
Command           ap_source done; 0.11 sec.
Command         ap_source done; 0.11 sec.
Execute         get_default_platform 
Execute         config_chip_info -quiet -resource  {SLICE 108300} {LUT 433200 } {FF 866400 } {DSP48E 3600} {BRAM 2940}  
Execute         config_chip_info -quiet -speed medium 
Command       add_library done; 0.13 sec.
Execute       add_library xilinx/virtex7/virtex7_fpv6 
Execute         get_default_platform 
Execute         open_platform DefaultPlatform 
Execute         import_lib /home/pratik0509/xillinx/Vivado/2018.2/common/technology/xilinx/virtex7/virtex7_fpv6 
Execute           source /home/pratik0509/xillinx/Vivado/2018.2/common/technology/xilinx/common/xilinx_fpv7.lib 
Execute             source /home/pratik0509/xillinx/Vivado/2018.2/common/technology/xilinx/common/xilinx_hp.lib 
Execute           source /home/pratik0509/xillinx/Vivado/2018.2/common/technology/xilinx/common/xilinx_fpv.hlp 
Execute             source /home/pratik0509/xillinx/Vivado/2018.2/common/technology/xilinx/common/xilinx.hlp 
Execute               source /home/pratik0509/xillinx/Vivado/2018.2/common/technology/xilinx/common/target_info.tcl 
Execute               source /home/pratik0509/xillinx/Vivado/2018.2/common/technology/xilinx/interface/xilinx_interface.hlp 
Execute                 source /home/pratik0509/xillinx/Vivado/2018.2/common/technology/xilinx/interface/maxi.hlp 
Execute                 source /home/pratik0509/xillinx/Vivado/2018.2/common/technology/xilinx/interface/saxilite.hlp 
Execute               source /home/pratik0509/xillinx/Vivado/2018.2/common/technology/xilinx/common/dsp48.hlp 
Execute           source /home/pratik0509/xillinx/Vivado/2018.2/common/technology/xilinx/virtex7/virtex7_hp.hlp 
Execute         source /home/pratik0509/xillinx/Vivado/2018.2/common/technology/xilinx/virtex7/virtex7_fpv6.gen 
Execute           source /home/pratik0509/xillinx/Vivado/2018.2/common/technology/xilinx/common/xilinx_fpv6.gen 
INFO: [HLS 200-10] Setting target device to 'xc7vx690tffg1157-2'
Execute       get_default_platform 
Command     set_part done; 0.17 sec.
Execute     create_clock -period 6.4 -name default 
Execute       config_clock -quiet -name default -period 6.4 -default=false 
INFO: [SYN 201-201] Setting up clock 'default' with a period of 6.4ns.
Execute     csynth_design 
Execute       get_config_compile -effort 
Execute       get_config_compile -enable_clang39 
Execute       get_config_compile -g 
Execute       get_config_compile -lm 
Execute       get_config_compile -ng 
Execute       get_config_compile -opt_fp 
Execute       get_config_compile -skip_cdt 
Execute       get_config_compile -skip_syncheck 
Execute       get_config_compile -skip_transform 
Execute       get_config_compile -keep_printf 
Execute       elaborate -effort=medium -skip_syncheck=0 -keep_printf=0 -lm=0 -skip_cdt=0 -skip_transform=0 -ng=0 -g=0 -opt_fp=0 -from_csynth_design=1 
Execute         get_config_schedule -relax_ii_for_timing 
Execute         get_config_schedule -suppress_dependence_error_break 
INFO: [HLS 200-10] Analyzing design file 'sources/otherModules/dramModel/dramModel.cpp' ... 
INFO-FLOW: Compiling one TU...
Execute         is_m_axi_addr64 
INFO-FLOW: Handling sources/otherModules/dramModel/dramModel.cpp as C++
Execute         get_default_platform 
Execute         is_encrypted sources/otherModules/dramModel/dramModel.cpp 
Execute         get_default_platform 
INFO-FLOW: Source preprocessing
Execute         clang  -fno-limit-debug-info -gcc-toolchain "/home/pratik0509/xillinx/Vivado/2018.2/lnx64/tools/gcc" -hls  -fno-exceptions  -D__llvm__  -E "sources/otherModules/dramModel/dramModel.cpp"     -fno-math-errno -c -emit-llvm -O0  -mllvm -disable-llvm-optzns -fno-threadsafe-statics  -fno-use-cxa-atexit  -fno-threadsafe-statics -fno-use-cxa-atexit -D__CLANG_3_1__ -DAESL_SYN -D__SYNTHESIS__ -D__HLS_SYN__ -I "/home/pratik0509/xillinx/Vivado/2018.2/common/technology/autopilot" -I "/home/pratik0509/xillinx/Vivado/2018.2/common/technology/autopilot/ap_sysc" -include etc/autopilot_ssdm_op.h -D__DSP48E1__  -o "/home/pratik0509/Projects/HLx_Examples/Acceleration/memcached/hls/dramModel_prj/solution1/.autopilot/db/dramModel.pp.0.cpp" 
INFO-FLOW: exec /home/pratik0509/xillinx/Vivado/2018.2/lnx64/tools/clang/bin/clang -fno-limit-debug-info -gcc-toolchain /home/pratik0509/xillinx/Vivado/2018.2/lnx64/tools/gcc -hls -fno-exceptions -D__llvm__ -E sources/otherModules/dramModel/dramModel.cpp -fno-math-errno -c -emit-llvm -O0 -mllvm -disable-llvm-optzns -fno-threadsafe-statics -fno-use-cxa-atexit -fno-threadsafe-statics -fno-use-cxa-atexit -D__CLANG_3_1__ -DAESL_SYN -D__SYNTHESIS__ -D__HLS_SYN__ -I /home/pratik0509/xillinx/Vivado/2018.2/common/technology/autopilot -I /home/pratik0509/xillinx/Vivado/2018.2/common/technology/autopilot/ap_sysc -include etc/autopilot_ssdm_op.h -D__DSP48E1__ -o /home/pratik0509/Projects/HLx_Examples/Acceleration/memcached/hls/dramModel_prj/solution1/.autopilot/db/dramModel.pp.0.cpp
Command         clang done; 1.31 sec.
INFO-FLOW: Syntax Checking before pre-processing...
Execute         clang  -fno-limit-debug-info -gcc-toolchain "/home/pratik0509/xillinx/Vivado/2018.2/lnx64/tools/gcc" -hls    -fno-math-errno -c -emit-llvm -O0  -mllvm -disable-llvm-optzns -fno-threadsafe-statics  -fno-use-cxa-atexit  -fno-threadsafe-statics -fno-use-cxa-atexit -D__CLANG_3_1__ -DAESL_SYN -D__SYNTHESIS__ -D__HLS_SYN__ -I "/home/pratik0509/xillinx/Vivado/2018.2/common/technology/autopilot" -I "/home/pratik0509/xillinx/Vivado/2018.2/common/technology/autopilot/ap_sysc" -include etc/autopilot_ssdm_op.h -D__DSP48E1__  "/home/pratik0509/Projects/HLx_Examples/Acceleration/memcached/hls/dramModel_prj/solution1/.autopilot/db/dramModel.pp.0.cpp"  -o "/home/pratik0509/Projects/HLx_Examples/Acceleration/memcached/hls/dramModel_prj/solution1/.autopilot/db/useless.bc"  
INFO-FLOW: exec /home/pratik0509/xillinx/Vivado/2018.2/lnx64/tools/clang/bin/clang -fno-limit-debug-info -gcc-toolchain /home/pratik0509/xillinx/Vivado/2018.2/lnx64/tools/gcc -hls -fno-math-errno -c -emit-llvm -O0 -mllvm -disable-llvm-optzns -fno-threadsafe-statics -fno-use-cxa-atexit -fno-threadsafe-statics -fno-use-cxa-atexit -D__CLANG_3_1__ -DAESL_SYN -D__SYNTHESIS__ -D__HLS_SYN__ -I /home/pratik0509/xillinx/Vivado/2018.2/common/technology/autopilot -I /home/pratik0509/xillinx/Vivado/2018.2/common/technology/autopilot/ap_sysc -include etc/autopilot_ssdm_op.h -D__DSP48E1__ /home/pratik0509/Projects/HLx_Examples/Acceleration/memcached/hls/dramModel_prj/solution1/.autopilot/db/dramModel.pp.0.cpp -o /home/pratik0509/Projects/HLx_Examples/Acceleration/memcached/hls/dramModel_prj/solution1/.autopilot/db/useless.bc
Command         clang done; 1.68 sec.
INFO-FLOW: GCC PP time: 2 seconds per iteration
Execute         list_core -type functional_unit 
Execute         tidy_31 xilinx-systemc-detector /home/pratik0509/Projects/HLx_Examples/Acceleration/memcached/hls/dramModel_prj/solution1/.autopilot/db/dramModel.pp.0.cpp std=gnu++98 -directive=/home/pratik0509/Projects/HLx_Examples/Acceleration/memcached/hls/dramModel_prj/solution1/.autopilot/db/.systemc_flag 
INFO-FLOW: exec /home/pratik0509/xillinx/Vivado/2018.2/lnx64/tools/clang-3.9-csynth/bin/tidy-3.1 -header-filter=.* --checks=-*,xilinx-systemc-detector -import-directive=/home/pratik0509/Projects/HLx_Examples/Acceleration/memcached/hls/dramModel_prj/solution1/.autopilot/db/.systemc_flag -quiet -fix-errors /home/pratik0509/Projects/HLx_Examples/Acceleration/memcached/hls/dramModel_prj/solution1/.autopilot/db/dramModel.pp.0.cpp -- -std=gnu++98 -fhls -ferror-limit=0
Command         tidy_31 done; 0.84 sec.
INFO-FLOW: CDT Preprocessing with tidy-3.1...
Execute         tidy_31 xilinx-directive2pragma /home/pratik0509/Projects/HLx_Examples/Acceleration/memcached/hls/dramModel_prj/solution1/.autopilot/db/dramModel.pp.0.cpp std=gnu++98 -directive=/home/pratik0509/Projects/HLx_Examples/Acceleration/memcached/hls/dramModel_prj/solution1/solution1.json 
INFO-FLOW: exec /home/pratik0509/xillinx/Vivado/2018.2/lnx64/tools/clang-3.9-csynth/bin/tidy-3.1 -header-filter=.* --checks=-*,xilinx-directive2pragma -import-directive=/home/pratik0509/Projects/HLx_Examples/Acceleration/memcached/hls/dramModel_prj/solution1/solution1.json -quiet -fix-errors /home/pratik0509/Projects/HLx_Examples/Acceleration/memcached/hls/dramModel_prj/solution1/.autopilot/db/dramModel.pp.0.cpp -- -std=gnu++98 -fhls -ferror-limit=0
Command         tidy_31 done; 0.82 sec.
Execute         get_config_dataflow -strict_mode 
Execute         ap_eval exec -ignorestderr /home/pratik0509/xillinx/Vivado/2018.2/lnx64/tools/clang-3.9-csynth/bin/xilinx-dataflow-lawyer -export-fixes=/home/pratik0509/Projects/HLx_Examples/Acceleration/memcached/hls/dramModel_prj/solution1/.autopilot/db/xilinx-dataflow-lawyer.dramModel.pp.0.cpp.diag.yml /home/pratik0509/Projects/HLx_Examples/Acceleration/memcached/hls/dramModel_prj/solution1/.autopilot/db/dramModel.pp.0.cpp -- -std=gnu++98 -fhls -ferror-limit=0 -fstrict-dataflow > /home/pratik0509/Projects/HLx_Examples/Acceleration/memcached/hls/dramModel_prj/solution1/.autopilot/db/xilinx-dataflow-lawyer.dramModel.pp.0.cpp.out.log 2> /home/pratik0509/Projects/HLx_Examples/Acceleration/memcached/hls/dramModel_prj/solution1/.autopilot/db/xilinx-dataflow-lawyer.dramModel.pp.0.cpp.err.log 
Command         ap_eval done; 0.59 sec.
Execute         tidy_31 -errorcheck xilinx-constantarray-param,xilinx-resource-pragma-transformer /home/pratik0509/Projects/HLx_Examples/Acceleration/memcached/hls/dramModel_prj/solution1/.autopilot/db/dramModel.pp.0.cpp std=gnu++98 
INFO-FLOW: exec /home/pratik0509/xillinx/Vivado/2018.2/lnx64/tools/clang-3.9-csynth/bin/tidy-3.1 -header-filter=.* --checks=-*,xilinx-constantarray-param,xilinx-resource-pragma-transformer -quiet -fix-errors /home/pratik0509/Projects/HLx_Examples/Acceleration/memcached/hls/dramModel_prj/solution1/.autopilot/db/dramModel.pp.0.cpp -- -std=gnu++98 -fhls -ferror-limit=0
INFO-FLOW: exec /home/pratik0509/xillinx/Vivado/2018.2/lnx64/tools/clang-3.9-csynth/bin/xilinx-legacy-rewriter /home/pratik0509/Projects/HLx_Examples/Acceleration/memcached/hls/dramModel_prj/solution1/.autopilot/db/dramModel.pp.0.cpp -- -std=gnu++98 -fhls -ferror-limit=0
Command         tidy_31 done; 1.71 sec.
INFO-FLOW: tidy-3.1 time 3 seconds per iteration
INFO-FLOW: Pragma Handling...
Execute         tidy_31 xilinx-ssdm-intrinsics-arguments /home/pratik0509/Projects/HLx_Examples/Acceleration/memcached/hls/dramModel_prj/solution1/.autopilot/db/dramModel.pragma.1.cpp std=gnu++98 
INFO-FLOW: exec /home/pratik0509/xillinx/Vivado/2018.2/lnx64/tools/clang-3.9-csynth/bin/tidy-3.1 -header-filter=.* --checks=-*,xilinx-ssdm-intrinsics-arguments -quiet -fix-errors /home/pratik0509/Projects/HLx_Examples/Acceleration/memcached/hls/dramModel_prj/solution1/.autopilot/db/dramModel.pragma.1.cpp -- -std=gnu++98 -fhls -ferror-limit=0
Command         tidy_31 done; 0.99 sec.
INFO-FLOW: Source preprocessing
Execute         clang  -fno-limit-debug-info -gcc-toolchain "/home/pratik0509/xillinx/Vivado/2018.2/lnx64/tools/gcc" -hls  -fno-exceptions  -D__llvm__  -E "/home/pratik0509/Projects/HLx_Examples/Acceleration/memcached/hls/dramModel_prj/solution1/.autopilot/db/dramModel.pragma.1.cpp"     -fno-math-errno -c -emit-llvm -O0  -mllvm -disable-llvm-optzns -fno-threadsafe-statics  -fno-use-cxa-atexit  -fno-threadsafe-statics -fno-use-cxa-atexit -D__CLANG_3_1__ -DAESL_SYN -D__SYNTHESIS__ -D__HLS_SYN__ -I "/home/pratik0509/xillinx/Vivado/2018.2/common/technology/autopilot" -I "/home/pratik0509/xillinx/Vivado/2018.2/common/technology/autopilot/ap_sysc" -include etc/autopilot_ssdm_op.h -D__DSP48E1__  -o "/home/pratik0509/Projects/HLx_Examples/Acceleration/memcached/hls/dramModel_prj/solution1/.autopilot/db/dramModel.pragma.2.cpp" 
INFO-FLOW: exec /home/pratik0509/xillinx/Vivado/2018.2/lnx64/tools/clang/bin/clang -fno-limit-debug-info -gcc-toolchain /home/pratik0509/xillinx/Vivado/2018.2/lnx64/tools/gcc -hls -fno-exceptions -D__llvm__ -E /home/pratik0509/Projects/HLx_Examples/Acceleration/memcached/hls/dramModel_prj/solution1/.autopilot/db/dramModel.pragma.1.cpp -fno-math-errno -c -emit-llvm -O0 -mllvm -disable-llvm-optzns -fno-threadsafe-statics -fno-use-cxa-atexit -fno-threadsafe-statics -fno-use-cxa-atexit -D__CLANG_3_1__ -DAESL_SYN -D__SYNTHESIS__ -D__HLS_SYN__ -I /home/pratik0509/xillinx/Vivado/2018.2/common/technology/autopilot -I /home/pratik0509/xillinx/Vivado/2018.2/common/technology/autopilot/ap_sysc -include etc/autopilot_ssdm_op.h -D__DSP48E1__ -o /home/pratik0509/Projects/HLx_Examples/Acceleration/memcached/hls/dramModel_prj/solution1/.autopilot/db/dramModel.pragma.2.cpp
Command         clang done; 1.23 sec.
Execute         get_default_platform 
INFO-FLOW: Processing labels
Execute         clang -src /home/pratik0509/Projects/HLx_Examples/Acceleration/memcached/hls/dramModel_prj/solution1/.autopilot/db/dramModel.pragma.2.cpp  -fno-limit-debug-info -gcc-toolchain /home/pratik0509/xillinx/Vivado/2018.2/lnx64/tools/gcc -hls -hls-analyze-label -hls-analyze-pragma -fno-exceptions  -D__llvm__  -w  "/home/pratik0509/Projects/HLx_Examples/Acceleration/memcached/hls/dramModel_prj/solution1/.autopilot/db/dramModel.pragma.2.cpp"    -fno-math-errno -c -emit-llvm -O0  -mllvm -disable-llvm-optzns -fno-threadsafe-statics  -fno-use-cxa-atexit -DAESL_SYN -D__SYNTHESIS__ -D__HLS_SYN__ -I "/home/pratik0509/xillinx/Vivado/2018.2/common/technology/autopilot" -I "/home/pratik0509/xillinx/Vivado/2018.2/common/technology/autopilot/ap_sysc" -include etc/autopilot_ssdm_op.h -D__DSP48E1__ -g -o "/home/pratik0509/Projects/HLx_Examples/Acceleration/memcached/hls/dramModel_prj/solution1/.autopilot/db/dramModel.bc" 
INFO-FLOW: exec /home/pratik0509/xillinx/Vivado/2018.2/lnx64/tools/clang/bin/clang -fno-limit-debug-info -gcc-toolchain /home/pratik0509/xillinx/Vivado/2018.2/lnx64/tools/gcc -hls -hls-analyze-label -hls-analyze-pragma -fno-exceptions -D__llvm__ -w /home/pratik0509/Projects/HLx_Examples/Acceleration/memcached/hls/dramModel_prj/solution1/.autopilot/db/dramModel.pragma.2.cpp -fno-math-errno -c -emit-llvm -O0 -mllvm -disable-llvm-optzns -fno-threadsafe-statics -fno-use-cxa-atexit -DAESL_SYN -D__SYNTHESIS__ -D__HLS_SYN__ -I /home/pratik0509/xillinx/Vivado/2018.2/common/technology/autopilot -I /home/pratik0509/xillinx/Vivado/2018.2/common/technology/autopilot/ap_sysc -include etc/autopilot_ssdm_op.h -D__DSP48E1__ -g -o /home/pratik0509/Projects/HLx_Examples/Acceleration/memcached/hls/dramModel_prj/solution1/.autopilot/db/dramModel.bc
Command         clang done; 1.7 sec.
INFO-FLOW: Linking Debug ...
Execute         llvm-ld /home/pratik0509/Projects/HLx_Examples/Acceleration/memcached/hls/dramModel_prj/solution1/.autopilot/db/dramModel.g.bc -hls-opt -except-internalize dramModel -L/home/pratik0509/xillinx/Vivado/2018.2/lnx64/lib -lhlsm -lhlsmc++ -o /home/pratik0509/Projects/HLx_Examples/Acceleration/memcached/hls/dramModel_prj/solution1/.autopilot/db/a.g 
Command         llvm-ld done; 0.66 sec.
INFO: [HLS 200-111] Finished Linking Time (s): cpu = 00:00:12 ; elapsed = 00:00:12 . Memory (MB): peak = 346.688 ; gain = 0.199 ; free physical = 1249 ; free virtual = 6185
INFO: [HLS 200-111] Finished Checking Pragmas Time (s): cpu = 00:00:12 ; elapsed = 00:00:12 . Memory (MB): peak = 346.688 ; gain = 0.199 ; free physical = 1249 ; free virtual = 6185
Execute         ::config_rtl 
Execute         opt_and_import_c a -opt_level=2 -skip_syncheck=0 -ng=0 -keep_printf=0 
Execute           cleanup_all_models 
INFO: [HLS 200-10] Starting code transformations ...
Execute           transform -promote-dbg-pointer /home/pratik0509/Projects/HLx_Examples/Acceleration/memcached/hls/dramModel_prj/solution1/.autopilot/db/a.pp.bc -o /home/pratik0509/Projects/HLx_Examples/Acceleration/memcached/hls/dramModel_prj/solution1/.autopilot/db/a.pp.0.bc -f 
Execute           llvm-ld /home/pratik0509/Projects/HLx_Examples/Acceleration/memcached/hls/dramModel_prj/solution1/.autopilot/db/a.pp.0.bc -disable-opt -L/home/pratik0509/xillinx/Vivado/2018.2/lnx64/lib -lfloatconversion -o /home/pratik0509/Projects/HLx_Examples/Acceleration/memcached/hls/dramModel_prj/solution1/.autopilot/db/a.g.0 
Command           llvm-ld done; 0.65 sec.
INFO-FLOW: Running Standard Transforms...
Execute           transform -hls -share-std-xform -demangle-name -inline-byval-memcpy -always-inline -promote-dbg-pointer -interface-preproc -scalarrepl -mem2reg -keep-read-access -instcombine -dce -promote-dbg-pointer -bitop-raise -loop-simplify -indvarspre -indvars -loop-simplify -xunroll -constprop -instcombine -simplifycfg -indvars -simplifycfg -dce -globaldce -basicaa -simplifycfg -mem2reg -globalopt -global-constprop -deadargelim -instcombine -simplifycfg -prune-eh -simplifycfg -scalarrepl -instcombine -reassociate -licm -simplifycfg -loop-simplify -indvars -instcombine -simplifycfg -mem2reg -loop-simplify -indvars -instcombine -gvn -gvn -instcombine -adce -break-crit-edges -simplifycfg -loop-delete -global-array-opt -dce -dse -adce -find-syn-modules -top dramModel -deadargelim -mem2reg -instcombine -dce -presyn-prepare -auto-rom-infer -interface-preproc -syn-check -check-rec-only -find-region -simplifycfg -func-extr -function-inline -globaldce -mem2reg -instcombine -dce -gvn -globaldce -adce -adse -constprop -instcombine -bit-constprop -instcombine -dce -simplifycfg -bitop-raise -simplifycfg -dce -loop-delete -reassociate -globalopt -global-privatize -mem2reg -dce -global-constprop -pointer-simplify -constprop -dce -func-inst -deadargelim -auto-shift-reg-idiom -promote-dbg-pointer -norm-name /home/pratik0509/Projects/HLx_Examples/Acceleration/memcached/hls/dramModel_prj/solution1/.autopilot/db/a.g.0.bc -o /home/pratik0509/Projects/HLx_Examples/Acceleration/memcached/hls/dramModel_prj/solution1/.autopilot/db/a.g.1.bc -f -phase std-opt 
INFO: [HLS 200-111] Finished Standard Transforms Time (s): cpu = 00:00:12 ; elapsed = 00:00:13 . Memory (MB): peak = 346.867 ; gain = 0.379 ; free physical = 1238 ; free virtual = 6176
INFO: [HLS 200-10] Checking synthesizability ...
INFO-FLOW: Checking Synthesizability 1/2..
Execute           transform -hls -syn-check -check-rec-only -disaggr -scalarrepl -norm-name -dce -mem2reg -instcombine -function-uniquify -directive-preproc -mem2reg -dse -dce -auto-rom-infer -dce -array-normalize -instcombine -dce -warn-fifo-pointer -array-seg-normalize -instcombine -dce -array-flatten -instcombine -dce -array-burst -dce -deadargelim -promote-global-argument -simplifycfg -mem2reg -globaldce -resolve-double-ptr -dce -deadargelim -dce -instcombine -function-inline -globaldce -dce -doublePtrSimplify -doublePtrElim -dce -doublePtrSimplify -promote-dbg-pointer -dce -scalarrepl -dse -adse -instcombine -ptrLegalization -simplifycfg -dce -instcombine -pointer-simplify -ptrArgReplace -dce -instcombine -disaggr -scalarrepl -norm-name -dce -mem2reg -instcombine -ptrLegalization -simplifycfg -deadargelim -instcombine -dce -inst-simplify -function-uniquify -directive-preproc -mem2reg -dse -dce -globaldce /home/pratik0509/Projects/HLx_Examples/Acceleration/memcached/hls/dramModel_prj/solution1/.autopilot/db/a.g.1.bc -o /home/pratik0509/Projects/HLx_Examples/Acceleration/memcached/hls/dramModel_prj/solution1/.autopilot/db/a.g.2.prechk.bc -f 
INFO-FLOW: Checking Synthesizability 2/2..
Execute           transform -syn-check /home/pratik0509/Projects/HLx_Examples/Acceleration/memcached/hls/dramModel_prj/solution1/.autopilot/db/a.g.2.prechk.bc -o /home/pratik0509/Projects/HLx_Examples/Acceleration/memcached/hls/dramModel_prj/solution1/.autopilot/db/a.g.2.bc -f -phase syn-check 
INFO: [HLS 200-111] Finished Checking Synthesizability Time (s): cpu = 00:00:13 ; elapsed = 00:00:13 . Memory (MB): peak = 346.867 ; gain = 0.379 ; free physical = 1232 ; free virtual = 6171
INFO-FLOW: Compiler optimizing ...
INFO-FLOW: Share syncheck's 1.bc for syn flow: copy /home/pratik0509/Projects/HLx_Examples/Acceleration/memcached/hls/dramModel_prj/solution1/.autopilot/db/a.g.1.bc to /home/pratik0509/Projects/HLx_Examples/Acceleration/memcached/hls/dramModel_prj/solution1/.autopilot/db/a.o.1.bc
INFO-FLOW: Presyn 1...
Execute           transform -hls -tmp /home/pratik0509/Projects/HLx_Examples/Acceleration/memcached/hls/dramModel_prj/solution1/.autopilot/db -interface-port-rename -type-info -function-uniquify -directive-preproc -mem2reg -dse -dce -disaggr -scalarrepl -norm-name -deadargelim -mem2reg -instcombine -dce -simplifycfg -auto-rom-infer -dce -function-uniquify -resource-proc -simplifycfg -mem2reg -globaldce -resolve-double-ptr -dce -deadargelim -dce -instcombine -clib-intrinsic-prepare -dce -func-buffer -dce -array-normalize -func-legal -instcombine -gvn -constprop -dce -ptrArgReplace -mem2reg -instcombine -dce -array-seg-normalize -deadargelim -instcombine -dce -pointer-simplify -dce -port-alignment -dce -interface-preproc -data-pack -instcombine -dce -basicaa -aggr-aa -aggrmodref-aa -aggr-aa -gvn -gvn -basicaa -aggr-aa -aggrmodref-aa -aggr-aa -dse -adse -adce -loop-simplify -indvars -instcombine -gvn -loop-simplify -mem2reg -dce -find-region -instcombine -auto-loop-pipeline -inst-simplify -interface-preproc -cfgopt -instcombine -indvars -auto-loop-unroll -loop-simplify -loop-bound -xunroll -constprop -instcombine -simplifycfg -indvars -simplifycfg -dce -globaldce -clean-region -attach-range -gvn -inst-simplify -constprop -simplifycfg -dce -pointer-simplify -dce -globalopt -constprop -dce -array-promote -constprop -instcombine -dce -ptrArgReplace -mem2reg -instcombine -simplifycfg -dce -auto-par -instcombine -dce -array-transform-check -array-reshape -instcombine -simplifycfg -dce -ptrArgReplace -deadargelim -mem2reg -instcombine -simplifycfg -dce -indvars -loop-simplify -loop-bound -xunroll -constprop -instcombine -simplifycfg -indvars -simplifycfg -dce -globaldce -duplicate-dataflow-processes -globaldce -instcombine -array-partition -instcombine -simplifycfg -dce -ptrArgReplace -global-constprop -deadargelim -mem2reg -func-legal -instcombine -dce -global-constprop -deadargelim -mem2reg -instcombine -simplifycfg -dce -merge-param -deadargelim -globalopt -constprop -dce -array-promote -constprop -instcombine -dce -ptrArgReplace -mem2reg -instcombine -simplifycfg -dce -mem-intrinsic-preproc -dce -global-internalize -global-privatize -mem2reg -globaldce -promote-global-argument -ptrArgReplace -mem2reg -instcombine -dce -globalopt -mergereturn -simplify-global-access -mem2reg -dce -pointer-simplify -dce -functionattrs -basicaa -aggr-aa -aggrmodref-aa -aggr-aa -gvn -gvn -basicaa -aggr-aa -aggrmodref-aa -aggr-aa -dse -adse -adce -inst-simplify -dce -norm-name -function-inline -globaldce -func-inst -constprop -instcombine -simplifycfg -dce -func-legal -dce -loop-bound -arraycheck -bitwidthmin -on-by-dataflow -loop-delete -instcombine -simplifycfg -globaldce -dce -gvn -deadargelim -dce -loop-simplify -clean-region -simplifycfg -propagate-stable-arguments -loop-stream -instcombine -simplifycfg -dce -globaldce -duplicate-dataflow-processes -stream-intrinsic-preproc -dce -check-ap-stream -loop-simplify -eliminate-keepreads -extract-dataflow-in-loop -loop-simplify -dce -gvn -deadargelim -dse -check-dataflow-syntax -legalize-stream-variable -legalize-global -extract-subproc -dce -dead-channel-elimination -canonicalize-gep -globaldce -dce -gvn -deadargelim -annotate-dataflow-channels -scalar-propagation -deadargelim -globaldce -mem2reg -check-dataflow-channels -function-stream -dce -globaldce -prop-fifo-spec -internal-stream-gen -canonicalize-gep -globaldce -dce -gvn -deadargelim -mergereturn -indvars -loop-simplify -instcombine -array-stream -array-seg-normalize -array-partition -func-legal -instcombine -simplifycfg -dce -bundle-memfifo-ops -deadargelim -function-uniquify -directive-preproc -mem2reg -dse -dce -group-axi-access -licm -simplifycfg -dce -loop-delete -norm-name /home/pratik0509/Projects/HLx_Examples/Acceleration/memcached/hls/dramModel_prj/solution1/.autopilot/db/a.o.1.bc -o /home/pratik0509/Projects/HLx_Examples/Acceleration/memcached/hls/dramModel_prj/solution1/.autopilot/db/a.o.1.tmp.bc -f 
INFO: [XFORM 203-1101] Packing variable 'rdCmdIn.V' (sources/otherModules/dramModel/dramModel.cpp:92) into a 40-bit variable.
INFO: [XFORM 203-1101] Packing variable 'wrCmdIn.V' (sources/otherModules/dramModel/dramModel.cpp:92) into a 40-bit variable.
INFO: [XFORM 203-712] Applying dataflow to function 'dramModel', detected/extracted 2 process function(s): 
	 'cmdAggregator'
	 'memAccess'.
Command           transform done; 0.18 sec.
INFO-FLOW: Presyn 2...
Execute           transform -hls -keep-callgraph -scalarrepl -mem2reg -port-alignment -attach-range -dce -pipe-mux-gen -indvars -loop-bound -inst-simplify -instcombine -dce -merge-array-access -mem2reg -dce -clean-region -mergereturn -if-conv -instcombine -dce -constprop -basicaa -aggr-aa -aggrmodref-aa -aggr-aa -gvn -gvn -basicaa -aggr-aa -aggrmodref-aa -aggr-aa -dse -adse -adce -scalarrepl -mem2reg -global-constprop -deadargelim -deadargelim -instcombine -dce -simplifycfg -ptrArgReplace -mem2reg -function-inline -globaldce -mem2reg -instcombine -dce -expr-balance -instcombine -dce -bitwidthmin -interface-preproc -directive-preproc -inst-rectify -instcombine -dce -functionattrs -constprop -instcombine -bit-constprop -simplify-global-access -globalopt -globaldce -inst-simplify -instcombine -elimdeaddata -dce -loop-delete -simplifycfg -loop-simplify -auto-burst -norm-name /home/pratik0509/Projects/HLx_Examples/Acceleration/memcached/hls/dramModel_prj/solution1/.autopilot/db/a.o.1.tmp.bc -o /home/pratik0509/Projects/HLx_Examples/Acceleration/memcached/hls/dramModel_prj/solution1/.autopilot/db/a.o.2.bc -f -phase presyn 
INFO: [HLS 200-111] Finished Pre-synthesis Time (s): cpu = 00:00:13 ; elapsed = 00:00:13 . Memory (MB): peak = 474.488 ; gain = 128.000 ; free physical = 1206 ; free virtual = 6146
INFO-FLOW: Building ssdm...
Execute           transform -hls -function-uniquify -auto-function-inline -globaldce -ptrArgReplace -mem2reg -instcombine -dce -reset-lda -loop-simplify -indvars -licm -loop-dep -loop-bound -licm -loop-simplify -flattenloopnest -array-flatten -gvn -instcombine -dce -array-map -dce -func-legal -gvn -adce -instcombine -cfgopt -simplifycfg -loop-simplify -array-burst -promote-global-argument -dce -axi4-lower -array-seg-normalize -basicaa -aggrmodref-aa -globalsmodref-aa -aggr-aa -gvn -gvn -basicaa -aggrmodref-aa -globalsmodref-aa -aggr-aa -dse -adse -adce -licm -inst-simplify -dce -globaldce -instcombine -array-stream -eliminate-keepreads -instcombine -dce -deadargelim -doublePtrSimplify -doublePtrElim -dce -doublePtrSimplify -promote-dbg-pointer -dce -scalarrepl -mem2reg -disaggr -norm-name -mem2reg -instcombine -dse -adse -adce -ptrLegalization -dce -auto-rom-infer -array-flatten -dce -instcombine -check-doubleptr -loop-rot -constprop -cfgopt -simplifycfg -loop-simplify -indvars -pointer-simplify -dce -loop-bound -loop-simplify -loop-preproc -constprop -global-constprop -gvn -mem2reg -instcombine -dce -loop-bound -loop-merge -dce -bitwidthmin -deadargelim -dce -canonicalize-dataflow -dce -scalar-propagation -deadargelim -globaldce -mem2reg -read-loop-dep -interface-preproc -directive-preproc -interface-gen -bram-byte-enable -deadargelim -inst-simplify -dce -gvn -mem2reg -instcombine -dce -adse -loop-bound -instcombine -cfgopt -simplifycfg -loop-simplify -clean-region -io-protocol -find-region -mem2reg -bitop-raise -inst-simplify -inst-rectify -instcombine -adce -deadargelim -loop-simplify -phi-opt -bitop-raise -cfgopt -simplifycfg -strip-dead-prototypes -interface-lower -bitop-lower -intrinsic-lower -auto-function-inline -basicaa -aggrmodref-aa -globalsmodref-aa -aggr-aa -inst-simplify -simplifycfg -loop-simplify -mergereturn -inst-simplify -inst-rectify -dce -load-elim -bitop-lower -loop-rewind -pointer-simplify -dce -cfgopt -dce -bitwidth -loop-dep -read-loop-dep -dce -check-stream -norm-name -legalize -validate-dataflow -dead-allocation-elimination -cdfg-build /home/pratik0509/Projects/HLx_Examples/Acceleration/memcached/hls/dramModel_prj/solution1/.autopilot/db/a.o.2.bc -o /home/pratik0509/Projects/HLx_Examples/Acceleration/memcached/hls/dramModel_prj/solution1/.autopilot/db/a.o.3.bc -f -phase build-ssdm 
WARNING: [ANALYSIS 214-52] Found false inter dependency for variable 'memArray.V'.
Command           transform done; 0.15 sec.
INFO: [HLS 200-111] Finished Architecture Synthesis Time (s): cpu = 00:00:13 ; elapsed = 00:00:14 . Memory (MB): peak = 474.488 ; gain = 128.000 ; free physical = 1189 ; free virtual = 6129
INFO-FLOW: Finish building internal data model.
Command         opt_and_import_c done; 1.28 sec.
Command       elaborate done; 13.11 sec.
Execute       autosyn -from_csynth_design=1 
INFO: [HLS 200-10] Starting hardware synthesis ...
INFO-FLOW: Synthesizing C/C++ design ...
INFO: [HLS 200-10] Synthesizing 'dramModel' ...
Execute         ap_set_top_model dramModel 
Execute         get_model_list dramModel -filter all-wo-channel -topdown 
Execute         preproc_iomode -model dramModel 
Execute         preproc_iomode -model memAccess 
Execute         preproc_iomode -model cmdAggregator 
Execute         get_model_list dramModel -filter all-wo-channel 
INFO-FLOW: Model list for configure: cmdAggregator memAccess dramModel
INFO-FLOW: Configuring Module : cmdAggregator ...
Execute         set_default_model cmdAggregator 
Execute         apply_spec_resource_limit cmdAggregator 
INFO-FLOW: Configuring Module : memAccess ...
Execute         set_default_model memAccess 
Execute         apply_spec_resource_limit memAccess 
INFO-FLOW: Configuring Module : dramModel ...
Execute         set_default_model dramModel 
Execute         apply_spec_resource_limit dramModel 
INFO-FLOW: Model list for preprocess: cmdAggregator memAccess dramModel
INFO-FLOW: Preprocessing Module: cmdAggregator ...
Execute         set_default_model cmdAggregator 
Execute         cdfg_preprocess -model cmdAggregator 
Execute         rtl_gen_preprocess cmdAggregator 
INFO-FLOW: Preprocessing Module: memAccess ...
Execute         set_default_model memAccess 
Execute         cdfg_preprocess -model memAccess 
Execute         rtl_gen_preprocess memAccess 
INFO-FLOW: Preprocessing Module: dramModel ...
Execute         set_default_model dramModel 
Execute         cdfg_preprocess -model dramModel 
Execute         rtl_gen_preprocess dramModel 
INFO-FLOW: Model list for synthesis: cmdAggregator memAccess dramModel
INFO: [HLS 200-10] ----------------------------------------------------------------
INFO: [HLS 200-42] -- Implementing module 'cmdAggregator' 
INFO: [HLS 200-10] ----------------------------------------------------------------
Execute         set_default_model cmdAggregator 
Execute         schedule -model cmdAggregator 
INFO: [SCHED 204-11] Starting scheduling ...
INFO: [SCHED 204-61] Pipelining function 'cmdAggregator'.
INFO: [SCHED 204-61] Pipelining result : Target II = 1, Final II = 1, Depth = 2.
INFO: [SCHED 204-11] Finished scheduling.
INFO: [HLS 200-111]  Elapsed time: 13.6 seconds; current allocated memory: 101.080 MB.
Execute         report -o /home/pratik0509/Projects/HLx_Examples/Acceleration/memcached/hls/dramModel_prj/solution1/.autopilot/db/cmdAggregator.verbose.sched.rpt -verbose -f 
Execute         db_write -o /home/pratik0509/Projects/HLx_Examples/Acceleration/memcached/hls/dramModel_prj/solution1/.autopilot/db/cmdAggregator.sched.adb -f 
INFO-FLOW: Finish scheduling cmdAggregator.
Execute         set_default_model cmdAggregator 
Execute         bind -model cmdAggregator 
BIND OPTION: fu_weight=[ 0.0 -- 1.0 ]
BIND OPTION: model=cmdAggregator
BIND OPTION: reg_weight=[ 0.0 -- 1.0 ]
INFO: [BIND 205-100] Starting micro-architecture generation ...
INFO: [BIND 205-101] Performing variable lifetime analysis.
INFO: [BIND 205-101] Exploring resource sharing.
INFO: [BIND 205-101] Binding ...
INFO: [BIND 205-100] Finished micro-architecture generation.
INFO: [HLS 200-111]  Elapsed time: 0.01 seconds; current allocated memory: 101.200 MB.
Execute         report -o /home/pratik0509/Projects/HLx_Examples/Acceleration/memcached/hls/dramModel_prj/solution1/.autopilot/db/cmdAggregator.verbose.bind.rpt -verbose -f 
Execute         db_write -o /home/pratik0509/Projects/HLx_Examples/Acceleration/memcached/hls/dramModel_prj/solution1/.autopilot/db/cmdAggregator.bind.adb -f 
INFO-FLOW: Finish binding cmdAggregator.
INFO: [HLS 200-10] ----------------------------------------------------------------
INFO: [HLS 200-42] -- Implementing module 'memAccess' 
INFO: [HLS 200-10] ----------------------------------------------------------------
Execute         set_default_model memAccess 
Execute         schedule -model memAccess 
INFO: [SCHED 204-11] Starting scheduling ...
INFO: [SCHED 204-61] Pipelining function 'memAccess'.
INFO: [SCHED 204-61] Pipelining result : Target II = 1, Final II = 1, Depth = 3.
INFO: [SCHED 204-11] Finished scheduling.
INFO: [HLS 200-111]  Elapsed time: 0.08 seconds; current allocated memory: 101.553 MB.
Execute         report -o /home/pratik0509/Projects/HLx_Examples/Acceleration/memcached/hls/dramModel_prj/solution1/.autopilot/db/memAccess.verbose.sched.rpt -verbose -f 
Execute         db_write -o /home/pratik0509/Projects/HLx_Examples/Acceleration/memcached/hls/dramModel_prj/solution1/.autopilot/db/memAccess.sched.adb -f 
INFO-FLOW: Finish scheduling memAccess.
Execute         set_default_model memAccess 
Execute         bind -model memAccess 
BIND OPTION: fu_weight=[ 0.0 -- 1.0 ]
BIND OPTION: model=memAccess
BIND OPTION: reg_weight=[ 0.0 -- 1.0 ]
INFO: [BIND 205-100] Starting micro-architecture generation ...
INFO: [BIND 205-101] Performing variable lifetime analysis.
INFO: [BIND 205-101] Exploring resource sharing.
INFO: [BIND 205-101] Binding ...
INFO: [BIND 205-100] Finished micro-architecture generation.
INFO: [HLS 200-111]  Elapsed time: 0.02 seconds; current allocated memory: 101.735 MB.
Execute         report -o /home/pratik0509/Projects/HLx_Examples/Acceleration/memcached/hls/dramModel_prj/solution1/.autopilot/db/memAccess.verbose.bind.rpt -verbose -f 
Execute         db_write -o /home/pratik0509/Projects/HLx_Examples/Acceleration/memcached/hls/dramModel_prj/solution1/.autopilot/db/memAccess.bind.adb -f 
INFO-FLOW: Finish binding memAccess.
INFO: [HLS 200-10] ----------------------------------------------------------------
INFO: [HLS 200-42] -- Implementing module 'dramModel' 
INFO: [HLS 200-10] ----------------------------------------------------------------
Execute         set_default_model dramModel 
Execute         schedule -model dramModel 
INFO: [SCHED 204-11] Starting scheduling ...
INFO: [SCHED 204-11] Finished scheduling.
INFO: [HLS 200-111]  Elapsed time: 0.03 seconds; current allocated memory: 101.807 MB.
Execute         report -o /home/pratik0509/Projects/HLx_Examples/Acceleration/memcached/hls/dramModel_prj/solution1/.autopilot/db/dramModel.verbose.sched.rpt -verbose -f 
Execute         db_write -o /home/pratik0509/Projects/HLx_Examples/Acceleration/memcached/hls/dramModel_prj/solution1/.autopilot/db/dramModel.sched.adb -f 
INFO-FLOW: Finish scheduling dramModel.
Execute         set_default_model dramModel 
Execute         bind -model dramModel 
BIND OPTION: fu_weight=[ 0.0 -- 1.0 ]
BIND OPTION: model=dramModel
BIND OPTION: reg_weight=[ 0.0 -- 1.0 ]
INFO: [BIND 205-100] Starting micro-architecture generation ...
INFO: [BIND 205-101] Performing variable lifetime analysis.
INFO: [BIND 205-101] Exploring resource sharing.
INFO: [BIND 205-101] Binding ...
INFO: [BIND 205-100] Finished micro-architecture generation.
INFO: [HLS 200-111]  Elapsed time: 0.02 seconds; current allocated memory: 101.913 MB.
Execute         report -o /home/pratik0509/Projects/HLx_Examples/Acceleration/memcached/hls/dramModel_prj/solution1/.autopilot/db/dramModel.verbose.bind.rpt -verbose -f 
Execute         db_write -o /home/pratik0509/Projects/HLx_Examples/Acceleration/memcached/hls/dramModel_prj/solution1/.autopilot/db/dramModel.bind.adb -f 
INFO-FLOW: Finish binding dramModel.
Execute         get_model_list dramModel -filter all-wo-channel 
INFO-FLOW: Preprocessing for RTLGen ...
Execute         rtl_gen_preprocess cmdAggregator 
Execute         rtl_gen_preprocess memAccess 
Execute         rtl_gen_preprocess dramModel 
INFO-FLOW: Model list for RTL generation: cmdAggregator memAccess dramModel
INFO: [HLS 200-10] ----------------------------------------------------------------
INFO: [HLS 200-10] -- Generating RTL for module 'cmdAggregator' 
INFO: [HLS 200-10] ----------------------------------------------------------------
Execute         get_config_rtl -prefix 
Execute         get_config_rtl -auto_prefix 
Execute         create_rtl_model cmdAggregator -vendor xilinx -mg_file /home/pratik0509/Projects/HLx_Examples/Acceleration/memcached/hls/dramModel_prj/solution1/.autopilot/db/cmdAggregator.compgen.tcl 
INFO: [RTGEN 206-100] Finished creating RTL model for 'cmdAggregator'.
INFO: [HLS 200-111]  Elapsed time: 0.02 seconds; current allocated memory: 102.230 MB.
Execute         source /home/pratik0509/Projects/HLx_Examples/Acceleration/memcached/hls/dramModel_prj/solution1/.autopilot/db/dramModel.rtl_wrap.cfg.tcl 
Execute         gen_rtl cmdAggregator -style xilinx -tracefl mytrace -tracefmt vcd -traceopt all -f -lang sc -o /home/pratik0509/Projects/HLx_Examples/Acceleration/memcached/hls/dramModel_prj/solution1/syn/systemc/cmdAggregator -synmodules cmdAggregator memAccess dramModel 
Execute         gen_rtl cmdAggregator -style xilinx -f -lang vhdl -o /home/pratik0509/Projects/HLx_Examples/Acceleration/memcached/hls/dramModel_prj/solution1/syn/vhdl/cmdAggregator 
Execute         gen_rtl cmdAggregator -style xilinx -f -lang vlog -o /home/pratik0509/Projects/HLx_Examples/Acceleration/memcached/hls/dramModel_prj/solution1/syn/verilog/cmdAggregator 
Execute         gen_tb_info cmdAggregator -o /home/pratik0509/Projects/HLx_Examples/Acceleration/memcached/hls/dramModel_prj/solution1/.autopilot/db/cmdAggregator -p /home/pratik0509/Projects/HLx_Examples/Acceleration/memcached/hls/dramModel_prj/solution1/.autopilot/db 
Execute         report -model cmdAggregator -o /home/pratik0509/Projects/HLx_Examples/Acceleration/memcached/hls/dramModel_prj/solution1/syn/report/cmdAggregator_csynth.rpt -f 
Execute         report -model cmdAggregator -o /home/pratik0509/Projects/HLx_Examples/Acceleration/memcached/hls/dramModel_prj/solution1/syn/report/cmdAggregator_csynth.xml -f -x 
Execute         report -model cmdAggregator -o /home/pratik0509/Projects/HLx_Examples/Acceleration/memcached/hls/dramModel_prj/solution1/.autopilot/db/cmdAggregator.verbose.rpt -verbose -f 
Execute         db_write -model cmdAggregator -o /home/pratik0509/Projects/HLx_Examples/Acceleration/memcached/hls/dramModel_prj/solution1/.autopilot/db/cmdAggregator.adb -f 
INFO: [HLS 200-10] ----------------------------------------------------------------
INFO: [HLS 200-10] -- Generating RTL for module 'memAccess' 
INFO: [HLS 200-10] ----------------------------------------------------------------
Execute         get_config_rtl -prefix 
Execute         get_config_rtl -auto_prefix 
Execute         create_rtl_model memAccess -vendor xilinx -mg_file /home/pratik0509/Projects/HLx_Examples/Acceleration/memcached/hls/dramModel_prj/solution1/.autopilot/db/memAccess.compgen.tcl 
WARNING: [RTGEN 206-101] Register 'memState' is power-on initialization.
WARNING: [RTGEN 206-101] Register 'inputWord_address_V' is power-on initialization.
WARNING: [RTGEN 206-101] Register 'inputWord_count_V' is power-on initialization.
WARNING: [RTGEN 206-101] Register 'inputWord_rdOrWr_V' is power-on initialization.
INFO: [SYN 201-210] Renamed object name 'memAccess_memArray_V' to 'memAccess_memArrabkb' due to the length limit 20
INFO: [RTGEN 206-100] Finished creating RTL model for 'memAccess'.
INFO: [HLS 200-111]  Elapsed time: 0.05 seconds; current allocated memory: 103.089 MB.
Execute         source /home/pratik0509/Projects/HLx_Examples/Acceleration/memcached/hls/dramModel_prj/solution1/.autopilot/db/dramModel.rtl_wrap.cfg.tcl 
Execute         gen_rtl memAccess -style xilinx -tracefl mytrace -tracefmt vcd -traceopt all -f -lang sc -o /home/pratik0509/Projects/HLx_Examples/Acceleration/memcached/hls/dramModel_prj/solution1/syn/systemc/memAccess -synmodules cmdAggregator memAccess dramModel 
Execute         gen_rtl memAccess -style xilinx -f -lang vhdl -o /home/pratik0509/Projects/HLx_Examples/Acceleration/memcached/hls/dramModel_prj/solution1/syn/vhdl/memAccess 
Execute         gen_rtl memAccess -style xilinx -f -lang vlog -o /home/pratik0509/Projects/HLx_Examples/Acceleration/memcached/hls/dramModel_prj/solution1/syn/verilog/memAccess 
Execute         gen_tb_info memAccess -o /home/pratik0509/Projects/HLx_Examples/Acceleration/memcached/hls/dramModel_prj/solution1/.autopilot/db/memAccess -p /home/pratik0509/Projects/HLx_Examples/Acceleration/memcached/hls/dramModel_prj/solution1/.autopilot/db 
Execute         report -model memAccess -o /home/pratik0509/Projects/HLx_Examples/Acceleration/memcached/hls/dramModel_prj/solution1/syn/report/memAccess_csynth.rpt -f 
Execute         report -model memAccess -o /home/pratik0509/Projects/HLx_Examples/Acceleration/memcached/hls/dramModel_prj/solution1/syn/report/memAccess_csynth.xml -f -x 
Execute         report -model memAccess -o /home/pratik0509/Projects/HLx_Examples/Acceleration/memcached/hls/dramModel_prj/solution1/.autopilot/db/memAccess.verbose.rpt -verbose -f 
Execute         db_write -model memAccess -o /home/pratik0509/Projects/HLx_Examples/Acceleration/memcached/hls/dramModel_prj/solution1/.autopilot/db/memAccess.adb -f 
INFO: [HLS 200-10] ----------------------------------------------------------------
INFO: [HLS 200-10] -- Generating RTL for module 'dramModel' 
INFO: [HLS 200-10] ----------------------------------------------------------------
Execute         get_config_rtl -prefix 
Execute         get_config_rtl -auto_prefix 
Execute         create_rtl_model dramModel -vendor xilinx -mg_file /home/pratik0509/Projects/HLx_Examples/Acceleration/memcached/hls/dramModel_prj/solution1/.autopilot/db/dramModel.compgen.tcl 
INFO: [RTGEN 206-500] Setting interface mode on port 'dramModel/rdCmdIn_V' to 'axis'.
INFO: [RTGEN 206-500] Setting interface mode on port 'dramModel/rdDataOut_V_V' to 'axis' (register, both mode).
INFO: [RTGEN 206-500] Setting interface mode on port 'dramModel/wrCmdIn_V' to 'axis'.
INFO: [RTGEN 206-500] Setting interface mode on port 'dramModel/wrDataIn_V_V' to 'axis'.
INFO: [RTGEN 206-500] Setting interface mode on function 'dramModel' to 'ap_ctrl_none'.
INFO: [RTGEN 206-100] Finished creating RTL model for 'dramModel'.
INFO: [HLS 200-111]  Elapsed time: 0.09 seconds; current allocated memory: 104.131 MB.
Execute         source /home/pratik0509/Projects/HLx_Examples/Acceleration/memcached/hls/dramModel_prj/solution1/.autopilot/db/dramModel.rtl_wrap.cfg.tcl 
Execute         gen_rtl dramModel -istop -style xilinx -tracefl mytrace -tracefmt vcd -traceopt all -f -lang sc -o /home/pratik0509/Projects/HLx_Examples/Acceleration/memcached/hls/dramModel_prj/solution1/syn/systemc/dramModel -synmodules cmdAggregator memAccess dramModel 
Execute         gen_rtl dramModel -istop -style xilinx -f -lang vhdl -o /home/pratik0509/Projects/HLx_Examples/Acceleration/memcached/hls/dramModel_prj/solution1/syn/vhdl/dramModel 
Execute         gen_rtl dramModel -istop -style xilinx -f -lang vlog -o /home/pratik0509/Projects/HLx_Examples/Acceleration/memcached/hls/dramModel_prj/solution1/syn/verilog/dramModel 
Execute         export_constraint_db -o /home/pratik0509/Projects/HLx_Examples/Acceleration/memcached/hls/dramModel_prj/solution1/.autopilot/db/dramModel.constraint.tcl -f -tool general 
Execute         report -model dramModel -o /home/pratik0509/Projects/HLx_Examples/Acceleration/memcached/hls/dramModel_prj/solution1/.autopilot/db/dramModel.design.xml -verbose -f -dv 
Execute         report -model dramModel -o /home/pratik0509/Projects/HLx_Examples/Acceleration/memcached/hls/dramModel_prj/solution1/.autopilot/db/dramModel.sdaccel.xml -verbose -f -sdaccel 
Execute         gen_tb_info dramModel -o /home/pratik0509/Projects/HLx_Examples/Acceleration/memcached/hls/dramModel_prj/solution1/.autopilot/db/dramModel -p /home/pratik0509/Projects/HLx_Examples/Acceleration/memcached/hls/dramModel_prj/solution1/.autopilot/db 
Execute         report -model dramModel -o /home/pratik0509/Projects/HLx_Examples/Acceleration/memcached/hls/dramModel_prj/solution1/syn/report/dramModel_csynth.rpt -f 
Execute         report -model dramModel -o /home/pratik0509/Projects/HLx_Examples/Acceleration/memcached/hls/dramModel_prj/solution1/syn/report/dramModel_csynth.xml -f -x 
Execute         report -model dramModel -o /home/pratik0509/Projects/HLx_Examples/Acceleration/memcached/hls/dramModel_prj/solution1/.autopilot/db/dramModel.verbose.rpt -verbose -f 
Execute         db_write -model dramModel -o /home/pratik0509/Projects/HLx_Examples/Acceleration/memcached/hls/dramModel_prj/solution1/.autopilot/db/dramModel.adb -f 
Execute         sc_get_clocks dramModel 
Execute         sc_get_portdomain dramModel 
INFO-FLOW: Model list for RTL component generation: cmdAggregator memAccess dramModel
INFO-FLOW: Handling components in module [cmdAggregator] ... 
Execute         source /home/pratik0509/Projects/HLx_Examples/Acceleration/memcached/hls/dramModel_prj/solution1/.autopilot/db/cmdAggregator.compgen.tcl 
INFO-FLOW: Handling components in module [memAccess] ... 
Execute         source /home/pratik0509/Projects/HLx_Examples/Acceleration/memcached/hls/dramModel_prj/solution1/.autopilot/db/memAccess.compgen.tcl 
INFO-FLOW: Found component memAccess_memArrabkb.
INFO-FLOW: Append model memAccess_memArrabkb
INFO-FLOW: Handling components in module [dramModel] ... 
Execute         source /home/pratik0509/Projects/HLx_Examples/Acceleration/memcached/hls/dramModel_prj/solution1/.autopilot/db/dramModel.compgen.tcl 
INFO-FLOW: Found component fifo_w21_d16_A.
INFO-FLOW: Append model fifo_w21_d16_A
INFO-FLOW: Append model cmdAggregator
INFO-FLOW: Append model memAccess
INFO-FLOW: Append model dramModel
INFO-FLOW: Generating RTL model list ...
INFO-FLOW: All models in this session: memAccess_memArrabkb fifo_w21_d16_A cmdAggregator memAccess dramModel
INFO-FLOW: To file: write model memAccess_memArrabkb
INFO-FLOW: To file: write model fifo_w21_d16_A
INFO-FLOW: To file: write model cmdAggregator
INFO-FLOW: To file: write model memAccess
INFO-FLOW: To file: write model dramModel
INFO-FLOW: Finished generating RTL model list.


INFO-FLOW: RTL Generation done.
INFO-FLOW: CAS Generation done.
INFO-FLOW: CBC Generation done.
Execute         get_config_sdx -target 
Execute         source /home/pratik0509/Projects/HLx_Examples/Acceleration/memcached/hls/dramModel_prj/solution1/.autopilot/db/global.setting.tcl 
Execute         source /home/pratik0509/xillinx/Vivado/2018.2/common/technology/generic/autopilot/common.gen 
Execute           source /home/pratik0509/xillinx/Vivado/2018.2/common/technology/generic/autopilot/APCoreGen.gen 
Execute         source /home/pratik0509/xillinx/Vivado/2018.2/common/technology/generic/autopilot/op.gen 
Execute         source /home/pratik0509/xillinx/Vivado/2018.2/common/technology/generic/autopilot/op_simcore.gen 
Execute         source /home/pratik0509/xillinx/Vivado/2018.2/common/technology/generic/autopilot/interface.gen 
Execute         source /home/pratik0509/Projects/HLx_Examples/Acceleration/memcached/hls/dramModel_prj/solution1/.autopilot/db/global.setting.tcl 
Execute         source /home/pratik0509/xillinx/Vivado/2018.2/common/technology/xilinx/virtex7/virtex7.gen 
Execute           source /home/pratik0509/xillinx/Vivado/2018.2/common/technology/xilinx/common/virtex.gen 
Execute             source /home/pratik0509/xillinx/Vivado/2018.2/common/technology/xilinx/common/xilinx.gen 
Execute               source /home/pratik0509/xillinx/Vivado/2018.2/common/technology/xilinx/interface/plb46.gen 
Execute               source /home/pratik0509/xillinx/Vivado/2018.2/common/technology/xilinx/interface/fsl.gen 
Execute               source /home/pratik0509/xillinx/Vivado/2018.2/common/technology/xilinx/interface/axi4.gen 
Execute               source /home/pratik0509/xillinx/Vivado/2018.2/common/technology/xilinx/interface/nativeAXI4.gen 
Execute                 source /home/pratik0509/xillinx/Vivado/2018.2/common/technology/xilinx/interface/saxilite.gen 
Execute                 source /home/pratik0509/xillinx/Vivado/2018.2/common/technology/xilinx/interface/maxi.gen 
Execute               source /home/pratik0509/xillinx/Vivado/2018.2/common/technology/xilinx/scripts/xilinxcoregen.gen 
Execute               source /home/pratik0509/xillinx/Vivado/2018.2/common/technology/xilinx/interface/XilEDKCoreGen.gen 
Execute               source /home/pratik0509/xillinx/Vivado/2018.2/common/technology/xilinx/ip/dds_compiler.gen 
Execute               source /home/pratik0509/xillinx/Vivado/2018.2/common/technology/xilinx/ip/util.gen 
Execute               source /home/pratik0509/xillinx/Vivado/2018.2/common/technology/xilinx/ip/xfft.gen 
Execute               source /home/pratik0509/xillinx/Vivado/2018.2/common/technology/xilinx/ip/xfir.gen 
Execute             source /home/pratik0509/xillinx/Vivado/2018.2/common/technology/xilinx/common/dsp48.gen 
Execute         source /home/pratik0509/xillinx/Vivado/2018.2/common/technology/xilinx/virtex7/virtex7_fpv6.gen 
Execute           source /home/pratik0509/xillinx/Vivado/2018.2/common/technology/xilinx/common/xilinx_fpv6.gen 
Execute         source /home/pratik0509/Projects/HLx_Examples/Acceleration/memcached/hls/dramModel_prj/solution1/.autopilot/db/global.setting.tcl 
Execute         source /home/pratik0509/Projects/HLx_Examples/Acceleration/memcached/hls/dramModel_prj/solution1/.autopilot/db/global.setting.tcl 
Execute         source /home/pratik0509/Projects/HLx_Examples/Acceleration/memcached/hls/dramModel_prj/solution1/.autopilot/db/global.setting.tcl 
Execute         source /home/pratik0509/Projects/HLx_Examples/Acceleration/memcached/hls/dramModel_prj/solution1/.autopilot/db/cmdAggregator.compgen.tcl 
Execute         source /home/pratik0509/Projects/HLx_Examples/Acceleration/memcached/hls/dramModel_prj/solution1/.autopilot/db/memAccess.compgen.tcl 
INFO: [RTMG 210-278] Implementing memory 'memAccess_memArrabkb_ram (RAM)' using block RAMs with power-on initialization.
Execute         source /home/pratik0509/Projects/HLx_Examples/Acceleration/memcached/hls/dramModel_prj/solution1/.autopilot/db/dramModel.compgen.tcl 
INFO: [RTMG 210-285] Implementing FIFO 'aggregateMemCmd_V_U(fifo_w21_d16_A)' using Shift Registers.
Execute         get_config_sdx -target 
Execute         source /home/pratik0509/Projects/HLx_Examples/Acceleration/memcached/hls/dramModel_prj/solution1/.autopilot/db/global.setting.tcl 
Execute         source /home/pratik0509/xillinx/Vivado/2018.2/common/technology/generic/autopilot/common.gen 
Execute           source /home/pratik0509/xillinx/Vivado/2018.2/common/technology/generic/autopilot/APCoreGen.gen 
Execute         source /home/pratik0509/xillinx/Vivado/2018.2/common/technology/generic/autopilot/op.gen 
Execute         source /home/pratik0509/xillinx/Vivado/2018.2/common/technology/generic/autopilot/op_simcore.gen 
Execute         source /home/pratik0509/xillinx/Vivado/2018.2/common/technology/generic/autopilot/interface.gen 
Execute         source /home/pratik0509/Projects/HLx_Examples/Acceleration/memcached/hls/dramModel_prj/solution1/.autopilot/db/global.setting.tcl 
Execute         source /home/pratik0509/xillinx/Vivado/2018.2/common/technology/xilinx/virtex7/virtex7.gen 
Execute           source /home/pratik0509/xillinx/Vivado/2018.2/common/technology/xilinx/common/virtex.gen 
Execute             source /home/pratik0509/xillinx/Vivado/2018.2/common/technology/xilinx/common/xilinx.gen 
Execute               source /home/pratik0509/xillinx/Vivado/2018.2/common/technology/xilinx/interface/plb46.gen 
Execute               source /home/pratik0509/xillinx/Vivado/2018.2/common/technology/xilinx/interface/fsl.gen 
Execute               source /home/pratik0509/xillinx/Vivado/2018.2/common/technology/xilinx/interface/axi4.gen 
Execute               source /home/pratik0509/xillinx/Vivado/2018.2/common/technology/xilinx/interface/nativeAXI4.gen 
Execute                 source /home/pratik0509/xillinx/Vivado/2018.2/common/technology/xilinx/interface/saxilite.gen 
Execute                 source /home/pratik0509/xillinx/Vivado/2018.2/common/technology/xilinx/interface/maxi.gen 
Execute               source /home/pratik0509/xillinx/Vivado/2018.2/common/technology/xilinx/scripts/xilinxcoregen.gen 
Execute               source /home/pratik0509/xillinx/Vivado/2018.2/common/technology/xilinx/interface/XilEDKCoreGen.gen 
Execute               source /home/pratik0509/xillinx/Vivado/2018.2/common/technology/xilinx/ip/dds_compiler.gen 
Execute               source /home/pratik0509/xillinx/Vivado/2018.2/common/technology/xilinx/ip/util.gen 
Execute               source /home/pratik0509/xillinx/Vivado/2018.2/common/technology/xilinx/ip/xfft.gen 
Execute               source /home/pratik0509/xillinx/Vivado/2018.2/common/technology/xilinx/ip/xfir.gen 
Execute             source /home/pratik0509/xillinx/Vivado/2018.2/common/technology/xilinx/common/dsp48.gen 
Execute         source /home/pratik0509/xillinx/Vivado/2018.2/common/technology/xilinx/virtex7/virtex7_fpv6.gen 
Execute           source /home/pratik0509/xillinx/Vivado/2018.2/common/technology/xilinx/common/xilinx_fpv6.gen 
Execute         source /home/pratik0509/Projects/HLx_Examples/Acceleration/memcached/hls/dramModel_prj/solution1/.autopilot/db/dramModel.rtl_wrap.cfg.tcl 
Execute         source /home/pratik0509/Projects/HLx_Examples/Acceleration/memcached/hls/dramModel_prj/solution1/.autopilot/db/dramModel.rtl_wrap.cfg.tcl 
Execute         source /home/pratik0509/Projects/HLx_Examples/Acceleration/memcached/hls/dramModel_prj/solution1/.autopilot/db/dramModel.rtl_wrap.cfg.tcl 
Execute         source /home/pratik0509/Projects/HLx_Examples/Acceleration/memcached/hls/dramModel_prj/solution1/.autopilot/db/dramModel.tbgen.tcl 
Execute         source /home/pratik0509/Projects/HLx_Examples/Acceleration/memcached/hls/dramModel_prj/solution1/.autopilot/db/dramModel.tbgen.tcl 
Execute         source /home/pratik0509/Projects/HLx_Examples/Acceleration/memcached/hls/dramModel_prj/solution1/.autopilot/db/global.setting.tcl 
Execute         source /home/pratik0509/Projects/HLx_Examples/Acceleration/memcached/hls/dramModel_prj/solution1/.autopilot/db/cmdAggregator.compgen.tcl 
Execute         source /home/pratik0509/Projects/HLx_Examples/Acceleration/memcached/hls/dramModel_prj/solution1/.autopilot/db/memAccess.compgen.tcl 
Execute         source /home/pratik0509/Projects/HLx_Examples/Acceleration/memcached/hls/dramModel_prj/solution1/.autopilot/db/dramModel.compgen.tcl 
Execute         source /home/pratik0509/Projects/HLx_Examples/Acceleration/memcached/hls/dramModel_prj/solution1/.autopilot/db/global.setting.tcl 
Execute         source /home/pratik0509/Projects/HLx_Examples/Acceleration/memcached/hls/dramModel_prj/solution1/.autopilot/db/cmdAggregator.compgen.tcl 
Execute         source /home/pratik0509/Projects/HLx_Examples/Acceleration/memcached/hls/dramModel_prj/solution1/.autopilot/db/memAccess.compgen.tcl 
Execute         source /home/pratik0509/Projects/HLx_Examples/Acceleration/memcached/hls/dramModel_prj/solution1/.autopilot/db/dramModel.compgen.tcl 
Execute         source /home/pratik0509/Projects/HLx_Examples/Acceleration/memcached/hls/dramModel_prj/solution1/.autopilot/db/global.setting.tcl 
Execute         source /home/pratik0509/Projects/HLx_Examples/Acceleration/memcached/hls/dramModel_prj/solution1/.autopilot/db/cmdAggregator.compgen.tcl 
Execute         source /home/pratik0509/Projects/HLx_Examples/Acceleration/memcached/hls/dramModel_prj/solution1/.autopilot/db/memAccess.compgen.tcl 
Execute         source /home/pratik0509/Projects/HLx_Examples/Acceleration/memcached/hls/dramModel_prj/solution1/.autopilot/db/dramModel.compgen.tcl 
Execute         source /home/pratik0509/Projects/HLx_Examples/Acceleration/memcached/hls/dramModel_prj/solution1/.autopilot/db/global.setting.tcl 
Execute         source /home/pratik0509/Projects/HLx_Examples/Acceleration/memcached/hls/dramModel_prj/solution1/.autopilot/db/dramModel.constraint.tcl 
Execute         source /home/pratik0509/Projects/HLx_Examples/Acceleration/memcached/hls/dramModel_prj/solution1/.autopilot/db/dramModel.tbgen.tcl 
Execute         source /home/pratik0509/Projects/HLx_Examples/Acceleration/memcached/hls/dramModel_prj/solution1/.autopilot/db/global.setting.tcl 
Execute         source /home/pratik0509/Projects/HLx_Examples/Acceleration/memcached/hls/dramModel_prj/solution1/.autopilot/db/global.setting.tcl 
Execute         source /home/pratik0509/Projects/HLx_Examples/Acceleration/memcached/hls/dramModel_prj/solution1/.autopilot/db/global.setting.tcl 
Execute         source /home/pratik0509/Projects/HLx_Examples/Acceleration/memcached/hls/dramModel_prj/solution1/.autopilot/db/dramModel.tbgen.tcl 
Execute         source /home/pratik0509/Projects/HLx_Examples/Acceleration/memcached/hls/dramModel_prj/solution1/.autopilot/db/global.setting.tcl 
Execute         source /home/pratik0509/Projects/HLx_Examples/Acceleration/memcached/hls/dramModel_prj/solution1/.autopilot/db/dramModel.constraint.tcl 
Execute         sc_get_clocks dramModel 
Execute         source /home/pratik0509/Projects/HLx_Examples/Acceleration/memcached/hls/dramModel_prj/solution1/.autopilot/db/global.setting.tcl 
Execute         get_config_sdx -target 
Execute         get_config_sdx -profile 
Execute         ::config_rtl 
INFO: [HLS 200-111] Finished generating all RTL models Time (s): cpu = 00:00:14 ; elapsed = 00:00:14 . Memory (MB): peak = 474.488 ; gain = 128.000 ; free physical = 1212 ; free virtual = 6155
INFO: [SYSC 207-301] Generating SystemC RTL for dramModel.
INFO: [VHDL 208-304] Generating VHDL RTL for dramModel.
INFO: [VLOG 209-307] Generating Verilog RTL for dramModel.
Command       autosyn done; 0.82 sec.
Command     csynth_design done; 13.93 sec.
Execute     export_design -format ip_catalog -display_name Dram Model for the KVS Pipeline -description A BRAM Value Store imitating the I/F of the DDR one. -vendor xilinx.labs -version 1.0 
Execute       source /home/pratik0509/Projects/HLx_Examples/Acceleration/memcached/hls/dramModel_prj/solution1/.autopilot/db/global.setting.tcl 
Execute       source /home/pratik0509/xillinx/Vivado/2018.2/common/technology/generic/autopilot/common.gen 
Execute         source /home/pratik0509/xillinx/Vivado/2018.2/common/technology/generic/autopilot/APCoreGen.gen 
Execute       source /home/pratik0509/xillinx/Vivado/2018.2/common/technology/generic/autopilot/op.gen 
Execute       source /home/pratik0509/xillinx/Vivado/2018.2/common/technology/generic/autopilot/op_simcore.gen 
Execute       source /home/pratik0509/xillinx/Vivado/2018.2/common/technology/generic/autopilot/interface.gen 
Execute       source /home/pratik0509/Projects/HLx_Examples/Acceleration/memcached/hls/dramModel_prj/solution1/.autopilot/db/global.setting.tcl 
Execute       source /home/pratik0509/xillinx/Vivado/2018.2/common/technology/xilinx/virtex7/virtex7.gen 
Execute         source /home/pratik0509/xillinx/Vivado/2018.2/common/technology/xilinx/common/virtex.gen 
Execute           source /home/pratik0509/xillinx/Vivado/2018.2/common/technology/xilinx/common/xilinx.gen 
Execute             source /home/pratik0509/xillinx/Vivado/2018.2/common/technology/xilinx/interface/plb46.gen 
Execute             source /home/pratik0509/xillinx/Vivado/2018.2/common/technology/xilinx/interface/fsl.gen 
Execute             source /home/pratik0509/xillinx/Vivado/2018.2/common/technology/xilinx/interface/axi4.gen 
Execute             source /home/pratik0509/xillinx/Vivado/2018.2/common/technology/xilinx/interface/nativeAXI4.gen 
Execute               source /home/pratik0509/xillinx/Vivado/2018.2/common/technology/xilinx/interface/saxilite.gen 
Execute               source /home/pratik0509/xillinx/Vivado/2018.2/common/technology/xilinx/interface/maxi.gen 
Execute             source /home/pratik0509/xillinx/Vivado/2018.2/common/technology/xilinx/scripts/xilinxcoregen.gen 
Execute             source /home/pratik0509/xillinx/Vivado/2018.2/common/technology/xilinx/interface/XilEDKCoreGen.gen 
Execute             source /home/pratik0509/xillinx/Vivado/2018.2/common/technology/xilinx/ip/dds_compiler.gen 
Execute             source /home/pratik0509/xillinx/Vivado/2018.2/common/technology/xilinx/ip/util.gen 
Execute             source /home/pratik0509/xillinx/Vivado/2018.2/common/technology/xilinx/ip/xfft.gen 
Execute             source /home/pratik0509/xillinx/Vivado/2018.2/common/technology/xilinx/ip/xfir.gen 
Execute           source /home/pratik0509/xillinx/Vivado/2018.2/common/technology/xilinx/common/dsp48.gen 
Command         ap_source done; 0.11 sec.
Command       ap_source done; 0.11 sec.
Execute       source /home/pratik0509/xillinx/Vivado/2018.2/common/technology/xilinx/virtex7/virtex7_fpv6.gen 
Execute         source /home/pratik0509/xillinx/Vivado/2018.2/common/technology/xilinx/common/xilinx_fpv6.gen 
Execute       source /home/pratik0509/Projects/HLx_Examples/Acceleration/memcached/hls/dramModel_prj/solution1/.autopilot/db/global.setting.tcl 
INFO: [IMPL 213-8] Exporting RTL as a Vivado IP.
Execute       source /home/pratik0509/Projects/HLx_Examples/Acceleration/memcached/hls/dramModel_prj/solution1/.autopilot/db/global.setting.tcl 
Execute       get_config_sdx -target 
Execute       source /home/pratik0509/Projects/HLx_Examples/Acceleration/memcached/hls/dramModel_prj/solution1/.autopilot/db/global.setting.tcl 
Execute       source /home/pratik0509/xillinx/Vivado/2018.2/common/technology/generic/autopilot/common.gen 
Execute         source /home/pratik0509/xillinx/Vivado/2018.2/common/technology/generic/autopilot/APCoreGen.gen 
Execute       source /home/pratik0509/xillinx/Vivado/2018.2/common/technology/generic/autopilot/op.gen 
Execute       source /home/pratik0509/xillinx/Vivado/2018.2/common/technology/generic/autopilot/op_simcore.gen 
Execute       source /home/pratik0509/xillinx/Vivado/2018.2/common/technology/generic/autopilot/interface.gen 
Execute       source /home/pratik0509/Projects/HLx_Examples/Acceleration/memcached/hls/dramModel_prj/solution1/.autopilot/db/global.setting.tcl 
Execute       source /home/pratik0509/xillinx/Vivado/2018.2/common/technology/xilinx/virtex7/virtex7.gen 
Execute         source /home/pratik0509/xillinx/Vivado/2018.2/common/technology/xilinx/common/virtex.gen 
Execute           source /home/pratik0509/xillinx/Vivado/2018.2/common/technology/xilinx/common/xilinx.gen 
Execute             source /home/pratik0509/xillinx/Vivado/2018.2/common/technology/xilinx/interface/plb46.gen 
Execute             source /home/pratik0509/xillinx/Vivado/2018.2/common/technology/xilinx/interface/fsl.gen 
Execute             source /home/pratik0509/xillinx/Vivado/2018.2/common/technology/xilinx/interface/axi4.gen 
Execute             source /home/pratik0509/xillinx/Vivado/2018.2/common/technology/xilinx/interface/nativeAXI4.gen 
Execute               source /home/pratik0509/xillinx/Vivado/2018.2/common/technology/xilinx/interface/saxilite.gen 
Execute               source /home/pratik0509/xillinx/Vivado/2018.2/common/technology/xilinx/interface/maxi.gen 
Execute             source /home/pratik0509/xillinx/Vivado/2018.2/common/technology/xilinx/scripts/xilinxcoregen.gen 
Execute             source /home/pratik0509/xillinx/Vivado/2018.2/common/technology/xilinx/interface/XilEDKCoreGen.gen 
Execute             source /home/pratik0509/xillinx/Vivado/2018.2/common/technology/xilinx/ip/dds_compiler.gen 
Execute             source /home/pratik0509/xillinx/Vivado/2018.2/common/technology/xilinx/ip/util.gen 
Execute             source /home/pratik0509/xillinx/Vivado/2018.2/common/technology/xilinx/ip/xfft.gen 
Execute             source /home/pratik0509/xillinx/Vivado/2018.2/common/technology/xilinx/ip/xfir.gen 
Execute           source /home/pratik0509/xillinx/Vivado/2018.2/common/technology/xilinx/common/dsp48.gen 
Execute       source /home/pratik0509/xillinx/Vivado/2018.2/common/technology/xilinx/virtex7/virtex7_fpv6.gen 
Execute         source /home/pratik0509/xillinx/Vivado/2018.2/common/technology/xilinx/common/xilinx_fpv6.gen 
Execute       source /home/pratik0509/Projects/HLx_Examples/Acceleration/memcached/hls/dramModel_prj/solution1/.autopilot/db/global.setting.tcl 
Execute       source /home/pratik0509/Projects/HLx_Examples/Acceleration/memcached/hls/dramModel_prj/solution1/.autopilot/db/cmdAggregator.compgen.tcl 
Execute       source /home/pratik0509/Projects/HLx_Examples/Acceleration/memcached/hls/dramModel_prj/solution1/.autopilot/db/memAccess.compgen.tcl 
Execute       source /home/pratik0509/Projects/HLx_Examples/Acceleration/memcached/hls/dramModel_prj/solution1/.autopilot/db/dramModel.compgen.tcl 
Execute       source /home/pratik0509/Projects/HLx_Examples/Acceleration/memcached/hls/dramModel_prj/solution1/.autopilot/db/global.setting.tcl 
Execute       source /home/pratik0509/Projects/HLx_Examples/Acceleration/memcached/hls/dramModel_prj/solution1/.autopilot/db/cmdAggregator.compgen.tcl 
Execute       source /home/pratik0509/Projects/HLx_Examples/Acceleration/memcached/hls/dramModel_prj/solution1/.autopilot/db/memAccess.compgen.tcl 
Execute       source /home/pratik0509/Projects/HLx_Examples/Acceleration/memcached/hls/dramModel_prj/solution1/.autopilot/db/dramModel.compgen.tcl 
Execute       source /home/pratik0509/Projects/HLx_Examples/Acceleration/memcached/hls/dramModel_prj/solution1/.autopilot/db/global.setting.tcl 
Execute       source /home/pratik0509/Projects/HLx_Examples/Acceleration/memcached/hls/dramModel_prj/solution1/.autopilot/db/cmdAggregator.compgen.tcl 
Execute       source /home/pratik0509/Projects/HLx_Examples/Acceleration/memcached/hls/dramModel_prj/solution1/.autopilot/db/memAccess.compgen.tcl 
Execute       source /home/pratik0509/Projects/HLx_Examples/Acceleration/memcached/hls/dramModel_prj/solution1/.autopilot/db/dramModel.compgen.tcl 
Execute       source /home/pratik0509/Projects/HLx_Examples/Acceleration/memcached/hls/dramModel_prj/solution1/.autopilot/db/global.setting.tcl 
Execute       source /home/pratik0509/Projects/HLx_Examples/Acceleration/memcached/hls/dramModel_prj/solution1/.autopilot/db/dramModel.constraint.tcl 
Execute       source /home/pratik0509/Projects/HLx_Examples/Acceleration/memcached/hls/dramModel_prj/solution1/.autopilot/db/dramModel.tbgen.tcl 
Execute       source /home/pratik0509/Projects/HLx_Examples/Acceleration/memcached/hls/dramModel_prj/solution1/.autopilot/db/global.setting.tcl 
Execute       source /home/pratik0509/Projects/HLx_Examples/Acceleration/memcached/hls/dramModel_prj/solution1/.autopilot/db/global.setting.tcl 
Execute       source /home/pratik0509/Projects/HLx_Examples/Acceleration/memcached/hls/dramModel_prj/solution1/.autopilot/db/global.setting.tcl 
Execute       source /home/pratik0509/Projects/HLx_Examples/Acceleration/memcached/hls/dramModel_prj/solution1/.autopilot/db/dramModel.tbgen.tcl 
Execute       source /home/pratik0509/Projects/HLx_Examples/Acceleration/memcached/hls/dramModel_prj/solution1/.autopilot/db/global.setting.tcl 
Execute       source /home/pratik0509/Projects/HLx_Examples/Acceleration/memcached/hls/dramModel_prj/solution1/.autopilot/db/dramModel.constraint.tcl 
Execute       sc_get_clocks dramModel 
Execute       source /home/pratik0509/Projects/HLx_Examples/Acceleration/memcached/hls/dramModel_prj/solution1/.autopilot/db/global.setting.tcl 
Execute       get_config_sdx -target 
Execute       get_config_sdx -profile 
Execute       ::config_rtl 
Execute       source /home/pratik0509/Projects/HLx_Examples/Acceleration/memcached/hls/dramModel_prj/solution1/.autopilot/db/dramModel.tbgen.tcl 
Execute       source /home/pratik0509/Projects/HLx_Examples/Acceleration/memcached/hls/dramModel_prj/solution1/.autopilot/db/global.setting.tcl 
Execute       source /home/pratik0509/Projects/HLx_Examples/Acceleration/memcached/hls/dramModel_prj/solution1/.autopilot/db/global.setting.tcl 
Execute       source /home/pratik0509/Projects/HLx_Examples/Acceleration/memcached/hls/dramModel_prj/solution1/.autopilot/db/dramModel.rtl_wrap.cfg.tcl 
Execute       source /home/pratik0509/Projects/HLx_Examples/Acceleration/memcached/hls/dramModel_prj/solution1/.autopilot/db/dramModel.rtl_wrap.cfg.tcl 
Execute       source /home/pratik0509/Projects/HLx_Examples/Acceleration/memcached/hls/dramModel_prj/solution1/.autopilot/db/dramModel.rtl_wrap.cfg.tcl 
Execute       source /home/pratik0509/Projects/HLx_Examples/Acceleration/memcached/hls/dramModel_prj/solution1/.autopilot/db/dramModel.tbgen.tcl 
Execute       source /home/pratik0509/Projects/HLx_Examples/Acceleration/memcached/hls/dramModel_prj/solution1/.autopilot/db/dramModel.tbgen.tcl 
Execute       source /home/pratik0509/Projects/HLx_Examples/Acceleration/memcached/hls/dramModel_prj/solution1/.autopilot/db/dramModel.tbgen.tcl 
Execute       source /home/pratik0509/Projects/HLx_Examples/Acceleration/memcached/hls/dramModel_prj/solution1/.autopilot/db/dramModel.rtl_wrap.cfg.tcl 
Execute       source /home/pratik0509/Projects/HLx_Examples/Acceleration/memcached/hls/dramModel_prj/solution1/.autopilot/db/dramModel.rtl_wrap.cfg.tcl 
Execute       source /home/pratik0509/Projects/HLx_Examples/Acceleration/memcached/hls/dramModel_prj/solution1/.autopilot/db/dramModel.rtl_wrap.cfg.tcl 
Execute       source /home/pratik0509/Projects/HLx_Examples/Acceleration/memcached/hls/dramModel_prj/solution1/.autopilot/db/dramModel.tbgen.tcl 
Execute       source /home/pratik0509/Projects/HLx_Examples/Acceleration/memcached/hls/dramModel_prj/solution1/.autopilot/db/dramModel.tbgen.tcl 
Execute       source /home/pratik0509/Projects/HLx_Examples/Acceleration/memcached/hls/dramModel_prj/solution1/.autopilot/db/dramModel.tbgen.tcl 
Execute       source /home/pratik0509/Projects/HLx_Examples/Acceleration/memcached/hls/dramModel_prj/solution1/.autopilot/db/global.setting.tcl 
Execute       source /home/pratik0509/Projects/HLx_Examples/Acceleration/memcached/hls/dramModel_prj/solution1/.autopilot/db/dramModel.constraint.tcl 
Execute       source /home/pratik0509/Projects/HLx_Examples/Acceleration/memcached/hls/dramModel_prj/solution1/.autopilot/db/global.setting.tcl 
Execute       source /home/pratik0509/Projects/HLx_Examples/Acceleration/memcached/hls/dramModel_prj/solution1/.autopilot/db/global.setting.tcl 
Execute       source /home/pratik0509/Projects/HLx_Examples/Acceleration/memcached/hls/dramModel_prj/solution1/.autopilot/db/dramModel.constraint.tcl 
Execute       source /home/pratik0509/Projects/HLx_Examples/Acceleration/memcached/hls/dramModel_prj/solution1/.autopilot/db/dramModel.tbgen.tcl 
Execute       source /home/pratik0509/Projects/HLx_Examples/Acceleration/memcached/hls/dramModel_prj/solution1/.autopilot/db/global.setting.tcl 
Execute       source /home/pratik0509/Projects/HLx_Examples/Acceleration/memcached/hls/dramModel_prj/solution1/.autopilot/db/dramModel.constraint.tcl 
Execute       source /home/pratik0509/Projects/HLx_Examples/Acceleration/memcached/hls/dramModel_prj/solution1/.autopilot/db/dramModel.tbgen.tcl 
Execute       source /home/pratik0509/Projects/HLx_Examples/Acceleration/memcached/hls/dramModel_prj/solution1/.autopilot/db/global.setting.tcl 
Execute       source /home/pratik0509/xillinx/Vivado/2018.2/common/technology/generic/autopilot/common.gen 
Execute         source /home/pratik0509/xillinx/Vivado/2018.2/common/technology/generic/autopilot/APCoreGen.gen 
Execute       source /home/pratik0509/xillinx/Vivado/2018.2/common/technology/generic/autopilot/op.gen 
Execute       source /home/pratik0509/xillinx/Vivado/2018.2/common/technology/generic/autopilot/op_simcore.gen 
Execute       source /home/pratik0509/xillinx/Vivado/2018.2/common/technology/generic/autopilot/interface.gen 
Execute       source /home/pratik0509/Projects/HLx_Examples/Acceleration/memcached/hls/dramModel_prj/solution1/.autopilot/db/global.setting.tcl 
Execute       source /home/pratik0509/xillinx/Vivado/2018.2/common/technology/xilinx/virtex7/virtex7.gen 
Execute         source /home/pratik0509/xillinx/Vivado/2018.2/common/technology/xilinx/common/virtex.gen 
Execute           source /home/pratik0509/xillinx/Vivado/2018.2/common/technology/xilinx/common/xilinx.gen 
Execute             source /home/pratik0509/xillinx/Vivado/2018.2/common/technology/xilinx/interface/plb46.gen 
Execute             source /home/pratik0509/xillinx/Vivado/2018.2/common/technology/xilinx/interface/fsl.gen 
Execute             source /home/pratik0509/xillinx/Vivado/2018.2/common/technology/xilinx/interface/axi4.gen 
Execute             source /home/pratik0509/xillinx/Vivado/2018.2/common/technology/xilinx/interface/nativeAXI4.gen 
Execute               source /home/pratik0509/xillinx/Vivado/2018.2/common/technology/xilinx/interface/saxilite.gen 
Execute               source /home/pratik0509/xillinx/Vivado/2018.2/common/technology/xilinx/interface/maxi.gen 
Execute             source /home/pratik0509/xillinx/Vivado/2018.2/common/technology/xilinx/scripts/xilinxcoregen.gen 
Execute             source /home/pratik0509/xillinx/Vivado/2018.2/common/technology/xilinx/interface/XilEDKCoreGen.gen 
Execute             source /home/pratik0509/xillinx/Vivado/2018.2/common/technology/xilinx/ip/dds_compiler.gen 
Execute             source /home/pratik0509/xillinx/Vivado/2018.2/common/technology/xilinx/ip/util.gen 
Execute             source /home/pratik0509/xillinx/Vivado/2018.2/common/technology/xilinx/ip/xfft.gen 
Execute             source /home/pratik0509/xillinx/Vivado/2018.2/common/technology/xilinx/ip/xfir.gen 
Execute           source /home/pratik0509/xillinx/Vivado/2018.2/common/technology/xilinx/common/dsp48.gen 
Execute       source /home/pratik0509/xillinx/Vivado/2018.2/common/technology/xilinx/virtex7/virtex7_fpv6.gen 
Execute         source /home/pratik0509/xillinx/Vivado/2018.2/common/technology/xilinx/common/xilinx_fpv6.gen 
Command     export_design done; 10.29 sec.
Execute     cleanup_all 
