

================================================================
== Vivado HLS Report for 'bobj'
================================================================
* Date:           Tue Nov 13 22:50:50 2018

* Version:        2018.2 (Build 2258646 on Thu Jun 14 20:25:20 MDT 2018)
* Project:        memcachedPipeline_prj
* Solution:       solution1
* Product family: virtex7
* Target device:  xc7vx690tffg1761-2


================================================================
== Performance Estimates
================================================================
+ Timing (ns): 
    * Summary: 
    +--------+-------+----------+------------+
    |  Clock | Target| Estimated| Uncertainty|
    +--------+-------+----------+------------+
    |ap_clk  |   6.66|     5.721|        0.83|
    +--------+-------+----------+------------+

+ Latency (clock cycles): 
    * Summary: 
    +-----+-----+-----+-----+----------+
    |  Latency  |  Interval | Pipeline |
    | min | max | min | max |   Type   |
    +-----+-----+-----+-----+----------+
    |    1|    1|    1|    1| function |
    +-----+-----+-----+-----+----------+

    + Detail: 
        * Instance: 
        N/A

        * Loop: 
        N/A

============================================================
+ Verbose Summary: Synthesis Manager
============================================================
InlineROM: 1
ExposeGlobal: 0
============================================================
+ Verbose Summary: CDFG Model
============================================================
IsTopModel: 0
ResetActiveHigh: 1
IsCombinational: 2
IsDatapathOnly: 0
HasWiredReturn: 1
HasMFsm: 1
HasVarLatency: 0
IsPipeline: 1
IsRtlPipelined: 1
IsInstanceOverlapped: 0
IsDontTouch: 0
HasImplIP: 0
IsGatedGlobalClock: 0

+ Individual pipeline summary: 
  * Pipeline-0: initiation interval (II) = 1, depth = 2


============================================================
+ Verbose Summary: Schedule
============================================================
* Number of FSM states : 2
* Pipeline : 1
  Pipeline-0 : II = 1, D = 2, States = { 1 2 }
* Dataflow Pipeline: 0

* FSM state transitions: 
1 --> 
	2  / true
2 --> 

* FSM state operations: 

State 1 <SV = 0> <Delay = 5.48>
ST_1 : Operation 3 [1/1] (0.00ns)   --->   "%hashState_load = load i4* @hashState, align 1" [sources/hashTable/hash.cpp:44]   --->   Operation 3 'load' 'hashState_load' <Predicate = true> <Delay = 0.00>
ST_1 : Operation 4 [1/1] (0.00ns)   --->   "%length_load = load i64* @length_r, align 8" [sources/hashTable/hash.cpp:83]   --->   Operation 4 'load' 'length_load' <Predicate = true> <Delay = 0.00>
ST_1 : Operation 5 [1/1] (0.87ns)   --->   "switch i4 %hashState_load, label %bobj.exit [
    i4 0, label %0
    i4 1, label %3
    i4 2, label %5
    i4 3, label %6
    i4 4, label %7
    i4 5, label %8
    i4 6, label %25
    i4 7, label %26
    i4 -8, label %27
    i4 -7, label %28
  ]" [sources/hashTable/hash.cpp:44]   --->   Operation 5 'switch' <Predicate = true> <Delay = 0.87>
ST_1 : Operation 6 [1/1] (1.24ns)   --->   "store i4 0, i4* @hashState, align 1" [sources/hashTable/hash.cpp:188]   --->   Operation 6 'store' <Predicate = (hashState_load == 9)> <Delay = 1.24>
ST_1 : Operation 7 [1/1] (0.00ns)   --->   "br label %bobj.exit" [sources/hashTable/hash.cpp:189]   --->   Operation 7 'br' <Predicate = (hashState_load == 9)> <Delay = 0.00>
ST_1 : Operation 8 [1/1] (1.24ns)   --->   "store i4 -7, i4* @hashState, align 1" [sources/hashTable/hash.cpp:182]   --->   Operation 8 'store' <Predicate = (hashState_load == 8)> <Delay = 1.24>
ST_1 : Operation 9 [1/1] (0.00ns)   --->   "br label %bobj.exit" [sources/hashTable/hash.cpp:183]   --->   Operation 9 'br' <Predicate = (hashState_load == 8)> <Delay = 0.00>
ST_1 : Operation 10 [1/1] (1.24ns)   --->   "store i4 -8, i4* @hashState, align 1" [sources/hashTable/hash.cpp:176]   --->   Operation 10 'store' <Predicate = (hashState_load == 7)> <Delay = 1.24>
ST_1 : Operation 11 [1/1] (0.00ns)   --->   "br label %bobj.exit" [sources/hashTable/hash.cpp:177]   --->   Operation 11 'br' <Predicate = (hashState_load == 7)> <Delay = 0.00>
ST_1 : Operation 12 [1/1] (1.24ns)   --->   "store i4 7, i4* @hashState, align 1" [sources/hashTable/hash.cpp:170]   --->   Operation 12 'store' <Predicate = (hashState_load == 6)> <Delay = 1.24>
ST_1 : Operation 13 [1/1] (0.00ns)   --->   "br label %bobj.exit" [sources/hashTable/hash.cpp:171]   --->   Operation 13 'br' <Predicate = (hashState_load == 6)> <Delay = 0.00>
ST_1 : Operation 14 [1/1] (1.40ns)   --->   "%tmp_315_i = icmp eq i64 %length_load, 0" [sources/hashTable/hash.cpp:92]   --->   Operation 14 'icmp' 'tmp_315_i' <Predicate = (hashState_load == 5)> <Delay = 1.40> <Core = "Cmp">   --->   Core 25 'Cmp' <Latency = 0> <II = 1> <Delay = 1.26> <FuncUnit> <Opcode : 'icmp'> <InPorts = 2> <OutPorts = 1>
ST_1 : Operation 15 [1/1] (0.00ns)   --->   "br i1 %tmp_315_i, label %9, label %10" [sources/hashTable/hash.cpp:92]   --->   Operation 15 'br' <Predicate = (hashState_load == 5)> <Delay = 0.00>
ST_1 : Operation 16 [1/1] (0.00ns)   --->   "%tmp_636 = call i1 @_ssdm_op_NbReadReq.ap_fifo.i96P(i96* @resizedKey_V_V, i32 1) nounwind" [sources/hashTable/hash.cpp:97]   --->   Operation 16 'nbreadreq' 'tmp_636' <Predicate = (hashState_load == 5 & !tmp_315_i)> <Delay = 0.00> <Core = "FIFO">   --->   Core 32 'FIFO' <Latency = 0> <II = 1> <Delay = 2.39> <Storage> <Opcode : 'read' 'write' 'nbread' 'nbwrite'> <Ports = 0> <Width = 32> <Depth = 2> <FIFO>
ST_1 : Operation 17 [1/1] (0.87ns)   --->   "switch i64 %length_load, label %._crit_edge5.i [
    i64 12, label %12
    i64 11, label %13
    i64 10, label %14
    i64 9, label %15
    i64 8, label %16
    i64 7, label %17
    i64 6, label %18
    i64 5, label %19
    i64 4, label %20
    i64 3, label %21
    i64 2, label %22
    i64 1, label %23
  ]" [sources/hashTable/hash.cpp:98]   --->   Operation 17 'switch' <Predicate = (hashState_load == 5 & !tmp_315_i & tmp_636)> <Delay = 0.87>
ST_1 : Operation 18 [1/1] (2.39ns)   --->   "%tmp_V_94 = call i96 @_ssdm_op_Read.ap_fifo.volatile.i96P(i96* @resizedKey_V_V) nounwind" [sources/hashTable/hash.cpp:150]   --->   Operation 18 'read' 'tmp_V_94' <Predicate = (hashState_load == 5 & !tmp_315_i & tmp_636 & length_load == 1)> <Delay = 2.39> <Core = "FIFO">   --->   Core 32 'FIFO' <Latency = 0> <II = 1> <Delay = 2.39> <Storage> <Opcode : 'read' 'write' 'nbread' 'nbwrite'> <Ports = 0> <Width = 32> <Depth = 2> <FIFO>
ST_1 : Operation 19 [1/1] (0.00ns)   --->   "%tmp_650 = trunc i96 %tmp_V_94 to i8" [sources/hashTable/hash.cpp:151]   --->   Operation 19 'trunc' 'tmp_650' <Predicate = (hashState_load == 5 & !tmp_315_i & tmp_636 & length_load == 1)> <Delay = 0.00>
ST_1 : Operation 20 [1/1] (2.39ns)   --->   "%tmp_V_93 = call i96 @_ssdm_op_Read.ap_fifo.volatile.i96P(i96* @resizedKey_V_V) nounwind" [sources/hashTable/hash.cpp:146]   --->   Operation 20 'read' 'tmp_V_93' <Predicate = (hashState_load == 5 & !tmp_315_i & tmp_636 & length_load == 2)> <Delay = 2.39> <Core = "FIFO">   --->   Core 32 'FIFO' <Latency = 0> <II = 1> <Delay = 2.39> <Storage> <Opcode : 'read' 'write' 'nbread' 'nbwrite'> <Ports = 0> <Width = 32> <Depth = 2> <FIFO>
ST_1 : Operation 21 [1/1] (0.00ns)   --->   "%tmp_649 = trunc i96 %tmp_V_93 to i16" [sources/hashTable/hash.cpp:147]   --->   Operation 21 'trunc' 'tmp_649' <Predicate = (hashState_load == 5 & !tmp_315_i & tmp_636 & length_load == 2)> <Delay = 0.00>
ST_1 : Operation 22 [1/1] (2.39ns)   --->   "%tmp_V_92 = call i96 @_ssdm_op_Read.ap_fifo.volatile.i96P(i96* @resizedKey_V_V) nounwind" [sources/hashTable/hash.cpp:142]   --->   Operation 22 'read' 'tmp_V_92' <Predicate = (hashState_load == 5 & !tmp_315_i & tmp_636 & length_load == 3)> <Delay = 2.39> <Core = "FIFO">   --->   Core 32 'FIFO' <Latency = 0> <II = 1> <Delay = 2.39> <Storage> <Opcode : 'read' 'write' 'nbread' 'nbwrite'> <Ports = 0> <Width = 32> <Depth = 2> <FIFO>
ST_1 : Operation 23 [1/1] (0.00ns)   --->   "%tmp_648 = trunc i96 %tmp_V_92 to i24" [sources/hashTable/hash.cpp:143]   --->   Operation 23 'trunc' 'tmp_648' <Predicate = (hashState_load == 5 & !tmp_315_i & tmp_636 & length_load == 3)> <Delay = 0.00>
ST_1 : Operation 24 [1/1] (2.39ns)   --->   "%tmp_V_91 = call i96 @_ssdm_op_Read.ap_fifo.volatile.i96P(i96* @resizedKey_V_V) nounwind" [sources/hashTable/hash.cpp:138]   --->   Operation 24 'read' 'tmp_V_91' <Predicate = (hashState_load == 5 & !tmp_315_i & tmp_636 & length_load == 4)> <Delay = 2.39> <Core = "FIFO">   --->   Core 32 'FIFO' <Latency = 0> <II = 1> <Delay = 2.39> <Storage> <Opcode : 'read' 'write' 'nbread' 'nbwrite'> <Ports = 0> <Width = 32> <Depth = 2> <FIFO>
ST_1 : Operation 25 [1/1] (0.00ns)   --->   "%tmp_647 = trunc i96 %tmp_V_91 to i32" [sources/hashTable/hash.cpp:139]   --->   Operation 25 'trunc' 'tmp_647' <Predicate = (hashState_load == 5 & !tmp_315_i & tmp_636 & length_load == 4)> <Delay = 0.00>
ST_1 : Operation 26 [1/1] (2.39ns)   --->   "%tmp_V_90 = call i96 @_ssdm_op_Read.ap_fifo.volatile.i96P(i96* @resizedKey_V_V) nounwind" [sources/hashTable/hash.cpp:133]   --->   Operation 26 'read' 'tmp_V_90' <Predicate = (hashState_load == 5 & !tmp_315_i & tmp_636 & length_load == 5)> <Delay = 2.39> <Core = "FIFO">   --->   Core 32 'FIFO' <Latency = 0> <II = 1> <Delay = 2.39> <Storage> <Opcode : 'read' 'write' 'nbread' 'nbwrite'> <Ports = 0> <Width = 32> <Depth = 2> <FIFO>
ST_1 : Operation 27 [1/1] (0.00ns)   --->   "%tmp_646 = trunc i96 %tmp_V_90 to i32" [sources/hashTable/hash.cpp:134]   --->   Operation 27 'trunc' 'tmp_646' <Predicate = (hashState_load == 5 & !tmp_315_i & tmp_636 & length_load == 5)> <Delay = 0.00>
ST_1 : Operation 28 [1/1] (0.00ns)   --->   "%temp_5_cast_i = call i8 @_ssdm_op_PartSelect.i8.i96.i32.i32(i96 %tmp_V_90, i32 32, i32 39)" [sources/hashTable/hash.cpp:135]   --->   Operation 28 'partselect' 'temp_5_cast_i' <Predicate = (hashState_load == 5 & !tmp_315_i & tmp_636 & length_load == 5)> <Delay = 0.00>
ST_1 : Operation 29 [1/1] (2.39ns)   --->   "%tmp_V_89 = call i96 @_ssdm_op_Read.ap_fifo.volatile.i96P(i96* @resizedKey_V_V) nounwind" [sources/hashTable/hash.cpp:128]   --->   Operation 29 'read' 'tmp_V_89' <Predicate = (hashState_load == 5 & !tmp_315_i & tmp_636 & length_load == 6)> <Delay = 2.39> <Core = "FIFO">   --->   Core 32 'FIFO' <Latency = 0> <II = 1> <Delay = 2.39> <Storage> <Opcode : 'read' 'write' 'nbread' 'nbwrite'> <Ports = 0> <Width = 32> <Depth = 2> <FIFO>
ST_1 : Operation 30 [1/1] (0.00ns)   --->   "%tmp_645 = trunc i96 %tmp_V_89 to i32" [sources/hashTable/hash.cpp:129]   --->   Operation 30 'trunc' 'tmp_645' <Predicate = (hashState_load == 5 & !tmp_315_i & tmp_636 & length_load == 6)> <Delay = 0.00>
ST_1 : Operation 31 [1/1] (0.00ns)   --->   "%temp_4_cast_i = call i16 @_ssdm_op_PartSelect.i16.i96.i32.i32(i96 %tmp_V_89, i32 32, i32 47)" [sources/hashTable/hash.cpp:130]   --->   Operation 31 'partselect' 'temp_4_cast_i' <Predicate = (hashState_load == 5 & !tmp_315_i & tmp_636 & length_load == 6)> <Delay = 0.00>
ST_1 : Operation 32 [1/1] (2.39ns)   --->   "%tmp_V_88 = call i96 @_ssdm_op_Read.ap_fifo.volatile.i96P(i96* @resizedKey_V_V) nounwind" [sources/hashTable/hash.cpp:123]   --->   Operation 32 'read' 'tmp_V_88' <Predicate = (hashState_load == 5 & !tmp_315_i & tmp_636 & length_load == 7)> <Delay = 2.39> <Core = "FIFO">   --->   Core 32 'FIFO' <Latency = 0> <II = 1> <Delay = 2.39> <Storage> <Opcode : 'read' 'write' 'nbread' 'nbwrite'> <Ports = 0> <Width = 32> <Depth = 2> <FIFO>
ST_1 : Operation 33 [1/1] (0.00ns)   --->   "%tmp_644 = trunc i96 %tmp_V_88 to i32" [sources/hashTable/hash.cpp:124]   --->   Operation 33 'trunc' 'tmp_644' <Predicate = (hashState_load == 5 & !tmp_315_i & tmp_636 & length_load == 7)> <Delay = 0.00>
ST_1 : Operation 34 [1/1] (0.00ns)   --->   "%temp_3_cast_i = call i24 @_ssdm_op_PartSelect.i24.i96.i32.i32(i96 %tmp_V_88, i32 32, i32 55)" [sources/hashTable/hash.cpp:125]   --->   Operation 34 'partselect' 'temp_3_cast_i' <Predicate = (hashState_load == 5 & !tmp_315_i & tmp_636 & length_load == 7)> <Delay = 0.00>
ST_1 : Operation 35 [1/1] (2.39ns)   --->   "%tmp_V_87 = call i96 @_ssdm_op_Read.ap_fifo.volatile.i96P(i96* @resizedKey_V_V) nounwind" [sources/hashTable/hash.cpp:119]   --->   Operation 35 'read' 'tmp_V_87' <Predicate = (hashState_load == 5 & !tmp_315_i & tmp_636 & length_load == 8)> <Delay = 2.39> <Core = "FIFO">   --->   Core 32 'FIFO' <Latency = 0> <II = 1> <Delay = 2.39> <Storage> <Opcode : 'read' 'write' 'nbread' 'nbwrite'> <Ports = 0> <Width = 32> <Depth = 2> <FIFO>
ST_1 : Operation 36 [1/1] (0.00ns)   --->   "%tmp_643 = trunc i96 %tmp_V_87 to i32" [sources/hashTable/hash.cpp:120]   --->   Operation 36 'trunc' 'tmp_643' <Predicate = (hashState_load == 5 & !tmp_315_i & tmp_636 & length_load == 8)> <Delay = 0.00>
ST_1 : Operation 37 [1/1] (0.00ns)   --->   "%p_Result_92_i = call i32 @_ssdm_op_PartSelect.i32.i96.i32.i32(i96 %tmp_V_87, i32 32, i32 63) nounwind" [sources/hashTable/hash.cpp:120]   --->   Operation 37 'partselect' 'p_Result_92_i' <Predicate = (hashState_load == 5 & !tmp_315_i & tmp_636 & length_load == 8)> <Delay = 0.00>
ST_1 : Operation 38 [1/1] (2.39ns)   --->   "%tmp_V_86 = call i96 @_ssdm_op_Read.ap_fifo.volatile.i96P(i96* @resizedKey_V_V) nounwind" [sources/hashTable/hash.cpp:114]   --->   Operation 38 'read' 'tmp_V_86' <Predicate = (hashState_load == 5 & !tmp_315_i & tmp_636 & length_load == 9)> <Delay = 2.39> <Core = "FIFO">   --->   Core 32 'FIFO' <Latency = 0> <II = 1> <Delay = 2.39> <Storage> <Opcode : 'read' 'write' 'nbread' 'nbwrite'> <Ports = 0> <Width = 32> <Depth = 2> <FIFO>
ST_1 : Operation 39 [1/1] (0.00ns)   --->   "%tmp_642 = trunc i96 %tmp_V_86 to i32" [sources/hashTable/hash.cpp:115]   --->   Operation 39 'trunc' 'tmp_642' <Predicate = (hashState_load == 5 & !tmp_315_i & tmp_636 & length_load == 9)> <Delay = 0.00>
ST_1 : Operation 40 [1/1] (0.00ns)   --->   "%p_Result_89_i = call i32 @_ssdm_op_PartSelect.i32.i96.i32.i32(i96 %tmp_V_86, i32 32, i32 63) nounwind" [sources/hashTable/hash.cpp:115]   --->   Operation 40 'partselect' 'p_Result_89_i' <Predicate = (hashState_load == 5 & !tmp_315_i & tmp_636 & length_load == 9)> <Delay = 0.00>
ST_1 : Operation 41 [1/1] (0.00ns)   --->   "%temp_2_cast_i = call i8 @_ssdm_op_PartSelect.i8.i96.i32.i32(i96 %tmp_V_86, i32 64, i32 71)" [sources/hashTable/hash.cpp:116]   --->   Operation 41 'partselect' 'temp_2_cast_i' <Predicate = (hashState_load == 5 & !tmp_315_i & tmp_636 & length_load == 9)> <Delay = 0.00>
ST_1 : Operation 42 [1/1] (2.39ns)   --->   "%tmp_V_85 = call i96 @_ssdm_op_Read.ap_fifo.volatile.i96P(i96* @resizedKey_V_V) nounwind" [sources/hashTable/hash.cpp:109]   --->   Operation 42 'read' 'tmp_V_85' <Predicate = (hashState_load == 5 & !tmp_315_i & tmp_636 & length_load == 10)> <Delay = 2.39> <Core = "FIFO">   --->   Core 32 'FIFO' <Latency = 0> <II = 1> <Delay = 2.39> <Storage> <Opcode : 'read' 'write' 'nbread' 'nbwrite'> <Ports = 0> <Width = 32> <Depth = 2> <FIFO>
ST_1 : Operation 43 [1/1] (0.00ns)   --->   "%tmp_641 = trunc i96 %tmp_V_85 to i32" [sources/hashTable/hash.cpp:110]   --->   Operation 43 'trunc' 'tmp_641' <Predicate = (hashState_load == 5 & !tmp_315_i & tmp_636 & length_load == 10)> <Delay = 0.00>
ST_1 : Operation 44 [1/1] (0.00ns)   --->   "%p_Result_86_i = call i32 @_ssdm_op_PartSelect.i32.i96.i32.i32(i96 %tmp_V_85, i32 32, i32 63) nounwind" [sources/hashTable/hash.cpp:110]   --->   Operation 44 'partselect' 'p_Result_86_i' <Predicate = (hashState_load == 5 & !tmp_315_i & tmp_636 & length_load == 10)> <Delay = 0.00>
ST_1 : Operation 45 [1/1] (0.00ns)   --->   "%temp_1_cast_i = call i16 @_ssdm_op_PartSelect.i16.i96.i32.i32(i96 %tmp_V_85, i32 64, i32 79)" [sources/hashTable/hash.cpp:111]   --->   Operation 45 'partselect' 'temp_1_cast_i' <Predicate = (hashState_load == 5 & !tmp_315_i & tmp_636 & length_load == 10)> <Delay = 0.00>
ST_1 : Operation 46 [1/1] (2.39ns)   --->   "%tmp_V_84 = call i96 @_ssdm_op_Read.ap_fifo.volatile.i96P(i96* @resizedKey_V_V) nounwind" [sources/hashTable/hash.cpp:104]   --->   Operation 46 'read' 'tmp_V_84' <Predicate = (hashState_load == 5 & !tmp_315_i & tmp_636 & length_load == 11)> <Delay = 2.39> <Core = "FIFO">   --->   Core 32 'FIFO' <Latency = 0> <II = 1> <Delay = 2.39> <Storage> <Opcode : 'read' 'write' 'nbread' 'nbwrite'> <Ports = 0> <Width = 32> <Depth = 2> <FIFO>
ST_1 : Operation 47 [1/1] (0.00ns)   --->   "%tmp_640 = trunc i96 %tmp_V_84 to i32" [sources/hashTable/hash.cpp:105]   --->   Operation 47 'trunc' 'tmp_640' <Predicate = (hashState_load == 5 & !tmp_315_i & tmp_636 & length_load == 11)> <Delay = 0.00>
ST_1 : Operation 48 [1/1] (0.00ns)   --->   "%p_Result_83_i = call i32 @_ssdm_op_PartSelect.i32.i96.i32.i32(i96 %tmp_V_84, i32 32, i32 63) nounwind" [sources/hashTable/hash.cpp:105]   --->   Operation 48 'partselect' 'p_Result_83_i' <Predicate = (hashState_load == 5 & !tmp_315_i & tmp_636 & length_load == 11)> <Delay = 0.00>
ST_1 : Operation 49 [1/1] (0.00ns)   --->   "%temp_cast_i = call i24 @_ssdm_op_PartSelect.i24.i96.i32.i32(i96 %tmp_V_84, i32 64, i32 87)" [sources/hashTable/hash.cpp:106]   --->   Operation 49 'partselect' 'temp_cast_i' <Predicate = (hashState_load == 5 & !tmp_315_i & tmp_636 & length_load == 11)> <Delay = 0.00>
ST_1 : Operation 50 [1/1] (2.39ns)   --->   "%tmp_V_83 = call i96 @_ssdm_op_Read.ap_fifo.volatile.i96P(i96* @resizedKey_V_V) nounwind" [sources/hashTable/hash.cpp:100]   --->   Operation 50 'read' 'tmp_V_83' <Predicate = (hashState_load == 5 & !tmp_315_i & tmp_636 & length_load == 12)> <Delay = 2.39> <Core = "FIFO">   --->   Core 32 'FIFO' <Latency = 0> <II = 1> <Delay = 2.39> <Storage> <Opcode : 'read' 'write' 'nbread' 'nbwrite'> <Ports = 0> <Width = 32> <Depth = 2> <FIFO>
ST_1 : Operation 51 [1/1] (0.00ns)   --->   "%tmp_639 = trunc i96 %tmp_V_83 to i32" [sources/hashTable/hash.cpp:101]   --->   Operation 51 'trunc' 'tmp_639' <Predicate = (hashState_load == 5 & !tmp_315_i & tmp_636 & length_load == 12)> <Delay = 0.00>
ST_1 : Operation 52 [1/1] (0.00ns)   --->   "%p_Result_80_i = call i32 @_ssdm_op_PartSelect.i32.i96.i32.i32(i96 %tmp_V_83, i32 32, i32 63) nounwind" [sources/hashTable/hash.cpp:101]   --->   Operation 52 'partselect' 'p_Result_80_i' <Predicate = (hashState_load == 5 & !tmp_315_i & tmp_636 & length_load == 12)> <Delay = 0.00>
ST_1 : Operation 53 [1/1] (0.00ns)   --->   "%p_Result_81_i = call i32 @_ssdm_op_PartSelect.i32.i96.i32.i32(i96 %tmp_V_83, i32 64, i32 95) nounwind" [sources/hashTable/hash.cpp:101]   --->   Operation 53 'partselect' 'p_Result_81_i' <Predicate = (hashState_load == 5 & !tmp_315_i & tmp_636 & length_load == 12)> <Delay = 0.00>
ST_1 : Operation 54 [1/1] (1.24ns)   --->   "store i4 6, i4* @hashState, align 1" [sources/hashTable/hash.cpp:154]   --->   Operation 54 'store' <Predicate = (hashState_load == 5 & !tmp_315_i & tmp_636)> <Delay = 1.24>
ST_1 : Operation 55 [1/1] (1.24ns)   --->   "store i4 0, i4* @hashState, align 1" [sources/hashTable/hash.cpp:94]   --->   Operation 55 'store' <Predicate = (hashState_load == 5 & tmp_315_i)> <Delay = 1.24>
ST_1 : Operation 56 [1/1] (0.00ns)   --->   "br label %bobj.exit" [sources/hashTable/hash.cpp:157]   --->   Operation 56 'br' <Predicate = (hashState_load == 5)> <Delay = 0.00>
ST_1 : Operation 57 [1/1] (1.81ns)   --->   "%tmp_313_i = add i64 -12, %length_load" [sources/hashTable/hash.cpp:83]   --->   Operation 57 'add' 'tmp_313_i' <Predicate = (hashState_load == 4)> <Delay = 1.81> <Core = "AddSub">   --->   Core 14 'AddSub' <Latency = 0> <II = 1> <Delay = 1.51> <FuncUnit> <Opcode : 'add' 'sub'> <InPorts = 2> <OutPorts = 1>
ST_1 : Operation 58 [1/1] (0.85ns)   --->   "store i64 %tmp_313_i, i64* @length_r, align 8" [sources/hashTable/hash.cpp:83]   --->   Operation 58 'store' <Predicate = (hashState_load == 4)> <Delay = 0.85>
ST_1 : Operation 59 [1/1] (1.40ns)   --->   "%tmp_314_i = icmp ugt i64 %tmp_313_i, 12" [sources/hashTable/hash.cpp:84]   --->   Operation 59 'icmp' 'tmp_314_i' <Predicate = (hashState_load == 4)> <Delay = 1.40> <Core = "Cmp">   --->   Core 25 'Cmp' <Latency = 0> <II = 1> <Delay = 1.26> <FuncUnit> <Opcode : 'icmp'> <InPorts = 2> <OutPorts = 1>
ST_1 : Operation 60 [1/1] (0.58ns)   --->   "%storemerge_cast_i_ca = select i1 %tmp_314_i, i4 1, i4 5" [sources/hashTable/hash.cpp:84]   --->   Operation 60 'select' 'storemerge_cast_i_ca' <Predicate = (hashState_load == 4)> <Delay = 0.58> <Core = "Sel">   --->   Core 26 'Sel' <Latency = 0> <II = 1> <Delay = 0.58> <FuncUnit> <Opcode : 'select'> <InPorts = 3> <OutPorts = 1>
ST_1 : Operation 61 [1/1] (1.24ns)   --->   "store i4 %storemerge_cast_i_ca, i4* @hashState, align 1" [sources/hashTable/hash.cpp:85]   --->   Operation 61 'store' <Predicate = (hashState_load == 4)> <Delay = 1.24>
ST_1 : Operation 62 [1/1] (0.00ns)   --->   "br label %bobj.exit" [sources/hashTable/hash.cpp:88]   --->   Operation 62 'br' <Predicate = (hashState_load == 4)> <Delay = 0.00>
ST_1 : Operation 63 [1/1] (1.24ns)   --->   "store i4 4, i4* @hashState, align 1" [sources/hashTable/hash.cpp:78]   --->   Operation 63 'store' <Predicate = (hashState_load == 3)> <Delay = 1.24>
ST_1 : Operation 64 [1/1] (0.00ns)   --->   "br label %bobj.exit" [sources/hashTable/hash.cpp:79]   --->   Operation 64 'br' <Predicate = (hashState_load == 3)> <Delay = 0.00>
ST_1 : Operation 65 [1/1] (1.24ns)   --->   "store i4 3, i4* @hashState, align 1" [sources/hashTable/hash.cpp:72]   --->   Operation 65 'store' <Predicate = (hashState_load == 2)> <Delay = 1.24>
ST_1 : Operation 66 [1/1] (0.00ns)   --->   "br label %bobj.exit" [sources/hashTable/hash.cpp:73]   --->   Operation 66 'br' <Predicate = (hashState_load == 2)> <Delay = 0.00>
ST_1 : Operation 67 [1/1] (0.00ns)   --->   "%tmp_620 = call i1 @_ssdm_op_NbReadReq.ap_fifo.i96P(i96* @resizedKey_V_V, i32 1) nounwind" [sources/hashTable/hash.cpp:58]   --->   Operation 67 'nbreadreq' 'tmp_620' <Predicate = (hashState_load == 1)> <Delay = 0.00> <Core = "FIFO">   --->   Core 32 'FIFO' <Latency = 0> <II = 1> <Delay = 2.39> <Storage> <Opcode : 'read' 'write' 'nbread' 'nbwrite'> <Ports = 0> <Width = 32> <Depth = 2> <FIFO>
ST_1 : Operation 68 [1/1] (2.39ns)   --->   "%tmp_V_82 = call i96 @_ssdm_op_Read.ap_fifo.volatile.i96P(i96* @resizedKey_V_V) nounwind" [sources/hashTable/hash.cpp:59]   --->   Operation 68 'read' 'tmp_V_82' <Predicate = (hashState_load == 1 & tmp_620)> <Delay = 2.39> <Core = "FIFO">   --->   Core 32 'FIFO' <Latency = 0> <II = 1> <Delay = 2.39> <Storage> <Opcode : 'read' 'write' 'nbread' 'nbwrite'> <Ports = 0> <Width = 32> <Depth = 2> <FIFO>
ST_1 : Operation 69 [1/1] (0.00ns)   --->   "%tmp_634 = trunc i96 %tmp_V_82 to i32" [sources/hashTable/hash.cpp:60]   --->   Operation 69 'trunc' 'tmp_634' <Predicate = (hashState_load == 1 & tmp_620)> <Delay = 0.00>
ST_1 : Operation 70 [1/1] (0.00ns)   --->   "%p_Result_i = call i32 @_ssdm_op_PartSelect.i32.i96.i32.i32(i96 %tmp_V_82, i32 32, i32 63) nounwind" [sources/hashTable/hash.cpp:61]   --->   Operation 70 'partselect' 'p_Result_i' <Predicate = (hashState_load == 1 & tmp_620)> <Delay = 0.00>
ST_1 : Operation 71 [1/1] (0.00ns)   --->   "%p_Result_78_i = call i32 @_ssdm_op_PartSelect.i32.i96.i32.i32(i96 %tmp_V_82, i32 64, i32 95) nounwind" [sources/hashTable/hash.cpp:62]   --->   Operation 71 'partselect' 'p_Result_78_i' <Predicate = (hashState_load == 1 & tmp_620)> <Delay = 0.00>
ST_1 : Operation 72 [1/1] (1.24ns)   --->   "store i4 2, i4* @hashState, align 1" [sources/hashTable/hash.cpp:65]   --->   Operation 72 'store' <Predicate = (hashState_load == 1 & tmp_620)> <Delay = 1.24>
ST_1 : Operation 73 [1/1] (0.00ns)   --->   "br label %bobj.exit" [sources/hashTable/hash.cpp:67]   --->   Operation 73 'br' <Predicate = (hashState_load == 1)> <Delay = 0.00>
ST_1 : Operation 74 [1/1] (0.00ns)   --->   "%tmp = call i1 @_ssdm_op_NbReadReq.ap_fifo.i32P(i32* @resizedKeyLength_V, i32 1) nounwind" [sources/hashTable/hash.cpp:46]   --->   Operation 74 'nbreadreq' 'tmp' <Predicate = (hashState_load == 0)> <Delay = 0.00> <Core = "FIFO">   --->   Core 32 'FIFO' <Latency = 0> <II = 1> <Delay = 2.39> <Storage> <Opcode : 'read' 'write' 'nbread' 'nbwrite'> <Ports = 0> <Width = 32> <Depth = 2> <FIFO>
ST_1 : Operation 75 [1/1] (0.00ns)   --->   "br i1 %tmp, label %1, label %._crit_edge1.i" [sources/hashTable/hash.cpp:46]   --->   Operation 75 'br' <Predicate = (hashState_load == 0)> <Delay = 0.00>
ST_1 : Operation 76 [1/1] (0.00ns)   --->   "%tmp_633 = call i1 @_ssdm_op_NbReadReq.ap_fifo.i32P(i32* @resizedInitValue_V, i32 1) nounwind" [sources/hashTable/hash.cpp:46]   --->   Operation 76 'nbreadreq' 'tmp_633' <Predicate = (hashState_load == 0 & tmp)> <Delay = 0.00> <Core = "FIFO">   --->   Core 32 'FIFO' <Latency = 0> <II = 1> <Delay = 2.39> <Storage> <Opcode : 'read' 'write' 'nbread' 'nbwrite'> <Ports = 0> <Width = 32> <Depth = 2> <FIFO>
ST_1 : Operation 77 [1/1] (0.00ns)   --->   "br i1 %tmp_633, label %2, label %._crit_edge1.i" [sources/hashTable/hash.cpp:46]   --->   Operation 77 'br' <Predicate = (hashState_load == 0 & tmp)> <Delay = 0.00>
ST_1 : Operation 78 [1/1] (2.39ns)   --->   "%tmp_637 = call i32 @_ssdm_op_Read.ap_fifo.volatile.i32P(i32* @resizedKeyLength_V) nounwind" [sources/hashTable/hash.cpp:47]   --->   Operation 78 'read' 'tmp_637' <Predicate = (hashState_load == 0 & tmp & tmp_633)> <Delay = 2.39> <Core = "FIFO">   --->   Core 32 'FIFO' <Latency = 0> <II = 1> <Delay = 2.39> <Storage> <Opcode : 'read' 'write' 'nbread' 'nbwrite'> <Ports = 0> <Width = 32> <Depth = 2> <FIFO>
ST_1 : Operation 79 [1/1] (0.00ns)   --->   "%tmp_359_i = zext i32 %tmp_637 to i64" [sources/hashTable/hash.cpp:47]   --->   Operation 79 'zext' 'tmp_359_i' <Predicate = (hashState_load == 0 & tmp & tmp_633)> <Delay = 0.00>
ST_1 : Operation 80 [1/1] (0.85ns)   --->   "store i64 %tmp_359_i, i64* @length_r, align 8" [sources/hashTable/hash.cpp:47]   --->   Operation 80 'store' <Predicate = (hashState_load == 0 & tmp & tmp_633)> <Delay = 0.85>
ST_1 : Operation 81 [1/1] (2.39ns)   --->   "%tmp_651 = call i32 @_ssdm_op_Read.ap_fifo.volatile.i32P(i32* @resizedInitValue_V) nounwind" [sources/hashTable/hash.cpp:48]   --->   Operation 81 'read' 'tmp_651' <Predicate = (hashState_load == 0 & tmp & tmp_633)> <Delay = 2.39> <Core = "FIFO">   --->   Core 32 'FIFO' <Latency = 0> <II = 1> <Delay = 2.39> <Storage> <Opcode : 'read' 'write' 'nbread' 'nbwrite'> <Ports = 0> <Width = 32> <Depth = 2> <FIFO>
ST_1 : Operation 82 [1/1] (0.00ns) (grouped into TernaryAdder)   --->   "%tmp1 = add i32 %tmp_637, -559038737" [sources/hashTable/hash.cpp:49]   --->   Operation 82 'add' 'tmp1' <Predicate = (hashState_load == 0 & tmp & tmp_633)> <Delay = 0.00> <Core = "TAddSub">   --->   Core 80 'TAddSub' <Latency = 0> <II = 1> <Delay = 1.12> <IPBlock> <Opcode : 'add' 'sub'> <InPorts = 3> <OutPorts = 1> <Sync> <CReg>
ST_1 : Operation 83 [1/1] (2.25ns) (root node of TernaryAdder)   --->   "%tmp_361_i = add i32 %tmp_651, %tmp1" [sources/hashTable/hash.cpp:49]   --->   Operation 83 'add' 'tmp_361_i' <Predicate = (hashState_load == 0 & tmp & tmp_633)> <Delay = 2.25> <Core = "TAddSub">   --->   Core 80 'TAddSub' <Latency = 0> <II = 1> <Delay = 1.12> <IPBlock> <Opcode : 'add' 'sub'> <InPorts = 3> <OutPorts = 1> <Sync> <CReg>
ST_1 : Operation 84 [1/1] (1.26ns)   --->   "%tmp_362_i = icmp ugt i32 %tmp_637, 12" [sources/hashTable/hash.cpp:50]   --->   Operation 84 'icmp' 'tmp_362_i' <Predicate = (hashState_load == 0 & tmp & tmp_633)> <Delay = 1.26> <Core = "Cmp">   --->   Core 25 'Cmp' <Latency = 0> <II = 1> <Delay = 1.26> <FuncUnit> <Opcode : 'icmp'> <InPorts = 2> <OutPorts = 1>
ST_1 : Operation 85 [1/1] (0.58ns)   --->   "%storemerge29_cast_i_s = select i1 %tmp_362_i, i4 1, i4 5" [sources/hashTable/hash.cpp:50]   --->   Operation 85 'select' 'storemerge29_cast_i_s' <Predicate = (hashState_load == 0 & tmp & tmp_633)> <Delay = 0.58> <Core = "Sel">   --->   Core 26 'Sel' <Latency = 0> <II = 1> <Delay = 0.58> <FuncUnit> <Opcode : 'select'> <InPorts = 3> <OutPorts = 1>
ST_1 : Operation 86 [1/1] (1.24ns)   --->   "store i4 %storemerge29_cast_i_s, i4* @hashState, align 1" [sources/hashTable/hash.cpp:51]   --->   Operation 86 'store' <Predicate = (hashState_load == 0 & tmp & tmp_633)> <Delay = 1.24>
ST_1 : Operation 87 [1/1] (0.00ns)   --->   "br label %bobj.exit" [sources/hashTable/hash.cpp:55]   --->   Operation 87 'br' <Predicate = (hashState_load == 0)> <Delay = 0.00>

State 2 <SV = 1> <Delay = 5.72>
ST_2 : Operation 88 [1/1] (0.00ns)   --->   "call void (...)* @_ssdm_op_SpecInterface(i32* @hash2cc_V_V, [8 x i8]* @ap_fifo_str, i32 0, i32 0, [1 x i8]* @p_str1126, i32 0, i32 0, [1 x i8]* @p_str1127, [1 x i8]* @p_str1128, [1 x i8]* @p_str1129, i32 2, i32 2, i32 16, i32 16, [1 x i8]* @p_str1130, [1 x i8]* @p_str1131)"   --->   Operation 88 'specinterface' <Predicate = true> <Delay = 0.00>
ST_2 : Operation 89 [1/1] (0.00ns)   --->   "call void (...)* @_ssdm_op_SpecInterface(i32* @resizedInitValue_V, [8 x i8]* @ap_fifo_str, i32 0, i32 0, [1 x i8]* @p_str1000, i32 0, i32 0, [1 x i8]* @p_str1001, [1 x i8]* @p_str1002, [1 x i8]* @p_str1003, i32 2, i32 2, i32 16, i32 16, [1 x i8]* @p_str1004, [1 x i8]* @p_str1005)"   --->   Operation 89 'specinterface' <Predicate = true> <Delay = 0.00>
ST_2 : Operation 90 [1/1] (0.00ns)   --->   "call void (...)* @_ssdm_op_SpecInterface(i96* @resizedKey_V_V, [8 x i8]* @ap_fifo_str, i32 0, i32 0, [1 x i8]* @p_str993, i32 0, i32 0, [1 x i8]* @p_str994, [1 x i8]* @p_str995, [1 x i8]* @p_str996, i32 2, i32 2, i32 16, i32 16, [1 x i8]* @p_str997, [1 x i8]* @p_str998)"   --->   Operation 90 'specinterface' <Predicate = true> <Delay = 0.00>
ST_2 : Operation 91 [1/1] (0.00ns)   --->   "call void (...)* @_ssdm_op_SpecInterface(i32* @resizedKeyLength_V, [8 x i8]* @ap_fifo_str, i32 0, i32 0, [1 x i8]* @p_str986, i32 0, i32 0, [1 x i8]* @p_str987, [1 x i8]* @p_str988, [1 x i8]* @p_str989, i32 2, i32 2, i32 16, i32 16, [1 x i8]* @p_str990, [1 x i8]* @p_str991)"   --->   Operation 91 'specinterface' <Predicate = true> <Delay = 0.00>
ST_2 : Operation 92 [1/1] (0.00ns)   --->   "call void (...)* @_ssdm_op_SpecLatency(i32 1, i32 10, [1 x i8]* @p_str70) nounwind" [sources/hashTable/hash.cpp:34]   --->   Operation 92 'speclatency' <Predicate = true> <Delay = 0.00>
ST_2 : Operation 93 [1/1] (0.00ns)   --->   "call void (...)* @_ssdm_op_SpecPipeline(i32 1, i32 2, i32 1, i32 0, [1 x i8]* @p_str70) nounwind" [sources/hashTable/hash.cpp:36]   --->   Operation 93 'specpipeline' <Predicate = true> <Delay = 0.00>
ST_2 : Operation 94 [1/1] (0.00ns)   --->   "call void (...)* @_ssdm_op_SpecInterface(i32 0, [13 x i8]* @p_str171, i32 0, i32 0, [1 x i8]* @p_str70, i32 0, i32 0, [1 x i8]* @p_str70, [1 x i8]* @p_str70, [1 x i8]* @p_str70, i32 0, i32 0, i32 0, i32 0, [1 x i8]* @p_str70, [1 x i8]* @p_str70) nounwind" [sources/hashTable/hash.cpp:37]   --->   Operation 94 'specinterface' <Predicate = true> <Delay = 0.00>
ST_2 : Operation 95 [1/1] (0.00ns)   --->   "%tmp_V_69 = load i32* @c, align 4" [sources/hashTable/hash.cpp:62]   --->   Operation 95 'load' 'tmp_V_69' <Predicate = true> <Delay = 0.00>
ST_2 : Operation 96 [1/1] (0.00ns)   --->   "%b_load = load i32* @b, align 4" [sources/hashTable/hash.cpp:61]   --->   Operation 96 'load' 'b_load' <Predicate = true> <Delay = 0.00>
ST_2 : Operation 97 [1/1] (0.00ns)   --->   "%a_load = load i32* @a, align 4" [sources/hashTable/hash.cpp:60]   --->   Operation 97 'load' 'a_load' <Predicate = true> <Delay = 0.00>
ST_2 : Operation 98 [1/1] (0.00ns) (grouped into LUT with out node tmp_V)   --->   "%tmp_346_i = xor i32 %tmp_V_69, %b_load" [sources/hashTable/hash.cpp:186]   --->   Operation 98 'xor' 'tmp_346_i' <Predicate = (hashState_load == 9)> <Delay = 0.00> <Core = "LogicGate">   --->   Core 27 'LogicGate' <Latency = 0> <II = 1> <Delay = 0.52> <FuncUnit> <Opcode : 'and' 'or' 'xor'> <InPorts = 2> <OutPorts = 1>
ST_2 : Operation 99 [1/1] (0.00ns) (grouped into LUT with out node tmp_V)   --->   "%tmp_632 = trunc i32 %b_load to i8" [sources/hashTable/hash.cpp:61]   --->   Operation 99 'trunc' 'tmp_632' <Predicate = (hashState_load == 9)> <Delay = 0.00>
ST_2 : Operation 100 [1/1] (0.00ns) (grouped into LUT with out node tmp_V)   --->   "%tmp_348_i = call i24 @_ssdm_op_PartSelect.i24.i32.i32.i32(i32 %b_load, i32 8, i32 31)" [sources/hashTable/hash.cpp:186]   --->   Operation 100 'partselect' 'tmp_348_i' <Predicate = (hashState_load == 9)> <Delay = 0.00>
ST_2 : Operation 101 [1/1] (0.00ns) (grouped into LUT with out node tmp_V)   --->   "%tmp_349_i = call i32 @_ssdm_op_BitConcatenate.i32.i8.i24(i8 %tmp_632, i24 %tmp_348_i)" [sources/hashTable/hash.cpp:186]   --->   Operation 101 'bitconcatenate' 'tmp_349_i' <Predicate = (hashState_load == 9)> <Delay = 0.00>
ST_2 : Operation 102 [1/1] (1.51ns) (out node of the LUT)   --->   "%tmp_V = sub i32 %tmp_346_i, %tmp_349_i" [sources/hashTable/hash.cpp:186]   --->   Operation 102 'sub' 'tmp_V' <Predicate = (hashState_load == 9)> <Delay = 1.51> <Core = "AddSub">   --->   Core 14 'AddSub' <Latency = 0> <II = 1> <Delay = 1.51> <FuncUnit> <Opcode : 'add' 'sub'> <InPorts = 2> <OutPorts = 1>
ST_2 : Operation 103 [1/1] (1.28ns)   --->   "store i32 %tmp_V, i32* @c, align 4" [sources/hashTable/hash.cpp:186]   --->   Operation 103 'store' <Predicate = (hashState_load == 9)> <Delay = 1.28>
ST_2 : Operation 104 [1/1] (2.39ns)   --->   "call void @_ssdm_op_Write.ap_fifo.volatile.i32P(i32* @hash2cc_V_V, i32 %tmp_V) nounwind" [sources/hashTable/hash.cpp:187]   --->   Operation 104 'write' <Predicate = (hashState_load == 9)> <Delay = 2.39> <Core = "FIFO">   --->   Core 32 'FIFO' <Latency = 0> <II = 1> <Delay = 2.39> <Storage> <Opcode : 'read' 'write' 'nbread' 'nbwrite'> <Ports = 0> <Width = 32> <Depth = 2> <FIFO>
ST_2 : Operation 105 [1/1] (0.00ns) (grouped into LUT with out node tmp_340_i)   --->   "%tmp_336_i = xor i32 %a_load, %tmp_V_69" [sources/hashTable/hash.cpp:180]   --->   Operation 105 'xor' 'tmp_336_i' <Predicate = (hashState_load == 8)> <Delay = 0.00> <Core = "LogicGate">   --->   Core 27 'LogicGate' <Latency = 0> <II = 1> <Delay = 0.52> <FuncUnit> <Opcode : 'and' 'or' 'xor'> <InPorts = 2> <OutPorts = 1>
ST_2 : Operation 106 [1/1] (0.00ns) (grouped into LUT with out node tmp_340_i)   --->   "%tmp_630 = trunc i32 %tmp_V_69 to i28" [sources/hashTable/hash.cpp:62]   --->   Operation 106 'trunc' 'tmp_630' <Predicate = (hashState_load == 8)> <Delay = 0.00>
ST_2 : Operation 107 [1/1] (0.00ns) (grouped into LUT with out node tmp_340_i)   --->   "%tmp_338_i = call i4 @_ssdm_op_PartSelect.i4.i32.i32.i32(i32 %tmp_V_69, i32 28, i32 31)" [sources/hashTable/hash.cpp:180]   --->   Operation 107 'partselect' 'tmp_338_i' <Predicate = (hashState_load == 8)> <Delay = 0.00>
ST_2 : Operation 108 [1/1] (0.00ns) (grouped into LUT with out node tmp_340_i)   --->   "%tmp_339_i = call i32 @_ssdm_op_BitConcatenate.i32.i28.i4(i28 %tmp_630, i4 %tmp_338_i)" [sources/hashTable/hash.cpp:180]   --->   Operation 108 'bitconcatenate' 'tmp_339_i' <Predicate = (hashState_load == 8)> <Delay = 0.00>
ST_2 : Operation 109 [1/1] (1.51ns) (out node of the LUT)   --->   "%tmp_340_i = sub i32 %tmp_336_i, %tmp_339_i" [sources/hashTable/hash.cpp:180]   --->   Operation 109 'sub' 'tmp_340_i' <Predicate = (hashState_load == 8)> <Delay = 1.51> <Core = "AddSub">   --->   Core 14 'AddSub' <Latency = 0> <II = 1> <Delay = 1.51> <FuncUnit> <Opcode : 'add' 'sub'> <InPorts = 2> <OutPorts = 1>
ST_2 : Operation 110 [1/1] (1.43ns)   --->   "store i32 %tmp_340_i, i32* @a, align 4" [sources/hashTable/hash.cpp:180]   --->   Operation 110 'store' <Predicate = (hashState_load == 8)> <Delay = 1.43>
ST_2 : Operation 111 [1/1] (0.00ns) (grouped into LUT with out node tmp_345_i)   --->   "%tmp_341_i = xor i32 %b_load, %tmp_340_i" [sources/hashTable/hash.cpp:181]   --->   Operation 111 'xor' 'tmp_341_i' <Predicate = (hashState_load == 8)> <Delay = 0.00> <Core = "LogicGate">   --->   Core 27 'LogicGate' <Latency = 0> <II = 1> <Delay = 0.52> <FuncUnit> <Opcode : 'and' 'or' 'xor'> <InPorts = 2> <OutPorts = 1>
ST_2 : Operation 112 [1/1] (0.00ns) (grouped into LUT with out node tmp_345_i)   --->   "%tmp_631 = trunc i32 %tmp_340_i to i18" [sources/hashTable/hash.cpp:180]   --->   Operation 112 'trunc' 'tmp_631' <Predicate = (hashState_load == 8)> <Delay = 0.00>
ST_2 : Operation 113 [1/1] (0.00ns) (grouped into LUT with out node tmp_345_i)   --->   "%tmp_343_i = call i14 @_ssdm_op_PartSelect.i14.i32.i32.i32(i32 %tmp_340_i, i32 18, i32 31)" [sources/hashTable/hash.cpp:181]   --->   Operation 113 'partselect' 'tmp_343_i' <Predicate = (hashState_load == 8)> <Delay = 0.00>
ST_2 : Operation 114 [1/1] (0.00ns) (grouped into LUT with out node tmp_345_i)   --->   "%tmp_344_i = call i32 @_ssdm_op_BitConcatenate.i32.i18.i14(i18 %tmp_631, i14 %tmp_343_i)" [sources/hashTable/hash.cpp:181]   --->   Operation 114 'bitconcatenate' 'tmp_344_i' <Predicate = (hashState_load == 8)> <Delay = 0.00>
ST_2 : Operation 115 [1/1] (1.51ns) (out node of the LUT)   --->   "%tmp_345_i = sub i32 %tmp_341_i, %tmp_344_i" [sources/hashTable/hash.cpp:181]   --->   Operation 115 'sub' 'tmp_345_i' <Predicate = (hashState_load == 8)> <Delay = 1.51> <Core = "AddSub">   --->   Core 14 'AddSub' <Latency = 0> <II = 1> <Delay = 1.51> <FuncUnit> <Opcode : 'add' 'sub'> <InPorts = 2> <OutPorts = 1>
ST_2 : Operation 116 [1/1] (1.35ns)   --->   "store i32 %tmp_345_i, i32* @b, align 4" [sources/hashTable/hash.cpp:181]   --->   Operation 116 'store' <Predicate = (hashState_load == 8)> <Delay = 1.35>
ST_2 : Operation 117 [1/1] (0.00ns) (grouped into LUT with out node tmp_330_i)   --->   "%tmp_326_i = xor i32 %b_load, %a_load" [sources/hashTable/hash.cpp:174]   --->   Operation 117 'xor' 'tmp_326_i' <Predicate = (hashState_load == 7)> <Delay = 0.00> <Core = "LogicGate">   --->   Core 27 'LogicGate' <Latency = 0> <II = 1> <Delay = 0.52> <FuncUnit> <Opcode : 'and' 'or' 'xor'> <InPorts = 2> <OutPorts = 1>
ST_2 : Operation 118 [1/1] (0.00ns) (grouped into LUT with out node tmp_330_i)   --->   "%tmp_628 = trunc i32 %a_load to i7" [sources/hashTable/hash.cpp:60]   --->   Operation 118 'trunc' 'tmp_628' <Predicate = (hashState_load == 7)> <Delay = 0.00>
ST_2 : Operation 119 [1/1] (0.00ns) (grouped into LUT with out node tmp_330_i)   --->   "%tmp_328_i = call i25 @_ssdm_op_PartSelect.i25.i32.i32.i32(i32 %a_load, i32 7, i32 31)" [sources/hashTable/hash.cpp:174]   --->   Operation 119 'partselect' 'tmp_328_i' <Predicate = (hashState_load == 7)> <Delay = 0.00>
ST_2 : Operation 120 [1/1] (0.00ns) (grouped into LUT with out node tmp_330_i)   --->   "%tmp_329_i = call i32 @_ssdm_op_BitConcatenate.i32.i7.i25(i7 %tmp_628, i25 %tmp_328_i)" [sources/hashTable/hash.cpp:174]   --->   Operation 120 'bitconcatenate' 'tmp_329_i' <Predicate = (hashState_load == 7)> <Delay = 0.00>
ST_2 : Operation 121 [1/1] (1.51ns) (out node of the LUT)   --->   "%tmp_330_i = sub i32 %tmp_326_i, %tmp_329_i" [sources/hashTable/hash.cpp:174]   --->   Operation 121 'sub' 'tmp_330_i' <Predicate = (hashState_load == 7)> <Delay = 1.51> <Core = "AddSub">   --->   Core 14 'AddSub' <Latency = 0> <II = 1> <Delay = 1.51> <FuncUnit> <Opcode : 'add' 'sub'> <InPorts = 2> <OutPorts = 1>
ST_2 : Operation 122 [1/1] (1.35ns)   --->   "store i32 %tmp_330_i, i32* @b, align 4" [sources/hashTable/hash.cpp:174]   --->   Operation 122 'store' <Predicate = (hashState_load == 7)> <Delay = 1.35>
ST_2 : Operation 123 [1/1] (0.00ns) (grouped into LUT with out node tmp_335_i)   --->   "%tmp_331_i = xor i32 %tmp_V_69, %tmp_330_i" [sources/hashTable/hash.cpp:175]   --->   Operation 123 'xor' 'tmp_331_i' <Predicate = (hashState_load == 7)> <Delay = 0.00> <Core = "LogicGate">   --->   Core 27 'LogicGate' <Latency = 0> <II = 1> <Delay = 0.52> <FuncUnit> <Opcode : 'and' 'or' 'xor'> <InPorts = 2> <OutPorts = 1>
ST_2 : Operation 124 [1/1] (0.00ns) (grouped into LUT with out node tmp_335_i)   --->   "%tmp_629 = trunc i32 %tmp_330_i to i16" [sources/hashTable/hash.cpp:174]   --->   Operation 124 'trunc' 'tmp_629' <Predicate = (hashState_load == 7)> <Delay = 0.00>
ST_2 : Operation 125 [1/1] (0.00ns) (grouped into LUT with out node tmp_335_i)   --->   "%tmp_333_i = call i16 @_ssdm_op_PartSelect.i16.i32.i32.i32(i32 %tmp_330_i, i32 16, i32 31)" [sources/hashTable/hash.cpp:175]   --->   Operation 125 'partselect' 'tmp_333_i' <Predicate = (hashState_load == 7)> <Delay = 0.00>
ST_2 : Operation 126 [1/1] (0.00ns) (grouped into LUT with out node tmp_335_i)   --->   "%tmp_334_i = call i32 @_ssdm_op_BitConcatenate.i32.i16.i16(i16 %tmp_629, i16 %tmp_333_i)" [sources/hashTable/hash.cpp:175]   --->   Operation 126 'bitconcatenate' 'tmp_334_i' <Predicate = (hashState_load == 7)> <Delay = 0.00>
ST_2 : Operation 127 [1/1] (1.51ns) (out node of the LUT)   --->   "%tmp_335_i = sub i32 %tmp_331_i, %tmp_334_i" [sources/hashTable/hash.cpp:175]   --->   Operation 127 'sub' 'tmp_335_i' <Predicate = (hashState_load == 7)> <Delay = 1.51> <Core = "AddSub">   --->   Core 14 'AddSub' <Latency = 0> <II = 1> <Delay = 1.51> <FuncUnit> <Opcode : 'add' 'sub'> <InPorts = 2> <OutPorts = 1>
ST_2 : Operation 128 [1/1] (1.28ns)   --->   "store i32 %tmp_335_i, i32* @c, align 4" [sources/hashTable/hash.cpp:175]   --->   Operation 128 'store' <Predicate = (hashState_load == 7)> <Delay = 1.28>
ST_2 : Operation 129 [1/1] (0.00ns) (grouped into LUT with out node tmp_320_i)   --->   "%tmp_316_i = xor i32 %tmp_V_69, %b_load" [sources/hashTable/hash.cpp:160]   --->   Operation 129 'xor' 'tmp_316_i' <Predicate = (hashState_load == 6)> <Delay = 0.00> <Core = "LogicGate">   --->   Core 27 'LogicGate' <Latency = 0> <II = 1> <Delay = 0.52> <FuncUnit> <Opcode : 'and' 'or' 'xor'> <InPorts = 2> <OutPorts = 1>
ST_2 : Operation 130 [1/1] (0.00ns) (grouped into LUT with out node tmp_320_i)   --->   "%tmp_626 = trunc i32 %b_load to i18" [sources/hashTable/hash.cpp:61]   --->   Operation 130 'trunc' 'tmp_626' <Predicate = (hashState_load == 6)> <Delay = 0.00>
ST_2 : Operation 131 [1/1] (0.00ns) (grouped into LUT with out node tmp_320_i)   --->   "%tmp_318_i = call i14 @_ssdm_op_PartSelect.i14.i32.i32.i32(i32 %b_load, i32 18, i32 31)" [sources/hashTable/hash.cpp:160]   --->   Operation 131 'partselect' 'tmp_318_i' <Predicate = (hashState_load == 6)> <Delay = 0.00>
ST_2 : Operation 132 [1/1] (0.00ns) (grouped into LUT with out node tmp_320_i)   --->   "%tmp_319_i = call i32 @_ssdm_op_BitConcatenate.i32.i18.i14(i18 %tmp_626, i14 %tmp_318_i)" [sources/hashTable/hash.cpp:160]   --->   Operation 132 'bitconcatenate' 'tmp_319_i' <Predicate = (hashState_load == 6)> <Delay = 0.00>
ST_2 : Operation 133 [1/1] (1.51ns) (out node of the LUT)   --->   "%tmp_320_i = sub i32 %tmp_316_i, %tmp_319_i" [sources/hashTable/hash.cpp:160]   --->   Operation 133 'sub' 'tmp_320_i' <Predicate = (hashState_load == 6)> <Delay = 1.51> <Core = "AddSub">   --->   Core 14 'AddSub' <Latency = 0> <II = 1> <Delay = 1.51> <FuncUnit> <Opcode : 'add' 'sub'> <InPorts = 2> <OutPorts = 1>
ST_2 : Operation 134 [1/1] (1.28ns)   --->   "store i32 %tmp_320_i, i32* @c, align 4" [sources/hashTable/hash.cpp:160]   --->   Operation 134 'store' <Predicate = (hashState_load == 6)> <Delay = 1.28>
ST_2 : Operation 135 [1/1] (0.00ns) (grouped into LUT with out node tmp_325_i)   --->   "%tmp_321_i = xor i32 %a_load, %tmp_320_i" [sources/hashTable/hash.cpp:161]   --->   Operation 135 'xor' 'tmp_321_i' <Predicate = (hashState_load == 6)> <Delay = 0.00> <Core = "LogicGate">   --->   Core 27 'LogicGate' <Latency = 0> <II = 1> <Delay = 0.52> <FuncUnit> <Opcode : 'and' 'or' 'xor'> <InPorts = 2> <OutPorts = 1>
ST_2 : Operation 136 [1/1] (0.00ns) (grouped into LUT with out node tmp_325_i)   --->   "%tmp_627 = trunc i32 %tmp_320_i to i21" [sources/hashTable/hash.cpp:160]   --->   Operation 136 'trunc' 'tmp_627' <Predicate = (hashState_load == 6)> <Delay = 0.00>
ST_2 : Operation 137 [1/1] (0.00ns) (grouped into LUT with out node tmp_325_i)   --->   "%tmp_323_i = call i11 @_ssdm_op_PartSelect.i11.i32.i32.i32(i32 %tmp_320_i, i32 21, i32 31)" [sources/hashTable/hash.cpp:161]   --->   Operation 137 'partselect' 'tmp_323_i' <Predicate = (hashState_load == 6)> <Delay = 0.00>
ST_2 : Operation 138 [1/1] (0.00ns) (grouped into LUT with out node tmp_325_i)   --->   "%tmp_324_i = call i32 @_ssdm_op_BitConcatenate.i32.i21.i11(i21 %tmp_627, i11 %tmp_323_i)" [sources/hashTable/hash.cpp:161]   --->   Operation 138 'bitconcatenate' 'tmp_324_i' <Predicate = (hashState_load == 6)> <Delay = 0.00>
ST_2 : Operation 139 [1/1] (1.51ns) (out node of the LUT)   --->   "%tmp_325_i = sub i32 %tmp_321_i, %tmp_324_i" [sources/hashTable/hash.cpp:161]   --->   Operation 139 'sub' 'tmp_325_i' <Predicate = (hashState_load == 6)> <Delay = 1.51> <Core = "AddSub">   --->   Core 14 'AddSub' <Latency = 0> <II = 1> <Delay = 1.51> <FuncUnit> <Opcode : 'add' 'sub'> <InPorts = 2> <OutPorts = 1>
ST_2 : Operation 140 [1/1] (1.43ns)   --->   "store i32 %tmp_325_i, i32* @a, align 4" [sources/hashTable/hash.cpp:161]   --->   Operation 140 'store' <Predicate = (hashState_load == 6)> <Delay = 1.43>
ST_2 : Operation 141 [1/1] (0.00ns)   --->   "br i1 %tmp_636, label %11, label %._crit_edge4.i" [sources/hashTable/hash.cpp:97]   --->   Operation 141 'br' <Predicate = (hashState_load == 5 & !tmp_315_i)> <Delay = 0.00>
ST_2 : Operation 142 [1/1] (0.00ns)   --->   "%tmp_394_cast_i = zext i8 %tmp_650 to i32" [sources/hashTable/hash.cpp:151]   --->   Operation 142 'zext' 'tmp_394_cast_i' <Predicate = (hashState_load == 5 & !tmp_315_i & tmp_636 & length_load == 1)> <Delay = 0.00>
ST_2 : Operation 143 [1/1] (1.51ns)   --->   "%tmp_395_i = add i32 %tmp_394_cast_i, %a_load" [sources/hashTable/hash.cpp:151]   --->   Operation 143 'add' 'tmp_395_i' <Predicate = (hashState_load == 5 & !tmp_315_i & tmp_636 & length_load == 1)> <Delay = 1.51> <Core = "AddSub">   --->   Core 14 'AddSub' <Latency = 0> <II = 1> <Delay = 1.51> <FuncUnit> <Opcode : 'add' 'sub'> <InPorts = 2> <OutPorts = 1>
ST_2 : Operation 144 [1/1] (1.43ns)   --->   "store i32 %tmp_395_i, i32* @a, align 4" [sources/hashTable/hash.cpp:151]   --->   Operation 144 'store' <Predicate = (hashState_load == 5 & !tmp_315_i & tmp_636 & length_load == 1)> <Delay = 1.43>
ST_2 : Operation 145 [1/1] (0.00ns)   --->   "br label %._crit_edge5.i" [sources/hashTable/hash.cpp:151]   --->   Operation 145 'br' <Predicate = (hashState_load == 5 & !tmp_315_i & tmp_636 & length_load == 1)> <Delay = 0.00>
ST_2 : Operation 146 [1/1] (0.00ns)   --->   "%tmp_392_cast_i = zext i16 %tmp_649 to i32" [sources/hashTable/hash.cpp:147]   --->   Operation 146 'zext' 'tmp_392_cast_i' <Predicate = (hashState_load == 5 & !tmp_315_i & tmp_636 & length_load == 2)> <Delay = 0.00>
ST_2 : Operation 147 [1/1] (1.51ns)   --->   "%tmp_393_i = add i32 %tmp_392_cast_i, %a_load" [sources/hashTable/hash.cpp:147]   --->   Operation 147 'add' 'tmp_393_i' <Predicate = (hashState_load == 5 & !tmp_315_i & tmp_636 & length_load == 2)> <Delay = 1.51> <Core = "AddSub">   --->   Core 14 'AddSub' <Latency = 0> <II = 1> <Delay = 1.51> <FuncUnit> <Opcode : 'add' 'sub'> <InPorts = 2> <OutPorts = 1>
ST_2 : Operation 148 [1/1] (1.43ns)   --->   "store i32 %tmp_393_i, i32* @a, align 4" [sources/hashTable/hash.cpp:147]   --->   Operation 148 'store' <Predicate = (hashState_load == 5 & !tmp_315_i & tmp_636 & length_load == 2)> <Delay = 1.43>
ST_2 : Operation 149 [1/1] (0.00ns)   --->   "br label %._crit_edge5.i" [sources/hashTable/hash.cpp:147]   --->   Operation 149 'br' <Predicate = (hashState_load == 5 & !tmp_315_i & tmp_636 & length_load == 2)> <Delay = 0.00>
ST_2 : Operation 150 [1/1] (0.00ns)   --->   "%tmp_390_cast_i = zext i24 %tmp_648 to i32" [sources/hashTable/hash.cpp:143]   --->   Operation 150 'zext' 'tmp_390_cast_i' <Predicate = (hashState_load == 5 & !tmp_315_i & tmp_636 & length_load == 3)> <Delay = 0.00>
ST_2 : Operation 151 [1/1] (1.51ns)   --->   "%tmp_391_i = add i32 %tmp_390_cast_i, %a_load" [sources/hashTable/hash.cpp:143]   --->   Operation 151 'add' 'tmp_391_i' <Predicate = (hashState_load == 5 & !tmp_315_i & tmp_636 & length_load == 3)> <Delay = 1.51> <Core = "AddSub">   --->   Core 14 'AddSub' <Latency = 0> <II = 1> <Delay = 1.51> <FuncUnit> <Opcode : 'add' 'sub'> <InPorts = 2> <OutPorts = 1>
ST_2 : Operation 152 [1/1] (1.43ns)   --->   "store i32 %tmp_391_i, i32* @a, align 4" [sources/hashTable/hash.cpp:143]   --->   Operation 152 'store' <Predicate = (hashState_load == 5 & !tmp_315_i & tmp_636 & length_load == 3)> <Delay = 1.43>
ST_2 : Operation 153 [1/1] (0.00ns)   --->   "br label %._crit_edge5.i" [sources/hashTable/hash.cpp:143]   --->   Operation 153 'br' <Predicate = (hashState_load == 5 & !tmp_315_i & tmp_636 & length_load == 3)> <Delay = 0.00>
ST_2 : Operation 154 [1/1] (1.51ns)   --->   "%tmp_389_i = add i32 %tmp_647, %a_load" [sources/hashTable/hash.cpp:139]   --->   Operation 154 'add' 'tmp_389_i' <Predicate = (hashState_load == 5 & !tmp_315_i & tmp_636 & length_load == 4)> <Delay = 1.51> <Core = "AddSub">   --->   Core 14 'AddSub' <Latency = 0> <II = 1> <Delay = 1.51> <FuncUnit> <Opcode : 'add' 'sub'> <InPorts = 2> <OutPorts = 1>
ST_2 : Operation 155 [1/1] (1.43ns)   --->   "store i32 %tmp_389_i, i32* @a, align 4" [sources/hashTable/hash.cpp:139]   --->   Operation 155 'store' <Predicate = (hashState_load == 5 & !tmp_315_i & tmp_636 & length_load == 4)> <Delay = 1.43>
ST_2 : Operation 156 [1/1] (0.00ns)   --->   "br label %._crit_edge5.i" [sources/hashTable/hash.cpp:139]   --->   Operation 156 'br' <Predicate = (hashState_load == 5 & !tmp_315_i & tmp_636 & length_load == 4)> <Delay = 0.00>
ST_2 : Operation 157 [1/1] (1.51ns)   --->   "%tmp_386_i = add i32 %tmp_646, %a_load" [sources/hashTable/hash.cpp:134]   --->   Operation 157 'add' 'tmp_386_i' <Predicate = (hashState_load == 5 & !tmp_315_i & tmp_636 & length_load == 5)> <Delay = 1.51> <Core = "AddSub">   --->   Core 14 'AddSub' <Latency = 0> <II = 1> <Delay = 1.51> <FuncUnit> <Opcode : 'add' 'sub'> <InPorts = 2> <OutPorts = 1>
ST_2 : Operation 158 [1/1] (1.43ns)   --->   "store i32 %tmp_386_i, i32* @a, align 4" [sources/hashTable/hash.cpp:134]   --->   Operation 158 'store' <Predicate = (hashState_load == 5 & !tmp_315_i & tmp_636 & length_load == 5)> <Delay = 1.43>
ST_2 : Operation 159 [1/1] (0.00ns)   --->   "%tmp_387_cast_i = zext i8 %temp_5_cast_i to i32" [sources/hashTable/hash.cpp:135]   --->   Operation 159 'zext' 'tmp_387_cast_i' <Predicate = (hashState_load == 5 & !tmp_315_i & tmp_636 & length_load == 5)> <Delay = 0.00>
ST_2 : Operation 160 [1/1] (1.51ns)   --->   "%tmp_388_i = add i32 %tmp_387_cast_i, %b_load" [sources/hashTable/hash.cpp:135]   --->   Operation 160 'add' 'tmp_388_i' <Predicate = (hashState_load == 5 & !tmp_315_i & tmp_636 & length_load == 5)> <Delay = 1.51> <Core = "AddSub">   --->   Core 14 'AddSub' <Latency = 0> <II = 1> <Delay = 1.51> <FuncUnit> <Opcode : 'add' 'sub'> <InPorts = 2> <OutPorts = 1>
ST_2 : Operation 161 [1/1] (1.35ns)   --->   "store i32 %tmp_388_i, i32* @b, align 4" [sources/hashTable/hash.cpp:135]   --->   Operation 161 'store' <Predicate = (hashState_load == 5 & !tmp_315_i & tmp_636 & length_load == 5)> <Delay = 1.35>
ST_2 : Operation 162 [1/1] (0.00ns)   --->   "br label %._crit_edge5.i" [sources/hashTable/hash.cpp:135]   --->   Operation 162 'br' <Predicate = (hashState_load == 5 & !tmp_315_i & tmp_636 & length_load == 5)> <Delay = 0.00>
ST_2 : Operation 163 [1/1] (1.51ns)   --->   "%tmp_383_i = add i32 %tmp_645, %a_load" [sources/hashTable/hash.cpp:129]   --->   Operation 163 'add' 'tmp_383_i' <Predicate = (hashState_load == 5 & !tmp_315_i & tmp_636 & length_load == 6)> <Delay = 1.51> <Core = "AddSub">   --->   Core 14 'AddSub' <Latency = 0> <II = 1> <Delay = 1.51> <FuncUnit> <Opcode : 'add' 'sub'> <InPorts = 2> <OutPorts = 1>
ST_2 : Operation 164 [1/1] (1.43ns)   --->   "store i32 %tmp_383_i, i32* @a, align 4" [sources/hashTable/hash.cpp:129]   --->   Operation 164 'store' <Predicate = (hashState_load == 5 & !tmp_315_i & tmp_636 & length_load == 6)> <Delay = 1.43>
ST_2 : Operation 165 [1/1] (0.00ns)   --->   "%tmp_384_cast_i = zext i16 %temp_4_cast_i to i32" [sources/hashTable/hash.cpp:130]   --->   Operation 165 'zext' 'tmp_384_cast_i' <Predicate = (hashState_load == 5 & !tmp_315_i & tmp_636 & length_load == 6)> <Delay = 0.00>
ST_2 : Operation 166 [1/1] (1.51ns)   --->   "%tmp_385_i = add i32 %tmp_384_cast_i, %b_load" [sources/hashTable/hash.cpp:130]   --->   Operation 166 'add' 'tmp_385_i' <Predicate = (hashState_load == 5 & !tmp_315_i & tmp_636 & length_load == 6)> <Delay = 1.51> <Core = "AddSub">   --->   Core 14 'AddSub' <Latency = 0> <II = 1> <Delay = 1.51> <FuncUnit> <Opcode : 'add' 'sub'> <InPorts = 2> <OutPorts = 1>
ST_2 : Operation 167 [1/1] (1.35ns)   --->   "store i32 %tmp_385_i, i32* @b, align 4" [sources/hashTable/hash.cpp:130]   --->   Operation 167 'store' <Predicate = (hashState_load == 5 & !tmp_315_i & tmp_636 & length_load == 6)> <Delay = 1.35>
ST_2 : Operation 168 [1/1] (0.00ns)   --->   "br label %._crit_edge5.i" [sources/hashTable/hash.cpp:130]   --->   Operation 168 'br' <Predicate = (hashState_load == 5 & !tmp_315_i & tmp_636 & length_load == 6)> <Delay = 0.00>
ST_2 : Operation 169 [1/1] (1.51ns)   --->   "%tmp_380_i = add i32 %tmp_644, %a_load" [sources/hashTable/hash.cpp:124]   --->   Operation 169 'add' 'tmp_380_i' <Predicate = (hashState_load == 5 & !tmp_315_i & tmp_636 & length_load == 7)> <Delay = 1.51> <Core = "AddSub">   --->   Core 14 'AddSub' <Latency = 0> <II = 1> <Delay = 1.51> <FuncUnit> <Opcode : 'add' 'sub'> <InPorts = 2> <OutPorts = 1>
ST_2 : Operation 170 [1/1] (1.43ns)   --->   "store i32 %tmp_380_i, i32* @a, align 4" [sources/hashTable/hash.cpp:124]   --->   Operation 170 'store' <Predicate = (hashState_load == 5 & !tmp_315_i & tmp_636 & length_load == 7)> <Delay = 1.43>
ST_2 : Operation 171 [1/1] (0.00ns)   --->   "%tmp_381_cast_i = zext i24 %temp_3_cast_i to i32" [sources/hashTable/hash.cpp:125]   --->   Operation 171 'zext' 'tmp_381_cast_i' <Predicate = (hashState_load == 5 & !tmp_315_i & tmp_636 & length_load == 7)> <Delay = 0.00>
ST_2 : Operation 172 [1/1] (1.51ns)   --->   "%tmp_382_i = add i32 %tmp_381_cast_i, %b_load" [sources/hashTable/hash.cpp:125]   --->   Operation 172 'add' 'tmp_382_i' <Predicate = (hashState_load == 5 & !tmp_315_i & tmp_636 & length_load == 7)> <Delay = 1.51> <Core = "AddSub">   --->   Core 14 'AddSub' <Latency = 0> <II = 1> <Delay = 1.51> <FuncUnit> <Opcode : 'add' 'sub'> <InPorts = 2> <OutPorts = 1>
ST_2 : Operation 173 [1/1] (1.35ns)   --->   "store i32 %tmp_382_i, i32* @b, align 4" [sources/hashTable/hash.cpp:125]   --->   Operation 173 'store' <Predicate = (hashState_load == 5 & !tmp_315_i & tmp_636 & length_load == 7)> <Delay = 1.35>
ST_2 : Operation 174 [1/1] (0.00ns)   --->   "br label %._crit_edge5.i" [sources/hashTable/hash.cpp:125]   --->   Operation 174 'br' <Predicate = (hashState_load == 5 & !tmp_315_i & tmp_636 & length_load == 7)> <Delay = 0.00>
ST_2 : Operation 175 [1/1] (1.51ns)   --->   "%tmp_378_i = add i32 %tmp_643, %a_load" [sources/hashTable/hash.cpp:120]   --->   Operation 175 'add' 'tmp_378_i' <Predicate = (hashState_load == 5 & !tmp_315_i & tmp_636 & length_load == 8)> <Delay = 1.51> <Core = "AddSub">   --->   Core 14 'AddSub' <Latency = 0> <II = 1> <Delay = 1.51> <FuncUnit> <Opcode : 'add' 'sub'> <InPorts = 2> <OutPorts = 1>
ST_2 : Operation 176 [1/1] (1.43ns)   --->   "store i32 %tmp_378_i, i32* @a, align 4" [sources/hashTable/hash.cpp:120]   --->   Operation 176 'store' <Predicate = (hashState_load == 5 & !tmp_315_i & tmp_636 & length_load == 8)> <Delay = 1.43>
ST_2 : Operation 177 [1/1] (1.51ns)   --->   "%tmp_379_i = add i32 %p_Result_92_i, %b_load" [sources/hashTable/hash.cpp:120]   --->   Operation 177 'add' 'tmp_379_i' <Predicate = (hashState_load == 5 & !tmp_315_i & tmp_636 & length_load == 8)> <Delay = 1.51> <Core = "AddSub">   --->   Core 14 'AddSub' <Latency = 0> <II = 1> <Delay = 1.51> <FuncUnit> <Opcode : 'add' 'sub'> <InPorts = 2> <OutPorts = 1>
ST_2 : Operation 178 [1/1] (1.35ns)   --->   "store i32 %tmp_379_i, i32* @b, align 4" [sources/hashTable/hash.cpp:120]   --->   Operation 178 'store' <Predicate = (hashState_load == 5 & !tmp_315_i & tmp_636 & length_load == 8)> <Delay = 1.35>
ST_2 : Operation 179 [1/1] (0.00ns)   --->   "br label %._crit_edge5.i" [sources/hashTable/hash.cpp:120]   --->   Operation 179 'br' <Predicate = (hashState_load == 5 & !tmp_315_i & tmp_636 & length_load == 8)> <Delay = 0.00>
ST_2 : Operation 180 [1/1] (1.51ns)   --->   "%tmp_374_i = add i32 %tmp_642, %a_load" [sources/hashTable/hash.cpp:115]   --->   Operation 180 'add' 'tmp_374_i' <Predicate = (hashState_load == 5 & !tmp_315_i & tmp_636 & length_load == 9)> <Delay = 1.51> <Core = "AddSub">   --->   Core 14 'AddSub' <Latency = 0> <II = 1> <Delay = 1.51> <FuncUnit> <Opcode : 'add' 'sub'> <InPorts = 2> <OutPorts = 1>
ST_2 : Operation 181 [1/1] (1.43ns)   --->   "store i32 %tmp_374_i, i32* @a, align 4" [sources/hashTable/hash.cpp:115]   --->   Operation 181 'store' <Predicate = (hashState_load == 5 & !tmp_315_i & tmp_636 & length_load == 9)> <Delay = 1.43>
ST_2 : Operation 182 [1/1] (1.51ns)   --->   "%tmp_375_i = add i32 %p_Result_89_i, %b_load" [sources/hashTable/hash.cpp:115]   --->   Operation 182 'add' 'tmp_375_i' <Predicate = (hashState_load == 5 & !tmp_315_i & tmp_636 & length_load == 9)> <Delay = 1.51> <Core = "AddSub">   --->   Core 14 'AddSub' <Latency = 0> <II = 1> <Delay = 1.51> <FuncUnit> <Opcode : 'add' 'sub'> <InPorts = 2> <OutPorts = 1>
ST_2 : Operation 183 [1/1] (1.35ns)   --->   "store i32 %tmp_375_i, i32* @b, align 4" [sources/hashTable/hash.cpp:115]   --->   Operation 183 'store' <Predicate = (hashState_load == 5 & !tmp_315_i & tmp_636 & length_load == 9)> <Delay = 1.35>
ST_2 : Operation 184 [1/1] (0.00ns)   --->   "%tmp_376_cast_i = zext i8 %temp_2_cast_i to i32" [sources/hashTable/hash.cpp:116]   --->   Operation 184 'zext' 'tmp_376_cast_i' <Predicate = (hashState_load == 5 & !tmp_315_i & tmp_636 & length_load == 9)> <Delay = 0.00>
ST_2 : Operation 185 [1/1] (1.51ns)   --->   "%tmp_377_i = add i32 %tmp_376_cast_i, %tmp_V_69" [sources/hashTable/hash.cpp:116]   --->   Operation 185 'add' 'tmp_377_i' <Predicate = (hashState_load == 5 & !tmp_315_i & tmp_636 & length_load == 9)> <Delay = 1.51> <Core = "AddSub">   --->   Core 14 'AddSub' <Latency = 0> <II = 1> <Delay = 1.51> <FuncUnit> <Opcode : 'add' 'sub'> <InPorts = 2> <OutPorts = 1>
ST_2 : Operation 186 [1/1] (1.28ns)   --->   "store i32 %tmp_377_i, i32* @c, align 4" [sources/hashTable/hash.cpp:116]   --->   Operation 186 'store' <Predicate = (hashState_load == 5 & !tmp_315_i & tmp_636 & length_load == 9)> <Delay = 1.28>
ST_2 : Operation 187 [1/1] (0.00ns)   --->   "br label %._crit_edge5.i" [sources/hashTable/hash.cpp:116]   --->   Operation 187 'br' <Predicate = (hashState_load == 5 & !tmp_315_i & tmp_636 & length_load == 9)> <Delay = 0.00>
ST_2 : Operation 188 [1/1] (1.51ns)   --->   "%tmp_370_i = add i32 %tmp_641, %a_load" [sources/hashTable/hash.cpp:110]   --->   Operation 188 'add' 'tmp_370_i' <Predicate = (hashState_load == 5 & !tmp_315_i & tmp_636 & length_load == 10)> <Delay = 1.51> <Core = "AddSub">   --->   Core 14 'AddSub' <Latency = 0> <II = 1> <Delay = 1.51> <FuncUnit> <Opcode : 'add' 'sub'> <InPorts = 2> <OutPorts = 1>
ST_2 : Operation 189 [1/1] (1.43ns)   --->   "store i32 %tmp_370_i, i32* @a, align 4" [sources/hashTable/hash.cpp:110]   --->   Operation 189 'store' <Predicate = (hashState_load == 5 & !tmp_315_i & tmp_636 & length_load == 10)> <Delay = 1.43>
ST_2 : Operation 190 [1/1] (1.51ns)   --->   "%tmp_371_i = add i32 %p_Result_86_i, %b_load" [sources/hashTable/hash.cpp:110]   --->   Operation 190 'add' 'tmp_371_i' <Predicate = (hashState_load == 5 & !tmp_315_i & tmp_636 & length_load == 10)> <Delay = 1.51> <Core = "AddSub">   --->   Core 14 'AddSub' <Latency = 0> <II = 1> <Delay = 1.51> <FuncUnit> <Opcode : 'add' 'sub'> <InPorts = 2> <OutPorts = 1>
ST_2 : Operation 191 [1/1] (1.35ns)   --->   "store i32 %tmp_371_i, i32* @b, align 4" [sources/hashTable/hash.cpp:110]   --->   Operation 191 'store' <Predicate = (hashState_load == 5 & !tmp_315_i & tmp_636 & length_load == 10)> <Delay = 1.35>
ST_2 : Operation 192 [1/1] (0.00ns)   --->   "%tmp_372_cast_i = zext i16 %temp_1_cast_i to i32" [sources/hashTable/hash.cpp:111]   --->   Operation 192 'zext' 'tmp_372_cast_i' <Predicate = (hashState_load == 5 & !tmp_315_i & tmp_636 & length_load == 10)> <Delay = 0.00>
ST_2 : Operation 193 [1/1] (1.51ns)   --->   "%tmp_373_i = add i32 %tmp_372_cast_i, %tmp_V_69" [sources/hashTable/hash.cpp:111]   --->   Operation 193 'add' 'tmp_373_i' <Predicate = (hashState_load == 5 & !tmp_315_i & tmp_636 & length_load == 10)> <Delay = 1.51> <Core = "AddSub">   --->   Core 14 'AddSub' <Latency = 0> <II = 1> <Delay = 1.51> <FuncUnit> <Opcode : 'add' 'sub'> <InPorts = 2> <OutPorts = 1>
ST_2 : Operation 194 [1/1] (1.28ns)   --->   "store i32 %tmp_373_i, i32* @c, align 4" [sources/hashTable/hash.cpp:111]   --->   Operation 194 'store' <Predicate = (hashState_load == 5 & !tmp_315_i & tmp_636 & length_load == 10)> <Delay = 1.28>
ST_2 : Operation 195 [1/1] (0.00ns)   --->   "br label %._crit_edge5.i" [sources/hashTable/hash.cpp:111]   --->   Operation 195 'br' <Predicate = (hashState_load == 5 & !tmp_315_i & tmp_636 & length_load == 10)> <Delay = 0.00>
ST_2 : Operation 196 [1/1] (1.51ns)   --->   "%tmp_366_i = add i32 %tmp_640, %a_load" [sources/hashTable/hash.cpp:105]   --->   Operation 196 'add' 'tmp_366_i' <Predicate = (hashState_load == 5 & !tmp_315_i & tmp_636 & length_load == 11)> <Delay = 1.51> <Core = "AddSub">   --->   Core 14 'AddSub' <Latency = 0> <II = 1> <Delay = 1.51> <FuncUnit> <Opcode : 'add' 'sub'> <InPorts = 2> <OutPorts = 1>
ST_2 : Operation 197 [1/1] (1.43ns)   --->   "store i32 %tmp_366_i, i32* @a, align 4" [sources/hashTable/hash.cpp:105]   --->   Operation 197 'store' <Predicate = (hashState_load == 5 & !tmp_315_i & tmp_636 & length_load == 11)> <Delay = 1.43>
ST_2 : Operation 198 [1/1] (1.51ns)   --->   "%tmp_367_i = add i32 %p_Result_83_i, %b_load" [sources/hashTable/hash.cpp:105]   --->   Operation 198 'add' 'tmp_367_i' <Predicate = (hashState_load == 5 & !tmp_315_i & tmp_636 & length_load == 11)> <Delay = 1.51> <Core = "AddSub">   --->   Core 14 'AddSub' <Latency = 0> <II = 1> <Delay = 1.51> <FuncUnit> <Opcode : 'add' 'sub'> <InPorts = 2> <OutPorts = 1>
ST_2 : Operation 199 [1/1] (1.35ns)   --->   "store i32 %tmp_367_i, i32* @b, align 4" [sources/hashTable/hash.cpp:105]   --->   Operation 199 'store' <Predicate = (hashState_load == 5 & !tmp_315_i & tmp_636 & length_load == 11)> <Delay = 1.35>
ST_2 : Operation 200 [1/1] (0.00ns)   --->   "%tmp_368_cast_i = zext i24 %temp_cast_i to i32" [sources/hashTable/hash.cpp:106]   --->   Operation 200 'zext' 'tmp_368_cast_i' <Predicate = (hashState_load == 5 & !tmp_315_i & tmp_636 & length_load == 11)> <Delay = 0.00>
ST_2 : Operation 201 [1/1] (1.51ns)   --->   "%tmp_369_i = add i32 %tmp_368_cast_i, %tmp_V_69" [sources/hashTable/hash.cpp:106]   --->   Operation 201 'add' 'tmp_369_i' <Predicate = (hashState_load == 5 & !tmp_315_i & tmp_636 & length_load == 11)> <Delay = 1.51> <Core = "AddSub">   --->   Core 14 'AddSub' <Latency = 0> <II = 1> <Delay = 1.51> <FuncUnit> <Opcode : 'add' 'sub'> <InPorts = 2> <OutPorts = 1>
ST_2 : Operation 202 [1/1] (1.28ns)   --->   "store i32 %tmp_369_i, i32* @c, align 4" [sources/hashTable/hash.cpp:106]   --->   Operation 202 'store' <Predicate = (hashState_load == 5 & !tmp_315_i & tmp_636 & length_load == 11)> <Delay = 1.28>
ST_2 : Operation 203 [1/1] (0.00ns)   --->   "br label %._crit_edge5.i" [sources/hashTable/hash.cpp:106]   --->   Operation 203 'br' <Predicate = (hashState_load == 5 & !tmp_315_i & tmp_636 & length_load == 11)> <Delay = 0.00>
ST_2 : Operation 204 [1/1] (1.51ns)   --->   "%tmp_363_i = add i32 %tmp_639, %a_load" [sources/hashTable/hash.cpp:101]   --->   Operation 204 'add' 'tmp_363_i' <Predicate = (hashState_load == 5 & !tmp_315_i & tmp_636 & length_load == 12)> <Delay = 1.51> <Core = "AddSub">   --->   Core 14 'AddSub' <Latency = 0> <II = 1> <Delay = 1.51> <FuncUnit> <Opcode : 'add' 'sub'> <InPorts = 2> <OutPorts = 1>
ST_2 : Operation 205 [1/1] (1.43ns)   --->   "store i32 %tmp_363_i, i32* @a, align 4" [sources/hashTable/hash.cpp:101]   --->   Operation 205 'store' <Predicate = (hashState_load == 5 & !tmp_315_i & tmp_636 & length_load == 12)> <Delay = 1.43>
ST_2 : Operation 206 [1/1] (1.51ns)   --->   "%tmp_364_i = add i32 %p_Result_80_i, %b_load" [sources/hashTable/hash.cpp:101]   --->   Operation 206 'add' 'tmp_364_i' <Predicate = (hashState_load == 5 & !tmp_315_i & tmp_636 & length_load == 12)> <Delay = 1.51> <Core = "AddSub">   --->   Core 14 'AddSub' <Latency = 0> <II = 1> <Delay = 1.51> <FuncUnit> <Opcode : 'add' 'sub'> <InPorts = 2> <OutPorts = 1>
ST_2 : Operation 207 [1/1] (1.35ns)   --->   "store i32 %tmp_364_i, i32* @b, align 4" [sources/hashTable/hash.cpp:101]   --->   Operation 207 'store' <Predicate = (hashState_load == 5 & !tmp_315_i & tmp_636 & length_load == 12)> <Delay = 1.35>
ST_2 : Operation 208 [1/1] (1.51ns)   --->   "%tmp_365_i = add i32 %p_Result_81_i, %tmp_V_69" [sources/hashTable/hash.cpp:101]   --->   Operation 208 'add' 'tmp_365_i' <Predicate = (hashState_load == 5 & !tmp_315_i & tmp_636 & length_load == 12)> <Delay = 1.51> <Core = "AddSub">   --->   Core 14 'AddSub' <Latency = 0> <II = 1> <Delay = 1.51> <FuncUnit> <Opcode : 'add' 'sub'> <InPorts = 2> <OutPorts = 1>
ST_2 : Operation 209 [1/1] (1.28ns)   --->   "store i32 %tmp_365_i, i32* @c, align 4" [sources/hashTable/hash.cpp:101]   --->   Operation 209 'store' <Predicate = (hashState_load == 5 & !tmp_315_i & tmp_636 & length_load == 12)> <Delay = 1.28>
ST_2 : Operation 210 [1/1] (0.00ns)   --->   "br label %._crit_edge5.i" [sources/hashTable/hash.cpp:101]   --->   Operation 210 'br' <Predicate = (hashState_load == 5 & !tmp_315_i & tmp_636 & length_load == 12)> <Delay = 0.00>
ST_2 : Operation 211 [1/1] (0.00ns)   --->   "br label %._crit_edge4.i" [sources/hashTable/hash.cpp:155]   --->   Operation 211 'br' <Predicate = (hashState_load == 5 & !tmp_315_i & tmp_636)> <Delay = 0.00>
ST_2 : Operation 212 [1/1] (0.00ns)   --->   "br label %24"   --->   Operation 212 'br' <Predicate = (hashState_load == 5 & !tmp_315_i)> <Delay = 0.00>
ST_2 : Operation 213 [1/1] (2.39ns)   --->   "call void @_ssdm_op_Write.ap_fifo.volatile.i32P(i32* @hash2cc_V_V, i32 %tmp_V_69) nounwind" [sources/hashTable/hash.cpp:93]   --->   Operation 213 'write' <Predicate = (hashState_load == 5 & tmp_315_i)> <Delay = 2.39> <Core = "FIFO">   --->   Core 32 'FIFO' <Latency = 0> <II = 1> <Delay = 2.39> <Storage> <Opcode : 'read' 'write' 'nbread' 'nbwrite'> <Ports = 0> <Width = 32> <Depth = 2> <FIFO>
ST_2 : Operation 214 [1/1] (0.00ns)   --->   "br label %24" [sources/hashTable/hash.cpp:95]   --->   Operation 214 'br' <Predicate = (hashState_load == 5 & tmp_315_i)> <Delay = 0.00>
ST_2 : Operation 215 [1/1] (1.51ns)   --->   "%tmp_307_i = sub i32 %tmp_V_69, %b_load" [sources/hashTable/hash.cpp:82]   --->   Operation 215 'sub' 'tmp_307_i' <Predicate = (hashState_load == 4)> <Delay = 1.51> <Core = "AddSub">   --->   Core 14 'AddSub' <Latency = 0> <II = 1> <Delay = 1.51> <FuncUnit> <Opcode : 'add' 'sub'> <InPorts = 2> <OutPorts = 1>
ST_2 : Operation 216 [1/1] (0.00ns)   --->   "%tmp_625 = trunc i32 %b_load to i28" [sources/hashTable/hash.cpp:61]   --->   Operation 216 'trunc' 'tmp_625' <Predicate = (hashState_load == 4)> <Delay = 0.00>
ST_2 : Operation 217 [1/1] (0.00ns)   --->   "%tmp_309_i = call i4 @_ssdm_op_PartSelect.i4.i32.i32.i32(i32 %b_load, i32 28, i32 31)" [sources/hashTable/hash.cpp:82]   --->   Operation 217 'partselect' 'tmp_309_i' <Predicate = (hashState_load == 4)> <Delay = 0.00>
ST_2 : Operation 218 [1/1] (0.00ns)   --->   "%tmp_310_i = call i32 @_ssdm_op_BitConcatenate.i32.i28.i4(i28 %tmp_625, i4 %tmp_309_i)" [sources/hashTable/hash.cpp:82]   --->   Operation 218 'bitconcatenate' 'tmp_310_i' <Predicate = (hashState_load == 4)> <Delay = 0.00>
ST_2 : Operation 219 [1/1] (0.52ns)   --->   "%tmp_311_i = xor i32 %tmp_307_i, %tmp_310_i" [sources/hashTable/hash.cpp:82]   --->   Operation 219 'xor' 'tmp_311_i' <Predicate = (hashState_load == 4)> <Delay = 0.52> <Core = "LogicGate">   --->   Core 27 'LogicGate' <Latency = 0> <II = 1> <Delay = 0.52> <FuncUnit> <Opcode : 'and' 'or' 'xor'> <InPorts = 2> <OutPorts = 1>
ST_2 : Operation 220 [1/1] (1.28ns)   --->   "store i32 %tmp_311_i, i32* @c, align 4" [sources/hashTable/hash.cpp:82]   --->   Operation 220 'store' <Predicate = (hashState_load == 4)> <Delay = 1.28>
ST_2 : Operation 221 [1/1] (1.51ns)   --->   "%tmp_312_i = add i32 %b_load, %a_load" [sources/hashTable/hash.cpp:82]   --->   Operation 221 'add' 'tmp_312_i' <Predicate = (hashState_load == 4)> <Delay = 1.51> <Core = "AddSub">   --->   Core 14 'AddSub' <Latency = 0> <II = 1> <Delay = 1.51> <FuncUnit> <Opcode : 'add' 'sub'> <InPorts = 2> <OutPorts = 1>
ST_2 : Operation 222 [1/1] (1.35ns)   --->   "store i32 %tmp_312_i, i32* @b, align 4" [sources/hashTable/hash.cpp:82]   --->   Operation 222 'store' <Predicate = (hashState_load == 4)> <Delay = 1.35>
ST_2 : Operation 223 [1/1] (1.51ns)   --->   "%tmp_295_i = sub i32 %a_load, %tmp_V_69" [sources/hashTable/hash.cpp:76]   --->   Operation 223 'sub' 'tmp_295_i' <Predicate = (hashState_load == 3)> <Delay = 1.51> <Core = "AddSub">   --->   Core 14 'AddSub' <Latency = 0> <II = 1> <Delay = 1.51> <FuncUnit> <Opcode : 'add' 'sub'> <InPorts = 2> <OutPorts = 1>
ST_2 : Operation 224 [1/1] (0.00ns)   --->   "%tmp_623 = trunc i32 %tmp_V_69 to i16" [sources/hashTable/hash.cpp:62]   --->   Operation 224 'trunc' 'tmp_623' <Predicate = (hashState_load == 3)> <Delay = 0.00>
ST_2 : Operation 225 [1/1] (0.00ns)   --->   "%tmp_297_i = call i16 @_ssdm_op_PartSelect.i16.i32.i32.i32(i32 %tmp_V_69, i32 16, i32 31)" [sources/hashTable/hash.cpp:76]   --->   Operation 225 'partselect' 'tmp_297_i' <Predicate = (hashState_load == 3)> <Delay = 0.00>
ST_2 : Operation 226 [1/1] (0.00ns)   --->   "%tmp_298_i = call i32 @_ssdm_op_BitConcatenate.i32.i16.i16(i16 %tmp_623, i16 %tmp_297_i)" [sources/hashTable/hash.cpp:76]   --->   Operation 226 'bitconcatenate' 'tmp_298_i' <Predicate = (hashState_load == 3)> <Delay = 0.00>
ST_2 : Operation 227 [1/1] (0.52ns)   --->   "%tmp_299_i = xor i32 %tmp_295_i, %tmp_298_i" [sources/hashTable/hash.cpp:76]   --->   Operation 227 'xor' 'tmp_299_i' <Predicate = (hashState_load == 3)> <Delay = 0.52> <Core = "LogicGate">   --->   Core 27 'LogicGate' <Latency = 0> <II = 1> <Delay = 0.52> <FuncUnit> <Opcode : 'and' 'or' 'xor'> <InPorts = 2> <OutPorts = 1>
ST_2 : Operation 228 [1/1] (1.51ns)   --->   "%tmp_300_i = add i32 %b_load, %tmp_V_69" [sources/hashTable/hash.cpp:76]   --->   Operation 228 'add' 'tmp_300_i' <Predicate = (hashState_load == 3)> <Delay = 1.51> <Core = "AddSub">   --->   Core 14 'AddSub' <Latency = 0> <II = 1> <Delay = 1.51> <FuncUnit> <Opcode : 'add' 'sub'> <InPorts = 2> <OutPorts = 1>
ST_2 : Operation 229 [1/1] (1.28ns)   --->   "store i32 %tmp_300_i, i32* @c, align 4" [sources/hashTable/hash.cpp:76]   --->   Operation 229 'store' <Predicate = (hashState_load == 3)> <Delay = 1.28>
ST_2 : Operation 230 [1/1] (1.51ns)   --->   "%tmp_301_i = sub i32 %b_load, %tmp_299_i" [sources/hashTable/hash.cpp:77]   --->   Operation 230 'sub' 'tmp_301_i' <Predicate = (hashState_load == 3)> <Delay = 1.51> <Core = "AddSub">   --->   Core 14 'AddSub' <Latency = 0> <II = 1> <Delay = 1.51> <FuncUnit> <Opcode : 'add' 'sub'> <InPorts = 2> <OutPorts = 1>
ST_2 : Operation 231 [1/1] (0.00ns)   --->   "%tmp_624 = trunc i32 %tmp_299_i to i13" [sources/hashTable/hash.cpp:76]   --->   Operation 231 'trunc' 'tmp_624' <Predicate = (hashState_load == 3)> <Delay = 0.00>
ST_2 : Operation 232 [1/1] (0.00ns)   --->   "%tmp_303_i = call i19 @_ssdm_op_PartSelect.i19.i32.i32.i32(i32 %tmp_299_i, i32 13, i32 31)" [sources/hashTable/hash.cpp:77]   --->   Operation 232 'partselect' 'tmp_303_i' <Predicate = (hashState_load == 3)> <Delay = 0.00>
ST_2 : Operation 233 [1/1] (0.00ns)   --->   "%tmp_304_i = call i32 @_ssdm_op_BitConcatenate.i32.i13.i19(i13 %tmp_624, i19 %tmp_303_i)" [sources/hashTable/hash.cpp:77]   --->   Operation 233 'bitconcatenate' 'tmp_304_i' <Predicate = (hashState_load == 3)> <Delay = 0.00>
ST_2 : Operation 234 [1/1] (0.52ns)   --->   "%tmp_305_i = xor i32 %tmp_304_i, %tmp_301_i" [sources/hashTable/hash.cpp:77]   --->   Operation 234 'xor' 'tmp_305_i' <Predicate = (hashState_load == 3)> <Delay = 0.52> <Core = "LogicGate">   --->   Core 27 'LogicGate' <Latency = 0> <II = 1> <Delay = 0.52> <FuncUnit> <Opcode : 'and' 'or' 'xor'> <InPorts = 2> <OutPorts = 1>
ST_2 : Operation 235 [1/1] (1.35ns)   --->   "store i32 %tmp_305_i, i32* @b, align 4" [sources/hashTable/hash.cpp:77]   --->   Operation 235 'store' <Predicate = (hashState_load == 3)> <Delay = 1.35>
ST_2 : Operation 236 [1/1] (1.51ns)   --->   "%tmp_306_i = add i32 %tmp_299_i, %tmp_300_i" [sources/hashTable/hash.cpp:77]   --->   Operation 236 'add' 'tmp_306_i' <Predicate = (hashState_load == 3)> <Delay = 1.51> <Core = "AddSub">   --->   Core 14 'AddSub' <Latency = 0> <II = 1> <Delay = 1.51> <FuncUnit> <Opcode : 'add' 'sub'> <InPorts = 2> <OutPorts = 1>
ST_2 : Operation 237 [1/1] (1.43ns)   --->   "store i32 %tmp_306_i, i32* @a, align 4" [sources/hashTable/hash.cpp:77]   --->   Operation 237 'store' <Predicate = (hashState_load == 3)> <Delay = 1.43>
ST_2 : Operation 238 [1/1] (1.51ns)   --->   "%tmp_i = sub i32 %b_load, %a_load" [sources/hashTable/hash.cpp:70]   --->   Operation 238 'sub' 'tmp_i' <Predicate = (hashState_load == 2)> <Delay = 1.51> <Core = "AddSub">   --->   Core 14 'AddSub' <Latency = 0> <II = 1> <Delay = 1.51> <FuncUnit> <Opcode : 'add' 'sub'> <InPorts = 2> <OutPorts = 1>
ST_2 : Operation 239 [1/1] (0.00ns)   --->   "%tmp_621 = trunc i32 %a_load to i26" [sources/hashTable/hash.cpp:60]   --->   Operation 239 'trunc' 'tmp_621' <Predicate = (hashState_load == 2)> <Delay = 0.00>
ST_2 : Operation 240 [1/1] (0.00ns)   --->   "%tmp_285_i = call i6 @_ssdm_op_PartSelect.i6.i32.i32.i32(i32 %a_load, i32 26, i32 31)" [sources/hashTable/hash.cpp:70]   --->   Operation 240 'partselect' 'tmp_285_i' <Predicate = (hashState_load == 2)> <Delay = 0.00>
ST_2 : Operation 241 [1/1] (0.00ns)   --->   "%tmp_286_i = call i32 @_ssdm_op_BitConcatenate.i32.i26.i6(i26 %tmp_621, i6 %tmp_285_i)" [sources/hashTable/hash.cpp:70]   --->   Operation 241 'bitconcatenate' 'tmp_286_i' <Predicate = (hashState_load == 2)> <Delay = 0.00>
ST_2 : Operation 242 [1/1] (0.52ns)   --->   "%tmp_287_i = xor i32 %tmp_i, %tmp_286_i" [sources/hashTable/hash.cpp:70]   --->   Operation 242 'xor' 'tmp_287_i' <Predicate = (hashState_load == 2)> <Delay = 0.52> <Core = "LogicGate">   --->   Core 27 'LogicGate' <Latency = 0> <II = 1> <Delay = 0.52> <FuncUnit> <Opcode : 'and' 'or' 'xor'> <InPorts = 2> <OutPorts = 1>
ST_2 : Operation 243 [1/1] (1.51ns)   --->   "%tmp_288_i = add i32 %tmp_V_69, %a_load" [sources/hashTable/hash.cpp:70]   --->   Operation 243 'add' 'tmp_288_i' <Predicate = (hashState_load == 2)> <Delay = 1.51> <Core = "AddSub">   --->   Core 14 'AddSub' <Latency = 0> <II = 1> <Delay = 1.51> <FuncUnit> <Opcode : 'add' 'sub'> <InPorts = 2> <OutPorts = 1>
ST_2 : Operation 244 [1/1] (1.43ns)   --->   "store i32 %tmp_288_i, i32* @a, align 4" [sources/hashTable/hash.cpp:70]   --->   Operation 244 'store' <Predicate = (hashState_load == 2)> <Delay = 1.43>
ST_2 : Operation 245 [1/1] (1.51ns)   --->   "%tmp_289_i = sub i32 %tmp_V_69, %tmp_287_i" [sources/hashTable/hash.cpp:71]   --->   Operation 245 'sub' 'tmp_289_i' <Predicate = (hashState_load == 2)> <Delay = 1.51> <Core = "AddSub">   --->   Core 14 'AddSub' <Latency = 0> <II = 1> <Delay = 1.51> <FuncUnit> <Opcode : 'add' 'sub'> <InPorts = 2> <OutPorts = 1>
ST_2 : Operation 246 [1/1] (0.00ns)   --->   "%tmp_622 = trunc i32 %tmp_287_i to i24" [sources/hashTable/hash.cpp:70]   --->   Operation 246 'trunc' 'tmp_622' <Predicate = (hashState_load == 2)> <Delay = 0.00>
ST_2 : Operation 247 [1/1] (0.00ns)   --->   "%tmp_291_i = call i8 @_ssdm_op_PartSelect.i8.i32.i32.i32(i32 %tmp_287_i, i32 24, i32 31)" [sources/hashTable/hash.cpp:71]   --->   Operation 247 'partselect' 'tmp_291_i' <Predicate = (hashState_load == 2)> <Delay = 0.00>
ST_2 : Operation 248 [1/1] (0.00ns)   --->   "%tmp_292_i = call i32 @_ssdm_op_BitConcatenate.i32.i24.i8(i24 %tmp_622, i8 %tmp_291_i)" [sources/hashTable/hash.cpp:71]   --->   Operation 248 'bitconcatenate' 'tmp_292_i' <Predicate = (hashState_load == 2)> <Delay = 0.00>
ST_2 : Operation 249 [1/1] (0.52ns)   --->   "%tmp_293_i = xor i32 %tmp_292_i, %tmp_289_i" [sources/hashTable/hash.cpp:71]   --->   Operation 249 'xor' 'tmp_293_i' <Predicate = (hashState_load == 2)> <Delay = 0.52> <Core = "LogicGate">   --->   Core 27 'LogicGate' <Latency = 0> <II = 1> <Delay = 0.52> <FuncUnit> <Opcode : 'and' 'or' 'xor'> <InPorts = 2> <OutPorts = 1>
ST_2 : Operation 250 [1/1] (1.28ns)   --->   "store i32 %tmp_293_i, i32* @c, align 4" [sources/hashTable/hash.cpp:71]   --->   Operation 250 'store' <Predicate = (hashState_load == 2)> <Delay = 1.28>
ST_2 : Operation 251 [1/1] (1.51ns)   --->   "%tmp_294_i = add i32 %tmp_287_i, %tmp_288_i" [sources/hashTable/hash.cpp:71]   --->   Operation 251 'add' 'tmp_294_i' <Predicate = (hashState_load == 2)> <Delay = 1.51> <Core = "AddSub">   --->   Core 14 'AddSub' <Latency = 0> <II = 1> <Delay = 1.51> <FuncUnit> <Opcode : 'add' 'sub'> <InPorts = 2> <OutPorts = 1>
ST_2 : Operation 252 [1/1] (1.35ns)   --->   "store i32 %tmp_294_i, i32* @b, align 4" [sources/hashTable/hash.cpp:71]   --->   Operation 252 'store' <Predicate = (hashState_load == 2)> <Delay = 1.35>
ST_2 : Operation 253 [1/1] (0.00ns)   --->   "br i1 %tmp_620, label %4, label %._crit_edge3.i" [sources/hashTable/hash.cpp:58]   --->   Operation 253 'br' <Predicate = (hashState_load == 1)> <Delay = 0.00>
ST_2 : Operation 254 [1/1] (1.51ns)   --->   "%tmp_350_i = add i32 %b_load, %p_Result_i" [sources/hashTable/hash.cpp:61]   --->   Operation 254 'add' 'tmp_350_i' <Predicate = (hashState_load == 1 & tmp_620)> <Delay = 1.51> <Core = "AddSub">   --->   Core 14 'AddSub' <Latency = 0> <II = 1> <Delay = 1.51> <FuncUnit> <Opcode : 'add' 'sub'> <InPorts = 2> <OutPorts = 1>
ST_2 : Operation 255 [1/1] (1.35ns)   --->   "store i32 %tmp_350_i, i32* @b, align 4" [sources/hashTable/hash.cpp:61]   --->   Operation 255 'store' <Predicate = (hashState_load == 1 & tmp_620)> <Delay = 1.35>
ST_2 : Operation 256 [1/1] (1.51ns)   --->   "%tmp_351_i = add i32 %tmp_V_69, %p_Result_78_i" [sources/hashTable/hash.cpp:62]   --->   Operation 256 'add' 'tmp_351_i' <Predicate = (hashState_load == 1 & tmp_620)> <Delay = 1.51> <Core = "AddSub">   --->   Core 14 'AddSub' <Latency = 0> <II = 1> <Delay = 1.51> <FuncUnit> <Opcode : 'add' 'sub'> <InPorts = 2> <OutPorts = 1>
ST_2 : Operation 257 [1/1] (0.00ns) (grouped into TernaryAdder)   --->   "%tmp_352_i = add i32 %a_load, %tmp_634" [sources/hashTable/hash.cpp:60]   --->   Operation 257 'add' 'tmp_352_i' <Predicate = (hashState_load == 1 & tmp_620)> <Delay = 0.00> <Core = "TAddSub">   --->   Core 80 'TAddSub' <Latency = 0> <II = 1> <Delay = 1.12> <IPBlock> <Opcode : 'add' 'sub'> <InPorts = 3> <OutPorts = 1> <Sync> <CReg>
ST_2 : Operation 258 [1/1] (2.25ns) (root node of TernaryAdder)   --->   "%tmp_353_i = sub i32 %tmp_352_i, %tmp_351_i" [sources/hashTable/hash.cpp:64]   --->   Operation 258 'sub' 'tmp_353_i' <Predicate = (hashState_load == 1 & tmp_620)> <Delay = 2.25> <Core = "TAddSub">   --->   Core 80 'TAddSub' <Latency = 0> <II = 1> <Delay = 1.12> <IPBlock> <Opcode : 'add' 'sub'> <InPorts = 3> <OutPorts = 1> <Sync> <CReg>
ST_2 : Operation 259 [1/1] (0.00ns)   --->   "%tmp_635 = trunc i32 %tmp_351_i to i28" [sources/hashTable/hash.cpp:62]   --->   Operation 259 'trunc' 'tmp_635' <Predicate = (hashState_load == 1 & tmp_620)> <Delay = 0.00>
ST_2 : Operation 260 [1/1] (0.00ns)   --->   "%tmp_355_i = call i4 @_ssdm_op_PartSelect.i4.i32.i32.i32(i32 %tmp_351_i, i32 28, i32 31)" [sources/hashTable/hash.cpp:64]   --->   Operation 260 'partselect' 'tmp_355_i' <Predicate = (hashState_load == 1 & tmp_620)> <Delay = 0.00>
ST_2 : Operation 261 [1/1] (0.00ns)   --->   "%tmp_356_i = call i32 @_ssdm_op_BitConcatenate.i32.i28.i4(i28 %tmp_635, i4 %tmp_355_i)" [sources/hashTable/hash.cpp:64]   --->   Operation 261 'bitconcatenate' 'tmp_356_i' <Predicate = (hashState_load == 1 & tmp_620)> <Delay = 0.00>
ST_2 : Operation 262 [1/1] (0.52ns)   --->   "%tmp_357_i = xor i32 %tmp_356_i, %tmp_353_i" [sources/hashTable/hash.cpp:64]   --->   Operation 262 'xor' 'tmp_357_i' <Predicate = (hashState_load == 1 & tmp_620)> <Delay = 0.52> <Core = "LogicGate">   --->   Core 27 'LogicGate' <Latency = 0> <II = 1> <Delay = 0.52> <FuncUnit> <Opcode : 'and' 'or' 'xor'> <InPorts = 2> <OutPorts = 1>
ST_2 : Operation 263 [1/1] (1.43ns)   --->   "store i32 %tmp_357_i, i32* @a, align 4" [sources/hashTable/hash.cpp:64]   --->   Operation 263 'store' <Predicate = (hashState_load == 1 & tmp_620)> <Delay = 1.43>
ST_2 : Operation 264 [1/1] (1.51ns)   --->   "%tmp_358_i = add i32 %tmp_351_i, %tmp_350_i" [sources/hashTable/hash.cpp:64]   --->   Operation 264 'add' 'tmp_358_i' <Predicate = (hashState_load == 1 & tmp_620)> <Delay = 1.51> <Core = "AddSub">   --->   Core 14 'AddSub' <Latency = 0> <II = 1> <Delay = 1.51> <FuncUnit> <Opcode : 'add' 'sub'> <InPorts = 2> <OutPorts = 1>
ST_2 : Operation 265 [1/1] (1.28ns)   --->   "store i32 %tmp_358_i, i32* @c, align 4" [sources/hashTable/hash.cpp:64]   --->   Operation 265 'store' <Predicate = (hashState_load == 1 & tmp_620)> <Delay = 1.28>
ST_2 : Operation 266 [1/1] (0.00ns)   --->   "br label %._crit_edge3.i" [sources/hashTable/hash.cpp:66]   --->   Operation 266 'br' <Predicate = (hashState_load == 1 & tmp_620)> <Delay = 0.00>
ST_2 : Operation 267 [1/1] (1.28ns)   --->   "store i32 %tmp_361_i, i32* @c, align 4" [sources/hashTable/hash.cpp:49]   --->   Operation 267 'store' <Predicate = (hashState_load == 0 & tmp & tmp_633)> <Delay = 1.28>
ST_2 : Operation 268 [1/1] (1.35ns)   --->   "store i32 %tmp_361_i, i32* @b, align 4" [sources/hashTable/hash.cpp:49]   --->   Operation 268 'store' <Predicate = (hashState_load == 0 & tmp & tmp_633)> <Delay = 1.35>
ST_2 : Operation 269 [1/1] (1.43ns)   --->   "store i32 %tmp_361_i, i32* @a, align 4" [sources/hashTable/hash.cpp:49]   --->   Operation 269 'store' <Predicate = (hashState_load == 0 & tmp & tmp_633)> <Delay = 1.43>
ST_2 : Operation 270 [1/1] (0.00ns)   --->   "br label %._crit_edge1.i" [sources/hashTable/hash.cpp:54]   --->   Operation 270 'br' <Predicate = (hashState_load == 0 & tmp & tmp_633)> <Delay = 0.00>
ST_2 : Operation 271 [1/1] (0.00ns)   --->   "ret void"   --->   Operation 271 'ret' <Predicate = true> <Delay = 0.00>


============================================================
+ Verbose Summary: Timing violations
============================================================
Target clock period: 6.66ns, clock uncertainty: 0.832ns.

 <State 1>: 5.48ns
The critical path consists of the following:
	fifo read on port 'resizedKeyLength_V' (sources/hashTable/hash.cpp:47) [296]  (2.39 ns)
	'icmp' operation ('tmp_362_i', sources/hashTable/hash.cpp:50) [305]  (1.26 ns)
	'select' operation ('storemerge29_cast_i_s', sources/hashTable/hash.cpp:50) [306]  (0.585 ns)
	'store' operation (sources/hashTable/hash.cpp:51) of variable 'storemerge29_cast_i_s', sources/hashTable/hash.cpp:50 on static variable 'hashState' [307]  (1.24 ns)

 <State 2>: 5.72ns
The critical path consists of the following:
	'load' operation ('val', sources/hashTable/hash.cpp:62) on static variable 'c' [19]  (0 ns)
	'add' operation ('tmp_351_i', sources/hashTable/hash.cpp:62) [275]  (1.51 ns)
	'sub' operation ('tmp_353_i', sources/hashTable/hash.cpp:64) [277]  (2.25 ns)
	'xor' operation ('tmp_357_i', sources/hashTable/hash.cpp:64) [281]  (0.521 ns)
	'store' operation (sources/hashTable/hash.cpp:64) of variable 'tmp_357_i', sources/hashTable/hash.cpp:64 on static variable 'a' [282]  (1.43 ns)


============================================================
+ Verbose Summary: Binding
============================================================
N/A
* FSMD analyzer results:
  - Output states:
 - Input state : 
  - Chain level:
	State 1
	State 2


============================================================
+ Verbose Summary: Datapath Resource usage 
============================================================
N/A
