

================================================================
== Vivado HLS Report for 'bp_r'
================================================================
* Date:           Fri Nov  9 23:08:29 2018

* Version:        2018.2 (Build 2258646 on Thu Jun 14 20:25:20 MDT 2018)
* Project:        memcachedPipeline_prj
* Solution:       solution1
* Product family: virtex7
* Target device:  xc7vx690tffg1761-2


================================================================
== Performance Estimates
================================================================
+ Timing (ns): 
    * Summary: 
    +--------+-------+----------+------------+
    |  Clock | Target| Estimated| Uncertainty|
    +--------+-------+----------+------------+
    |ap_clk  |   6.66|     4.784|        0.83|
    +--------+-------+----------+------------+

+ Latency (clock cycles): 
    * Summary: 
    +-----+-----+-----+-----+----------+
    |  Latency  |  Interval | Pipeline |
    | min | max | min | max |   Type   |
    +-----+-----+-----+-----+----------+
    |    1|    1|    1|    1| function |
    +-----+-----+-----+-----+----------+

    + Detail: 
        * Instance: 
        N/A

        * Loop: 
        N/A

============================================================
+ Verbose Summary: Synthesis Manager
============================================================
InlineROM: 1
ExposeGlobal: 0
============================================================
+ Verbose Summary: CDFG Model
============================================================
IsTopModel: 0
ResetActiveHigh: 1
IsCombinational: 2
IsDatapathOnly: 0
HasWiredReturn: 1
HasMFsm: 1
HasVarLatency: 0
IsPipeline: 1
IsRtlPipelined: 1
IsInstanceOverlapped: 0
IsDontTouch: 0
HasImplIP: 0
IsGatedGlobalClock: 0

+ Individual pipeline summary: 
  * Pipeline-0: initiation interval (II) = 1, depth = 2


============================================================
+ Verbose Summary: Schedule
============================================================
* Number of FSM states : 2
* Pipeline : 1
  Pipeline-0 : II = 1, D = 2, States = { 1 2 }
* Dataflow Pipeline: 0

* FSM state transitions: 
1 --> 
	2  / true
2 --> 

* FSM state operations: 

State 1 <SV = 0> <Delay = 4.78>
ST_1 : Operation 3 [1/1] (0.00ns)   --->   "%binaryParserRearStat_1 = load i2* @binaryParserRearStat, align 1" [sources/requestParser/requestParser.cpp:193]   --->   Operation 3 'load' 'binaryParserRearStat_1' <Predicate = true> <Delay = 0.00>
ST_1 : Operation 4 [1/1] (0.00ns)   --->   "%p_Val2_31 = load i248* @outMetadataBuffer_V, align 16" [sources/requestParser/requestParser.cpp:203]   --->   Operation 4 'load' 'p_Val2_31' <Predicate = true> <Delay = 0.00>
ST_1 : Operation 5 [1/1] (0.00ns)   --->   "%bpr_opCode_load = load i8* @bpr_opCode, align 1" [sources/requestParser/requestParser.cpp:202]   --->   Operation 5 'load' 'bpr_opCode_load' <Predicate = true> <Delay = 0.00>
ST_1 : Operation 6 [1/1] (0.00ns)   --->   "%bpr_valueLength_load = load i16* @bpr_valueLength, align 2" [sources/requestParser/requestParser.cpp:226]   --->   Operation 6 'load' 'bpr_valueLength_load' <Predicate = true> <Delay = 0.00>
ST_1 : Operation 7 [1/1] (0.00ns)   --->   "%bpr_keyLength_load = load i8* @bpr_keyLength, align 1" [sources/requestParser/requestParser.cpp:226]   --->   Operation 7 'load' 'bpr_keyLength_load' <Predicate = true> <Delay = 0.00>
ST_1 : Operation 8 [1/1] (0.92ns)   --->   "switch i2 %binaryParserRearStat_1, label %._crit_edge2.i [
    i2 0, label %0
    i2 1, label %2
    i2 -2, label %7
  ]" [sources/requestParser/requestParser.cpp:193]   --->   Operation 8 'switch' <Predicate = true> <Delay = 0.92>
ST_1 : Operation 9 [1/1] (0.86ns)   --->   "%tmp_287_i = icmp eq i8 %bpr_keyLength_load, 0" [sources/requestParser/requestParser.cpp:226]   --->   Operation 9 'icmp' 'tmp_287_i' <Predicate = (binaryParserRearStat_1 == 2)> <Delay = 0.86> <Core = "Cmp">   --->   Core 25 'Cmp' <Latency = 0> <II = 1> <Delay = 1.18> <FuncUnit> <Opcode : 'icmp'> <InPorts = 2> <OutPorts = 1>
ST_1 : Operation 10 [1/1] (0.00ns)   --->   "br i1 %tmp_287_i, label %._crit_edge15.i, label %8" [sources/requestParser/requestParser.cpp:226]   --->   Operation 10 'br' <Predicate = (binaryParserRearStat_1 == 2)> <Delay = 0.00>
ST_1 : Operation 11 [1/1] (0.00ns)   --->   "%tmp_548 = call i1 @_ssdm_op_NbReadReq.ap_fifo.i64P(i64* @keyBuffer_rp_V_V, i32 1) nounwind" [sources/requestParser/requestParser.cpp:226]   --->   Operation 11 'nbreadreq' 'tmp_548' <Predicate = (binaryParserRearStat_1 == 2 & !tmp_287_i)> <Delay = 0.00> <Core = "FIFO">   --->   Core 32 'FIFO' <Latency = 0> <II = 1> <Delay = 2.39> <Storage> <Opcode : 'read' 'write' 'nbread' 'nbwrite'> <Ports = 0> <Width = 248> <Depth = 2> <FIFO>
ST_1 : Operation 12 [1/1] (0.92ns)   --->   "br i1 %tmp_548, label %._crit_edge15.i, label %._crit_edge2.i" [sources/requestParser/requestParser.cpp:226]   --->   Operation 12 'br' <Predicate = (binaryParserRearStat_1 == 2 & !tmp_287_i)> <Delay = 0.92>
ST_1 : Operation 13 [1/1] (1.18ns)   --->   "%tmp_289_i = icmp eq i16 %bpr_valueLength_load, 0" [sources/requestParser/requestParser.cpp:226]   --->   Operation 13 'icmp' 'tmp_289_i' <Predicate = (binaryParserRearStat_1 == 2 & tmp_287_i) | (binaryParserRearStat_1 == 2 & tmp_548)> <Delay = 1.18> <Core = "Cmp">   --->   Core 25 'Cmp' <Latency = 0> <II = 1> <Delay = 1.18> <FuncUnit> <Opcode : 'icmp'> <InPorts = 2> <OutPorts = 1>
ST_1 : Operation 14 [1/1] (0.00ns)   --->   "br i1 %tmp_289_i, label %._crit_edge19.i, label %9" [sources/requestParser/requestParser.cpp:226]   --->   Operation 14 'br' <Predicate = (binaryParserRearStat_1 == 2 & tmp_287_i) | (binaryParserRearStat_1 == 2 & tmp_548)> <Delay = 0.00>
ST_1 : Operation 15 [1/1] (0.00ns)   --->   "%tmp_551 = call i1 @_ssdm_op_NbReadReq.ap_fifo.i64P(i64* @valueBuffer_rp_V_V, i32 1) nounwind" [sources/requestParser/requestParser.cpp:226]   --->   Operation 15 'nbreadreq' 'tmp_551' <Predicate = (binaryParserRearStat_1 == 2 & tmp_287_i & !tmp_289_i) | (binaryParserRearStat_1 == 2 & tmp_548 & !tmp_289_i)> <Delay = 0.00> <Core = "FIFO">   --->   Core 32 'FIFO' <Latency = 0> <II = 1> <Delay = 2.39> <Storage> <Opcode : 'read' 'write' 'nbread' 'nbwrite'> <Ports = 0> <Width = 248> <Depth = 2> <FIFO>
ST_1 : Operation 16 [1/1] (0.92ns)   --->   "br i1 %tmp_551, label %._crit_edge19.i, label %._crit_edge2.i" [sources/requestParser/requestParser.cpp:226]   --->   Operation 16 'br' <Predicate = (binaryParserRearStat_1 == 2 & tmp_287_i & !tmp_289_i) | (binaryParserRearStat_1 == 2 & tmp_548 & !tmp_289_i)> <Delay = 0.92>
ST_1 : Operation 17 [1/1] (0.85ns)   --->   "br i1 %tmp_287_i, label %._crit_edge23.i, label %._crit_edge24.i" [sources/requestParser/requestParser.cpp:227]   --->   Operation 17 'br' <Predicate = (binaryParserRearStat_1 == 2 & tmp_287_i & tmp_289_i) | (binaryParserRearStat_1 == 2 & tmp_548 & tmp_289_i) | (binaryParserRearStat_1 == 2 & tmp_287_i & tmp_551) | (binaryParserRearStat_1 == 2 & tmp_548 & tmp_551)> <Delay = 0.85>
ST_1 : Operation 18 [1/1] (2.39ns)   --->   "%tmp_V_73 = call i64 @_ssdm_op_Read.ap_fifo.volatile.i64P(i64* @keyBuffer_rp_V_V) nounwind" [sources/requestParser/requestParser.cpp:229]   --->   Operation 18 'read' 'tmp_V_73' <Predicate = (binaryParserRearStat_1 == 2 & !tmp_287_i & tmp_548 & tmp_289_i) | (binaryParserRearStat_1 == 2 & !tmp_287_i & tmp_548 & tmp_551)> <Delay = 2.39> <Core = "FIFO">   --->   Core 32 'FIFO' <Latency = 0> <II = 1> <Delay = 2.39> <Storage> <Opcode : 'read' 'write' 'nbread' 'nbwrite'> <Ports = 0> <Width = 248> <Depth = 2> <FIFO>
ST_1 : Operation 19 [1/1] (0.86ns)   --->   "%tmp_294_i = icmp ugt i8 %bpr_keyLength_load, 8" [sources/requestParser/requestParser.cpp:231]   --->   Operation 19 'icmp' 'tmp_294_i' <Predicate = (binaryParserRearStat_1 == 2 & !tmp_287_i & tmp_548 & tmp_289_i) | (binaryParserRearStat_1 == 2 & !tmp_287_i & tmp_548 & tmp_551)> <Delay = 0.86> <Core = "Cmp">   --->   Core 25 'Cmp' <Latency = 0> <II = 1> <Delay = 1.18> <FuncUnit> <Opcode : 'icmp'> <InPorts = 2> <OutPorts = 1>
ST_1 : Operation 20 [1/1] (1.35ns)   --->   "%tmp_295_i = add i8 %bpr_keyLength_load, -8" [sources/requestParser/requestParser.cpp:231]   --->   Operation 20 'add' 'tmp_295_i' <Predicate = (binaryParserRearStat_1 == 2 & !tmp_287_i & tmp_548 & tmp_289_i) | (binaryParserRearStat_1 == 2 & !tmp_287_i & tmp_548 & tmp_551)> <Delay = 1.35> <Core = "AddSub">   --->   Core 14 'AddSub' <Latency = 0> <II = 1> <Delay = 1.30> <FuncUnit> <Opcode : 'add' 'sub'> <InPorts = 2> <OutPorts = 1>
ST_1 : Operation 21 [1/1] (0.37ns)   --->   "%storemerge34_i = select i1 %tmp_294_i, i8 %tmp_295_i, i8 0" [sources/requestParser/requestParser.cpp:231]   --->   Operation 21 'select' 'storemerge34_i' <Predicate = (binaryParserRearStat_1 == 2 & !tmp_287_i & tmp_548 & tmp_289_i) | (binaryParserRearStat_1 == 2 & !tmp_287_i & tmp_548 & tmp_551)> <Delay = 0.37> <Core = "Sel">   --->   Core 26 'Sel' <Latency = 0> <II = 1> <Delay = 0.47> <FuncUnit> <Opcode : 'select'> <InPorts = 3> <OutPorts = 1>
ST_1 : Operation 22 [1/1] (0.85ns)   --->   "store i8 %storemerge34_i, i8* @bpr_keyLength, align 1" [sources/requestParser/requestParser.cpp:231]   --->   Operation 22 'store' <Predicate = (binaryParserRearStat_1 == 2 & !tmp_287_i & tmp_548 & tmp_289_i) | (binaryParserRearStat_1 == 2 & !tmp_287_i & tmp_548 & tmp_551)> <Delay = 0.85>
ST_1 : Operation 23 [1/1] (0.85ns)   --->   "br label %._crit_edge23.i" [sources/requestParser/requestParser.cpp:232]   --->   Operation 23 'br' <Predicate = (binaryParserRearStat_1 == 2 & !tmp_287_i & tmp_548 & tmp_289_i) | (binaryParserRearStat_1 == 2 & !tmp_287_i & tmp_548 & tmp_551)> <Delay = 0.85>
ST_1 : Operation 24 [1/1] (0.00ns)   --->   "%bpr_keyLength_load_4 = phi i8 [ %storemerge34_i, %._crit_edge24.i ], [ %bpr_keyLength_load, %._crit_edge19.i ]" [sources/requestParser/requestParser.cpp:231]   --->   Operation 24 'phi' 'bpr_keyLength_load_4' <Predicate = (binaryParserRearStat_1 == 2 & tmp_287_i & tmp_289_i) | (binaryParserRearStat_1 == 2 & tmp_548 & tmp_289_i) | (binaryParserRearStat_1 == 2 & tmp_287_i & tmp_551) | (binaryParserRearStat_1 == 2 & tmp_548 & tmp_551)> <Delay = 0.00>
ST_1 : Operation 25 [1/1] (0.85ns)   --->   "br i1 %tmp_289_i, label %._crit_edge25.i_ifconv, label %._crit_edge26.i" [sources/requestParser/requestParser.cpp:234]   --->   Operation 25 'br' <Predicate = (binaryParserRearStat_1 == 2 & tmp_287_i & tmp_289_i) | (binaryParserRearStat_1 == 2 & tmp_548 & tmp_289_i) | (binaryParserRearStat_1 == 2 & tmp_287_i & tmp_551) | (binaryParserRearStat_1 == 2 & tmp_548 & tmp_551)> <Delay = 0.85>
ST_1 : Operation 26 [1/1] (2.39ns)   --->   "%tmp_V_74 = call i64 @_ssdm_op_Read.ap_fifo.volatile.i64P(i64* @valueBuffer_rp_V_V) nounwind" [sources/requestParser/requestParser.cpp:235]   --->   Operation 26 'read' 'tmp_V_74' <Predicate = (binaryParserRearStat_1 == 2 & tmp_287_i & !tmp_289_i & tmp_551) | (binaryParserRearStat_1 == 2 & tmp_548 & !tmp_289_i & tmp_551)> <Delay = 2.39> <Core = "FIFO">   --->   Core 32 'FIFO' <Latency = 0> <II = 1> <Delay = 2.39> <Storage> <Opcode : 'read' 'write' 'nbread' 'nbwrite'> <Ports = 0> <Width = 248> <Depth = 2> <FIFO>
ST_1 : Operation 27 [1/1] (1.18ns)   --->   "%tmp_298_i = icmp ugt i16 %bpr_valueLength_load, 8" [sources/requestParser/requestParser.cpp:238]   --->   Operation 27 'icmp' 'tmp_298_i' <Predicate = (binaryParserRearStat_1 == 2 & tmp_287_i & !tmp_289_i & tmp_551) | (binaryParserRearStat_1 == 2 & tmp_548 & !tmp_289_i & tmp_551)> <Delay = 1.18> <Core = "Cmp">   --->   Core 25 'Cmp' <Latency = 0> <II = 1> <Delay = 1.18> <FuncUnit> <Opcode : 'icmp'> <InPorts = 2> <OutPorts = 1>
ST_1 : Operation 28 [1/1] (1.30ns)   --->   "%tmp_299_i = add i16 %bpr_valueLength_load, -8" [sources/requestParser/requestParser.cpp:238]   --->   Operation 28 'add' 'tmp_299_i' <Predicate = (binaryParserRearStat_1 == 2 & tmp_287_i & !tmp_289_i & tmp_551) | (binaryParserRearStat_1 == 2 & tmp_548 & !tmp_289_i & tmp_551)> <Delay = 1.30> <Core = "AddSub">   --->   Core 14 'AddSub' <Latency = 0> <II = 1> <Delay = 1.30> <FuncUnit> <Opcode : 'add' 'sub'> <InPorts = 2> <OutPorts = 1>
ST_1 : Operation 29 [1/1] (0.47ns)   --->   "%storemerge_i = select i1 %tmp_298_i, i16 %tmp_299_i, i16 0" [sources/requestParser/requestParser.cpp:238]   --->   Operation 29 'select' 'storemerge_i' <Predicate = (binaryParserRearStat_1 == 2 & tmp_287_i & !tmp_289_i & tmp_551) | (binaryParserRearStat_1 == 2 & tmp_548 & !tmp_289_i & tmp_551)> <Delay = 0.47> <Core = "Sel">   --->   Core 26 'Sel' <Latency = 0> <II = 1> <Delay = 0.47> <FuncUnit> <Opcode : 'select'> <InPorts = 3> <OutPorts = 1>
ST_1 : Operation 30 [1/1] (0.85ns)   --->   "br label %._crit_edge25.i_ifconv" [sources/requestParser/requestParser.cpp:239]   --->   Operation 30 'br' <Predicate = (binaryParserRearStat_1 == 2 & tmp_287_i & !tmp_289_i & tmp_551) | (binaryParserRearStat_1 == 2 & tmp_548 & !tmp_289_i & tmp_551)> <Delay = 0.85>
ST_1 : Operation 31 [1/1] (0.00ns)   --->   "%tmp_valueValid_V_4 = phi i1 [ false, %._crit_edge23.i ], [ true, %._crit_edge26.i ]"   --->   Operation 31 'phi' 'tmp_valueValid_V_4' <Predicate = (binaryParserRearStat_1 == 2 & tmp_287_i & tmp_289_i) | (binaryParserRearStat_1 == 2 & tmp_548 & tmp_289_i) | (binaryParserRearStat_1 == 2 & tmp_287_i & tmp_551) | (binaryParserRearStat_1 == 2 & tmp_548 & tmp_551)> <Delay = 0.00>
ST_1 : Operation 32 [1/1] (0.00ns)   --->   "%tmp_300_i = phi i16 [ %bpr_valueLength_load, %._crit_edge23.i ], [ %storemerge_i, %._crit_edge26.i ]" [sources/requestParser/requestParser.cpp:226]   --->   Operation 32 'phi' 'tmp_300_i' <Predicate = (binaryParserRearStat_1 == 2 & tmp_287_i & tmp_289_i) | (binaryParserRearStat_1 == 2 & tmp_548 & tmp_289_i) | (binaryParserRearStat_1 == 2 & tmp_287_i & tmp_551) | (binaryParserRearStat_1 == 2 & tmp_548 & tmp_551)> <Delay = 0.00>
ST_1 : Operation 33 [1/1] (0.86ns)   --->   "%notlhs_i = icmp ne i8 %bpr_keyLength_load_4, 0" [sources/requestParser/requestParser.cpp:246]   --->   Operation 33 'icmp' 'notlhs_i' <Predicate = (binaryParserRearStat_1 == 2 & tmp_287_i & tmp_289_i) | (binaryParserRearStat_1 == 2 & tmp_548 & tmp_289_i) | (binaryParserRearStat_1 == 2 & tmp_287_i & tmp_551) | (binaryParserRearStat_1 == 2 & tmp_548 & tmp_551)> <Delay = 0.86> <Core = "Cmp">   --->   Core 25 'Cmp' <Latency = 0> <II = 1> <Delay = 1.18> <FuncUnit> <Opcode : 'icmp'> <InPorts = 2> <OutPorts = 1>
ST_1 : Operation 34 [1/1] (1.18ns)   --->   "%notrhs_i = icmp ne i16 %tmp_300_i, 0" [sources/requestParser/requestParser.cpp:246]   --->   Operation 34 'icmp' 'notrhs_i' <Predicate = (binaryParserRearStat_1 == 2 & tmp_287_i & tmp_289_i) | (binaryParserRearStat_1 == 2 & tmp_548 & tmp_289_i) | (binaryParserRearStat_1 == 2 & tmp_287_i & tmp_551) | (binaryParserRearStat_1 == 2 & tmp_548 & tmp_551)> <Delay = 1.18> <Core = "Cmp">   --->   Core 25 'Cmp' <Latency = 0> <II = 1> <Delay = 1.18> <FuncUnit> <Opcode : 'icmp'> <InPorts = 2> <OutPorts = 1>
ST_1 : Operation 35 [1/1] (0.48ns)   --->   "%or_cond_i = or i1 %notrhs_i, %notlhs_i" [sources/requestParser/requestParser.cpp:246]   --->   Operation 35 'or' 'or_cond_i' <Predicate = (binaryParserRearStat_1 == 2 & tmp_287_i & tmp_289_i) | (binaryParserRearStat_1 == 2 & tmp_548 & tmp_289_i) | (binaryParserRearStat_1 == 2 & tmp_287_i & tmp_551) | (binaryParserRearStat_1 == 2 & tmp_548 & tmp_551)> <Delay = 0.48> <Core = "LogicGate">   --->   Core 27 'LogicGate' <Latency = 0> <II = 1> <Delay = 0.48> <FuncUnit> <Opcode : 'and' 'or' 'xor'> <InPorts = 2> <OutPorts = 1>
ST_1 : Operation 36 [1/1] (0.92ns)   --->   "store i2 0, i2* @binaryParserRearStat, align 1" [sources/requestParser/requestParser.cpp:249]   --->   Operation 36 'store' <Predicate = (binaryParserRearStat_1 == 2 & tmp_287_i & tmp_289_i & !or_cond_i) | (binaryParserRearStat_1 == 2 & tmp_548 & tmp_289_i & !or_cond_i) | (binaryParserRearStat_1 == 2 & tmp_287_i & tmp_551 & !or_cond_i) | (binaryParserRearStat_1 == 2 & tmp_548 & tmp_551 & !or_cond_i)> <Delay = 0.92>
ST_1 : Operation 37 [1/1] (0.85ns)   --->   "br label %._crit_edge28.i" [sources/requestParser/requestParser.cpp:250]   --->   Operation 37 'br' <Predicate = (binaryParserRearStat_1 == 2 & tmp_287_i & tmp_289_i & !or_cond_i) | (binaryParserRearStat_1 == 2 & tmp_548 & tmp_289_i & !or_cond_i) | (binaryParserRearStat_1 == 2 & tmp_287_i & tmp_551 & !or_cond_i) | (binaryParserRearStat_1 == 2 & tmp_548 & tmp_551 & !or_cond_i)> <Delay = 0.85>
ST_1 : Operation 38 [1/1] (0.92ns)   --->   "br label %._crit_edge2.i" [sources/requestParser/requestParser.cpp:252]   --->   Operation 38 'br' <Predicate = (binaryParserRearStat_1 == 2 & tmp_287_i & tmp_289_i) | (binaryParserRearStat_1 == 2 & tmp_548 & tmp_289_i) | (binaryParserRearStat_1 == 2 & tmp_287_i & tmp_551) | (binaryParserRearStat_1 == 2 & tmp_548 & tmp_551)> <Delay = 0.92>
ST_1 : Operation 39 [1/1] (0.86ns)   --->   "%tmp_i = icmp eq i8 %bpr_opCode_load, 8" [sources/requestParser/requestParser.cpp:202]   --->   Operation 39 'icmp' 'tmp_i' <Predicate = (binaryParserRearStat_1 == 1)> <Delay = 0.86> <Core = "Cmp">   --->   Core 25 'Cmp' <Latency = 0> <II = 1> <Delay = 1.18> <FuncUnit> <Opcode : 'icmp'> <InPorts = 2> <OutPorts = 1>
ST_1 : Operation 40 [1/1] (0.85ns)   --->   "br i1 %tmp_i, label %._crit_edge4.i, label %3" [sources/requestParser/requestParser.cpp:202]   --->   Operation 40 'br' <Predicate = (binaryParserRearStat_1 == 1)> <Delay = 0.85>
ST_1 : Operation 41 [1/1] (0.00ns)   --->   "%tmp_547 = call i1 @_ssdm_op_NbReadReq.ap_fifo.i64P(i64* @keyBuffer_rp_V_V, i32 1) nounwind" [sources/requestParser/requestParser.cpp:202]   --->   Operation 41 'nbreadreq' 'tmp_547' <Predicate = (binaryParserRearStat_1 == 1 & !tmp_i)> <Delay = 0.00> <Core = "FIFO">   --->   Core 32 'FIFO' <Latency = 0> <II = 1> <Delay = 2.39> <Storage> <Opcode : 'read' 'write' 'nbread' 'nbwrite'> <Ports = 0> <Width = 248> <Depth = 2> <FIFO>
ST_1 : Operation 42 [1/1] (0.92ns)   --->   "br i1 %tmp_547, label %4, label %._crit_edge2.i" [sources/requestParser/requestParser.cpp:202]   --->   Operation 42 'br' <Predicate = (binaryParserRearStat_1 == 1 & !tmp_i)> <Delay = 0.92>
ST_1 : Operation 43 [1/1] (0.86ns)   --->   "%tmp_288_i = icmp eq i8 %bpr_opCode_load, 1" [sources/requestParser/requestParser.cpp:202]   --->   Operation 43 'icmp' 'tmp_288_i' <Predicate = (binaryParserRearStat_1 == 1 & !tmp_i & tmp_547)> <Delay = 0.86> <Core = "Cmp">   --->   Core 25 'Cmp' <Latency = 0> <II = 1> <Delay = 1.18> <FuncUnit> <Opcode : 'icmp'> <InPorts = 2> <OutPorts = 1>
ST_1 : Operation 44 [1/1] (0.85ns)   --->   "br i1 %tmp_288_i, label %5, label %._crit_edge4.i" [sources/requestParser/requestParser.cpp:202]   --->   Operation 44 'br' <Predicate = (binaryParserRearStat_1 == 1 & !tmp_i & tmp_547)> <Delay = 0.85>
ST_1 : Operation 45 [1/1] (0.00ns)   --->   "%tmp_549 = call i1 @_ssdm_op_NbReadReq.ap_fifo.i64P(i64* @valueBuffer_rp_V_V, i32 1) nounwind" [sources/requestParser/requestParser.cpp:202]   --->   Operation 45 'nbreadreq' 'tmp_549' <Predicate = (binaryParserRearStat_1 == 1 & !tmp_i & tmp_547 & tmp_288_i)> <Delay = 0.00> <Core = "FIFO">   --->   Core 32 'FIFO' <Latency = 0> <II = 1> <Delay = 2.39> <Storage> <Opcode : 'read' 'write' 'nbread' 'nbwrite'> <Ports = 0> <Width = 248> <Depth = 2> <FIFO>
ST_1 : Operation 46 [1/1] (0.92ns)   --->   "br i1 %tmp_549, label %._crit_edge4.i, label %._crit_edge2.i" [sources/requestParser/requestParser.cpp:202]   --->   Operation 46 'br' <Predicate = (binaryParserRearStat_1 == 1 & !tmp_i & tmp_547 & tmp_288_i)> <Delay = 0.92>
ST_1 : Operation 47 [1/1] (0.00ns)   --->   "%bpr_opCode_load_3_i = phi i8 [ 1, %5 ], [ %bpr_opCode_load, %4 ], [ %bpr_opCode_load, %2 ]" [sources/requestParser/requestParser.cpp:202]   --->   Operation 47 'phi' 'bpr_opCode_load_3_i' <Predicate = (binaryParserRearStat_1 == 1 & tmp_i) | (binaryParserRearStat_1 == 1 & tmp_547 & !tmp_288_i) | (binaryParserRearStat_1 == 1 & tmp_547 & tmp_549)> <Delay = 0.00>
ST_1 : Operation 48 [1/1] (0.00ns)   --->   "%tmp_550 = trunc i248 %p_Val2_31 to i8" [sources/requestParser/requestParser.cpp:203]   --->   Operation 48 'trunc' 'tmp_550' <Predicate = (binaryParserRearStat_1 == 1 & tmp_i) | (binaryParserRearStat_1 == 1 & tmp_547 & !tmp_288_i) | (binaryParserRearStat_1 == 1 & tmp_547 & tmp_549)> <Delay = 0.00>
ST_1 : Operation 49 [1/1] (0.86ns)   --->   "%tmp_290_i = icmp eq i8 %bpr_opCode_load_3_i, 8" [sources/requestParser/requestParser.cpp:204]   --->   Operation 49 'icmp' 'tmp_290_i' <Predicate = (binaryParserRearStat_1 == 1 & tmp_i) | (binaryParserRearStat_1 == 1 & tmp_547 & !tmp_288_i) | (binaryParserRearStat_1 == 1 & tmp_547 & tmp_549)> <Delay = 0.86> <Core = "Cmp">   --->   Core 25 'Cmp' <Latency = 0> <II = 1> <Delay = 1.18> <FuncUnit> <Opcode : 'icmp'> <InPorts = 2> <OutPorts = 1>
ST_1 : Operation 50 [1/1] (0.85ns)   --->   "br i1 %tmp_290_i, label %._crit_edge11.i, label %6" [sources/requestParser/requestParser.cpp:204]   --->   Operation 50 'br' <Predicate = (binaryParserRearStat_1 == 1 & tmp_i) | (binaryParserRearStat_1 == 1 & tmp_547 & !tmp_288_i) | (binaryParserRearStat_1 == 1 & tmp_547 & tmp_549)> <Delay = 0.85>
ST_1 : Operation 51 [1/1] (2.39ns)   --->   "%tmp_V_71 = call i64 @_ssdm_op_Read.ap_fifo.volatile.i64P(i64* @keyBuffer_rp_V_V) nounwind" [sources/requestParser/requestParser.cpp:204]   --->   Operation 51 'read' 'tmp_V_71' <Predicate = (binaryParserRearStat_1 == 1 & tmp_i & !tmp_290_i) | (binaryParserRearStat_1 == 1 & tmp_547 & !tmp_288_i & !tmp_290_i) | (binaryParserRearStat_1 == 1 & tmp_547 & tmp_549 & !tmp_290_i)> <Delay = 2.39> <Core = "FIFO">   --->   Core 32 'FIFO' <Latency = 0> <II = 1> <Delay = 2.39> <Storage> <Opcode : 'read' 'write' 'nbread' 'nbwrite'> <Ports = 0> <Width = 248> <Depth = 2> <FIFO>
ST_1 : Operation 52 [1/1] (0.85ns)   --->   "br label %._crit_edge11.i" [sources/requestParser/requestParser.cpp:204]   --->   Operation 52 'br' <Predicate = (binaryParserRearStat_1 == 1 & tmp_i & !tmp_290_i) | (binaryParserRearStat_1 == 1 & tmp_547 & !tmp_288_i & !tmp_290_i) | (binaryParserRearStat_1 == 1 & tmp_547 & tmp_549 & !tmp_290_i)> <Delay = 0.85>
ST_1 : Operation 53 [1/1] (0.00ns)   --->   "%p_Result_63_i = call i16 @_ssdm_op_PartSelect.i16.i248.i32.i32(i248 %p_Val2_31, i32 8, i32 23) nounwind" [sources/requestParser/requestParser.cpp:205]   --->   Operation 53 'partselect' 'p_Result_63_i' <Predicate = (binaryParserRearStat_1 == 1 & tmp_i) | (binaryParserRearStat_1 == 1 & tmp_547 & !tmp_288_i) | (binaryParserRearStat_1 == 1 & tmp_547 & tmp_549)> <Delay = 0.00>
ST_1 : Operation 54 [1/1] (0.86ns)   --->   "%tmp_291_i = icmp ult i8 %tmp_550, 9" [sources/requestParser/requestParser.cpp:210]   --->   Operation 54 'icmp' 'tmp_291_i' <Predicate = (binaryParserRearStat_1 == 1 & tmp_i) | (binaryParserRearStat_1 == 1 & tmp_547 & !tmp_288_i) | (binaryParserRearStat_1 == 1 & tmp_547 & tmp_549)> <Delay = 0.86> <Core = "Cmp">   --->   Core 25 'Cmp' <Latency = 0> <II = 1> <Delay = 1.18> <FuncUnit> <Opcode : 'icmp'> <InPorts = 2> <OutPorts = 1>
ST_1 : Operation 55 [1/1] (1.35ns)   --->   "%tmp_292_i = add i8 -8, %tmp_550" [sources/requestParser/requestParser.cpp:210]   --->   Operation 55 'add' 'tmp_292_i' <Predicate = (binaryParserRearStat_1 == 1 & tmp_i) | (binaryParserRearStat_1 == 1 & tmp_547 & !tmp_288_i) | (binaryParserRearStat_1 == 1 & tmp_547 & tmp_549)> <Delay = 1.35> <Core = "AddSub">   --->   Core 14 'AddSub' <Latency = 0> <II = 1> <Delay = 1.30> <FuncUnit> <Opcode : 'add' 'sub'> <InPorts = 2> <OutPorts = 1>
ST_1 : Operation 56 [1/1] (0.37ns)   --->   "%storemerge33_i = select i1 %tmp_291_i, i8 0, i8 %tmp_292_i" [sources/requestParser/requestParser.cpp:210]   --->   Operation 56 'select' 'storemerge33_i' <Predicate = (binaryParserRearStat_1 == 1 & tmp_i) | (binaryParserRearStat_1 == 1 & tmp_547 & !tmp_288_i) | (binaryParserRearStat_1 == 1 & tmp_547 & tmp_549)> <Delay = 0.37> <Core = "Sel">   --->   Core 26 'Sel' <Latency = 0> <II = 1> <Delay = 0.47> <FuncUnit> <Opcode : 'select'> <InPorts = 3> <OutPorts = 1>
ST_1 : Operation 57 [1/1] (0.85ns)   --->   "store i8 %storemerge33_i, i8* @bpr_keyLength, align 1" [sources/requestParser/requestParser.cpp:210]   --->   Operation 57 'store' <Predicate = (binaryParserRearStat_1 == 1 & tmp_i) | (binaryParserRearStat_1 == 1 & tmp_547 & !tmp_288_i) | (binaryParserRearStat_1 == 1 & tmp_547 & tmp_549)> <Delay = 0.85>
ST_1 : Operation 58 [1/1] (0.86ns)   --->   "%tmp_293_i = icmp eq i8 %bpr_opCode_load_3_i, 1" [sources/requestParser/requestParser.cpp:211]   --->   Operation 58 'icmp' 'tmp_293_i' <Predicate = (binaryParserRearStat_1 == 1 & tmp_i) | (binaryParserRearStat_1 == 1 & tmp_547 & !tmp_288_i) | (binaryParserRearStat_1 == 1 & tmp_547 & tmp_549)> <Delay = 0.86> <Core = "Cmp">   --->   Core 25 'Cmp' <Latency = 0> <II = 1> <Delay = 1.18> <FuncUnit> <Opcode : 'icmp'> <InPorts = 2> <OutPorts = 1>
ST_1 : Operation 59 [1/1] (0.85ns)   --->   "br i1 %tmp_293_i, label %._crit_edge14.i, label %._crit_edge13.i" [sources/requestParser/requestParser.cpp:211]   --->   Operation 59 'br' <Predicate = (binaryParserRearStat_1 == 1 & tmp_i) | (binaryParserRearStat_1 == 1 & tmp_547 & !tmp_288_i) | (binaryParserRearStat_1 == 1 & tmp_547 & tmp_549)> <Delay = 0.85>
ST_1 : Operation 60 [1/1] (2.39ns)   --->   "%tmp_V_72 = call i64 @_ssdm_op_Read.ap_fifo.volatile.i64P(i64* @valueBuffer_rp_V_V) nounwind" [sources/requestParser/requestParser.cpp:212]   --->   Operation 60 'read' 'tmp_V_72' <Predicate = (binaryParserRearStat_1 == 1 & tmp_i & tmp_293_i) | (binaryParserRearStat_1 == 1 & tmp_547 & !tmp_288_i & tmp_293_i) | (binaryParserRearStat_1 == 1 & tmp_547 & tmp_549 & tmp_293_i)> <Delay = 2.39> <Core = "FIFO">   --->   Core 32 'FIFO' <Latency = 0> <II = 1> <Delay = 2.39> <Storage> <Opcode : 'read' 'write' 'nbread' 'nbwrite'> <Ports = 0> <Width = 248> <Depth = 2> <FIFO>
ST_1 : Operation 61 [1/1] (1.18ns)   --->   "%tmp_296_i = icmp ugt i16 %p_Result_63_i, 8" [sources/requestParser/requestParser.cpp:215]   --->   Operation 61 'icmp' 'tmp_296_i' <Predicate = (binaryParserRearStat_1 == 1 & tmp_i & tmp_293_i) | (binaryParserRearStat_1 == 1 & tmp_547 & !tmp_288_i & tmp_293_i) | (binaryParserRearStat_1 == 1 & tmp_547 & tmp_549 & tmp_293_i)> <Delay = 1.18> <Core = "Cmp">   --->   Core 25 'Cmp' <Latency = 0> <II = 1> <Delay = 1.18> <FuncUnit> <Opcode : 'icmp'> <InPorts = 2> <OutPorts = 1>
ST_1 : Operation 62 [1/1] (1.30ns)   --->   "%tmp_297_i = add i16 %p_Result_63_i, -8" [sources/requestParser/requestParser.cpp:215]   --->   Operation 62 'add' 'tmp_297_i' <Predicate = (binaryParserRearStat_1 == 1 & tmp_i & tmp_293_i) | (binaryParserRearStat_1 == 1 & tmp_547 & !tmp_288_i & tmp_293_i) | (binaryParserRearStat_1 == 1 & tmp_547 & tmp_549 & tmp_293_i)> <Delay = 1.30> <Core = "AddSub">   --->   Core 14 'AddSub' <Latency = 0> <II = 1> <Delay = 1.30> <FuncUnit> <Opcode : 'add' 'sub'> <InPorts = 2> <OutPorts = 1>
ST_1 : Operation 63 [1/1] (0.47ns)   --->   "%storemerge35_i = select i1 %tmp_296_i, i16 %tmp_297_i, i16 0" [sources/requestParser/requestParser.cpp:215]   --->   Operation 63 'select' 'storemerge35_i' <Predicate = (binaryParserRearStat_1 == 1 & tmp_i & tmp_293_i) | (binaryParserRearStat_1 == 1 & tmp_547 & !tmp_288_i & tmp_293_i) | (binaryParserRearStat_1 == 1 & tmp_547 & tmp_549 & tmp_293_i)> <Delay = 0.47> <Core = "Sel">   --->   Core 26 'Sel' <Latency = 0> <II = 1> <Delay = 0.47> <FuncUnit> <Opcode : 'select'> <InPorts = 3> <OutPorts = 1>
ST_1 : Operation 64 [1/1] (0.85ns)   --->   "br label %._crit_edge13.i" [sources/requestParser/requestParser.cpp:216]   --->   Operation 64 'br' <Predicate = (binaryParserRearStat_1 == 1 & tmp_i & tmp_293_i) | (binaryParserRearStat_1 == 1 & tmp_547 & !tmp_288_i & tmp_293_i) | (binaryParserRearStat_1 == 1 & tmp_547 & tmp_549 & tmp_293_i)> <Delay = 0.85>
ST_1 : Operation 65 [1/1] (0.00ns)   --->   "%bpr_valueLength_new_s = phi i16 [ %storemerge35_i, %._crit_edge14.i ], [ %p_Result_63_i, %._crit_edge11.i ]" [sources/requestParser/requestParser.cpp:215]   --->   Operation 65 'phi' 'bpr_valueLength_new_s' <Predicate = (binaryParserRearStat_1 == 1 & tmp_i) | (binaryParserRearStat_1 == 1 & tmp_547 & !tmp_288_i) | (binaryParserRearStat_1 == 1 & tmp_547 & tmp_549)> <Delay = 0.00>
ST_1 : Operation 66 [1/1] (0.92ns)   --->   "store i2 -2, i2* @binaryParserRearStat, align 1" [sources/requestParser/requestParser.cpp:222]   --->   Operation 66 'store' <Predicate = (binaryParserRearStat_1 == 1 & tmp_i) | (binaryParserRearStat_1 == 1 & tmp_547 & !tmp_288_i) | (binaryParserRearStat_1 == 1 & tmp_547 & tmp_549)> <Delay = 0.92>
ST_1 : Operation 67 [1/1] (0.92ns)   --->   "br label %._crit_edge2.i" [sources/requestParser/requestParser.cpp:223]   --->   Operation 67 'br' <Predicate = (binaryParserRearStat_1 == 1 & tmp_i) | (binaryParserRearStat_1 == 1 & tmp_547 & !tmp_288_i) | (binaryParserRearStat_1 == 1 & tmp_547 & tmp_549)> <Delay = 0.92>
ST_1 : Operation 68 [1/1] (0.00ns)   --->   "%tmp = call i1 @_ssdm_op_NbReadReq.ap_fifo.i248P(i248* @metadataBuffer_rp_V_s, i32 1) nounwind" [sources/requestParser/requestParser.cpp:195]   --->   Operation 68 'nbreadreq' 'tmp' <Predicate = (binaryParserRearStat_1 == 0)> <Delay = 0.00> <Core = "FIFO">   --->   Core 32 'FIFO' <Latency = 0> <II = 1> <Delay = 2.39> <Storage> <Opcode : 'read' 'write' 'nbread' 'nbwrite'> <Ports = 0> <Width = 248> <Depth = 2> <FIFO>
ST_1 : Operation 69 [1/1] (0.00ns)   --->   "br i1 %tmp, label %1, label %._crit_edge3.i" [sources/requestParser/requestParser.cpp:195]   --->   Operation 69 'br' <Predicate = (binaryParserRearStat_1 == 0)> <Delay = 0.00>
ST_1 : Operation 70 [1/1] (2.39ns)   --->   "%tmp_V = call i248 @_ssdm_op_Read.ap_fifo.volatile.i248P(i248* @metadataBuffer_rp_V_s) nounwind" [sources/requestParser/requestParser.cpp:196]   --->   Operation 70 'read' 'tmp_V' <Predicate = (binaryParserRearStat_1 == 0 & tmp)> <Delay = 2.39> <Core = "FIFO">   --->   Core 32 'FIFO' <Latency = 0> <II = 1> <Delay = 2.39> <Storage> <Opcode : 'read' 'write' 'nbread' 'nbwrite'> <Ports = 0> <Width = 248> <Depth = 2> <FIFO>
ST_1 : Operation 71 [1/1] (0.00ns)   --->   "store i248 %tmp_V, i248* @outMetadataBuffer_V, align 16" [sources/requestParser/requestParser.cpp:196]   --->   Operation 71 'store' <Predicate = (binaryParserRearStat_1 == 0 & tmp)> <Delay = 0.00>
ST_1 : Operation 72 [1/1] (0.00ns)   --->   "%p_Result_i = call i8 @_ssdm_op_PartSelect.i8.i248.i32.i32(i248 %tmp_V, i32 104, i32 111) nounwind" [sources/requestParser/requestParser.cpp:197]   --->   Operation 72 'partselect' 'p_Result_i' <Predicate = (binaryParserRearStat_1 == 0 & tmp)> <Delay = 0.00>
ST_1 : Operation 73 [1/1] (0.00ns)   --->   "store i8 %p_Result_i, i8* @bpr_opCode, align 1" [sources/requestParser/requestParser.cpp:197]   --->   Operation 73 'store' <Predicate = (binaryParserRearStat_1 == 0 & tmp)> <Delay = 0.00>
ST_1 : Operation 74 [1/1] (0.92ns)   --->   "store i2 1, i2* @binaryParserRearStat, align 1" [sources/requestParser/requestParser.cpp:198]   --->   Operation 74 'store' <Predicate = (binaryParserRearStat_1 == 0 & tmp)> <Delay = 0.92>
ST_1 : Operation 75 [1/1] (0.92ns)   --->   "br label %._crit_edge2.i" [sources/requestParser/requestParser.cpp:200]   --->   Operation 75 'br' <Predicate = (binaryParserRearStat_1 == 0)> <Delay = 0.92>
ST_1 : Operation 76 [1/1] (0.00ns)   --->   "%bpr_valueLength_flag = phi i1 [ false, %entry ], [ false, %._crit_edge3.i ], [ true, %._crit_edge13.i ], [ false, %5 ], [ false, %3 ], [ %tmp_valueValid_V_4, %._crit_edge28.new.i ], [ false, %9 ], [ false, %8 ]"   --->   Operation 76 'phi' 'bpr_valueLength_flag' <Predicate = true> <Delay = 0.00>
ST_1 : Operation 77 [1/1] (0.00ns)   --->   "%bpr_valueLength_new_1 = phi i16 [ undef, %entry ], [ undef, %._crit_edge3.i ], [ %bpr_valueLength_new_s, %._crit_edge13.i ], [ undef, %5 ], [ undef, %3 ], [ %tmp_300_i, %._crit_edge28.new.i ], [ undef, %9 ], [ undef, %8 ]" [sources/requestParser/requestParser.cpp:215]   --->   Operation 77 'phi' 'bpr_valueLength_new_1' <Predicate = true> <Delay = 0.00>
ST_1 : Operation 78 [1/1] (0.00ns)   --->   "br i1 %bpr_valueLength_flag, label %mergeST.i, label %bp_r.exit"   --->   Operation 78 'br' <Predicate = true> <Delay = 0.00>
ST_1 : Operation 79 [1/1] (0.00ns)   --->   "store i16 %bpr_valueLength_new_1, i16* @bpr_valueLength, align 2" [sources/requestParser/requestParser.cpp:205]   --->   Operation 79 'store' <Predicate = (bpr_valueLength_flag)> <Delay = 0.00>

State 2 <SV = 1> <Delay = 3.72>
ST_2 : Operation 80 [1/1] (0.00ns)   --->   "call void (...)* @_ssdm_op_SpecInterface(i64* @keyBuffer_rp_V_V, [8 x i8]* @ap_fifo_str, i32 0, i32 0, [1 x i8]* @p_str, i32 0, i32 0, [1 x i8]* @p_str, [1 x i8]* @p_str, [1 x i8]* @p_str, i32 2, i32 2, i32 16, i32 16, [1 x i8]* @p_str, [1 x i8]* @p_str)"   --->   Operation 80 'specinterface' <Predicate = true> <Delay = 0.00>
ST_2 : Operation 81 [1/1] (0.00ns)   --->   "call void (...)* @_ssdm_op_SpecInterface(i248* @metadataBuffer_rp_V_s, [8 x i8]* @ap_fifo_str, i32 0, i32 0, [1 x i8]* @p_str, i32 0, i32 0, [1 x i8]* @p_str, [1 x i8]* @p_str, [1 x i8]* @p_str, i32 2, i32 2, i32 16, i32 16, [1 x i8]* @p_str, [1 x i8]* @p_str)"   --->   Operation 81 'specinterface' <Predicate = true> <Delay = 0.00>
ST_2 : Operation 82 [1/1] (0.00ns)   --->   "call void (...)* @_ssdm_op_SpecInterface(i256* @requestParser2hashTa_1, [8 x i8]* @ap_fifo_str, i32 0, i32 0, [1 x i8]* @p_str, i32 0, i32 0, [1 x i8]* @p_str, [1 x i8]* @p_str, [1 x i8]* @p_str, i32 2, i32 2, i32 16, i32 16, [1 x i8]* @p_str, [1 x i8]* @p_str)"   --->   Operation 82 'specinterface' <Predicate = true> <Delay = 0.00>
ST_2 : Operation 83 [1/1] (0.00ns)   --->   "call void (...)* @_ssdm_op_SpecInterface(i64* @valueBuffer_rp_V_V, [8 x i8]* @ap_fifo_str, i32 0, i32 0, [1 x i8]* @p_str, i32 0, i32 0, [1 x i8]* @p_str, [1 x i8]* @p_str, [1 x i8]* @p_str, i32 2, i32 2, i32 16, i32 16, [1 x i8]* @p_str, [1 x i8]* @p_str)"   --->   Operation 83 'specinterface' <Predicate = true> <Delay = 0.00>
ST_2 : Operation 84 [1/1] (0.00ns)   --->   "call void (...)* @_ssdm_op_SpecPipeline(i32 1, i32 2, i32 1, i32 0, [1 x i8]* @p_str46) nounwind" [sources/requestParser/requestParser.cpp:179]   --->   Operation 84 'specpipeline' <Predicate = true> <Delay = 0.00>
ST_2 : Operation 85 [1/1] (0.00ns)   --->   "%tmp_keyValid_V = phi i1 [ true, %._crit_edge24.i ], [ false, %._crit_edge19.i ]"   --->   Operation 85 'phi' 'tmp_keyValid_V' <Predicate = (binaryParserRearStat_1 == 2 & tmp_287_i & tmp_289_i) | (binaryParserRearStat_1 == 2 & tmp_548 & tmp_289_i) | (binaryParserRearStat_1 == 2 & tmp_287_i & tmp_551) | (binaryParserRearStat_1 == 2 & tmp_548 & tmp_551)> <Delay = 0.00>
ST_2 : Operation 86 [1/1] (0.00ns)   --->   "%tmp_key_V_11 = phi i64 [ %tmp_V_73, %._crit_edge24.i ], [ 0, %._crit_edge19.i ]"   --->   Operation 86 'phi' 'tmp_key_V_11' <Predicate = (binaryParserRearStat_1 == 2 & tmp_287_i & tmp_289_i) | (binaryParserRearStat_1 == 2 & tmp_548 & tmp_289_i) | (binaryParserRearStat_1 == 2 & tmp_287_i & tmp_551) | (binaryParserRearStat_1 == 2 & tmp_548 & tmp_551)> <Delay = 0.00>
ST_2 : Operation 87 [1/1] (0.00ns)   --->   "%tmp_value_V_7 = phi i64 [ 0, %._crit_edge23.i ], [ %tmp_V_74, %._crit_edge26.i ]"   --->   Operation 87 'phi' 'tmp_value_V_7' <Predicate = (binaryParserRearStat_1 == 2 & tmp_287_i & tmp_289_i) | (binaryParserRearStat_1 == 2 & tmp_548 & tmp_289_i) | (binaryParserRearStat_1 == 2 & tmp_287_i & tmp_551) | (binaryParserRearStat_1 == 2 & tmp_548 & tmp_551)> <Delay = 0.00>
ST_2 : Operation 88 [1/1] (0.00ns)   --->   "%bpr_wordCounter_V_lo = load i1* @bpr_wordCounter_V, align 1"   --->   Operation 88 'load' 'bpr_wordCounter_V_lo' <Predicate = (binaryParserRearStat_1 == 2 & tmp_287_i & tmp_289_i) | (binaryParserRearStat_1 == 2 & tmp_548 & tmp_289_i) | (binaryParserRearStat_1 == 2 & tmp_287_i & tmp_551) | (binaryParserRearStat_1 == 2 & tmp_548 & tmp_551)> <Delay = 0.00>
ST_2 : Operation 89 [1/1] (0.00ns)   --->   "%tempOutput_metadata_1 = call i124 @_ssdm_op_PartSelect.i124.i248.i32.i32(i248 %p_Val2_31, i32 124, i32 247) nounwind" [sources/requestParser/requestParser.cpp:242]   --->   Operation 89 'partselect' 'tempOutput_metadata_1' <Predicate = (binaryParserRearStat_1 == 2 & tmp_287_i & tmp_289_i) | (binaryParserRearStat_1 == 2 & tmp_548 & tmp_289_i) | (binaryParserRearStat_1 == 2 & tmp_287_i & tmp_551) | (binaryParserRearStat_1 == 2 & tmp_548 & tmp_551)> <Delay = 0.00>
ST_2 : Operation 90 [1/1] (0.48ns)   --->   "%not_bpr_wordCounter_s = xor i1 %bpr_wordCounter_V_lo, true"   --->   Operation 90 'xor' 'not_bpr_wordCounter_s' <Predicate = (binaryParserRearStat_1 == 2 & tmp_287_i & tmp_289_i) | (binaryParserRearStat_1 == 2 & tmp_548 & tmp_289_i) | (binaryParserRearStat_1 == 2 & tmp_287_i & tmp_551) | (binaryParserRearStat_1 == 2 & tmp_548 & tmp_551)> <Delay = 0.48> <Core = "LogicGate">   --->   Core 27 'LogicGate' <Latency = 0> <II = 1> <Delay = 0.48> <FuncUnit> <Opcode : 'and' 'or' 'xor'> <InPorts = 2> <OutPorts = 1>
ST_2 : Operation 91 [1/1] (0.65ns)   --->   "%tmp_metadata_V_9 = select i1 %bpr_wordCounter_V_lo, i124 0, i124 %tempOutput_metadata_1" [sources/requestParser/requestParser.cpp:251]   --->   Operation 91 'select' 'tmp_metadata_V_9' <Predicate = (binaryParserRearStat_1 == 2 & tmp_287_i & tmp_289_i) | (binaryParserRearStat_1 == 2 & tmp_548 & tmp_289_i) | (binaryParserRearStat_1 == 2 & tmp_287_i & tmp_551) | (binaryParserRearStat_1 == 2 & tmp_548 & tmp_551)> <Delay = 0.65> <Core = "Sel">   --->   Core 26 'Sel' <Latency = 0> <II = 1> <Delay = 0.47> <FuncUnit> <Opcode : 'select'> <InPorts = 3> <OutPorts = 1>
ST_2 : Operation 92 [1/1] (0.85ns)   --->   "br i1 %or_cond_i, label %._crit_edge28.i, label %10" [sources/requestParser/requestParser.cpp:246]   --->   Operation 92 'br' <Predicate = (binaryParserRearStat_1 == 2 & tmp_287_i & tmp_289_i) | (binaryParserRearStat_1 == 2 & tmp_548 & tmp_289_i) | (binaryParserRearStat_1 == 2 & tmp_287_i & tmp_551) | (binaryParserRearStat_1 == 2 & tmp_548 & tmp_551)> <Delay = 0.85>
ST_2 : Operation 93 [1/1] (0.00ns)   --->   "%bpr_wordCounter_V_fl = phi i1 [ %not_bpr_wordCounter_s, %._crit_edge25.i_ifconv ], [ true, %10 ]"   --->   Operation 93 'phi' 'bpr_wordCounter_V_fl' <Predicate = (binaryParserRearStat_1 == 2 & tmp_287_i & tmp_289_i) | (binaryParserRearStat_1 == 2 & tmp_548 & tmp_289_i) | (binaryParserRearStat_1 == 2 & tmp_287_i & tmp_551) | (binaryParserRearStat_1 == 2 & tmp_548 & tmp_551)> <Delay = 0.00>
ST_2 : Operation 94 [1/1] (0.00ns)   --->   "%bpr_wordCounter_V_ne = phi i1 [ true, %._crit_edge25.i_ifconv ], [ false, %10 ]"   --->   Operation 94 'phi' 'bpr_wordCounter_V_ne' <Predicate = (binaryParserRearStat_1 == 2 & tmp_287_i & tmp_289_i) | (binaryParserRearStat_1 == 2 & tmp_548 & tmp_289_i) | (binaryParserRearStat_1 == 2 & tmp_287_i & tmp_551) | (binaryParserRearStat_1 == 2 & tmp_548 & tmp_551)> <Delay = 0.00>
ST_2 : Operation 95 [1/1] (0.00ns)   --->   "%tmp_EOP_V = phi i1 [ false, %._crit_edge25.i_ifconv ], [ true, %10 ]"   --->   Operation 95 'phi' 'tmp_EOP_V' <Predicate = (binaryParserRearStat_1 == 2 & tmp_287_i & tmp_289_i) | (binaryParserRearStat_1 == 2 & tmp_548 & tmp_289_i) | (binaryParserRearStat_1 == 2 & tmp_287_i & tmp_551) | (binaryParserRearStat_1 == 2 & tmp_548 & tmp_551)> <Delay = 0.00>
ST_2 : Operation 96 [1/1] (0.00ns)   --->   "%tmp_1 = call i256 @_ssdm_op_BitConcatenate.i256.i64.i64.i1.i1.i1.i1.i124(i64 %tmp_key_V_11, i64 %tmp_value_V_7, i1 %tmp_EOP_V, i1 %tmp_valueValid_V_4, i1 %tmp_keyValid_V, i1 false, i124 %tmp_metadata_V_9) nounwind" [sources/requestParser/requestParser.cpp:251]   --->   Operation 96 'bitconcatenate' 'tmp_1' <Predicate = (binaryParserRearStat_1 == 2 & tmp_287_i & tmp_289_i) | (binaryParserRearStat_1 == 2 & tmp_548 & tmp_289_i) | (binaryParserRearStat_1 == 2 & tmp_287_i & tmp_551) | (binaryParserRearStat_1 == 2 & tmp_548 & tmp_551)> <Delay = 0.00>
ST_2 : Operation 97 [1/1] (2.39ns)   --->   "call void @_ssdm_op_Write.ap_fifo.volatile.i256P(i256* @requestParser2hashTa_1, i256 %tmp_1) nounwind" [sources/requestParser/requestParser.cpp:251]   --->   Operation 97 'write' <Predicate = (binaryParserRearStat_1 == 2 & tmp_287_i & tmp_289_i) | (binaryParserRearStat_1 == 2 & tmp_548 & tmp_289_i) | (binaryParserRearStat_1 == 2 & tmp_287_i & tmp_551) | (binaryParserRearStat_1 == 2 & tmp_548 & tmp_551)> <Delay = 2.39> <Core = "FIFO">   --->   Core 32 'FIFO' <Latency = 0> <II = 1> <Delay = 2.39> <Storage> <Opcode : 'read' 'write' 'nbread' 'nbwrite'> <Ports = 0> <Width = 248> <Depth = 2> <FIFO>
ST_2 : Operation 98 [1/1] (0.00ns)   --->   "br i1 %bpr_wordCounter_V_fl, label %mergeST106.i, label %._crit_edge28.new.i"   --->   Operation 98 'br' <Predicate = (binaryParserRearStat_1 == 2 & tmp_287_i & tmp_289_i) | (binaryParserRearStat_1 == 2 & tmp_548 & tmp_289_i) | (binaryParserRearStat_1 == 2 & tmp_287_i & tmp_551) | (binaryParserRearStat_1 == 2 & tmp_548 & tmp_551)> <Delay = 0.00>
ST_2 : Operation 99 [1/1] (0.00ns)   --->   "store i1 %bpr_wordCounter_V_ne, i1* @bpr_wordCounter_V, align 1" [sources/requestParser/requestParser.cpp:243]   --->   Operation 99 'store' <Predicate = (binaryParserRearStat_1 == 2 & tmp_287_i & tmp_289_i & bpr_wordCounter_V_fl) | (binaryParserRearStat_1 == 2 & tmp_548 & tmp_289_i & bpr_wordCounter_V_fl) | (binaryParserRearStat_1 == 2 & tmp_287_i & tmp_551 & bpr_wordCounter_V_fl) | (binaryParserRearStat_1 == 2 & tmp_548 & tmp_551 & bpr_wordCounter_V_fl)> <Delay = 0.00>
ST_2 : Operation 100 [1/1] (0.00ns)   --->   "br label %._crit_edge28.new.i"   --->   Operation 100 'br' <Predicate = (binaryParserRearStat_1 == 2 & tmp_287_i & tmp_289_i & bpr_wordCounter_V_fl) | (binaryParserRearStat_1 == 2 & tmp_548 & tmp_289_i & bpr_wordCounter_V_fl) | (binaryParserRearStat_1 == 2 & tmp_287_i & tmp_551 & bpr_wordCounter_V_fl) | (binaryParserRearStat_1 == 2 & tmp_548 & tmp_551 & bpr_wordCounter_V_fl)> <Delay = 0.00>
ST_2 : Operation 101 [1/1] (0.00ns)   --->   "%tempOutput_key_V = phi i64 [ %tmp_V_71, %6 ], [ 0, %._crit_edge4.i ]"   --->   Operation 101 'phi' 'tempOutput_key_V' <Predicate = (binaryParserRearStat_1 == 1 & tmp_i) | (binaryParserRearStat_1 == 1 & tmp_547 & !tmp_288_i) | (binaryParserRearStat_1 == 1 & tmp_547 & tmp_549)> <Delay = 0.00>
ST_2 : Operation 102 [1/1] (0.00ns)   --->   "%tempOutput_metadata_s = trunc i248 %p_Val2_31 to i124" [sources/requestParser/requestParser.cpp:206]   --->   Operation 102 'trunc' 'tempOutput_metadata_s' <Predicate = (binaryParserRearStat_1 == 1 & tmp_i) | (binaryParserRearStat_1 == 1 & tmp_547 & !tmp_288_i) | (binaryParserRearStat_1 == 1 & tmp_547 & tmp_549)> <Delay = 0.00>
ST_2 : Operation 103 [1/1] (0.00ns)   --->   "%tmp_valueValid_V = phi i1 [ true, %._crit_edge14.i ], [ false, %._crit_edge11.i ]"   --->   Operation 103 'phi' 'tmp_valueValid_V' <Predicate = (binaryParserRearStat_1 == 1 & tmp_i) | (binaryParserRearStat_1 == 1 & tmp_547 & !tmp_288_i) | (binaryParserRearStat_1 == 1 & tmp_547 & tmp_549)> <Delay = 0.00>
ST_2 : Operation 104 [1/1] (0.00ns)   --->   "%tmp_value_V = phi i64 [ %tmp_V_72, %._crit_edge14.i ], [ 0, %._crit_edge11.i ]"   --->   Operation 104 'phi' 'tmp_value_V' <Predicate = (binaryParserRearStat_1 == 1 & tmp_i) | (binaryParserRearStat_1 == 1 & tmp_547 & !tmp_288_i) | (binaryParserRearStat_1 == 1 & tmp_547 & tmp_549)> <Delay = 0.00>
ST_2 : Operation 105 [1/1] (0.00ns)   --->   "%tmp71 = call i256 @_ssdm_op_BitConcatenate.i256.i64.i64.i1.i1.i2.i124(i64 %tempOutput_key_V, i64 %tmp_value_V, i1 false, i1 %tmp_valueValid_V, i2 -1, i124 %tempOutput_metadata_s) nounwind" [sources/requestParser/requestParser.cpp:221]   --->   Operation 105 'bitconcatenate' 'tmp71' <Predicate = (binaryParserRearStat_1 == 1 & tmp_i) | (binaryParserRearStat_1 == 1 & tmp_547 & !tmp_288_i) | (binaryParserRearStat_1 == 1 & tmp_547 & tmp_549)> <Delay = 0.00>
ST_2 : Operation 106 [1/1] (2.39ns)   --->   "call void @_ssdm_op_Write.ap_fifo.volatile.i256P(i256* @requestParser2hashTa_1, i256 %tmp71) nounwind" [sources/requestParser/requestParser.cpp:221]   --->   Operation 106 'write' <Predicate = (binaryParserRearStat_1 == 1 & tmp_i) | (binaryParserRearStat_1 == 1 & tmp_547 & !tmp_288_i) | (binaryParserRearStat_1 == 1 & tmp_547 & tmp_549)> <Delay = 2.39> <Core = "FIFO">   --->   Core 32 'FIFO' <Latency = 0> <II = 1> <Delay = 2.39> <Storage> <Opcode : 'read' 'write' 'nbread' 'nbwrite'> <Ports = 0> <Width = 248> <Depth = 2> <FIFO>
ST_2 : Operation 107 [1/1] (0.00ns)   --->   "br label %._crit_edge3.i" [sources/requestParser/requestParser.cpp:199]   --->   Operation 107 'br' <Predicate = (binaryParserRearStat_1 == 0 & tmp)> <Delay = 0.00>
ST_2 : Operation 108 [1/1] (0.00ns)   --->   "br label %bp_r.exit"   --->   Operation 108 'br' <Predicate = (bpr_valueLength_flag)> <Delay = 0.00>
ST_2 : Operation 109 [1/1] (0.00ns)   --->   "ret void"   --->   Operation 109 'ret' <Predicate = true> <Delay = 0.00>


============================================================
+ Verbose Summary: Timing violations
============================================================
Target clock period: 6.66ns, clock uncertainty: 0.832ns.

 <State 1>: 4.78ns
The critical path consists of the following:
	'load' operation ('bpr_opCode_load', sources/requestParser/requestParser.cpp:202) on static variable 'bpr_opCode' [18]  (0 ns)
	'icmp' operation ('tmp_288_i', sources/requestParser/requestParser.cpp:202) [88]  (0.861 ns)
	multiplexor before 'phi' operation ('bpr_opCode_load_3_i', sources/requestParser/requestParser.cpp:202) with incoming values : ('bpr_opCode_load', sources/requestParser/requestParser.cpp:202) [94]  (0.85 ns)
	'phi' operation ('bpr_opCode_load_3_i', sources/requestParser/requestParser.cpp:202) with incoming values : ('bpr_opCode_load', sources/requestParser/requestParser.cpp:202) [94]  (0 ns)
	'icmp' operation ('tmp_293_i', sources/requestParser/requestParser.cpp:211) [109]  (0.861 ns)
	multiplexor before 'phi' operation ('bpr_valueLength_new_s', sources/requestParser/requestParser.cpp:215) with incoming values : ('p_Result_63_i', sources/requestParser/requestParser.cpp:205) ('storemerge35_i', sources/requestParser/requestParser.cpp:215) [118]  (0.85 ns)
	'phi' operation ('bpr_valueLength_new_s', sources/requestParser/requestParser.cpp:215) with incoming values : ('p_Result_63_i', sources/requestParser/requestParser.cpp:205) ('storemerge35_i', sources/requestParser/requestParser.cpp:215) [118]  (0 ns)
	multiplexor before 'phi' operation ('tmp.valueValid.V') [138]  (0.926 ns)
	blocking operation 0.436 ns on control path)

 <State 2>: 3.73ns
The critical path consists of the following:
	'load' operation ('bpr_wordCounter_V_lo') on static variable 'bpr_wordCounter_V' [58]  (0 ns)
	'xor' operation ('not_bpr_wordCounter_s') [60]  (0.485 ns)
	multiplexor before 'phi' operation ('tmp.EOP.V') [72]  (0.85 ns)
	'phi' operation ('tmp.EOP.V') [72]  (0 ns)
	fifo write on port 'requestParser2hashTa_1' (sources/requestParser/requestParser.cpp:251) [74]  (2.39 ns)


============================================================
+ Verbose Summary: Binding
============================================================
N/A
* FSMD analyzer results:
  - Output states:
 - Input state : 
  - Chain level:
	State 1
	State 2


============================================================
+ Verbose Summary: Datapath Resource usage 
============================================================
N/A
