

================================================================
== Vivado HLS Report for 'flashRemux'
================================================================
* Date:           Fri Nov  9 23:09:52 2018

* Version:        2018.2 (Build 2258646 on Thu Jun 14 20:25:20 MDT 2018)
* Project:        memcachedPipeline_prj
* Solution:       solution1
* Product family: virtex7
* Target device:  xc7vx690tffg1761-2


================================================================
== Performance Estimates
================================================================
+ Timing (ns): 
    * Summary: 
    +--------+-------+----------+------------+
    |  Clock | Target| Estimated| Uncertainty|
    +--------+-------+----------+------------+
    |ap_clk  |   6.66|     7.515|        0.83|
    +--------+-------+----------+------------+

+ Latency (clock cycles): 
    * Summary: 
    +-----+-----+-----+-----+----------+
    |  Latency  |  Interval | Pipeline |
    | min | max | min | max |   Type   |
    +-----+-----+-----+-----+----------+
    |    1|    1|    1|    1| function |
    +-----+-----+-----+-----+----------+

    + Detail: 
        * Instance: 
        N/A

        * Loop: 
        N/A

============================================================
+ Verbose Summary: Synthesis Manager
============================================================
InlineROM: 1
ExposeGlobal: 0
============================================================
+ Verbose Summary: CDFG Model
============================================================
IsTopModel: 0
ResetActiveHigh: 1
IsCombinational: 2
IsDatapathOnly: 0
HasWiredReturn: 1
HasMFsm: 1
HasVarLatency: 0
IsPipeline: 1
IsRtlPipelined: 1
IsInstanceOverlapped: 0
IsDontTouch: 0
HasImplIP: 0
IsGatedGlobalClock: 0

+ Individual pipeline summary: 
  * Pipeline-0: initiation interval (II) = 1, depth = 2


============================================================
+ Verbose Summary: Schedule
============================================================
* Number of FSM states : 2
* Pipeline : 1
  Pipeline-0 : II = 1, D = 2, States = { 1 2 }
* Dataflow Pipeline: 0

* FSM state transitions: 
1 --> 
	2  / true
2 --> 

* FSM state operations: 

State 1 <SV = 0> <Delay = 7.51>
ST_1 : Operation 3 [1/1] (0.00ns)   --->   "%flashRemuxState_load = load i3* @flashRemuxState, align 1" [sources/valueStore/flashValueStore.cpp:257]   --->   Operation 3 'load' 'flashRemuxState_load' <Predicate = true> <Delay = 0.00>
ST_1 : Operation 4 [1/1] (0.00ns)   --->   "%flashRmMdBuffer_meta_1 = load i124* @flashRmMdBuffer_meta, align 8" [sources/valueStore/flashValueStore.cpp:269]   --->   Operation 4 'load' 'flashRmMdBuffer_meta_1' <Predicate = true> <Delay = 0.00>
ST_1 : Operation 5 [1/1] (0.00ns)   --->   "%flashRmKeyLength_loa = load i8* @flashRmKeyLength, align 1" [sources/valueStore/flashValueStore.cpp:270]   --->   Operation 5 'load' 'flashRmKeyLength_loa' <Predicate = true> <Delay = 0.00>
ST_1 : Operation 6 [1/1] (0.00ns)   --->   "%flashRmValueLength_l = load i16* @flashRmValueLength, align 2" [sources/valueStore/flashValueStore.cpp:352]   --->   Operation 6 'load' 'flashRmValueLength_l' <Predicate = true> <Delay = 0.00>
ST_1 : Operation 7 [1/1] (0.86ns)   --->   "%tmp_s = icmp eq i8 %flashRmKeyLength_loa, 0" [sources/valueStore/flashValueStore.cpp:310]   --->   Operation 7 'icmp' 'tmp_s' <Predicate = true> <Delay = 0.86> <Core = "Cmp">   --->   Core 25 'Cmp' <Latency = 0> <II = 1> <Delay = 0.87> <FuncUnit> <Opcode : 'icmp'> <InPorts = 2> <OutPorts = 1>
ST_1 : Operation 8 [1/1] (0.00ns)   --->   "%tmp_452 = call i5 @_ssdm_op_PartSelect.i5.i8.i32.i32(i8 %flashRmKeyLength_loa, i32 3, i32 7)" [sources/valueStore/flashValueStore.cpp:314]   --->   Operation 8 'partselect' 'tmp_452' <Predicate = true> <Delay = 0.00>
ST_1 : Operation 9 [1/1] (0.87ns)   --->   "%icmp = icmp ne i5 %tmp_452, 0" [sources/valueStore/flashValueStore.cpp:314]   --->   Operation 9 'icmp' 'icmp' <Predicate = true> <Delay = 0.87> <Core = "Cmp">   --->   Core 25 'Cmp' <Latency = 0> <II = 1> <Delay = 0.87> <FuncUnit> <Opcode : 'icmp'> <InPorts = 2> <OutPorts = 1>
ST_1 : Operation 10 [1/1] (1.20ns)   --->   "switch i3 %flashRemuxState_load, label %._crit_edge1.i [
    i3 0, label %0
    i3 1, label %._crit_edge2.i
    i3 2, label %8
    i3 -1, label %12
    i3 -3, label %14
    i3 -4, label %18
  ]" [sources/valueStore/flashValueStore.cpp:257]   --->   Operation 10 'switch' <Predicate = true> <Delay = 1.20>
ST_1 : Operation 11 [1/1] (0.00ns)   --->   "br i1 %tmp_s, label %._crit_edge36.i, label %19" [sources/valueStore/flashValueStore.cpp:377]   --->   Operation 11 'br' <Predicate = (flashRemuxState_load == 4)> <Delay = 0.00>
ST_1 : Operation 12 [1/1] (0.00ns)   --->   "%tmp_35 = call i1 @_ssdm_op_NbReadReq.ap_fifo.i64P(i64* @flashKeyBuffer_V_V, i32 1) nounwind" [sources/valueStore/flashValueStore.cpp:377]   --->   Operation 12 'nbreadreq' 'tmp_35' <Predicate = (flashRemuxState_load == 4 & !tmp_s)> <Delay = 0.00> <Core = "FIFO">   --->   Core 32 'FIFO' <Latency = 0> <II = 1> <Delay = 2.39> <Storage> <Opcode : 'read' 'write' 'nbread' 'nbwrite'> <Ports = 0> <Width = 256> <Depth = 2> <FIFO>
ST_1 : Operation 13 [1/1] (1.20ns)   --->   "br i1 %tmp_35, label %._crit_edge36.i, label %._crit_edge1.i" [sources/valueStore/flashValueStore.cpp:377]   --->   Operation 13 'br' <Predicate = (flashRemuxState_load == 4 & !tmp_s)> <Delay = 1.20>
ST_1 : Operation 14 [1/1] (1.18ns)   --->   "%tmp_207_i = icmp eq i16 %flashRmValueLength_l, 0" [sources/valueStore/flashValueStore.cpp:377]   --->   Operation 14 'icmp' 'tmp_207_i' <Predicate = (flashRemuxState_load == 4 & tmp_s) | (flashRemuxState_load == 4 & tmp_35)> <Delay = 1.18> <Core = "Cmp">   --->   Core 25 'Cmp' <Latency = 0> <II = 1> <Delay = 0.87> <FuncUnit> <Opcode : 'icmp'> <InPorts = 2> <OutPorts = 1>
ST_1 : Operation 15 [1/1] (0.00ns)   --->   "br i1 %tmp_207_i, label %._crit_edge40.i, label %20" [sources/valueStore/flashValueStore.cpp:377]   --->   Operation 15 'br' <Predicate = (flashRemuxState_load == 4 & tmp_s) | (flashRemuxState_load == 4 & tmp_35)> <Delay = 0.00>
ST_1 : Operation 16 [1/1] (0.00ns)   --->   "%tmp_38 = call i1 @_ssdm_op_NbReadReq.ap_fifo.i64P(i64* @flashGetPath2remux_V, i32 1) nounwind" [sources/valueStore/flashValueStore.cpp:377]   --->   Operation 16 'nbreadreq' 'tmp_38' <Predicate = (flashRemuxState_load == 4 & tmp_s & !tmp_207_i) | (flashRemuxState_load == 4 & tmp_35 & !tmp_207_i)> <Delay = 0.00> <Core = "FIFO">   --->   Core 32 'FIFO' <Latency = 0> <II = 1> <Delay = 2.39> <Storage> <Opcode : 'read' 'write' 'nbread' 'nbwrite'> <Ports = 0> <Width = 256> <Depth = 2> <FIFO>
ST_1 : Operation 17 [1/1] (1.20ns)   --->   "br i1 %tmp_38, label %._crit_edge40.i, label %._crit_edge1.i" [sources/valueStore/flashValueStore.cpp:377]   --->   Operation 17 'br' <Predicate = (flashRemuxState_load == 4 & tmp_s & !tmp_207_i) | (flashRemuxState_load == 4 & tmp_35 & !tmp_207_i)> <Delay = 1.20>
ST_1 : Operation 18 [1/1] (0.85ns)   --->   "br i1 %tmp_s, label %._crit_edge44.i, label %._crit_edge45.i" [sources/valueStore/flashValueStore.cpp:378]   --->   Operation 18 'br' <Predicate = (flashRemuxState_load == 4 & tmp_s & tmp_207_i) | (flashRemuxState_load == 4 & tmp_35 & tmp_207_i) | (flashRemuxState_load == 4 & tmp_s & tmp_38) | (flashRemuxState_load == 4 & tmp_35 & tmp_38)> <Delay = 0.85>
ST_1 : Operation 19 [1/1] (2.39ns)   --->   "%tmp_V_61 = call i64 @_ssdm_op_Read.ap_fifo.volatile.i64P(i64* @flashKeyBuffer_V_V) nounwind" [sources/valueStore/flashValueStore.cpp:379]   --->   Operation 19 'read' 'tmp_V_61' <Predicate = (flashRemuxState_load == 4 & !tmp_s & tmp_35 & tmp_207_i) | (flashRemuxState_load == 4 & !tmp_s & tmp_35 & tmp_38)> <Delay = 2.39> <Core = "FIFO">   --->   Core 32 'FIFO' <Latency = 0> <II = 1> <Delay = 2.39> <Storage> <Opcode : 'read' 'write' 'nbread' 'nbwrite'> <Ports = 0> <Width = 256> <Depth = 2> <FIFO>
ST_1 : Operation 20 [1/1] (1.35ns)   --->   "%tmp_214_i = add i8 %flashRmKeyLength_loa, -8" [sources/valueStore/flashValueStore.cpp:381]   --->   Operation 20 'add' 'tmp_214_i' <Predicate = (flashRemuxState_load == 4 & !tmp_s & tmp_35 & tmp_207_i) | (flashRemuxState_load == 4 & !tmp_s & tmp_35 & tmp_38)> <Delay = 1.35> <Core = "AddSub">   --->   Core 14 'AddSub' <Latency = 0> <II = 1> <Delay = 1.35> <FuncUnit> <Opcode : 'add' 'sub'> <InPorts = 2> <OutPorts = 1>
ST_1 : Operation 21 [1/1] (0.37ns)   --->   "%storemerge25_i = select i1 %icmp, i8 %tmp_214_i, i8 0" [sources/valueStore/flashValueStore.cpp:381]   --->   Operation 21 'select' 'storemerge25_i' <Predicate = (flashRemuxState_load == 4 & !tmp_s & tmp_35 & tmp_207_i) | (flashRemuxState_load == 4 & !tmp_s & tmp_35 & tmp_38)> <Delay = 0.37> <Core = "Sel">   --->   Core 26 'Sel' <Latency = 0> <II = 1> <Delay = 0.37> <FuncUnit> <Opcode : 'select'> <InPorts = 3> <OutPorts = 1>
ST_1 : Operation 22 [1/1] (0.85ns)   --->   "br label %._crit_edge44.i" [sources/valueStore/flashValueStore.cpp:382]   --->   Operation 22 'br' <Predicate = (flashRemuxState_load == 4 & !tmp_s & tmp_35 & tmp_207_i) | (flashRemuxState_load == 4 & !tmp_s & tmp_35 & tmp_38)> <Delay = 0.85>
ST_1 : Operation 23 [1/1] (0.00ns)   --->   "%tmp_keyValid_V_4 = phi i1 [ false, %._crit_edge40.i ], [ true, %._crit_edge45.i ]"   --->   Operation 23 'phi' 'tmp_keyValid_V_4' <Predicate = (flashRemuxState_load == 4 & tmp_s & tmp_207_i) | (flashRemuxState_load == 4 & tmp_35 & tmp_207_i) | (flashRemuxState_load == 4 & tmp_s & tmp_38) | (flashRemuxState_load == 4 & tmp_35 & tmp_38)> <Delay = 0.00>
ST_1 : Operation 24 [1/1] (0.00ns)   --->   "%flashRmKeyLength_loa_2 = phi i8 [ %flashRmKeyLength_loa, %._crit_edge40.i ], [ %storemerge25_i, %._crit_edge45.i ]" [sources/valueStore/flashValueStore.cpp:270]   --->   Operation 24 'phi' 'flashRmKeyLength_loa_2' <Predicate = (flashRemuxState_load == 4 & tmp_s & tmp_207_i) | (flashRemuxState_load == 4 & tmp_35 & tmp_207_i) | (flashRemuxState_load == 4 & tmp_s & tmp_38) | (flashRemuxState_load == 4 & tmp_35 & tmp_38)> <Delay = 0.00>
ST_1 : Operation 25 [1/1] (0.85ns)   --->   "br i1 %tmp_207_i, label %._crit_edge46.i, label %._crit_edge47.i" [sources/valueStore/flashValueStore.cpp:383]   --->   Operation 25 'br' <Predicate = (flashRemuxState_load == 4 & tmp_s & tmp_207_i) | (flashRemuxState_load == 4 & tmp_35 & tmp_207_i) | (flashRemuxState_load == 4 & tmp_s & tmp_38) | (flashRemuxState_load == 4 & tmp_35 & tmp_38)> <Delay = 0.85>
ST_1 : Operation 26 [1/1] (2.39ns)   --->   "%tmp_V_62 = call i64 @_ssdm_op_Read.ap_fifo.volatile.i64P(i64* @flashGetPath2remux_V) nounwind" [sources/valueStore/flashValueStore.cpp:384]   --->   Operation 26 'read' 'tmp_V_62' <Predicate = (flashRemuxState_load == 4 & tmp_s & !tmp_207_i & tmp_38) | (flashRemuxState_load == 4 & tmp_35 & !tmp_207_i & tmp_38)> <Delay = 2.39> <Core = "FIFO">   --->   Core 32 'FIFO' <Latency = 0> <II = 1> <Delay = 2.39> <Storage> <Opcode : 'read' 'write' 'nbread' 'nbwrite'> <Ports = 0> <Width = 256> <Depth = 2> <FIFO>
ST_1 : Operation 27 [1/1] (0.00ns)   --->   "%tmp_466 = call i13 @_ssdm_op_PartSelect.i13.i16.i32.i32(i16 %flashRmValueLength_l, i32 3, i32 15)" [sources/valueStore/flashValueStore.cpp:386]   --->   Operation 27 'partselect' 'tmp_466' <Predicate = (flashRemuxState_load == 4 & tmp_s & !tmp_207_i & tmp_38) | (flashRemuxState_load == 4 & tmp_35 & !tmp_207_i & tmp_38)> <Delay = 0.00>
ST_1 : Operation 28 [1/1] (1.06ns)   --->   "%icmp4 = icmp ne i13 %tmp_466, 0" [sources/valueStore/flashValueStore.cpp:386]   --->   Operation 28 'icmp' 'icmp4' <Predicate = (flashRemuxState_load == 4 & tmp_s & !tmp_207_i & tmp_38) | (flashRemuxState_load == 4 & tmp_35 & !tmp_207_i & tmp_38)> <Delay = 1.06> <Core = "Cmp">   --->   Core 25 'Cmp' <Latency = 0> <II = 1> <Delay = 0.87> <FuncUnit> <Opcode : 'icmp'> <InPorts = 2> <OutPorts = 1>
ST_1 : Operation 29 [1/1] (1.30ns)   --->   "%tmp_220_i = add i16 %flashRmValueLength_l, -8" [sources/valueStore/flashValueStore.cpp:386]   --->   Operation 29 'add' 'tmp_220_i' <Predicate = (flashRemuxState_load == 4 & tmp_s & !tmp_207_i & tmp_38) | (flashRemuxState_load == 4 & tmp_35 & !tmp_207_i & tmp_38)> <Delay = 1.30> <Core = "AddSub">   --->   Core 14 'AddSub' <Latency = 0> <II = 1> <Delay = 1.35> <FuncUnit> <Opcode : 'add' 'sub'> <InPorts = 2> <OutPorts = 1>
ST_1 : Operation 30 [1/1] (0.47ns)   --->   "%storemerge_i = select i1 %icmp4, i16 %tmp_220_i, i16 0" [sources/valueStore/flashValueStore.cpp:386]   --->   Operation 30 'select' 'storemerge_i' <Predicate = (flashRemuxState_load == 4 & tmp_s & !tmp_207_i & tmp_38) | (flashRemuxState_load == 4 & tmp_35 & !tmp_207_i & tmp_38)> <Delay = 0.47> <Core = "Sel">   --->   Core 26 'Sel' <Latency = 0> <II = 1> <Delay = 0.37> <FuncUnit> <Opcode : 'select'> <InPorts = 3> <OutPorts = 1>
ST_1 : Operation 31 [1/1] (0.92ns)   --->   "store i16 %storemerge_i, i16* @flashRmValueLength, align 2" [sources/valueStore/flashValueStore.cpp:386]   --->   Operation 31 'store' <Predicate = (flashRemuxState_load == 4 & tmp_s & !tmp_207_i & tmp_38) | (flashRemuxState_load == 4 & tmp_35 & !tmp_207_i & tmp_38)> <Delay = 0.92>
ST_1 : Operation 32 [1/1] (0.85ns)   --->   "br label %._crit_edge46.i" [sources/valueStore/flashValueStore.cpp:387]   --->   Operation 32 'br' <Predicate = (flashRemuxState_load == 4 & tmp_s & !tmp_207_i & tmp_38) | (flashRemuxState_load == 4 & tmp_35 & !tmp_207_i & tmp_38)> <Delay = 0.85>
ST_1 : Operation 33 [1/1] (0.00ns) (grouped into LUT with out node tmp_227_i)   --->   "%tmp_226_i = phi i16 [ %storemerge_i, %._crit_edge47.i ], [ %flashRmValueLength_l, %._crit_edge44.i ]" [sources/valueStore/flashValueStore.cpp:386]   --->   Operation 33 'phi' 'tmp_226_i' <Predicate = (flashRemuxState_load == 4 & tmp_s & tmp_207_i) | (flashRemuxState_load == 4 & tmp_35 & tmp_207_i) | (flashRemuxState_load == 4 & tmp_s & tmp_38) | (flashRemuxState_load == 4 & tmp_35 & tmp_38)> <Delay = 0.00>
ST_1 : Operation 34 [1/1] (1.18ns) (out node of the LUT)   --->   "%tmp_227_i = icmp eq i16 %tmp_226_i, 0" [sources/valueStore/flashValueStore.cpp:388]   --->   Operation 34 'icmp' 'tmp_227_i' <Predicate = (flashRemuxState_load == 4 & tmp_s & tmp_207_i) | (flashRemuxState_load == 4 & tmp_35 & tmp_207_i) | (flashRemuxState_load == 4 & tmp_s & tmp_38) | (flashRemuxState_load == 4 & tmp_35 & tmp_38)> <Delay = 1.18> <Core = "Cmp">   --->   Core 25 'Cmp' <Latency = 0> <II = 1> <Delay = 0.87> <FuncUnit> <Opcode : 'icmp'> <InPorts = 2> <OutPorts = 1>
ST_1 : Operation 35 [1/1] (0.86ns)   --->   "%tmp_228_i = icmp eq i8 %flashRmKeyLength_loa_2, 0" [sources/valueStore/flashValueStore.cpp:388]   --->   Operation 35 'icmp' 'tmp_228_i' <Predicate = (flashRemuxState_load == 4 & tmp_s & tmp_207_i) | (flashRemuxState_load == 4 & tmp_35 & tmp_207_i) | (flashRemuxState_load == 4 & tmp_s & tmp_38) | (flashRemuxState_load == 4 & tmp_35 & tmp_38)> <Delay = 0.86> <Core = "Cmp">   --->   Core 25 'Cmp' <Latency = 0> <II = 1> <Delay = 0.87> <FuncUnit> <Opcode : 'icmp'> <InPorts = 2> <OutPorts = 1>
ST_1 : Operation 36 [1/1] (0.48ns)   --->   "%tmp_EOP_V_8 = and i1 %tmp_227_i, %tmp_228_i" [sources/valueStore/flashValueStore.cpp:388]   --->   Operation 36 'and' 'tmp_EOP_V_8' <Predicate = (flashRemuxState_load == 4 & tmp_s & tmp_207_i) | (flashRemuxState_load == 4 & tmp_35 & tmp_207_i) | (flashRemuxState_load == 4 & tmp_s & tmp_38) | (flashRemuxState_load == 4 & tmp_35 & tmp_38)> <Delay = 0.48> <Core = "LogicGate">   --->   Core 27 'LogicGate' <Latency = 0> <II = 1> <Delay = 0.48> <FuncUnit> <Opcode : 'and' 'or' 'xor'> <InPorts = 2> <OutPorts = 1>
ST_1 : Operation 37 [1/1] (1.20ns)   --->   "br label %._crit_edge1.i" [sources/valueStore/flashValueStore.cpp:393]   --->   Operation 37 'br' <Predicate = (flashRemuxState_load == 4 & tmp_s & tmp_207_i) | (flashRemuxState_load == 4 & tmp_35 & tmp_207_i) | (flashRemuxState_load == 4 & tmp_s & tmp_38) | (flashRemuxState_load == 4 & tmp_35 & tmp_38)> <Delay = 1.20>
ST_1 : Operation 38 [1/1] (0.00ns)   --->   "%tmp_33 = call i1 @_ssdm_op_NbReadReq.ap_fifo.i128P(i128* @flashMetadataBuffer_s_0, i32 1) nounwind"   --->   Operation 38 'nbreadreq' 'tmp_33' <Predicate = (flashRemuxState_load == 5)> <Delay = 0.00> <Core = "FIFO">   --->   Core 32 'FIFO' <Latency = 0> <II = 1> <Delay = 2.39> <Storage> <Opcode : 'read' 'write' 'nbread' 'nbwrite'> <Ports = 0> <Width = 256> <Depth = 2> <FIFO>
ST_1 : Operation 39 [1/1] (1.20ns)   --->   "br i1 %tmp_33, label %15, label %._crit_edge1.i" [sources/valueStore/flashValueStore.cpp:352]   --->   Operation 39 'br' <Predicate = (flashRemuxState_load == 5)> <Delay = 1.20>
ST_1 : Operation 40 [1/1] (0.00ns)   --->   "br i1 %tmp_s, label %._crit_edge24.i, label %16" [sources/valueStore/flashValueStore.cpp:352]   --->   Operation 40 'br' <Predicate = (flashRemuxState_load == 5 & tmp_33)> <Delay = 0.00>
ST_1 : Operation 41 [1/1] (0.00ns)   --->   "%tmp_37 = call i1 @_ssdm_op_NbReadReq.ap_fifo.i64P(i64* @flashKeyBuffer_V_V, i32 1) nounwind" [sources/valueStore/flashValueStore.cpp:352]   --->   Operation 41 'nbreadreq' 'tmp_37' <Predicate = (flashRemuxState_load == 5 & !tmp_s & tmp_33)> <Delay = 0.00> <Core = "FIFO">   --->   Core 32 'FIFO' <Latency = 0> <II = 1> <Delay = 2.39> <Storage> <Opcode : 'read' 'write' 'nbread' 'nbwrite'> <Ports = 0> <Width = 256> <Depth = 2> <FIFO>
ST_1 : Operation 42 [1/1] (1.20ns)   --->   "br i1 %tmp_37, label %._crit_edge24.i, label %._crit_edge1.i" [sources/valueStore/flashValueStore.cpp:352]   --->   Operation 42 'br' <Predicate = (flashRemuxState_load == 5 & !tmp_s & tmp_33)> <Delay = 1.20>
ST_1 : Operation 43 [1/1] (1.18ns)   --->   "%tmp_211_i = icmp eq i16 %flashRmValueLength_l, 0" [sources/valueStore/flashValueStore.cpp:352]   --->   Operation 43 'icmp' 'tmp_211_i' <Predicate = (flashRemuxState_load == 5 & tmp_s & tmp_33) | (flashRemuxState_load == 5 & tmp_33 & tmp_37)> <Delay = 1.18> <Core = "Cmp">   --->   Core 25 'Cmp' <Latency = 0> <II = 1> <Delay = 0.87> <FuncUnit> <Opcode : 'icmp'> <InPorts = 2> <OutPorts = 1>
ST_1 : Operation 44 [1/1] (0.00ns)   --->   "br i1 %tmp_211_i, label %._crit_edge28.i, label %17" [sources/valueStore/flashValueStore.cpp:352]   --->   Operation 44 'br' <Predicate = (flashRemuxState_load == 5 & tmp_s & tmp_33) | (flashRemuxState_load == 5 & tmp_33 & tmp_37)> <Delay = 0.00>
ST_1 : Operation 45 [1/1] (0.00ns)   --->   "%tmp_41 = call i1 @_ssdm_op_NbReadReq.ap_fifo.i64P(i64* @flashGetPath2remux_V, i32 1) nounwind" [sources/valueStore/flashValueStore.cpp:352]   --->   Operation 45 'nbreadreq' 'tmp_41' <Predicate = (flashRemuxState_load == 5 & tmp_s & tmp_33 & !tmp_211_i) | (flashRemuxState_load == 5 & tmp_33 & tmp_37 & !tmp_211_i)> <Delay = 0.00> <Core = "FIFO">   --->   Core 32 'FIFO' <Latency = 0> <II = 1> <Delay = 2.39> <Storage> <Opcode : 'read' 'write' 'nbread' 'nbwrite'> <Ports = 0> <Width = 256> <Depth = 2> <FIFO>
ST_1 : Operation 46 [1/1] (1.20ns)   --->   "br i1 %tmp_41, label %._crit_edge28.i, label %._crit_edge1.i" [sources/valueStore/flashValueStore.cpp:352]   --->   Operation 46 'br' <Predicate = (flashRemuxState_load == 5 & tmp_s & tmp_33 & !tmp_211_i) | (flashRemuxState_load == 5 & tmp_33 & tmp_37 & !tmp_211_i)> <Delay = 1.20>
ST_1 : Operation 47 [1/1] (2.39ns)   --->   "%tmp_8 = call i128 @_ssdm_op_Read.ap_fifo.volatile.i128P(i128* @flashMetadataBuffer_s_0) nounwind"   --->   Operation 47 'read' 'tmp_8' <Predicate = (flashRemuxState_load == 5 & tmp_s & tmp_33 & tmp_211_i) | (flashRemuxState_load == 5 & tmp_33 & tmp_37 & tmp_211_i) | (flashRemuxState_load == 5 & tmp_s & tmp_33 & tmp_41) | (flashRemuxState_load == 5 & tmp_33 & tmp_37 & tmp_41)> <Delay = 2.39> <Core = "FIFO">   --->   Core 32 'FIFO' <Latency = 0> <II = 1> <Delay = 2.39> <Storage> <Opcode : 'read' 'write' 'nbread' 'nbwrite'> <Ports = 0> <Width = 256> <Depth = 2> <FIFO>
ST_1 : Operation 48 [1/1] (0.00ns)   --->   "%flashOutputWord_meta_1 = trunc i128 %tmp_8 to i124" [sources/valueStore/../globals.h:128->sources/valueStore/flashValueStore.cpp:353]   --->   Operation 48 'trunc' 'flashOutputWord_meta_1' <Predicate = (flashRemuxState_load == 5 & tmp_s & tmp_33 & tmp_211_i) | (flashRemuxState_load == 5 & tmp_33 & tmp_37 & tmp_211_i) | (flashRemuxState_load == 5 & tmp_s & tmp_33 & tmp_41) | (flashRemuxState_load == 5 & tmp_33 & tmp_37 & tmp_41)> <Delay = 0.00>
ST_1 : Operation 49 [1/1] (0.92ns)   --->   "store i124 %flashOutputWord_meta_1, i124* @flashRmMdBuffer_meta, align 8" [sources/valueStore/../globals.h:128->sources/valueStore/flashValueStore.cpp:353]   --->   Operation 49 'store' <Predicate = (flashRemuxState_load == 5 & tmp_s & tmp_33 & tmp_211_i) | (flashRemuxState_load == 5 & tmp_33 & tmp_37 & tmp_211_i) | (flashRemuxState_load == 5 & tmp_s & tmp_33 & tmp_41) | (flashRemuxState_load == 5 & tmp_33 & tmp_37 & tmp_41)> <Delay = 0.92>
ST_1 : Operation 50 [1/1] (0.85ns)   --->   "br i1 %tmp_s, label %._crit_edge32.i, label %._crit_edge33.i" [sources/valueStore/flashValueStore.cpp:354]   --->   Operation 50 'br' <Predicate = (flashRemuxState_load == 5 & tmp_s & tmp_33 & tmp_211_i) | (flashRemuxState_load == 5 & tmp_33 & tmp_37 & tmp_211_i) | (flashRemuxState_load == 5 & tmp_s & tmp_33 & tmp_41) | (flashRemuxState_load == 5 & tmp_33 & tmp_37 & tmp_41)> <Delay = 0.85>
ST_1 : Operation 51 [1/1] (2.39ns)   --->   "%tmp_V_59 = call i64 @_ssdm_op_Read.ap_fifo.volatile.i64P(i64* @flashKeyBuffer_V_V) nounwind" [sources/valueStore/flashValueStore.cpp:355]   --->   Operation 51 'read' 'tmp_V_59' <Predicate = (flashRemuxState_load == 5 & !tmp_s & tmp_33 & tmp_37 & tmp_211_i) | (flashRemuxState_load == 5 & !tmp_s & tmp_33 & tmp_37 & tmp_41)> <Delay = 2.39> <Core = "FIFO">   --->   Core 32 'FIFO' <Latency = 0> <II = 1> <Delay = 2.39> <Storage> <Opcode : 'read' 'write' 'nbread' 'nbwrite'> <Ports = 0> <Width = 256> <Depth = 2> <FIFO>
ST_1 : Operation 52 [1/1] (1.35ns)   --->   "%tmp_218_i = add i8 %flashRmKeyLength_loa, -8" [sources/valueStore/flashValueStore.cpp:357]   --->   Operation 52 'add' 'tmp_218_i' <Predicate = (flashRemuxState_load == 5 & !tmp_s & tmp_33 & tmp_37 & tmp_211_i) | (flashRemuxState_load == 5 & !tmp_s & tmp_33 & tmp_37 & tmp_41)> <Delay = 1.35> <Core = "AddSub">   --->   Core 14 'AddSub' <Latency = 0> <II = 1> <Delay = 1.35> <FuncUnit> <Opcode : 'add' 'sub'> <InPorts = 2> <OutPorts = 1>
ST_1 : Operation 53 [1/1] (0.37ns)   --->   "%storemerge26_i = select i1 %icmp, i8 %tmp_218_i, i8 0" [sources/valueStore/flashValueStore.cpp:357]   --->   Operation 53 'select' 'storemerge26_i' <Predicate = (flashRemuxState_load == 5 & !tmp_s & tmp_33 & tmp_37 & tmp_211_i) | (flashRemuxState_load == 5 & !tmp_s & tmp_33 & tmp_37 & tmp_41)> <Delay = 0.37> <Core = "Sel">   --->   Core 26 'Sel' <Latency = 0> <II = 1> <Delay = 0.37> <FuncUnit> <Opcode : 'select'> <InPorts = 3> <OutPorts = 1>
ST_1 : Operation 54 [1/1] (0.85ns)   --->   "br label %._crit_edge32.i" [sources/valueStore/flashValueStore.cpp:358]   --->   Operation 54 'br' <Predicate = (flashRemuxState_load == 5 & !tmp_s & tmp_33 & tmp_37 & tmp_211_i) | (flashRemuxState_load == 5 & !tmp_s & tmp_33 & tmp_37 & tmp_41)> <Delay = 0.85>
ST_1 : Operation 55 [1/1] (0.00ns)   --->   "%tmp_keyValid_V_5 = phi i1 [ false, %._crit_edge28.i ], [ true, %._crit_edge33.i ]"   --->   Operation 55 'phi' 'tmp_keyValid_V_5' <Predicate = (flashRemuxState_load == 5 & tmp_s & tmp_33 & tmp_211_i) | (flashRemuxState_load == 5 & tmp_33 & tmp_37 & tmp_211_i) | (flashRemuxState_load == 5 & tmp_s & tmp_33 & tmp_41) | (flashRemuxState_load == 5 & tmp_33 & tmp_37 & tmp_41)> <Delay = 0.00>
ST_1 : Operation 56 [1/1] (0.00ns)   --->   "%flashRmKeyLength_loa_1 = phi i8 [ %flashRmKeyLength_loa, %._crit_edge28.i ], [ %storemerge26_i, %._crit_edge33.i ]" [sources/valueStore/flashValueStore.cpp:270]   --->   Operation 56 'phi' 'flashRmKeyLength_loa_1' <Predicate = (flashRemuxState_load == 5 & tmp_s & tmp_33 & tmp_211_i) | (flashRemuxState_load == 5 & tmp_33 & tmp_37 & tmp_211_i) | (flashRemuxState_load == 5 & tmp_s & tmp_33 & tmp_41) | (flashRemuxState_load == 5 & tmp_33 & tmp_37 & tmp_41)> <Delay = 0.00>
ST_1 : Operation 57 [1/1] (0.85ns)   --->   "br i1 %tmp_211_i, label %._crit_edge34.i, label %._crit_edge35.i" [sources/valueStore/flashValueStore.cpp:359]   --->   Operation 57 'br' <Predicate = (flashRemuxState_load == 5 & tmp_s & tmp_33 & tmp_211_i) | (flashRemuxState_load == 5 & tmp_33 & tmp_37 & tmp_211_i) | (flashRemuxState_load == 5 & tmp_s & tmp_33 & tmp_41) | (flashRemuxState_load == 5 & tmp_33 & tmp_37 & tmp_41)> <Delay = 0.85>
ST_1 : Operation 58 [1/1] (2.39ns)   --->   "%tmp_V_60 = call i64 @_ssdm_op_Read.ap_fifo.volatile.i64P(i64* @flashGetPath2remux_V) nounwind" [sources/valueStore/flashValueStore.cpp:360]   --->   Operation 58 'read' 'tmp_V_60' <Predicate = (flashRemuxState_load == 5 & tmp_s & tmp_33 & !tmp_211_i & tmp_41) | (flashRemuxState_load == 5 & tmp_33 & tmp_37 & !tmp_211_i & tmp_41)> <Delay = 2.39> <Core = "FIFO">   --->   Core 32 'FIFO' <Latency = 0> <II = 1> <Delay = 2.39> <Storage> <Opcode : 'read' 'write' 'nbread' 'nbwrite'> <Ports = 0> <Width = 256> <Depth = 2> <FIFO>
ST_1 : Operation 59 [1/1] (0.00ns)   --->   "%tmp_467 = call i13 @_ssdm_op_PartSelect.i13.i16.i32.i32(i16 %flashRmValueLength_l, i32 3, i32 15)" [sources/valueStore/flashValueStore.cpp:362]   --->   Operation 59 'partselect' 'tmp_467' <Predicate = (flashRemuxState_load == 5 & tmp_s & tmp_33 & !tmp_211_i & tmp_41) | (flashRemuxState_load == 5 & tmp_33 & tmp_37 & !tmp_211_i & tmp_41)> <Delay = 0.00>
ST_1 : Operation 60 [1/1] (1.06ns)   --->   "%icmp5 = icmp ne i13 %tmp_467, 0" [sources/valueStore/flashValueStore.cpp:362]   --->   Operation 60 'icmp' 'icmp5' <Predicate = (flashRemuxState_load == 5 & tmp_s & tmp_33 & !tmp_211_i & tmp_41) | (flashRemuxState_load == 5 & tmp_33 & tmp_37 & !tmp_211_i & tmp_41)> <Delay = 1.06> <Core = "Cmp">   --->   Core 25 'Cmp' <Latency = 0> <II = 1> <Delay = 0.87> <FuncUnit> <Opcode : 'icmp'> <InPorts = 2> <OutPorts = 1>
ST_1 : Operation 61 [1/1] (1.30ns)   --->   "%tmp_225_i = add i16 %flashRmValueLength_l, -8" [sources/valueStore/flashValueStore.cpp:362]   --->   Operation 61 'add' 'tmp_225_i' <Predicate = (flashRemuxState_load == 5 & tmp_s & tmp_33 & !tmp_211_i & tmp_41) | (flashRemuxState_load == 5 & tmp_33 & tmp_37 & !tmp_211_i & tmp_41)> <Delay = 1.30> <Core = "AddSub">   --->   Core 14 'AddSub' <Latency = 0> <II = 1> <Delay = 1.35> <FuncUnit> <Opcode : 'add' 'sub'> <InPorts = 2> <OutPorts = 1>
ST_1 : Operation 62 [1/1] (0.47ns)   --->   "%storemerge28_i = select i1 %icmp5, i16 %tmp_225_i, i16 0" [sources/valueStore/flashValueStore.cpp:362]   --->   Operation 62 'select' 'storemerge28_i' <Predicate = (flashRemuxState_load == 5 & tmp_s & tmp_33 & !tmp_211_i & tmp_41) | (flashRemuxState_load == 5 & tmp_33 & tmp_37 & !tmp_211_i & tmp_41)> <Delay = 0.47> <Core = "Sel">   --->   Core 26 'Sel' <Latency = 0> <II = 1> <Delay = 0.37> <FuncUnit> <Opcode : 'select'> <InPorts = 3> <OutPorts = 1>
ST_1 : Operation 63 [1/1] (0.92ns)   --->   "store i16 %storemerge28_i, i16* @flashRmValueLength, align 2" [sources/valueStore/flashValueStore.cpp:362]   --->   Operation 63 'store' <Predicate = (flashRemuxState_load == 5 & tmp_s & tmp_33 & !tmp_211_i & tmp_41) | (flashRemuxState_load == 5 & tmp_33 & tmp_37 & !tmp_211_i & tmp_41)> <Delay = 0.92>
ST_1 : Operation 64 [1/1] (0.85ns)   --->   "br label %._crit_edge34.i" [sources/valueStore/flashValueStore.cpp:363]   --->   Operation 64 'br' <Predicate = (flashRemuxState_load == 5 & tmp_s & tmp_33 & !tmp_211_i & tmp_41) | (flashRemuxState_load == 5 & tmp_33 & tmp_37 & !tmp_211_i & tmp_41)> <Delay = 0.85>
ST_1 : Operation 65 [1/1] (0.00ns) (grouped into LUT with out node tmp_232_i)   --->   "%tmp_231_i = phi i16 [ %storemerge28_i, %._crit_edge35.i ], [ %flashRmValueLength_l, %._crit_edge32.i ]" [sources/valueStore/flashValueStore.cpp:362]   --->   Operation 65 'phi' 'tmp_231_i' <Predicate = (flashRemuxState_load == 5 & tmp_s & tmp_33 & tmp_211_i) | (flashRemuxState_load == 5 & tmp_33 & tmp_37 & tmp_211_i) | (flashRemuxState_load == 5 & tmp_s & tmp_33 & tmp_41) | (flashRemuxState_load == 5 & tmp_33 & tmp_37 & tmp_41)> <Delay = 0.00>
ST_1 : Operation 66 [1/1] (1.18ns) (out node of the LUT)   --->   "%tmp_232_i = icmp eq i16 %tmp_231_i, 0" [sources/valueStore/flashValueStore.cpp:365]   --->   Operation 66 'icmp' 'tmp_232_i' <Predicate = (flashRemuxState_load == 5 & tmp_s & tmp_33 & tmp_211_i) | (flashRemuxState_load == 5 & tmp_33 & tmp_37 & tmp_211_i) | (flashRemuxState_load == 5 & tmp_s & tmp_33 & tmp_41) | (flashRemuxState_load == 5 & tmp_33 & tmp_37 & tmp_41)> <Delay = 1.18> <Core = "Cmp">   --->   Core 25 'Cmp' <Latency = 0> <II = 1> <Delay = 0.87> <FuncUnit> <Opcode : 'icmp'> <InPorts = 2> <OutPorts = 1>
ST_1 : Operation 67 [1/1] (0.86ns)   --->   "%tmp_233_i = icmp eq i8 %flashRmKeyLength_loa_1, 0" [sources/valueStore/flashValueStore.cpp:365]   --->   Operation 67 'icmp' 'tmp_233_i' <Predicate = (flashRemuxState_load == 5 & tmp_s & tmp_33 & tmp_211_i) | (flashRemuxState_load == 5 & tmp_33 & tmp_37 & tmp_211_i) | (flashRemuxState_load == 5 & tmp_s & tmp_33 & tmp_41) | (flashRemuxState_load == 5 & tmp_33 & tmp_37 & tmp_41)> <Delay = 0.86> <Core = "Cmp">   --->   Core 25 'Cmp' <Latency = 0> <II = 1> <Delay = 0.87> <FuncUnit> <Opcode : 'icmp'> <InPorts = 2> <OutPorts = 1>
ST_1 : Operation 68 [1/1] (0.48ns)   --->   "%tmp_EOP_V_9 = and i1 %tmp_232_i, %tmp_233_i" [sources/valueStore/flashValueStore.cpp:365]   --->   Operation 68 'and' 'tmp_EOP_V_9' <Predicate = (flashRemuxState_load == 5 & tmp_s & tmp_33 & tmp_211_i) | (flashRemuxState_load == 5 & tmp_33 & tmp_37 & tmp_211_i) | (flashRemuxState_load == 5 & tmp_s & tmp_33 & tmp_41) | (flashRemuxState_load == 5 & tmp_33 & tmp_37 & tmp_41)> <Delay = 0.48> <Core = "LogicGate">   --->   Core 27 'LogicGate' <Latency = 0> <II = 1> <Delay = 0.48> <FuncUnit> <Opcode : 'and' 'or' 'xor'> <InPorts = 2> <OutPorts = 1>
ST_1 : Operation 69 [1/1] (0.51ns)   --->   "%storemerge30_i = select i1 %tmp_EOP_V_9, i3 0, i3 -4" [sources/valueStore/flashValueStore.cpp:365]   --->   Operation 69 'select' 'storemerge30_i' <Predicate = (flashRemuxState_load == 5 & tmp_s & tmp_33 & tmp_211_i) | (flashRemuxState_load == 5 & tmp_33 & tmp_37 & tmp_211_i) | (flashRemuxState_load == 5 & tmp_s & tmp_33 & tmp_41) | (flashRemuxState_load == 5 & tmp_33 & tmp_37 & tmp_41)> <Delay = 0.51> <Core = "Sel">   --->   Core 26 'Sel' <Latency = 0> <II = 1> <Delay = 0.37> <FuncUnit> <Opcode : 'select'> <InPorts = 3> <OutPorts = 1>
ST_1 : Operation 70 [1/1] (1.20ns)   --->   "br label %._crit_edge1.i" [sources/valueStore/flashValueStore.cpp:372]   --->   Operation 70 'br' <Predicate = (flashRemuxState_load == 5 & tmp_s & tmp_33 & tmp_211_i) | (flashRemuxState_load == 5 & tmp_33 & tmp_37 & tmp_211_i) | (flashRemuxState_load == 5 & tmp_s & tmp_33 & tmp_41) | (flashRemuxState_load == 5 & tmp_33 & tmp_37 & tmp_41)> <Delay = 1.20>
ST_1 : Operation 71 [1/1] (1.20ns)   --->   "br i1 %tmp_s, label %._crit_edge1.i, label %13" [sources/valueStore/flashValueStore.cpp:336]   --->   Operation 71 'br' <Predicate = (flashRemuxState_load == 7)> <Delay = 1.20>
ST_1 : Operation 72 [1/1] (0.00ns)   --->   "%tmp_34 = call i1 @_ssdm_op_NbReadReq.ap_fifo.i64P(i64* @flashKeyBuffer_V_V, i32 1) nounwind" [sources/valueStore/flashValueStore.cpp:337]   --->   Operation 72 'nbreadreq' 'tmp_34' <Predicate = (flashRemuxState_load == 7 & !tmp_s)> <Delay = 0.00> <Core = "FIFO">   --->   Core 32 'FIFO' <Latency = 0> <II = 1> <Delay = 2.39> <Storage> <Opcode : 'read' 'write' 'nbread' 'nbwrite'> <Ports = 0> <Width = 256> <Depth = 2> <FIFO>
ST_1 : Operation 73 [1/1] (1.20ns)   --->   "br i1 %tmp_34, label %._crit_edge21.i, label %._crit_edge1.i" [sources/valueStore/flashValueStore.cpp:337]   --->   Operation 73 'br' <Predicate = (flashRemuxState_load == 7 & !tmp_s)> <Delay = 1.20>
ST_1 : Operation 74 [1/1] (2.39ns)   --->   "%tmp_V_58 = call i64 @_ssdm_op_Read.ap_fifo.volatile.i64P(i64* @flashKeyBuffer_V_V) nounwind" [sources/valueStore/flashValueStore.cpp:338]   --->   Operation 74 'read' 'tmp_V_58' <Predicate = (flashRemuxState_load == 7 & !tmp_s & tmp_34)> <Delay = 2.39> <Core = "FIFO">   --->   Core 32 'FIFO' <Latency = 0> <II = 1> <Delay = 2.39> <Storage> <Opcode : 'read' 'write' 'nbread' 'nbwrite'> <Ports = 0> <Width = 256> <Depth = 2> <FIFO>
ST_1 : Operation 75 [1/1] (1.35ns)   --->   "%tmp_205_i = add i8 %flashRmKeyLength_loa, -8" [sources/valueStore/flashValueStore.cpp:340]   --->   Operation 75 'add' 'tmp_205_i' <Predicate = (flashRemuxState_load == 7 & !tmp_s & tmp_34)> <Delay = 1.35> <Core = "AddSub">   --->   Core 14 'AddSub' <Latency = 0> <II = 1> <Delay = 1.35> <FuncUnit> <Opcode : 'add' 'sub'> <InPorts = 2> <OutPorts = 1>
ST_1 : Operation 76 [1/1] (0.37ns)   --->   "%storemerge22_i = select i1 %icmp, i8 %tmp_205_i, i8 0" [sources/valueStore/flashValueStore.cpp:340]   --->   Operation 76 'select' 'storemerge22_i' <Predicate = (flashRemuxState_load == 7 & !tmp_s & tmp_34)> <Delay = 0.37> <Core = "Sel">   --->   Core 26 'Sel' <Latency = 0> <II = 1> <Delay = 0.37> <FuncUnit> <Opcode : 'select'> <InPorts = 3> <OutPorts = 1>
ST_1 : Operation 77 [1/1] (0.86ns)   --->   "%tmp_EOP_V = icmp eq i8 %storemerge22_i, 0" [sources/valueStore/flashValueStore.cpp:341]   --->   Operation 77 'icmp' 'tmp_EOP_V' <Predicate = (flashRemuxState_load == 7 & !tmp_s & tmp_34)> <Delay = 0.86> <Core = "Cmp">   --->   Core 25 'Cmp' <Latency = 0> <II = 1> <Delay = 0.87> <FuncUnit> <Opcode : 'icmp'> <InPorts = 2> <OutPorts = 1>
ST_1 : Operation 78 [1/1] (1.20ns)   --->   "br label %._crit_edge1.i" [sources/valueStore/flashValueStore.cpp:346]   --->   Operation 78 'br' <Predicate = (flashRemuxState_load == 7 & !tmp_s & tmp_34)> <Delay = 1.20>
ST_1 : Operation 79 [1/1] (0.00ns)   --->   "%tmp_32 = call i1 @_ssdm_op_NbReadReq.ap_fifo.i128P(i128* @flashMetadataBuffer_s_0, i32 1) nounwind"   --->   Operation 79 'nbreadreq' 'tmp_32' <Predicate = (flashRemuxState_load == 2)> <Delay = 0.00> <Core = "FIFO">   --->   Core 32 'FIFO' <Latency = 0> <II = 1> <Delay = 2.39> <Storage> <Opcode : 'read' 'write' 'nbread' 'nbwrite'> <Ports = 0> <Width = 256> <Depth = 2> <FIFO>
ST_1 : Operation 80 [1/1] (1.20ns)   --->   "br i1 %tmp_32, label %9, label %._crit_edge1.i" [sources/valueStore/flashValueStore.cpp:308]   --->   Operation 80 'br' <Predicate = (flashRemuxState_load == 2)> <Delay = 1.20>
ST_1 : Operation 81 [1/1] (2.39ns)   --->   "%tmp_4 = call i128 @_ssdm_op_Read.ap_fifo.volatile.i128P(i128* @flashMetadataBuffer_s_0) nounwind"   --->   Operation 81 'read' 'tmp_4' <Predicate = (flashRemuxState_load == 2 & tmp_32)> <Delay = 2.39> <Core = "FIFO">   --->   Core 32 'FIFO' <Latency = 0> <II = 1> <Delay = 2.39> <Storage> <Opcode : 'read' 'write' 'nbread' 'nbwrite'> <Ports = 0> <Width = 256> <Depth = 2> <FIFO>
ST_1 : Operation 82 [1/1] (0.00ns)   --->   "%flashOutputWord_meta = trunc i128 %tmp_4 to i124" [sources/valueStore/../globals.h:128->sources/valueStore/flashValueStore.cpp:309]   --->   Operation 82 'trunc' 'flashOutputWord_meta' <Predicate = (flashRemuxState_load == 2 & tmp_32)> <Delay = 0.00>
ST_1 : Operation 83 [1/1] (0.92ns)   --->   "store i124 %flashOutputWord_meta, i124* @flashRmMdBuffer_meta, align 8" [sources/valueStore/../globals.h:128->sources/valueStore/flashValueStore.cpp:309]   --->   Operation 83 'store' <Predicate = (flashRemuxState_load == 2 & tmp_32)> <Delay = 0.92>
ST_1 : Operation 84 [1/1] (0.00ns)   --->   "br i1 %tmp_s, label %11, label %10" [sources/valueStore/flashValueStore.cpp:310]   --->   Operation 84 'br' <Predicate = (flashRemuxState_load == 2 & tmp_32)> <Delay = 0.00>
ST_1 : Operation 85 [1/1] (0.00ns)   --->   "%tmp_36 = call i1 @_ssdm_op_NbReadReq.ap_fifo.i64P(i64* @flashKeyBuffer_V_V, i32 1) nounwind" [sources/valueStore/flashValueStore.cpp:311]   --->   Operation 85 'nbreadreq' 'tmp_36' <Predicate = (flashRemuxState_load == 2 & !tmp_s & tmp_32)> <Delay = 0.00> <Core = "FIFO">   --->   Core 32 'FIFO' <Latency = 0> <II = 1> <Delay = 2.39> <Storage> <Opcode : 'read' 'write' 'nbread' 'nbwrite'> <Ports = 0> <Width = 256> <Depth = 2> <FIFO>
ST_1 : Operation 86 [1/1] (1.20ns)   --->   "br i1 %tmp_36, label %._crit_edge18.i, label %._crit_edge1.i" [sources/valueStore/flashValueStore.cpp:311]   --->   Operation 86 'br' <Predicate = (flashRemuxState_load == 2 & !tmp_s & tmp_32)> <Delay = 1.20>
ST_1 : Operation 87 [1/1] (2.39ns)   --->   "%tmp_V_57 = call i64 @_ssdm_op_Read.ap_fifo.volatile.i64P(i64* @flashKeyBuffer_V_V) nounwind" [sources/valueStore/flashValueStore.cpp:312]   --->   Operation 87 'read' 'tmp_V_57' <Predicate = (flashRemuxState_load == 2 & !tmp_s & tmp_32 & tmp_36)> <Delay = 2.39> <Core = "FIFO">   --->   Core 32 'FIFO' <Latency = 0> <II = 1> <Delay = 2.39> <Storage> <Opcode : 'read' 'write' 'nbread' 'nbwrite'> <Ports = 0> <Width = 256> <Depth = 2> <FIFO>
ST_1 : Operation 88 [1/1] (1.35ns)   --->   "%tmp_209_i = add i8 -8, %flashRmKeyLength_loa" [sources/valueStore/flashValueStore.cpp:314]   --->   Operation 88 'add' 'tmp_209_i' <Predicate = (flashRemuxState_load == 2 & !tmp_s & tmp_32 & tmp_36)> <Delay = 1.35> <Core = "AddSub">   --->   Core 14 'AddSub' <Latency = 0> <II = 1> <Delay = 1.35> <FuncUnit> <Opcode : 'add' 'sub'> <InPorts = 2> <OutPorts = 1>
ST_1 : Operation 89 [1/1] (0.37ns)   --->   "%storemerge23_i = select i1 %icmp, i8 %tmp_209_i, i8 0" [sources/valueStore/flashValueStore.cpp:314]   --->   Operation 89 'select' 'storemerge23_i' <Predicate = (flashRemuxState_load == 2 & !tmp_s & tmp_32 & tmp_36)> <Delay = 0.37> <Core = "Sel">   --->   Core 26 'Sel' <Latency = 0> <II = 1> <Delay = 0.37> <FuncUnit> <Opcode : 'select'> <InPorts = 3> <OutPorts = 1>
ST_1 : Operation 90 [1/1] (0.86ns)   --->   "%tmp_EOP_V_7 = icmp eq i8 %storemerge23_i, 0" [sources/valueStore/flashValueStore.cpp:316]   --->   Operation 90 'icmp' 'tmp_EOP_V_7' <Predicate = (flashRemuxState_load == 2 & !tmp_s & tmp_32 & tmp_36)> <Delay = 0.86> <Core = "Cmp">   --->   Core 25 'Cmp' <Latency = 0> <II = 1> <Delay = 0.87> <FuncUnit> <Opcode : 'icmp'> <InPorts = 2> <OutPorts = 1>
ST_1 : Operation 91 [1/1] (0.00ns) (grouped into LUT with out node storemerge24_cast_i)   --->   "%not_tmp_EOP_V_i = xor i1 %tmp_EOP_V_7, true" [sources/valueStore/flashValueStore.cpp:316]   --->   Operation 91 'xor' 'not_tmp_EOP_V_i' <Predicate = (flashRemuxState_load == 2 & !tmp_s & tmp_32 & tmp_36)> <Delay = 0.00> <Core = "LogicGate">   --->   Core 27 'LogicGate' <Latency = 0> <II = 1> <Delay = 0.48> <FuncUnit> <Opcode : 'and' 'or' 'xor'> <InPorts = 2> <OutPorts = 1>
ST_1 : Operation 92 [1/1] (0.49ns) (out node of the LUT)   --->   "%storemerge24_cast_i = select i1 %not_tmp_EOP_V_i, i3 -1, i3 0" [sources/valueStore/flashValueStore.cpp:316]   --->   Operation 92 'select' 'storemerge24_cast_i' <Predicate = (flashRemuxState_load == 2 & !tmp_s & tmp_32 & tmp_36)> <Delay = 0.49> <Core = "Sel">   --->   Core 26 'Sel' <Latency = 0> <II = 1> <Delay = 0.37> <FuncUnit> <Opcode : 'select'> <InPorts = 3> <OutPorts = 1>
ST_1 : Operation 93 [1/1] (1.20ns)   --->   "br label %._crit_edge1.i" [sources/valueStore/flashValueStore.cpp:323]   --->   Operation 93 'br' <Predicate = (flashRemuxState_load == 2 & !tmp_s & tmp_32 & tmp_36)> <Delay = 1.20>
ST_1 : Operation 94 [1/1] (1.20ns)   --->   "br label %._crit_edge1.i"   --->   Operation 94 'br' <Predicate = (flashRemuxState_load == 2 & tmp_s & tmp_32)> <Delay = 1.20>
ST_1 : Operation 95 [1/1] (0.00ns)   --->   "%tmp = call i1 @_ssdm_op_NbReadReq.ap_fifo.i128P(i128* @flashMetadataBuffer_s_0, i32 1) nounwind"   --->   Operation 95 'nbreadreq' 'tmp' <Predicate = (flashRemuxState_load == 0)> <Delay = 0.00> <Core = "FIFO">   --->   Core 32 'FIFO' <Latency = 0> <II = 1> <Delay = 2.39> <Storage> <Opcode : 'read' 'write' 'nbread' 'nbwrite'> <Ports = 0> <Width = 256> <Depth = 2> <FIFO>
ST_1 : Operation 96 [1/1] (0.85ns)   --->   "br i1 %tmp, label %1, label %._crit_edge2.i" [sources/valueStore/flashValueStore.cpp:260]   --->   Operation 96 'br' <Predicate = (flashRemuxState_load == 0)> <Delay = 0.85>
ST_1 : Operation 97 [1/1] (2.39ns)   --->   "%tmp458 = call i128 @_ssdm_op_Read.ap_fifo.volatile.i128P(i128* @flashMetadataBuffer_s_0) nounwind"   --->   Operation 97 'read' 'tmp458' <Predicate = (flashRemuxState_load == 0 & tmp)> <Delay = 2.39> <Core = "FIFO">   --->   Core 32 'FIFO' <Latency = 0> <II = 1> <Delay = 2.39> <Storage> <Opcode : 'read' 'write' 'nbread' 'nbwrite'> <Ports = 0> <Width = 256> <Depth = 2> <FIFO>
ST_1 : Operation 98 [1/1] (0.00ns)   --->   "%p_Val2_s = trunc i128 %tmp458 to i124" [sources/valueStore/../globals.h:128->sources/valueStore/flashValueStore.cpp:261]   --->   Operation 98 'trunc' 'p_Val2_s' <Predicate = (flashRemuxState_load == 0 & tmp)> <Delay = 0.00>
ST_1 : Operation 99 [1/1] (0.92ns)   --->   "store i124 %p_Val2_s, i124* @flashRmMdBuffer_meta, align 8" [sources/valueStore/../globals.h:128->sources/valueStore/flashValueStore.cpp:261]   --->   Operation 99 'store' <Predicate = (flashRemuxState_load == 0 & tmp)> <Delay = 0.92>
ST_1 : Operation 100 [1/1] (0.00ns)   --->   "%tmp_454 = call i1 @_ssdm_op_BitSelect.i1.i128.i32(i128 %tmp458, i32 124)" [sources/valueStore/../globals.h:128->sources/valueStore/flashValueStore.cpp:261]   --->   Operation 100 'bitselect' 'tmp_454' <Predicate = (flashRemuxState_load == 0 & tmp)> <Delay = 0.00>
ST_1 : Operation 101 [1/1] (0.00ns)   --->   "%tmp_455 = trunc i128 %tmp458 to i8" [sources/valueStore/flashValueStore.cpp:263]   --->   Operation 101 'trunc' 'tmp_455' <Predicate = (flashRemuxState_load == 0 & tmp)> <Delay = 0.00>
ST_1 : Operation 102 [1/1] (0.49ns)   --->   "%p_s = select i1 %tmp_454, i1 true, i1 false" [sources/valueStore/flashValueStore.cpp:262]   --->   Operation 102 'select' 'p_s' <Predicate = (flashRemuxState_load == 0 & tmp)> <Delay = 0.49> <Core = "Sel">   --->   Core 26 'Sel' <Latency = 0> <II = 1> <Delay = 0.37> <FuncUnit> <Opcode : 'select'> <InPorts = 3> <OutPorts = 1>
ST_1 : Operation 103 [1/1] (0.37ns)   --->   "%p_flashRmKeyLength_lo = select i1 %tmp_454, i8 %tmp_455, i8 %flashRmKeyLength_loa" [sources/valueStore/flashValueStore.cpp:262]   --->   Operation 103 'select' 'p_flashRmKeyLength_lo' <Predicate = (flashRemuxState_load == 0 & tmp)> <Delay = 0.37> <Core = "Sel">   --->   Core 26 'Sel' <Latency = 0> <II = 1> <Delay = 0.37> <FuncUnit> <Opcode : 'select'> <InPorts = 3> <OutPorts = 1>
ST_1 : Operation 104 [1/1] (0.85ns)   --->   "br label %._crit_edge2.i" [sources/valueStore/flashValueStore.cpp:262]   --->   Operation 104 'br' <Predicate = (flashRemuxState_load == 0 & tmp)> <Delay = 0.85>
ST_1 : Operation 105 [1/1] (0.00ns)   --->   "%flashRemuxState_flag = phi i1 [ false, %entry ], [ false, %0 ], [ %p_s, %1 ]" [sources/valueStore/flashValueStore.cpp:262]   --->   Operation 105 'phi' 'flashRemuxState_flag' <Predicate = (flashRemuxState_load == 0) | (flashRemuxState_load == 1)> <Delay = 0.00>
ST_1 : Operation 106 [1/1] (0.00ns)   --->   "%p_Val2_30 = phi i124 [ %flashRmMdBuffer_meta_1, %entry ], [ %flashRmMdBuffer_meta_1, %0 ], [ %p_Val2_s, %1 ]"   --->   Operation 106 'phi' 'p_Val2_30' <Predicate = (flashRemuxState_load == 0) | (flashRemuxState_load == 1)> <Delay = 0.00>
ST_1 : Operation 107 [1/1] (0.00ns)   --->   "%flashRmKeyLength_loc = phi i8 [ %flashRmKeyLength_loa, %entry ], [ %flashRmKeyLength_loa, %0 ], [ %p_flashRmKeyLength_lo, %1 ]" [sources/valueStore/flashValueStore.cpp:270]   --->   Operation 107 'phi' 'flashRmKeyLength_loc' <Predicate = (flashRemuxState_load == 0) | (flashRemuxState_load == 1)> <Delay = 0.00>
ST_1 : Operation 108 [1/1] (0.00ns)   --->   "%p_Result_i = call i8 @_ssdm_op_PartSelect.i8.i124.i32.i32(i124 %p_Val2_30, i32 112, i32 119) nounwind" [sources/valueStore/flashValueStore.cpp:269]   --->   Operation 108 'partselect' 'p_Result_i' <Predicate = (flashRemuxState_load == 0) | (flashRemuxState_load == 1)> <Delay = 0.00>
ST_1 : Operation 109 [1/1] (0.86ns)   --->   "%tmp_212_i = icmp eq i8 %p_Result_i, 1" [sources/valueStore/flashValueStore.cpp:269]   --->   Operation 109 'icmp' 'tmp_212_i' <Predicate = (flashRemuxState_load == 0) | (flashRemuxState_load == 1)> <Delay = 0.86> <Core = "Cmp">   --->   Core 25 'Cmp' <Latency = 0> <II = 1> <Delay = 0.87> <FuncUnit> <Opcode : 'icmp'> <InPorts = 2> <OutPorts = 1>
ST_1 : Operation 110 [1/1] (0.00ns)   --->   "br i1 %tmp_212_i, label %._crit_edge5.i, label %2" [sources/valueStore/flashValueStore.cpp:269]   --->   Operation 110 'br' <Predicate = (flashRemuxState_load == 0) | (flashRemuxState_load == 1)> <Delay = 0.00>
ST_1 : Operation 111 [1/1] (0.00ns)   --->   "%p_Result_52_i = call i8 @_ssdm_op_PartSelect.i8.i124.i32.i32(i124 %p_Val2_30, i32 104, i32 111) nounwind" [sources/valueStore/flashValueStore.cpp:269]   --->   Operation 111 'partselect' 'p_Result_52_i' <Predicate = (flashRemuxState_load == 0 & !tmp_212_i) | (flashRemuxState_load == 1 & !tmp_212_i)> <Delay = 0.00>
ST_1 : Operation 112 [1/1] (0.86ns)   --->   "%tmp_457 = icmp eq i8 %p_Result_52_i, 8" [sources/valueStore/flashValueStore.cpp:269]   --->   Operation 112 'icmp' 'tmp_457' <Predicate = (flashRemuxState_load == 0 & !tmp_212_i) | (flashRemuxState_load == 1 & !tmp_212_i)> <Delay = 0.86> <Core = "Cmp">   --->   Core 25 'Cmp' <Latency = 0> <II = 1> <Delay = 0.87> <FuncUnit> <Opcode : 'icmp'> <InPorts = 2> <OutPorts = 1>
ST_1 : Operation 113 [1/1] (0.86ns)   --->   "%tmp_458 = icmp eq i8 %p_Result_52_i, 4" [sources/valueStore/flashValueStore.cpp:269]   --->   Operation 113 'icmp' 'tmp_458' <Predicate = (flashRemuxState_load == 0 & !tmp_212_i) | (flashRemuxState_load == 1 & !tmp_212_i)> <Delay = 0.86> <Core = "Cmp">   --->   Core 25 'Cmp' <Latency = 0> <II = 1> <Delay = 0.87> <FuncUnit> <Opcode : 'icmp'> <InPorts = 2> <OutPorts = 1>
ST_1 : Operation 114 [1/1] (0.00ns) (grouped into LUT with out node tmp_461)   --->   "%tmp_459 = or i1 %tmp_458, %tmp_457" [sources/valueStore/flashValueStore.cpp:269]   --->   Operation 114 'or' 'tmp_459' <Predicate = (flashRemuxState_load == 0 & !tmp_212_i) | (flashRemuxState_load == 1 & !tmp_212_i)> <Delay = 0.00> <Core = "LogicGate">   --->   Core 27 'LogicGate' <Latency = 0> <II = 1> <Delay = 0.48> <FuncUnit> <Opcode : 'and' 'or' 'xor'> <InPorts = 2> <OutPorts = 1>
ST_1 : Operation 115 [1/1] (0.86ns)   --->   "%tmp_460 = icmp eq i8 %p_Result_52_i, 1" [sources/valueStore/flashValueStore.cpp:269]   --->   Operation 115 'icmp' 'tmp_460' <Predicate = (flashRemuxState_load == 0 & !tmp_212_i) | (flashRemuxState_load == 1 & !tmp_212_i)> <Delay = 0.86> <Core = "Cmp">   --->   Core 25 'Cmp' <Latency = 0> <II = 1> <Delay = 0.87> <FuncUnit> <Opcode : 'icmp'> <InPorts = 2> <OutPorts = 1>
ST_1 : Operation 116 [1/1] (0.48ns) (out node of the LUT)   --->   "%tmp_461 = or i1 %tmp_460, %tmp_459" [sources/valueStore/flashValueStore.cpp:269]   --->   Operation 116 'or' 'tmp_461' <Predicate = (flashRemuxState_load == 0 & !tmp_212_i) | (flashRemuxState_load == 1 & !tmp_212_i)> <Delay = 0.48> <Core = "LogicGate">   --->   Core 27 'LogicGate' <Latency = 0> <II = 1> <Delay = 0.48> <FuncUnit> <Opcode : 'and' 'or' 'xor'> <InPorts = 2> <OutPorts = 1>
ST_1 : Operation 117 [1/1] (0.00ns)   --->   "br i1 %tmp_461, label %._crit_edge5.i, label %5" [sources/valueStore/flashValueStore.cpp:269]   --->   Operation 117 'br' <Predicate = (flashRemuxState_load == 0 & !tmp_212_i) | (flashRemuxState_load == 1 & !tmp_212_i)> <Delay = 0.00>
ST_1 : Operation 118 [1/1] (0.86ns)   --->   "%tmp_215_i = icmp eq i8 %p_Result_52_i, 0" [sources/valueStore/flashValueStore.cpp:288]   --->   Operation 118 'icmp' 'tmp_215_i' <Predicate = (flashRemuxState_load == 0 & !tmp_212_i & !tmp_461) | (flashRemuxState_load == 1 & !tmp_212_i & !tmp_461)> <Delay = 0.86> <Core = "Cmp">   --->   Core 25 'Cmp' <Latency = 0> <II = 1> <Delay = 0.87> <FuncUnit> <Opcode : 'icmp'> <InPorts = 2> <OutPorts = 1>
ST_1 : Operation 119 [1/1] (1.20ns)   --->   "br i1 %tmp_215_i, label %6, label %._crit_edge1.i" [sources/valueStore/flashValueStore.cpp:288]   --->   Operation 119 'br' <Predicate = (flashRemuxState_load == 0 & !tmp_212_i & !tmp_461) | (flashRemuxState_load == 1 & !tmp_212_i & !tmp_461)> <Delay = 1.20>
ST_1 : Operation 120 [1/1] (0.00ns)   --->   "%tmp_40 = call i1 @_ssdm_op_NbReadReq.ap_fifo.i64P(i64* @flashGetPath2remux_V, i32 1) nounwind" [sources/valueStore/flashValueStore.cpp:288]   --->   Operation 120 'nbreadreq' 'tmp_40' <Predicate = (flashRemuxState_load == 0 & !tmp_212_i & !tmp_461 & tmp_215_i) | (flashRemuxState_load == 1 & !tmp_212_i & !tmp_461 & tmp_215_i)> <Delay = 0.00> <Core = "FIFO">   --->   Core 32 'FIFO' <Latency = 0> <II = 1> <Delay = 2.39> <Storage> <Opcode : 'read' 'write' 'nbread' 'nbwrite'> <Ports = 0> <Width = 256> <Depth = 2> <FIFO>
ST_1 : Operation 121 [1/1] (1.20ns)   --->   "br i1 %tmp_40, label %7, label %._crit_edge1.i" [sources/valueStore/flashValueStore.cpp:288]   --->   Operation 121 'br' <Predicate = (flashRemuxState_load == 0 & !tmp_212_i & !tmp_461 & tmp_215_i) | (flashRemuxState_load == 1 & !tmp_212_i & !tmp_461 & tmp_215_i)> <Delay = 1.20>
ST_1 : Operation 122 [1/1] (0.86ns)   --->   "%tmp_221_i = icmp eq i8 %flashRmKeyLength_loc, 0" [sources/valueStore/flashValueStore.cpp:289]   --->   Operation 122 'icmp' 'tmp_221_i' <Predicate = (flashRemuxState_load == 0 & !tmp_212_i & !tmp_461 & tmp_215_i & tmp_40) | (flashRemuxState_load == 1 & !tmp_212_i & !tmp_461 & tmp_215_i & tmp_40)> <Delay = 0.86> <Core = "Cmp">   --->   Core 25 'Cmp' <Latency = 0> <II = 1> <Delay = 0.87> <FuncUnit> <Opcode : 'icmp'> <InPorts = 2> <OutPorts = 1>
ST_1 : Operation 123 [1/1] (0.85ns)   --->   "br i1 %tmp_221_i, label %._crit_edge13.i, label %._crit_edge14.i" [sources/valueStore/flashValueStore.cpp:289]   --->   Operation 123 'br' <Predicate = (flashRemuxState_load == 0 & !tmp_212_i & !tmp_461 & tmp_215_i & tmp_40) | (flashRemuxState_load == 1 & !tmp_212_i & !tmp_461 & tmp_215_i & tmp_40)> <Delay = 0.85>
ST_1 : Operation 124 [1/1] (2.39ns)   --->   "%tmp_V_55 = call i64 @_ssdm_op_Read.ap_fifo.volatile.i64P(i64* @flashKeyBuffer_V_V) nounwind" [sources/valueStore/flashValueStore.cpp:290]   --->   Operation 124 'read' 'tmp_V_55' <Predicate = (flashRemuxState_load == 0 & !tmp_212_i & !tmp_461 & tmp_215_i & tmp_40 & !tmp_221_i) | (flashRemuxState_load == 1 & !tmp_212_i & !tmp_461 & tmp_215_i & tmp_40 & !tmp_221_i)> <Delay = 2.39> <Core = "FIFO">   --->   Core 32 'FIFO' <Latency = 0> <II = 1> <Delay = 2.39> <Storage> <Opcode : 'read' 'write' 'nbread' 'nbwrite'> <Ports = 0> <Width = 256> <Depth = 2> <FIFO>
ST_1 : Operation 125 [1/1] (0.00ns)   --->   "%tmp_464 = call i5 @_ssdm_op_PartSelect.i5.i8.i32.i32(i8 %flashRmKeyLength_loc, i32 3, i32 7)" [sources/valueStore/flashValueStore.cpp:292]   --->   Operation 125 'partselect' 'tmp_464' <Predicate = (flashRemuxState_load == 0 & !tmp_212_i & !tmp_461 & tmp_215_i & tmp_40 & !tmp_221_i) | (flashRemuxState_load == 1 & !tmp_212_i & !tmp_461 & tmp_215_i & tmp_40 & !tmp_221_i)> <Delay = 0.00>
ST_1 : Operation 126 [1/1] (0.87ns)   --->   "%icmp6 = icmp ne i5 %tmp_464, 0" [sources/valueStore/flashValueStore.cpp:292]   --->   Operation 126 'icmp' 'icmp6' <Predicate = (flashRemuxState_load == 0 & !tmp_212_i & !tmp_461 & tmp_215_i & tmp_40 & !tmp_221_i) | (flashRemuxState_load == 1 & !tmp_212_i & !tmp_461 & tmp_215_i & tmp_40 & !tmp_221_i)> <Delay = 0.87> <Core = "Cmp">   --->   Core 25 'Cmp' <Latency = 0> <II = 1> <Delay = 0.87> <FuncUnit> <Opcode : 'icmp'> <InPorts = 2> <OutPorts = 1>
ST_1 : Operation 127 [1/1] (1.35ns)   --->   "%tmp_230_i = add i8 %flashRmKeyLength_loc, -8" [sources/valueStore/flashValueStore.cpp:292]   --->   Operation 127 'add' 'tmp_230_i' <Predicate = (flashRemuxState_load == 0 & !tmp_212_i & !tmp_461 & tmp_215_i & tmp_40 & !tmp_221_i) | (flashRemuxState_load == 1 & !tmp_212_i & !tmp_461 & tmp_215_i & tmp_40 & !tmp_221_i)> <Delay = 1.35> <Core = "AddSub">   --->   Core 14 'AddSub' <Latency = 0> <II = 1> <Delay = 1.35> <FuncUnit> <Opcode : 'add' 'sub'> <InPorts = 2> <OutPorts = 1>
ST_1 : Operation 128 [1/1] (0.37ns)   --->   "%storemerge29_i = select i1 %icmp6, i8 %tmp_230_i, i8 0" [sources/valueStore/flashValueStore.cpp:292]   --->   Operation 128 'select' 'storemerge29_i' <Predicate = (flashRemuxState_load == 0 & !tmp_212_i & !tmp_461 & tmp_215_i & tmp_40 & !tmp_221_i) | (flashRemuxState_load == 1 & !tmp_212_i & !tmp_461 & tmp_215_i & tmp_40 & !tmp_221_i)> <Delay = 0.37> <Core = "Sel">   --->   Core 26 'Sel' <Latency = 0> <II = 1> <Delay = 0.37> <FuncUnit> <Opcode : 'select'> <InPorts = 3> <OutPorts = 1>
ST_1 : Operation 129 [1/1] (0.85ns)   --->   "br label %._crit_edge13.i" [sources/valueStore/flashValueStore.cpp:293]   --->   Operation 129 'br' <Predicate = (flashRemuxState_load == 0 & !tmp_212_i & !tmp_461 & tmp_215_i & tmp_40 & !tmp_221_i) | (flashRemuxState_load == 1 & !tmp_212_i & !tmp_461 & tmp_215_i & tmp_40 & !tmp_221_i)> <Delay = 0.85>
ST_1 : Operation 130 [1/1] (0.00ns)   --->   "%flashRmKeyLength_fla = phi i1 [ %flashRemuxState_flag, %7 ], [ true, %._crit_edge14.i ]" [sources/valueStore/flashValueStore.cpp:262]   --->   Operation 130 'phi' 'flashRmKeyLength_fla' <Predicate = (flashRemuxState_load == 0 & !tmp_212_i & !tmp_461 & tmp_215_i & tmp_40) | (flashRemuxState_load == 1 & !tmp_212_i & !tmp_461 & tmp_215_i & tmp_40)> <Delay = 0.00>
ST_1 : Operation 131 [1/1] (0.00ns)   --->   "%flashRmKeyLength_new = phi i8 [ %flashRmKeyLength_loc, %7 ], [ %storemerge29_i, %._crit_edge14.i ]" [sources/valueStore/flashValueStore.cpp:270]   --->   Operation 131 'phi' 'flashRmKeyLength_new' <Predicate = (flashRemuxState_load == 0 & !tmp_212_i & !tmp_461 & tmp_215_i & tmp_40) | (flashRemuxState_load == 1 & !tmp_212_i & !tmp_461 & tmp_215_i & tmp_40)> <Delay = 0.00>
ST_1 : Operation 132 [1/1] (0.00ns)   --->   "%p_Result_53_i = call i16 @_ssdm_op_PartSelect.i16.i124.i32.i32(i124 %p_Val2_30, i32 8, i32 23) nounwind" [sources/valueStore/flashValueStore.cpp:294]   --->   Operation 132 'partselect' 'p_Result_53_i' <Predicate = (flashRemuxState_load == 0 & !tmp_212_i & !tmp_461 & tmp_215_i & tmp_40) | (flashRemuxState_load == 1 & !tmp_212_i & !tmp_461 & tmp_215_i & tmp_40)> <Delay = 0.00>
ST_1 : Operation 133 [1/1] (0.00ns)   --->   "%tmp_465 = call i13 @_ssdm_op_PartSelect.i13.i124.i32.i32(i124 %p_Val2_30, i32 11, i32 23)" [sources/valueStore/flashValueStore.cpp:295]   --->   Operation 133 'partselect' 'tmp_465' <Predicate = (flashRemuxState_load == 0 & !tmp_212_i & !tmp_461 & tmp_215_i & tmp_40) | (flashRemuxState_load == 1 & !tmp_212_i & !tmp_461 & tmp_215_i & tmp_40)> <Delay = 0.00>
ST_1 : Operation 134 [1/1] (1.06ns)   --->   "%icmp9 = icmp ne i13 %tmp_465, 0" [sources/valueStore/flashValueStore.cpp:295]   --->   Operation 134 'icmp' 'icmp9' <Predicate = (flashRemuxState_load == 0 & !tmp_212_i & !tmp_461 & tmp_215_i & tmp_40) | (flashRemuxState_load == 1 & !tmp_212_i & !tmp_461 & tmp_215_i & tmp_40)> <Delay = 1.06> <Core = "Cmp">   --->   Core 25 'Cmp' <Latency = 0> <II = 1> <Delay = 0.87> <FuncUnit> <Opcode : 'icmp'> <InPorts = 2> <OutPorts = 1>
ST_1 : Operation 135 [1/1] (1.30ns)   --->   "%tmp_235_i = add i16 -8, %p_Result_53_i" [sources/valueStore/flashValueStore.cpp:295]   --->   Operation 135 'add' 'tmp_235_i' <Predicate = (flashRemuxState_load == 0 & !tmp_212_i & !tmp_461 & tmp_215_i & tmp_40) | (flashRemuxState_load == 1 & !tmp_212_i & !tmp_461 & tmp_215_i & tmp_40)> <Delay = 1.30> <Core = "AddSub">   --->   Core 14 'AddSub' <Latency = 0> <II = 1> <Delay = 1.35> <FuncUnit> <Opcode : 'add' 'sub'> <InPorts = 2> <OutPorts = 1>
ST_1 : Operation 136 [1/1] (0.47ns)   --->   "%storemerge31_i = select i1 %icmp9, i16 %tmp_235_i, i16 0" [sources/valueStore/flashValueStore.cpp:295]   --->   Operation 136 'select' 'storemerge31_i' <Predicate = (flashRemuxState_load == 0 & !tmp_212_i & !tmp_461 & tmp_215_i & tmp_40) | (flashRemuxState_load == 1 & !tmp_212_i & !tmp_461 & tmp_215_i & tmp_40)> <Delay = 0.47> <Core = "Sel">   --->   Core 26 'Sel' <Latency = 0> <II = 1> <Delay = 0.37> <FuncUnit> <Opcode : 'select'> <InPorts = 3> <OutPorts = 1>
ST_1 : Operation 137 [1/1] (0.92ns)   --->   "store i16 %storemerge31_i, i16* @flashRmValueLength, align 2" [sources/valueStore/flashValueStore.cpp:295]   --->   Operation 137 'store' <Predicate = (flashRemuxState_load == 0 & !tmp_212_i & !tmp_461 & tmp_215_i & tmp_40) | (flashRemuxState_load == 1 & !tmp_212_i & !tmp_461 & tmp_215_i & tmp_40)> <Delay = 0.92>
ST_1 : Operation 138 [1/1] (2.39ns)   --->   "%tmp_V_56 = call i64 @_ssdm_op_Read.ap_fifo.volatile.i64P(i64* @flashGetPath2remux_V) nounwind" [sources/valueStore/flashValueStore.cpp:296]   --->   Operation 138 'read' 'tmp_V_56' <Predicate = (flashRemuxState_load == 0 & !tmp_212_i & !tmp_461 & tmp_215_i & tmp_40) | (flashRemuxState_load == 1 & !tmp_212_i & !tmp_461 & tmp_215_i & tmp_40)> <Delay = 2.39> <Core = "FIFO">   --->   Core 32 'FIFO' <Latency = 0> <II = 1> <Delay = 2.39> <Storage> <Opcode : 'read' 'write' 'nbread' 'nbwrite'> <Ports = 0> <Width = 256> <Depth = 2> <FIFO>
ST_1 : Operation 139 [1/1] (1.20ns)   --->   "br label %._crit_edge1.i" [sources/valueStore/flashValueStore.cpp:302]   --->   Operation 139 'br' <Predicate = (flashRemuxState_load == 0 & !tmp_212_i & !tmp_461 & tmp_215_i & tmp_40) | (flashRemuxState_load == 1 & !tmp_212_i & !tmp_461 & tmp_215_i & tmp_40)> <Delay = 1.20>
ST_1 : Operation 140 [1/1] (0.86ns)   --->   "%tmp_216_i = icmp eq i8 %flashRmKeyLength_loc, 0" [sources/valueStore/flashValueStore.cpp:270]   --->   Operation 140 'icmp' 'tmp_216_i' <Predicate = (flashRemuxState_load == 0 & tmp_212_i) | (flashRemuxState_load == 0 & tmp_461) | (flashRemuxState_load == 1 & tmp_212_i) | (flashRemuxState_load == 1 & tmp_461)> <Delay = 0.86> <Core = "Cmp">   --->   Core 25 'Cmp' <Latency = 0> <II = 1> <Delay = 0.87> <FuncUnit> <Opcode : 'icmp'> <InPorts = 2> <OutPorts = 1>
ST_1 : Operation 141 [1/1] (0.00ns)   --->   "br i1 %tmp_216_i, label %4, label %3" [sources/valueStore/flashValueStore.cpp:270]   --->   Operation 141 'br' <Predicate = (flashRemuxState_load == 0 & tmp_212_i) | (flashRemuxState_load == 0 & tmp_461) | (flashRemuxState_load == 1 & tmp_212_i) | (flashRemuxState_load == 1 & tmp_461)> <Delay = 0.00>
ST_1 : Operation 142 [1/1] (0.00ns)   --->   "%tmp_39 = call i1 @_ssdm_op_NbReadReq.ap_fifo.i64P(i64* @flashKeyBuffer_V_V, i32 1) nounwind" [sources/valueStore/flashValueStore.cpp:271]   --->   Operation 142 'nbreadreq' 'tmp_39' <Predicate = (flashRemuxState_load == 0 & tmp_212_i & !tmp_216_i) | (flashRemuxState_load == 0 & tmp_461 & !tmp_216_i) | (flashRemuxState_load == 1 & tmp_212_i & !tmp_216_i) | (flashRemuxState_load == 1 & tmp_461 & !tmp_216_i)> <Delay = 0.00> <Core = "FIFO">   --->   Core 32 'FIFO' <Latency = 0> <II = 1> <Delay = 2.39> <Storage> <Opcode : 'read' 'write' 'nbread' 'nbwrite'> <Ports = 0> <Width = 256> <Depth = 2> <FIFO>
ST_1 : Operation 143 [1/1] (1.20ns)   --->   "br i1 %tmp_39, label %._crit_edge10.i, label %._crit_edge1.i" [sources/valueStore/flashValueStore.cpp:271]   --->   Operation 143 'br' <Predicate = (flashRemuxState_load == 0 & tmp_212_i & !tmp_216_i) | (flashRemuxState_load == 0 & tmp_461 & !tmp_216_i) | (flashRemuxState_load == 1 & tmp_212_i & !tmp_216_i) | (flashRemuxState_load == 1 & tmp_461 & !tmp_216_i)> <Delay = 1.20>
ST_1 : Operation 144 [1/1] (2.39ns)   --->   "%tmp_V = call i64 @_ssdm_op_Read.ap_fifo.volatile.i64P(i64* @flashKeyBuffer_V_V) nounwind" [sources/valueStore/flashValueStore.cpp:272]   --->   Operation 144 'read' 'tmp_V' <Predicate = (flashRemuxState_load == 0 & tmp_212_i & !tmp_216_i & tmp_39) | (flashRemuxState_load == 0 & tmp_461 & !tmp_216_i & tmp_39) | (flashRemuxState_load == 1 & tmp_212_i & !tmp_216_i & tmp_39) | (flashRemuxState_load == 1 & tmp_461 & !tmp_216_i & tmp_39)> <Delay = 2.39> <Core = "FIFO">   --->   Core 32 'FIFO' <Latency = 0> <II = 1> <Delay = 2.39> <Storage> <Opcode : 'read' 'write' 'nbread' 'nbwrite'> <Ports = 0> <Width = 256> <Depth = 2> <FIFO>
ST_1 : Operation 145 [1/1] (0.00ns)   --->   "%tmp_462 = call i5 @_ssdm_op_PartSelect.i5.i8.i32.i32(i8 %flashRmKeyLength_loc, i32 3, i32 7)" [sources/valueStore/flashValueStore.cpp:274]   --->   Operation 145 'partselect' 'tmp_462' <Predicate = (flashRemuxState_load == 0 & tmp_212_i & !tmp_216_i & tmp_39) | (flashRemuxState_load == 0 & tmp_461 & !tmp_216_i & tmp_39) | (flashRemuxState_load == 1 & tmp_212_i & !tmp_216_i & tmp_39) | (flashRemuxState_load == 1 & tmp_461 & !tmp_216_i & tmp_39)> <Delay = 0.00>
ST_1 : Operation 146 [1/1] (0.87ns)   --->   "%icmp3 = icmp ne i5 %tmp_462, 0" [sources/valueStore/flashValueStore.cpp:274]   --->   Operation 146 'icmp' 'icmp3' <Predicate = (flashRemuxState_load == 0 & tmp_212_i & !tmp_216_i & tmp_39) | (flashRemuxState_load == 0 & tmp_461 & !tmp_216_i & tmp_39) | (flashRemuxState_load == 1 & tmp_212_i & !tmp_216_i & tmp_39) | (flashRemuxState_load == 1 & tmp_461 & !tmp_216_i & tmp_39)> <Delay = 0.87> <Core = "Cmp">   --->   Core 25 'Cmp' <Latency = 0> <II = 1> <Delay = 0.87> <FuncUnit> <Opcode : 'icmp'> <InPorts = 2> <OutPorts = 1>
ST_1 : Operation 147 [1/1] (1.35ns)   --->   "%tmp_223_i = add i8 %flashRmKeyLength_loc, -8" [sources/valueStore/flashValueStore.cpp:274]   --->   Operation 147 'add' 'tmp_223_i' <Predicate = (flashRemuxState_load == 0 & tmp_212_i & !tmp_216_i & tmp_39) | (flashRemuxState_load == 0 & tmp_461 & !tmp_216_i & tmp_39) | (flashRemuxState_load == 1 & tmp_212_i & !tmp_216_i & tmp_39) | (flashRemuxState_load == 1 & tmp_461 & !tmp_216_i & tmp_39)> <Delay = 1.35> <Core = "AddSub">   --->   Core 14 'AddSub' <Latency = 0> <II = 1> <Delay = 1.35> <FuncUnit> <Opcode : 'add' 'sub'> <InPorts = 2> <OutPorts = 1>
ST_1 : Operation 148 [1/1] (0.37ns)   --->   "%storemerge27_i = select i1 %icmp3, i8 %tmp_223_i, i8 0" [sources/valueStore/flashValueStore.cpp:274]   --->   Operation 148 'select' 'storemerge27_i' <Predicate = (flashRemuxState_load == 0 & tmp_212_i & !tmp_216_i & tmp_39) | (flashRemuxState_load == 0 & tmp_461 & !tmp_216_i & tmp_39) | (flashRemuxState_load == 1 & tmp_212_i & !tmp_216_i & tmp_39) | (flashRemuxState_load == 1 & tmp_461 & !tmp_216_i & tmp_39)> <Delay = 0.37> <Core = "Sel">   --->   Core 26 'Sel' <Latency = 0> <II = 1> <Delay = 0.37> <FuncUnit> <Opcode : 'select'> <InPorts = 3> <OutPorts = 1>
ST_1 : Operation 149 [1/1] (1.20ns)   --->   "br label %._crit_edge1.i" [sources/valueStore/flashValueStore.cpp:279]   --->   Operation 149 'br' <Predicate = (flashRemuxState_load == 0 & tmp_212_i & !tmp_216_i & tmp_39) | (flashRemuxState_load == 0 & tmp_461 & !tmp_216_i & tmp_39) | (flashRemuxState_load == 1 & tmp_212_i & !tmp_216_i & tmp_39) | (flashRemuxState_load == 1 & tmp_461 & !tmp_216_i & tmp_39)> <Delay = 1.20>
ST_1 : Operation 150 [1/1] (1.20ns)   --->   "br label %._crit_edge1.i"   --->   Operation 150 'br' <Predicate = (flashRemuxState_load == 0 & tmp_212_i & tmp_216_i) | (flashRemuxState_load == 0 & tmp_461 & tmp_216_i) | (flashRemuxState_load == 1 & tmp_212_i & tmp_216_i) | (flashRemuxState_load == 1 & tmp_461 & tmp_216_i)> <Delay = 1.20>
ST_1 : Operation 151 [1/1] (0.00ns)   --->   "%flashRemuxState_flag_1 = phi i1 [ false, %entry ], [ true, %4 ], [ true, %._crit_edge10.i ], [ %flashRemuxState_flag, %3 ], [ true, %._crit_edge13.i ], [ %flashRemuxState_flag, %6 ], [ %flashRemuxState_flag, %5 ], [ false, %8 ], [ true, %11 ], [ true, %._crit_edge18.i ], [ false, %10 ], [ false, %12 ], [ %tmp_EOP_V, %._crit_edge21.i ], [ false, %13 ], [ true, %._crit_edge34.i ], [ false, %17 ], [ false, %16 ], [ false, %14 ], [ %tmp_EOP_V_8, %._crit_edge46.i ], [ false, %20 ], [ false, %19 ]"   --->   Operation 151 'phi' 'flashRemuxState_flag_1' <Predicate = true> <Delay = 0.00>
ST_1 : Operation 152 [1/1] (0.00ns)   --->   "%flashRemuxState_new_s = phi i3 [ undef, %entry ], [ 2, %4 ], [ 2, %._crit_edge10.i ], [ 1, %3 ], [ -3, %._crit_edge13.i ], [ 1, %6 ], [ 1, %5 ], [ undef, %8 ], [ 0, %11 ], [ %storemerge24_cast_i, %._crit_edge18.i ], [ undef, %10 ], [ 0, %12 ], [ 0, %._crit_edge21.i ], [ 0, %13 ], [ %storemerge30_i, %._crit_edge34.i ], [ undef, %17 ], [ undef, %16 ], [ undef, %14 ], [ 0, %._crit_edge46.i ], [ 0, %20 ], [ 0, %19 ]" [sources/valueStore/flashValueStore.cpp:316]   --->   Operation 152 'phi' 'flashRemuxState_new_s' <Predicate = true> <Delay = 0.00>
ST_1 : Operation 153 [1/1] (0.00ns)   --->   "%flashRmKeyLength_fla_1 = phi i1 [ false, %entry ], [ %flashRemuxState_flag, %4 ], [ true, %._crit_edge10.i ], [ %flashRemuxState_flag, %3 ], [ %flashRmKeyLength_fla, %._crit_edge13.i ], [ %flashRemuxState_flag, %6 ], [ %flashRemuxState_flag, %5 ], [ false, %8 ], [ false, %11 ], [ true, %._crit_edge18.i ], [ false, %10 ], [ false, %12 ], [ true, %._crit_edge21.i ], [ false, %13 ], [ %tmp_keyValid_V_5, %._crit_edge34.i ], [ false, %17 ], [ false, %16 ], [ false, %14 ], [ %tmp_keyValid_V_4, %._crit_edge46.i ], [ false, %20 ], [ false, %19 ]"   --->   Operation 153 'phi' 'flashRmKeyLength_fla_1' <Predicate = true> <Delay = 0.00>
ST_1 : Operation 154 [1/1] (0.00ns)   --->   "%flashRmKeyLength_new_1 = phi i8 [ undef, %entry ], [ 0, %4 ], [ %storemerge27_i, %._crit_edge10.i ], [ %flashRmKeyLength_loc, %3 ], [ %flashRmKeyLength_new, %._crit_edge13.i ], [ %flashRmKeyLength_loc, %6 ], [ %flashRmKeyLength_loc, %5 ], [ undef, %8 ], [ undef, %11 ], [ %storemerge23_i, %._crit_edge18.i ], [ undef, %10 ], [ undef, %12 ], [ %storemerge22_i, %._crit_edge21.i ], [ undef, %13 ], [ %flashRmKeyLength_loa_1, %._crit_edge34.i ], [ undef, %17 ], [ undef, %16 ], [ undef, %14 ], [ %flashRmKeyLength_loa_2, %._crit_edge46.i ], [ undef, %20 ], [ undef, %19 ]" [sources/valueStore/flashValueStore.cpp:274]   --->   Operation 154 'phi' 'flashRmKeyLength_new_1' <Predicate = true> <Delay = 0.00>
ST_1 : Operation 155 [1/1] (0.00ns)   --->   "br i1 %flashRmKeyLength_fla_1, label %mergeST537.i, label %._crit_edge1.new538.i" [sources/valueStore/flashValueStore.cpp:262]   --->   Operation 155 'br' <Predicate = true> <Delay = 0.00>
ST_1 : Operation 156 [1/1] (0.00ns)   --->   "store i8 %flashRmKeyLength_new_1, i8* @flashRmKeyLength, align 1" [sources/valueStore/flashValueStore.cpp:263]   --->   Operation 156 'store' <Predicate = (flashRmKeyLength_fla_1)> <Delay = 0.00>
ST_1 : Operation 157 [1/1] (0.00ns)   --->   "br i1 %flashRemuxState_flag_1, label %mergeST.i, label %flashRemux.exit" [sources/valueStore/flashValueStore.cpp:262]   --->   Operation 157 'br' <Predicate = true> <Delay = 0.00>
ST_1 : Operation 158 [1/1] (0.00ns)   --->   "store i3 %flashRemuxState_new_s, i3* @flashRemuxState, align 1" [sources/valueStore/flashValueStore.cpp:264]   --->   Operation 158 'store' <Predicate = (flashRemuxState_flag_1)> <Delay = 0.00>

State 2 <SV = 1> <Delay = 2.39>
ST_2 : Operation 159 [1/1] (0.00ns)   --->   "call void (...)* @_ssdm_op_SpecInterface(i64* @flashGetPath2remux_V, [8 x i8]* @ap_fifo_str, i32 0, i32 0, [1 x i8]* @p_str, i32 0, i32 0, [1 x i8]* @p_str, [1 x i8]* @p_str, [1 x i8]* @p_str, i32 2, i32 2, i32 16, i32 16, [1 x i8]* @p_str, [1 x i8]* @p_str)"   --->   Operation 159 'specinterface' <Predicate = true> <Delay = 0.00>
ST_2 : Operation 160 [1/1] (0.00ns)   --->   "call void (...)* @_ssdm_op_SpecInterface(i64* @flashKeyBuffer_V_V, [8 x i8]* @ap_fifo_str, i32 0, i32 0, [1 x i8]* @p_str, i32 0, i32 0, [1 x i8]* @p_str, [1 x i8]* @p_str, [1 x i8]* @p_str, i32 2, i32 2, i32 16, i32 16, [1 x i8]* @p_str, [1 x i8]* @p_str)"   --->   Operation 160 'specinterface' <Predicate = true> <Delay = 0.00>
ST_2 : Operation 161 [1/1] (0.00ns)   --->   "call void (...)* @_ssdm_op_SpecInterface(i128* @flashMetadataBuffer_s_0, [8 x i8]* @ap_fifo_str, i32 0, i32 0, [1 x i8]* @p_str, i32 0, i32 0, [1 x i8]* @p_str, [1 x i8]* @p_str, [1 x i8]* @p_str, i32 2, i32 2, i32 16, i32 16, [1 x i8]* @p_str, [1 x i8]* @p_str)"   --->   Operation 161 'specinterface' <Predicate = true> <Delay = 0.00>
ST_2 : Operation 162 [1/1] (0.00ns)   --->   "call void (...)* @_ssdm_op_SpecInterface(i256* @valueStoreFlash2merg_1, [8 x i8]* @ap_fifo_str, i32 0, i32 0, [1 x i8]* @p_str, i32 0, i32 0, [1 x i8]* @p_str, [1 x i8]* @p_str, [1 x i8]* @p_str, i32 2, i32 2, i32 16, i32 16, [1 x i8]* @p_str, [1 x i8]* @p_str)"   --->   Operation 162 'specinterface' <Predicate = true> <Delay = 0.00>
ST_2 : Operation 163 [1/1] (0.00ns)   --->   "call void (...)* @_ssdm_op_SpecInterface(i32 0, [13 x i8]* @p_str82, i32 0, i32 0, [1 x i8]* @p_str183, i32 0, i32 0, [1 x i8]* @p_str183, [1 x i8]* @p_str183, [1 x i8]* @p_str183, i32 0, i32 0, i32 0, i32 0, [1 x i8]* @p_str183, [1 x i8]* @p_str183) nounwind" [sources/valueStore/flashValueStore.cpp:246]   --->   Operation 163 'specinterface' <Predicate = true> <Delay = 0.00>
ST_2 : Operation 164 [1/1] (0.00ns)   --->   "call void (...)* @_ssdm_op_SpecPipeline(i32 1, i32 2, i32 1, i32 0, [1 x i8]* @p_str183) nounwind" [sources/valueStore/flashValueStore.cpp:249]   --->   Operation 164 'specpipeline' <Predicate = true> <Delay = 0.00>
ST_2 : Operation 165 [1/1] (0.00ns)   --->   "%tmp_key_V_10 = phi i64 [ 0, %._crit_edge40.i ], [ %tmp_V_61, %._crit_edge45.i ]"   --->   Operation 165 'phi' 'tmp_key_V_10' <Predicate = (flashRemuxState_load == 4 & tmp_s & tmp_207_i) | (flashRemuxState_load == 4 & tmp_35 & tmp_207_i) | (flashRemuxState_load == 4 & tmp_s & tmp_38) | (flashRemuxState_load == 4 & tmp_35 & tmp_38)> <Delay = 0.00>
ST_2 : Operation 166 [1/1] (0.00ns)   --->   "%tmp_valueValid_V = phi i1 [ true, %._crit_edge47.i ], [ false, %._crit_edge44.i ]"   --->   Operation 166 'phi' 'tmp_valueValid_V' <Predicate = (flashRemuxState_load == 4 & tmp_s & tmp_207_i) | (flashRemuxState_load == 4 & tmp_35 & tmp_207_i) | (flashRemuxState_load == 4 & tmp_s & tmp_38) | (flashRemuxState_load == 4 & tmp_35 & tmp_38)> <Delay = 0.00>
ST_2 : Operation 167 [1/1] (0.00ns)   --->   "%tmp_value_V_5 = phi i64 [ %tmp_V_62, %._crit_edge47.i ], [ 0, %._crit_edge44.i ]"   --->   Operation 167 'phi' 'tmp_value_V_5' <Predicate = (flashRemuxState_load == 4 & tmp_s & tmp_207_i) | (flashRemuxState_load == 4 & tmp_35 & tmp_207_i) | (flashRemuxState_load == 4 & tmp_s & tmp_38) | (flashRemuxState_load == 4 & tmp_35 & tmp_38)> <Delay = 0.00>
ST_2 : Operation 168 [1/1] (0.00ns)   --->   "%tmp_10 = call i256 @_ssdm_op_BitConcatenate.i256.i64.i64.i1.i1.i1.i125(i64 %tmp_key_V_10, i64 %tmp_value_V_5, i1 %tmp_EOP_V_8, i1 %tmp_valueValid_V, i1 %tmp_keyValid_V_4, i125 0) nounwind" [sources/valueStore/flashValueStore.cpp:392]   --->   Operation 168 'bitconcatenate' 'tmp_10' <Predicate = (flashRemuxState_load == 4 & tmp_s & tmp_207_i) | (flashRemuxState_load == 4 & tmp_35 & tmp_207_i) | (flashRemuxState_load == 4 & tmp_s & tmp_38) | (flashRemuxState_load == 4 & tmp_35 & tmp_38)> <Delay = 0.00>
ST_2 : Operation 169 [1/1] (2.39ns)   --->   "call void @_ssdm_op_Write.ap_fifo.volatile.i256P(i256* @valueStoreFlash2merg_1, i256 %tmp_10) nounwind" [sources/valueStore/flashValueStore.cpp:392]   --->   Operation 169 'write' <Predicate = (flashRemuxState_load == 4 & tmp_s & tmp_207_i) | (flashRemuxState_load == 4 & tmp_35 & tmp_207_i) | (flashRemuxState_load == 4 & tmp_s & tmp_38) | (flashRemuxState_load == 4 & tmp_35 & tmp_38)> <Delay = 2.39> <Core = "FIFO">   --->   Core 32 'FIFO' <Latency = 0> <II = 1> <Delay = 2.39> <Storage> <Opcode : 'read' 'write' 'nbread' 'nbwrite'> <Ports = 0> <Width = 256> <Depth = 2> <FIFO>
ST_2 : Operation 170 [1/1] (0.00ns)   --->   "%tmp_key_V_1 = phi i64 [ 0, %._crit_edge28.i ], [ %tmp_V_59, %._crit_edge33.i ]"   --->   Operation 170 'phi' 'tmp_key_V_1' <Predicate = (flashRemuxState_load == 5 & tmp_s & tmp_33 & tmp_211_i) | (flashRemuxState_load == 5 & tmp_33 & tmp_37 & tmp_211_i) | (flashRemuxState_load == 5 & tmp_s & tmp_33 & tmp_41) | (flashRemuxState_load == 5 & tmp_33 & tmp_37 & tmp_41)> <Delay = 0.00>
ST_2 : Operation 171 [1/1] (0.00ns)   --->   "%tmp_valueValid_V_3 = phi i1 [ true, %._crit_edge35.i ], [ false, %._crit_edge32.i ]"   --->   Operation 171 'phi' 'tmp_valueValid_V_3' <Predicate = (flashRemuxState_load == 5 & tmp_s & tmp_33 & tmp_211_i) | (flashRemuxState_load == 5 & tmp_33 & tmp_37 & tmp_211_i) | (flashRemuxState_load == 5 & tmp_s & tmp_33 & tmp_41) | (flashRemuxState_load == 5 & tmp_33 & tmp_37 & tmp_41)> <Delay = 0.00>
ST_2 : Operation 172 [1/1] (0.00ns)   --->   "%tmp_value_V_6 = phi i64 [ %tmp_V_60, %._crit_edge35.i ], [ 0, %._crit_edge32.i ]"   --->   Operation 172 'phi' 'tmp_value_V_6' <Predicate = (flashRemuxState_load == 5 & tmp_s & tmp_33 & tmp_211_i) | (flashRemuxState_load == 5 & tmp_33 & tmp_37 & tmp_211_i) | (flashRemuxState_load == 5 & tmp_s & tmp_33 & tmp_41) | (flashRemuxState_load == 5 & tmp_33 & tmp_37 & tmp_41)> <Delay = 0.00>
ST_2 : Operation 173 [1/1] (0.00ns)   --->   "%tmp_9 = call i256 @_ssdm_op_BitConcatenate.i256.i64.i64.i1.i1.i1.i1.i124(i64 %tmp_key_V_1, i64 %tmp_value_V_6, i1 %tmp_EOP_V_9, i1 %tmp_valueValid_V_3, i1 %tmp_keyValid_V_5, i1 false, i124 %flashOutputWord_meta_1) nounwind" [sources/valueStore/flashValueStore.cpp:371]   --->   Operation 173 'bitconcatenate' 'tmp_9' <Predicate = (flashRemuxState_load == 5 & tmp_s & tmp_33 & tmp_211_i) | (flashRemuxState_load == 5 & tmp_33 & tmp_37 & tmp_211_i) | (flashRemuxState_load == 5 & tmp_s & tmp_33 & tmp_41) | (flashRemuxState_load == 5 & tmp_33 & tmp_37 & tmp_41)> <Delay = 0.00>
ST_2 : Operation 174 [1/1] (2.39ns)   --->   "call void @_ssdm_op_Write.ap_fifo.volatile.i256P(i256* @valueStoreFlash2merg_1, i256 %tmp_9) nounwind" [sources/valueStore/flashValueStore.cpp:371]   --->   Operation 174 'write' <Predicate = (flashRemuxState_load == 5 & tmp_s & tmp_33 & tmp_211_i) | (flashRemuxState_load == 5 & tmp_33 & tmp_37 & tmp_211_i) | (flashRemuxState_load == 5 & tmp_s & tmp_33 & tmp_41) | (flashRemuxState_load == 5 & tmp_33 & tmp_37 & tmp_41)> <Delay = 2.39> <Core = "FIFO">   --->   Core 32 'FIFO' <Latency = 0> <II = 1> <Delay = 2.39> <Storage> <Opcode : 'read' 'write' 'nbread' 'nbwrite'> <Ports = 0> <Width = 256> <Depth = 2> <FIFO>
ST_2 : Operation 175 [1/1] (0.00ns)   --->   "%tmp_7 = call i256 @_ssdm_op_BitConcatenate.i256.i64.i64.i1.i127(i64 %tmp_V_58, i64 0, i1 %tmp_EOP_V, i127 42535295865117307932921825928971026432) nounwind" [sources/valueStore/flashValueStore.cpp:345]   --->   Operation 175 'bitconcatenate' 'tmp_7' <Predicate = (flashRemuxState_load == 7 & !tmp_s & tmp_34)> <Delay = 0.00>
ST_2 : Operation 176 [1/1] (2.39ns)   --->   "call void @_ssdm_op_Write.ap_fifo.volatile.i256P(i256* @valueStoreFlash2merg_1, i256 %tmp_7) nounwind" [sources/valueStore/flashValueStore.cpp:345]   --->   Operation 176 'write' <Predicate = (flashRemuxState_load == 7 & !tmp_s & tmp_34)> <Delay = 2.39> <Core = "FIFO">   --->   Core 32 'FIFO' <Latency = 0> <II = 1> <Delay = 2.39> <Storage> <Opcode : 'read' 'write' 'nbread' 'nbwrite'> <Ports = 0> <Width = 256> <Depth = 2> <FIFO>
ST_2 : Operation 177 [1/1] (0.00ns)   --->   "%tmp_5 = call i256 @_ssdm_op_BitConcatenate.i256.i64.i64.i1.i3.i124(i64 %tmp_V_57, i64 0, i1 %tmp_EOP_V_7, i3 2, i124 %flashOutputWord_meta) nounwind" [sources/valueStore/flashValueStore.cpp:322]   --->   Operation 177 'bitconcatenate' 'tmp_5' <Predicate = (flashRemuxState_load == 2 & !tmp_s & tmp_32 & tmp_36)> <Delay = 0.00>
ST_2 : Operation 178 [1/1] (2.39ns)   --->   "call void @_ssdm_op_Write.ap_fifo.volatile.i256P(i256* @valueStoreFlash2merg_1, i256 %tmp_5) nounwind" [sources/valueStore/flashValueStore.cpp:322]   --->   Operation 178 'write' <Predicate = (flashRemuxState_load == 2 & !tmp_s & tmp_32 & tmp_36)> <Delay = 2.39> <Core = "FIFO">   --->   Core 32 'FIFO' <Latency = 0> <II = 1> <Delay = 2.39> <Storage> <Opcode : 'read' 'write' 'nbread' 'nbwrite'> <Ports = 0> <Width = 256> <Depth = 2> <FIFO>
ST_2 : Operation 179 [1/1] (0.00ns)   --->   "%tmp_6 = call i256 @_ssdm_op_BitConcatenate.i256.i132.i124(i132 8, i124 %flashOutputWord_meta) nounwind" [sources/valueStore/flashValueStore.cpp:329]   --->   Operation 179 'bitconcatenate' 'tmp_6' <Predicate = (flashRemuxState_load == 2 & tmp_s & tmp_32)> <Delay = 0.00>
ST_2 : Operation 180 [1/1] (2.39ns)   --->   "call void @_ssdm_op_Write.ap_fifo.volatile.i256P(i256* @valueStoreFlash2merg_1, i256 %tmp_6) nounwind" [sources/valueStore/flashValueStore.cpp:329]   --->   Operation 180 'write' <Predicate = (flashRemuxState_load == 2 & tmp_s & tmp_32)> <Delay = 2.39> <Core = "FIFO">   --->   Core 32 'FIFO' <Latency = 0> <II = 1> <Delay = 2.39> <Storage> <Opcode : 'read' 'write' 'nbread' 'nbwrite'> <Ports = 0> <Width = 256> <Depth = 2> <FIFO>
ST_2 : Operation 181 [1/1] (0.00ns)   --->   "%tmp_keyValid_V = phi i1 [ false, %7 ], [ true, %._crit_edge14.i ]"   --->   Operation 181 'phi' 'tmp_keyValid_V' <Predicate = (flashRemuxState_load == 0 & !tmp_212_i & !tmp_461 & tmp_215_i & tmp_40) | (flashRemuxState_load == 1 & !tmp_212_i & !tmp_461 & tmp_215_i & tmp_40)> <Delay = 0.00>
ST_2 : Operation 182 [1/1] (0.00ns)   --->   "%tmp_key_V_2 = phi i64 [ 0, %7 ], [ %tmp_V_55, %._crit_edge14.i ]"   --->   Operation 182 'phi' 'tmp_key_V_2' <Predicate = (flashRemuxState_load == 0 & !tmp_212_i & !tmp_461 & tmp_215_i & tmp_40) | (flashRemuxState_load == 1 & !tmp_212_i & !tmp_461 & tmp_215_i & tmp_40)> <Delay = 0.00>
ST_2 : Operation 183 [1/1] (0.00ns)   --->   "%tmp_3 = call i256 @_ssdm_op_BitConcatenate.i256.i64.i64.i2.i1.i1.i124(i64 %tmp_key_V_2, i64 %tmp_V_56, i2 1, i1 %tmp_keyValid_V, i1 true, i124 %p_Val2_30) nounwind" [sources/valueStore/flashValueStore.cpp:301]   --->   Operation 183 'bitconcatenate' 'tmp_3' <Predicate = (flashRemuxState_load == 0 & !tmp_212_i & !tmp_461 & tmp_215_i & tmp_40) | (flashRemuxState_load == 1 & !tmp_212_i & !tmp_461 & tmp_215_i & tmp_40)> <Delay = 0.00>
ST_2 : Operation 184 [1/1] (2.39ns)   --->   "call void @_ssdm_op_Write.ap_fifo.volatile.i256P(i256* @valueStoreFlash2merg_1, i256 %tmp_3) nounwind" [sources/valueStore/flashValueStore.cpp:301]   --->   Operation 184 'write' <Predicate = (flashRemuxState_load == 0 & !tmp_212_i & !tmp_461 & tmp_215_i & tmp_40) | (flashRemuxState_load == 1 & !tmp_212_i & !tmp_461 & tmp_215_i & tmp_40)> <Delay = 2.39> <Core = "FIFO">   --->   Core 32 'FIFO' <Latency = 0> <II = 1> <Delay = 2.39> <Storage> <Opcode : 'read' 'write' 'nbread' 'nbwrite'> <Ports = 0> <Width = 256> <Depth = 2> <FIFO>
ST_2 : Operation 185 [1/1] (0.00ns)   --->   "%tmp_1 = call i256 @_ssdm_op_BitConcatenate.i256.i64.i68.i124(i64 %tmp_V, i68 3, i124 %p_Val2_30) nounwind" [sources/valueStore/flashValueStore.cpp:278]   --->   Operation 185 'bitconcatenate' 'tmp_1' <Predicate = (flashRemuxState_load == 0 & tmp_212_i & !tmp_216_i & tmp_39) | (flashRemuxState_load == 0 & tmp_461 & !tmp_216_i & tmp_39) | (flashRemuxState_load == 1 & tmp_212_i & !tmp_216_i & tmp_39) | (flashRemuxState_load == 1 & tmp_461 & !tmp_216_i & tmp_39)> <Delay = 0.00>
ST_2 : Operation 186 [1/1] (2.39ns)   --->   "call void @_ssdm_op_Write.ap_fifo.volatile.i256P(i256* @valueStoreFlash2merg_1, i256 %tmp_1) nounwind" [sources/valueStore/flashValueStore.cpp:278]   --->   Operation 186 'write' <Predicate = (flashRemuxState_load == 0 & tmp_212_i & !tmp_216_i & tmp_39) | (flashRemuxState_load == 0 & tmp_461 & !tmp_216_i & tmp_39) | (flashRemuxState_load == 1 & tmp_212_i & !tmp_216_i & tmp_39) | (flashRemuxState_load == 1 & tmp_461 & !tmp_216_i & tmp_39)> <Delay = 2.39> <Core = "FIFO">   --->   Core 32 'FIFO' <Latency = 0> <II = 1> <Delay = 2.39> <Storage> <Opcode : 'read' 'write' 'nbread' 'nbwrite'> <Ports = 0> <Width = 256> <Depth = 2> <FIFO>
ST_2 : Operation 187 [1/1] (0.00ns)   --->   "%tmp_2 = call i256 @_ssdm_op_BitConcatenate.i256.i132.i124(i132 1, i124 %p_Val2_30) nounwind" [sources/valueStore/flashValueStore.cpp:285]   --->   Operation 187 'bitconcatenate' 'tmp_2' <Predicate = (flashRemuxState_load == 0 & tmp_212_i & tmp_216_i) | (flashRemuxState_load == 0 & tmp_461 & tmp_216_i) | (flashRemuxState_load == 1 & tmp_212_i & tmp_216_i) | (flashRemuxState_load == 1 & tmp_461 & tmp_216_i)> <Delay = 0.00>
ST_2 : Operation 188 [1/1] (2.39ns)   --->   "call void @_ssdm_op_Write.ap_fifo.volatile.i256P(i256* @valueStoreFlash2merg_1, i256 %tmp_2) nounwind" [sources/valueStore/flashValueStore.cpp:285]   --->   Operation 188 'write' <Predicate = (flashRemuxState_load == 0 & tmp_212_i & tmp_216_i) | (flashRemuxState_load == 0 & tmp_461 & tmp_216_i) | (flashRemuxState_load == 1 & tmp_212_i & tmp_216_i) | (flashRemuxState_load == 1 & tmp_461 & tmp_216_i)> <Delay = 2.39> <Core = "FIFO">   --->   Core 32 'FIFO' <Latency = 0> <II = 1> <Delay = 2.39> <Storage> <Opcode : 'read' 'write' 'nbread' 'nbwrite'> <Ports = 0> <Width = 256> <Depth = 2> <FIFO>
ST_2 : Operation 189 [1/1] (0.00ns)   --->   "br label %._crit_edge1.new538.i"   --->   Operation 189 'br' <Predicate = (flashRmKeyLength_fla_1)> <Delay = 0.00>
ST_2 : Operation 190 [1/1] (0.00ns)   --->   "br label %flashRemux.exit"   --->   Operation 190 'br' <Predicate = (flashRemuxState_flag_1)> <Delay = 0.00>
ST_2 : Operation 191 [1/1] (0.00ns)   --->   "ret void"   --->   Operation 191 'ret' <Predicate = true> <Delay = 0.00>


============================================================
+ Verbose Summary: Timing violations
============================================================
Target clock period: 6.66ns, clock uncertainty: 0.832ns.

 <State 1>: 7.52ns
The critical path consists of the following:
	fifo read on port 'flashMetadataBuffer_s_0' [154]  (2.39 ns)
	'select' operation ('p_s', sources/valueStore/flashValueStore.cpp:262) [159]  (0.494 ns)
	multiplexor before 'phi' operation ('flashRmKeyLength_loc', sources/valueStore/flashValueStore.cpp:270) with incoming values : ('flashRmKeyLength_loa', sources/valueStore/flashValueStore.cpp:270) ('p_flashRmKeyLength_lo', sources/valueStore/flashValueStore.cpp:262) [165]  (0.85 ns)
	'phi' operation ('flashRmKeyLength_loc', sources/valueStore/flashValueStore.cpp:270) with incoming values : ('flashRmKeyLength_loa', sources/valueStore/flashValueStore.cpp:270) ('p_flashRmKeyLength_lo', sources/valueStore/flashValueStore.cpp:262) [165]  (0 ns)
	'add' operation ('tmp_230_i', sources/valueStore/flashValueStore.cpp:292) [190]  (1.36 ns)
	'select' operation ('storemerge29_i', sources/valueStore/flashValueStore.cpp:292) [191]  (0.372 ns)
	multiplexor before 'phi' operation ('flashRmKeyLength_fla', sources/valueStore/flashValueStore.cpp:262) with incoming values : ('p_s', sources/valueStore/flashValueStore.cpp:262) [194]  (0.85 ns)
	'phi' operation ('flashRmKeyLength_fla', sources/valueStore/flashValueStore.cpp:262) with incoming values : ('p_s', sources/valueStore/flashValueStore.cpp:262) [194]  (0 ns)
	multiplexor before 'phi' operation ('tmp.EOP.V') with incoming values : ('tmp.EOP.V', sources/valueStore/flashValueStore.cpp:388) ('tmp.EOP.V', sources/valueStore/flashValueStore.cpp:341) ('p_s', sources/valueStore/flashValueStore.cpp:262) [228]  (1.2 ns)

 <State 2>: 2.39ns
The critical path consists of the following:
	'phi' operation ('flashOutputWord.key.V') with incoming values : ('tmp.V', sources/valueStore/flashValueStore.cpp:379) [44]  (0 ns)
	fifo write on port 'valueStoreFlash2merg_1' (sources/valueStore/flashValueStore.cpp:392) [62]  (2.39 ns)


============================================================
+ Verbose Summary: Binding
============================================================
N/A
* FSMD analyzer results:
  - Output states:
 - Input state : 
  - Chain level:
	State 1
	State 2


============================================================
+ Verbose Summary: Datapath Resource usage 
============================================================
N/A
