

================================================================
== Vivado HLS Report for 'flashSetPathNoFilter'
================================================================
* Date:           Fri Nov  9 23:09:50 2018

* Version:        2018.2 (Build 2258646 on Thu Jun 14 20:25:20 MDT 2018)
* Project:        memcachedPipeline_prj
* Solution:       solution1
* Product family: virtex7
* Target device:  xc7vx690tffg1761-2


================================================================
== Performance Estimates
================================================================
+ Timing (ns): 
    * Summary: 
    +--------+-------+----------+------------+
    |  Clock | Target| Estimated| Uncertainty|
    +--------+-------+----------+------------+
    |ap_clk  |   6.66|     4.347|        0.83|
    +--------+-------+----------+------------+

+ Latency (clock cycles): 
    * Summary: 
    +-----+-----+-----+-----+----------+
    |  Latency  |  Interval | Pipeline |
    | min | max | min | max |   Type   |
    +-----+-----+-----+-----+----------+
    |    2|    2|    1|    1| function |
    +-----+-----+-----+-----+----------+

    + Detail: 
        * Instance: 
        N/A

        * Loop: 
        N/A

============================================================
+ Verbose Summary: Synthesis Manager
============================================================
InlineROM: 1
ExposeGlobal: 0
============================================================
+ Verbose Summary: CDFG Model
============================================================
IsTopModel: 0
ResetActiveHigh: 1
IsCombinational: 2
IsDatapathOnly: 0
HasWiredReturn: 1
HasMFsm: 1
HasVarLatency: 0
IsPipeline: 1
IsRtlPipelined: 1
IsInstanceOverlapped: 0
IsDontTouch: 0
HasImplIP: 0
IsGatedGlobalClock: 0

+ Individual pipeline summary: 
  * Pipeline-0: initiation interval (II) = 1, depth = 3


============================================================
+ Verbose Summary: Schedule
============================================================
* Number of FSM states : 3
* Pipeline : 1
  Pipeline-0 : II = 1, D = 3, States = { 1 2 3 }
* Dataflow Pipeline: 0

* FSM state transitions: 
1 --> 
	2  / true
2 --> 
	3  / true
3 --> 

* FSM state operations: 

State 1 <SV = 0> <Delay = 4.34>
ST_1 : Operation 4 [1/1] (0.00ns)   --->   "%flashSetState_load = load i1* @flashSetState, align 1" [sources/valueStore/flashValueStore.cpp:413]   --->   Operation 4 'load' 'flashSetState_load' <Predicate = true> <Delay = 0.00>
ST_1 : Operation 5 [1/1] (0.00ns)   --->   "br i1 %flashSetState_load, label %3, label %0" [sources/valueStore/flashValueStore.cpp:413]   --->   Operation 5 'br' <Predicate = true> <Delay = 0.00>
ST_1 : Operation 6 [1/1] (0.00ns)   --->   "%tmp_445 = call i1 @_ssdm_op_NbReadReq.ap_fifo.i48P(i48* @flashDemux2setPathMe_1, i32 1)"   --->   Operation 6 'nbreadreq' 'tmp_445' <Predicate = (!flashSetState_load)> <Delay = 0.00> <Core = "FIFO">   --->   Core 32 'FIFO' <Latency = 0> <II = 1> <Delay = 2.39> <Storage> <Opcode : 'read' 'write' 'nbread' 'nbwrite'> <Ports = 0> <Width = 66> <Depth = 2> <FIFO>
ST_1 : Operation 7 [1/1] (0.00ns)   --->   "br i1 %tmp_445, label %1, label %._crit_edge3.i" [sources/valueStore/flashValueStore.cpp:417]   --->   Operation 7 'br' <Predicate = (!flashSetState_load)> <Delay = 0.00>
ST_1 : Operation 8 [1/1] (0.00ns)   --->   "%tmp_448 = call i1 @_ssdm_op_NbReadReq.ap_fifo.i66P(i66* @flashDemux2setPathVa_1, i32 1)"   --->   Operation 8 'nbreadreq' 'tmp_448' <Predicate = (!flashSetState_load & tmp_445)> <Delay = 0.00> <Core = "FIFO">   --->   Core 32 'FIFO' <Latency = 0> <II = 1> <Delay = 2.39> <Storage> <Opcode : 'read' 'write' 'nbread' 'nbwrite'> <Ports = 0> <Width = 66> <Depth = 2> <FIFO>
ST_1 : Operation 9 [1/1] (2.39ns)   --->   "%tmp29 = call i48 @_ssdm_op_Read.ap_fifo.volatile.i48P(i48* @flashDemux2setPathMe_1)"   --->   Operation 9 'read' 'tmp29' <Predicate = (!flashSetState_load & tmp_445 & tmp_448)> <Delay = 2.39> <Core = "FIFO">   --->   Core 32 'FIFO' <Latency = 0> <II = 1> <Delay = 2.39> <Storage> <Opcode : 'read' 'write' 'nbread' 'nbwrite'> <Ports = 0> <Width = 66> <Depth = 2> <FIFO>
ST_1 : Operation 10 [1/1] (0.00ns)   --->   "%setCtrlWord_address_s = trunc i48 %tmp29 to i32" [sources/valueStore/../globals.h:148->sources/valueStore/flashValueStore.cpp:418]   --->   Operation 10 'trunc' 'setCtrlWord_address_s' <Predicate = (!flashSetState_load & tmp_445 & tmp_448)> <Delay = 0.00>
ST_1 : Operation 11 [1/1] (0.00ns)   --->   "%tmp_length_V_load_ne = call i16 @_ssdm_op_PartSelect.i16.i48.i32.i32(i48 %tmp29, i32 32, i32 47)" [sources/valueStore/../globals.h:148->sources/valueStore/flashValueStore.cpp:418]   --->   Operation 11 'partselect' 'tmp_length_V_load_ne' <Predicate = (!flashSetState_load & tmp_445 & tmp_448)> <Delay = 0.00>
ST_1 : Operation 12 [1/1] (0.00ns)   --->   "%tmp_s = call i13 @_ssdm_op_PartSelect.i13.i48.i32.i32(i48 %tmp29, i32 35, i32 47)"   --->   Operation 12 'partselect' 'tmp_s' <Predicate = (!flashSetState_load & tmp_445 & tmp_448)> <Delay = 0.00>
ST_1 : Operation 13 [1/1] (0.00ns)   --->   "%op2_assign = call i16 @_ssdm_op_BitConcatenate.i16.i13.i3(i13 %tmp_s, i3 0)" [sources/valueStore/flashValueStore.cpp:420]   --->   Operation 13 'bitconcatenate' 'op2_assign' <Predicate = (!flashSetState_load & tmp_445 & tmp_448)> <Delay = 0.00>
ST_1 : Operation 14 [1/1] (1.18ns)   --->   "%tmp_197_i = icmp ugt i16 %tmp_length_V_load_ne, %op2_assign" [sources/valueStore/flashValueStore.cpp:420]   --->   Operation 14 'icmp' 'tmp_197_i' <Predicate = (!flashSetState_load & tmp_445 & tmp_448)> <Delay = 1.18> <Core = "Cmp">   --->   Core 25 'Cmp' <Latency = 0> <II = 1> <Delay = 1.18> <FuncUnit> <Opcode : 'icmp'> <InPorts = 2> <OutPorts = 1>
ST_1 : Operation 15 [1/1] (1.32ns)   --->   "%tmp_68_i = add i13 1, %tmp_s" [sources/valueStore/flashValueStore.cpp:420]   --->   Operation 15 'add' 'tmp_68_i' <Predicate = (!flashSetState_load & tmp_445 & tmp_448)> <Delay = 1.32> <Core = "AddSub">   --->   Core 14 'AddSub' <Latency = 0> <II = 1> <Delay = 1.32> <FuncUnit> <Opcode : 'add' 'sub'> <InPorts = 2> <OutPorts = 1>
ST_1 : Operation 16 [1/1] (0.62ns)   --->   "%setCtrlWord_count_V = select i1 %tmp_197_i, i13 %tmp_68_i, i13 %tmp_s" [sources/valueStore/flashValueStore.cpp:420]   --->   Operation 16 'select' 'setCtrlWord_count_V' <Predicate = (!flashSetState_load & tmp_445 & tmp_448)> <Delay = 0.62> <Core = "Sel">   --->   Core 26 'Sel' <Latency = 0> <II = 1> <Delay = 0.62> <FuncUnit> <Opcode : 'select'> <InPorts = 3> <OutPorts = 1>
ST_1 : Operation 17 [1/1] (2.39ns)   --->   "%tmp_1 = call i66 @_ssdm_op_Read.ap_fifo.volatile.i66P(i66* @flashDemux2setPathVa_1)"   --->   Operation 17 'read' 'tmp_1' <Predicate = (!flashSetState_load & tmp_445 & tmp_448)> <Delay = 2.39> <Core = "FIFO">   --->   Core 32 'FIFO' <Latency = 0> <II = 1> <Delay = 2.39> <Storage> <Opcode : 'read' 'write' 'nbread' 'nbwrite'> <Ports = 0> <Width = 66> <Depth = 2> <FIFO>
ST_1 : Operation 18 [1/1] (0.00ns)   --->   "%tmp_V_54 = trunc i66 %tmp_1 to i64" [sources/valueStore/../globals.h:114->sources/valueStore/flashValueStore.cpp:422]   --->   Operation 18 'trunc' 'tmp_V_54' <Predicate = (!flashSetState_load & tmp_445 & tmp_448)> <Delay = 0.00>
ST_1 : Operation 19 [1/1] (0.00ns)   --->   "%tmp_451 = call i1 @_ssdm_op_BitSelect.i1.i66.i32(i66 %tmp_1, i32 64)" [sources/valueStore/../globals.h:114->sources/valueStore/flashValueStore.cpp:422]   --->   Operation 19 'bitselect' 'tmp_451' <Predicate = (!flashSetState_load & tmp_445 & tmp_448)> <Delay = 0.00>
ST_1 : Operation 20 [1/1] (0.00ns)   --->   "br i1 %tmp_451, label %2, label %._crit_edge6.i" [sources/valueStore/flashValueStore.cpp:423]   --->   Operation 20 'br' <Predicate = (!flashSetState_load & tmp_445 & tmp_448)> <Delay = 0.00>
ST_1 : Operation 21 [1/1] (0.85ns)   --->   "store i1 true, i1* @flashSetState, align 1" [sources/valueStore/flashValueStore.cpp:427]   --->   Operation 21 'store' <Predicate = (!flashSetState_load & tmp_445 & tmp_448 & tmp_451)> <Delay = 0.85>
ST_1 : Operation 22 [1/1] (0.00ns)   --->   "%tmp = call i1 @_ssdm_op_NbReadReq.ap_fifo.i66P(i66* @flashDemux2setPathVa_1, i32 1)"   --->   Operation 22 'nbreadreq' 'tmp' <Predicate = (flashSetState_load)> <Delay = 0.00> <Core = "FIFO">   --->   Core 32 'FIFO' <Latency = 0> <II = 1> <Delay = 2.39> <Storage> <Opcode : 'read' 'write' 'nbread' 'nbwrite'> <Ports = 0> <Width = 66> <Depth = 2> <FIFO>
ST_1 : Operation 23 [1/1] (2.39ns)   --->   "%tmp_3 = call i66 @_ssdm_op_Read.ap_fifo.volatile.i66P(i66* @flashDemux2setPathVa_1)"   --->   Operation 23 'read' 'tmp_3' <Predicate = (flashSetState_load & tmp)> <Delay = 2.39> <Core = "FIFO">   --->   Core 32 'FIFO' <Latency = 0> <II = 1> <Delay = 2.39> <Storage> <Opcode : 'read' 'write' 'nbread' 'nbwrite'> <Ports = 0> <Width = 66> <Depth = 2> <FIFO>
ST_1 : Operation 24 [1/1] (0.00ns)   --->   "%tmp_V = trunc i66 %tmp_3 to i64" [sources/valueStore/../globals.h:114->sources/valueStore/flashValueStore.cpp:435]   --->   Operation 24 'trunc' 'tmp_V' <Predicate = (flashSetState_load & tmp)> <Delay = 0.00>
ST_1 : Operation 25 [1/1] (0.00ns)   --->   "%tmp_447 = call i1 @_ssdm_op_BitSelect.i1.i66.i32(i66 %tmp_3, i32 65)" [sources/valueStore/../globals.h:114->sources/valueStore/flashValueStore.cpp:435]   --->   Operation 25 'bitselect' 'tmp_447' <Predicate = (flashSetState_load & tmp)> <Delay = 0.00>
ST_1 : Operation 26 [1/1] (0.00ns)   --->   "br i1 %tmp_447, label %5, label %._crit_edge8.i" [sources/valueStore/flashValueStore.cpp:437]   --->   Operation 26 'br' <Predicate = (flashSetState_load & tmp)> <Delay = 0.00>
ST_1 : Operation 27 [1/1] (0.85ns)   --->   "store i1 false, i1* @flashSetState, align 1" [sources/valueStore/flashValueStore.cpp:439]   --->   Operation 27 'store' <Predicate = (flashSetState_load & tmp & tmp_447)> <Delay = 0.85>

State 2 <SV = 1> <Delay = 0.00>
ST_2 : Operation 28 [1/1] (0.00ns)   --->   "br i1 %tmp_448, label %._crit_edge5.i, label %._crit_edge3.i" [sources/valueStore/flashValueStore.cpp:417]   --->   Operation 28 'br' <Predicate = (!flashSetState_load & tmp_445)> <Delay = 0.00>
ST_2 : Operation 29 [1/1] (0.00ns)   --->   "%tmp_2 = call i45 @_ssdm_op_BitConcatenate.i45.i13.i32(i13 %setCtrlWord_count_V, i32 %setCtrlWord_address_s)" [sources/valueStore/flashValueStore.cpp:425]   --->   Operation 29 'bitconcatenate' 'tmp_2' <Predicate = (!flashSetState_load & tmp_445 & tmp_448 & tmp_451)> <Delay = 0.00>
ST_2 : Operation 30 [1/1] (0.00ns)   --->   "%tmp_2_cast = sext i45 %tmp_2 to i48" [sources/valueStore/flashValueStore.cpp:425]   --->   Operation 30 'sext' 'tmp_2_cast' <Predicate = (!flashSetState_load & tmp_445 & tmp_448 & tmp_451)> <Delay = 0.00>
ST_2 : Operation 31 [2/2] (0.00ns)   --->   "call void @_ssdm_op_Write.axis.volatile.i48P(i48* %memWrCmd_V, i48 %tmp_2_cast)" [sources/valueStore/flashValueStore.cpp:425]   --->   Operation 31 'write' <Predicate = (!flashSetState_load & tmp_445 & tmp_448 & tmp_451)> <Delay = 0.00> <Core = "AXI4Stream">   --->   Core 5 'AXI4Stream' <Latency = 0> <II = 1> <Delay = 1.00> <Adapter> <Opcode : >
ST_2 : Operation 32 [2/2] (0.00ns)   --->   "call void @_ssdm_op_Write.axis.volatile.i64P(i64* %memWrData_V_V, i64 %tmp_V_54)" [sources/valueStore/flashValueStore.cpp:426]   --->   Operation 32 'write' <Predicate = (!flashSetState_load & tmp_445 & tmp_448 & tmp_451)> <Delay = 0.00> <Core = "AXI4Stream">   --->   Core 5 'AXI4Stream' <Latency = 0> <II = 1> <Delay = 1.00> <Adapter> <Opcode : >
ST_2 : Operation 33 [1/1] (0.00ns)   --->   "br i1 %tmp, label %4, label %._crit_edge7.i" [sources/valueStore/flashValueStore.cpp:434]   --->   Operation 33 'br' <Predicate = (flashSetState_load)> <Delay = 0.00>
ST_2 : Operation 34 [2/2] (0.00ns)   --->   "call void @_ssdm_op_Write.axis.volatile.i64P(i64* %memWrData_V_V, i64 %tmp_V)" [sources/valueStore/flashValueStore.cpp:436]   --->   Operation 34 'write' <Predicate = (flashSetState_load & tmp)> <Delay = 0.00> <Core = "AXI4Stream">   --->   Core 5 'AXI4Stream' <Latency = 0> <II = 1> <Delay = 1.00> <Adapter> <Opcode : >

State 3 <SV = 2> <Delay = 0.00>
ST_3 : Operation 35 [1/1] (0.00ns)   --->   "call void (...)* @_ssdm_op_SpecInterface(i48* @flashDemux2setPathMe_1, [8 x i8]* @ap_fifo_str, i32 0, i32 0, [1 x i8]* @p_str, i32 0, i32 0, [1 x i8]* @p_str, [1 x i8]* @p_str, [1 x i8]* @p_str, i32 2, i32 2, i32 16, i32 16, [1 x i8]* @p_str, [1 x i8]* @p_str)"   --->   Operation 35 'specinterface' <Predicate = true> <Delay = 0.00>
ST_3 : Operation 36 [1/1] (0.00ns)   --->   "call void (...)* @_ssdm_op_SpecInterface(i66* @flashDemux2setPathVa_1, [8 x i8]* @ap_fifo_str, i32 0, i32 0, [1 x i8]* @p_str, i32 0, i32 0, [1 x i8]* @p_str, [1 x i8]* @p_str, [1 x i8]* @p_str, i32 2, i32 2, i32 16, i32 16, [1 x i8]* @p_str, [1 x i8]* @p_str)"   --->   Operation 36 'specinterface' <Predicate = true> <Delay = 0.00>
ST_3 : Operation 37 [1/1] (0.00ns)   --->   "call void (...)* @_ssdm_op_SpecInterface(i64* %memWrData_V_V, [5 x i8]* @p_str3149, i32 1, i32 1, [5 x i8]* @p_str4150, i32 0, i32 0, [1 x i8]* @p_str1147, [1 x i8]* @p_str1147, [1 x i8]* @p_str1147, i32 0, i32 0, i32 0, i32 0, [1 x i8]* @p_str1147, [1 x i8]* @p_str1147) nounwind"   --->   Operation 37 'specinterface' <Predicate = true> <Delay = 0.00>
ST_3 : Operation 38 [1/1] (0.00ns)   --->   "call void (...)* @_ssdm_op_SpecInterface(i48* %memWrCmd_V, [5 x i8]* @p_str3149, i32 1, i32 1, [5 x i8]* @p_str4150, i32 0, i32 0, [1 x i8]* @p_str1147, [1 x i8]* @p_str1147, [1 x i8]* @p_str1147, i32 0, i32 0, i32 0, i32 0, [1 x i8]* @p_str1147, [1 x i8]* @p_str1147)"   --->   Operation 38 'specinterface' <Predicate = true> <Delay = 0.00>
ST_3 : Operation 39 [1/1] (0.00ns)   --->   "call void (...)* @_ssdm_op_SpecInterface(i32 0, [13 x i8]* @p_str82, i32 0, i32 0, [1 x i8]* @p_str183, i32 0, i32 0, [1 x i8]* @p_str183, [1 x i8]* @p_str183, [1 x i8]* @p_str183, i32 0, i32 0, i32 0, i32 0, [1 x i8]* @p_str183, [1 x i8]* @p_str183) nounwind" [sources/valueStore/flashValueStore.cpp:401]   --->   Operation 39 'specinterface' <Predicate = true> <Delay = 0.00>
ST_3 : Operation 40 [1/1] (0.00ns)   --->   "call void (...)* @_ssdm_op_SpecPipeline(i32 1, i32 2, i32 1, i32 0, [1 x i8]* @p_str183) nounwind" [sources/valueStore/flashValueStore.cpp:404]   --->   Operation 40 'specpipeline' <Predicate = true> <Delay = 0.00>
ST_3 : Operation 41 [1/2] (0.00ns)   --->   "call void @_ssdm_op_Write.axis.volatile.i48P(i48* %memWrCmd_V, i48 %tmp_2_cast)" [sources/valueStore/flashValueStore.cpp:425]   --->   Operation 41 'write' <Predicate = (!flashSetState_load & tmp_445 & tmp_448 & tmp_451)> <Delay = 0.00> <Core = "AXI4Stream">   --->   Core 5 'AXI4Stream' <Latency = 0> <II = 1> <Delay = 1.00> <Adapter> <Opcode : >
ST_3 : Operation 42 [1/2] (0.00ns)   --->   "call void @_ssdm_op_Write.axis.volatile.i64P(i64* %memWrData_V_V, i64 %tmp_V_54)" [sources/valueStore/flashValueStore.cpp:426]   --->   Operation 42 'write' <Predicate = (!flashSetState_load & tmp_445 & tmp_448 & tmp_451)> <Delay = 0.00> <Core = "AXI4Stream">   --->   Core 5 'AXI4Stream' <Latency = 0> <II = 1> <Delay = 1.00> <Adapter> <Opcode : >
ST_3 : Operation 43 [1/1] (0.00ns)   --->   "br label %._crit_edge6.i" [sources/valueStore/flashValueStore.cpp:428]   --->   Operation 43 'br' <Predicate = (!flashSetState_load & tmp_445 & tmp_448 & tmp_451)> <Delay = 0.00>
ST_3 : Operation 44 [1/1] (0.00ns)   --->   "br label %._crit_edge3.i" [sources/valueStore/flashValueStore.cpp:429]   --->   Operation 44 'br' <Predicate = (!flashSetState_load & tmp_445 & tmp_448)> <Delay = 0.00>
ST_3 : Operation 45 [1/1] (0.00ns)   --->   "br label %flashSetPathNoFilter.exit" [sources/valueStore/flashValueStore.cpp:430]   --->   Operation 45 'br' <Predicate = (!flashSetState_load)> <Delay = 0.00>
ST_3 : Operation 46 [1/2] (0.00ns)   --->   "call void @_ssdm_op_Write.axis.volatile.i64P(i64* %memWrData_V_V, i64 %tmp_V)" [sources/valueStore/flashValueStore.cpp:436]   --->   Operation 46 'write' <Predicate = (flashSetState_load & tmp)> <Delay = 0.00> <Core = "AXI4Stream">   --->   Core 5 'AXI4Stream' <Latency = 0> <II = 1> <Delay = 1.00> <Adapter> <Opcode : >
ST_3 : Operation 47 [1/1] (0.00ns)   --->   "br label %._crit_edge8.i" [sources/valueStore/flashValueStore.cpp:440]   --->   Operation 47 'br' <Predicate = (flashSetState_load & tmp & tmp_447)> <Delay = 0.00>
ST_3 : Operation 48 [1/1] (0.00ns)   --->   "br label %._crit_edge7.i" [sources/valueStore/flashValueStore.cpp:441]   --->   Operation 48 'br' <Predicate = (flashSetState_load & tmp)> <Delay = 0.00>
ST_3 : Operation 49 [1/1] (0.00ns)   --->   "br label %flashSetPathNoFilter.exit" [sources/valueStore/flashValueStore.cpp:442]   --->   Operation 49 'br' <Predicate = (flashSetState_load)> <Delay = 0.00>
ST_3 : Operation 50 [1/1] (0.00ns)   --->   "ret void"   --->   Operation 50 'ret' <Predicate = true> <Delay = 0.00>


============================================================
+ Verbose Summary: Timing violations
============================================================
Target clock period: 6.66ns, clock uncertainty: 0.832ns.

 <State 1>: 4.35ns
The critical path consists of the following:
	fifo read on port 'flashDemux2setPathMe_1' [21]  (2.39 ns)
	'add' operation ('tmp_68_i', sources/valueStore/flashValueStore.cpp:420) [27]  (1.33 ns)
	'select' operation ('setCtrlWord.count.V', sources/valueStore/flashValueStore.cpp:420) [28]  (0.629 ns)

 <State 2>: 0ns
The critical path consists of the following:

 <State 3>: 0ns
The critical path consists of the following:


============================================================
+ Verbose Summary: Binding
============================================================
N/A
* FSMD analyzer results:
  - Output states:
 - Input state : 
  - Chain level:
	State 1
	State 2
	State 3


============================================================
+ Verbose Summary: Datapath Resource usage 
============================================================
N/A
