

================================================================
== Vivado HLS Report for 'ht_inputLogic'
================================================================
* Date:           Tue Nov 13 22:50:44 2018

* Version:        2018.2 (Build 2258646 on Thu Jun 14 20:25:20 MDT 2018)
* Project:        memcachedPipeline_prj
* Solution:       solution1
* Product family: virtex7
* Target device:  xc7vx690tffg1761-2


================================================================
== Performance Estimates
================================================================
+ Timing (ns): 
    * Summary: 
    +--------+-------+----------+------------+
    |  Clock | Target| Estimated| Uncertainty|
    +--------+-------+----------+------------+
    |ap_clk  |   6.66|     5.603|        0.83|
    +--------+-------+----------+------------+

+ Latency (clock cycles): 
    * Summary: 
    +-----+-----+-----+-----+----------+
    |  Latency  |  Interval | Pipeline |
    | min | max | min | max |   Type   |
    +-----+-----+-----+-----+----------+
    |    2|    2|    1|    1| function |
    +-----+-----+-----+-----+----------+

    + Detail: 
        * Instance: 
        N/A

        * Loop: 
        N/A

============================================================
+ Verbose Summary: Synthesis Manager
============================================================
InlineROM: 1
ExposeGlobal: 0
============================================================
+ Verbose Summary: CDFG Model
============================================================
IsTopModel: 0
ResetActiveHigh: 1
IsCombinational: 2
IsDatapathOnly: 0
HasWiredReturn: 1
HasMFsm: 1
HasVarLatency: 0
IsPipeline: 1
IsRtlPipelined: 1
IsInstanceOverlapped: 0
IsDontTouch: 0
HasImplIP: 0
IsGatedGlobalClock: 0

+ Individual pipeline summary: 
  * Pipeline-0: initiation interval (II) = 1, depth = 3


============================================================
+ Verbose Summary: Schedule
============================================================
* Number of FSM states : 3
* Pipeline : 1
  Pipeline-0 : II = 1, D = 3, States = { 1 2 3 }
* Dataflow Pipeline: 0

* FSM state transitions: 
1 --> 
	2  / true
2 --> 
	3  / true
3 --> 

* FSM state operations: 

State 1 <SV = 0> <Delay = 5.56>
ST_1 : Operation 4 [1/1] (0.00ns)   --->   "%iState_load = load i1* @iState, align 1" [sources/hashTable/hashTable.cpp:48]   --->   Operation 4 'load' 'iState_load' <Predicate = true> <Delay = 0.00>
ST_1 : Operation 5 [1/1] (0.00ns)   --->   "%tmp = call i1 @_ssdm_op_NbReadReq.ap_fifo.i256P(i256* @requestParser2hashTa_1, i32 1) nounwind"   --->   Operation 5 'nbreadreq' 'tmp' <Predicate = true> <Delay = 0.00> <Core = "FIFO">   --->   Core 32 'FIFO' <Latency = 0> <II = 1> <Delay = 2.39> <Storage> <Opcode : 'read' 'write' 'nbread' 'nbwrite'> <Ports = 0> <Width = 130> <Depth = 2> <FIFO>
ST_1 : Operation 6 [1/1] (0.00ns)   --->   "br i1 %iState_load, label %8, label %0" [sources/hashTable/hashTable.cpp:48]   --->   Operation 6 'br' <Predicate = true> <Delay = 0.00>
ST_1 : Operation 7 [1/1] (0.92ns)   --->   "br i1 %tmp, label %1, label %._crit_edge6.i" [sources/hashTable/hashTable.cpp:51]   --->   Operation 7 'br' <Predicate = (!iState_load)> <Delay = 0.92>
ST_1 : Operation 8 [1/1] (2.39ns)   --->   "%tmp196 = call i256 @_ssdm_op_Read.ap_fifo.volatile.i256P(i256* @requestParser2hashTa_1) nounwind"   --->   Operation 8 'read' 'tmp196' <Predicate = (!iState_load & tmp)> <Delay = 2.39> <Core = "FIFO">   --->   Core 32 'FIFO' <Latency = 0> <II = 1> <Delay = 2.39> <Storage> <Opcode : 'read' 'write' 'nbread' 'nbwrite'> <Ports = 0> <Width = 130> <Depth = 2> <FIFO>
ST_1 : Operation 9 [1/1] (0.00ns)   --->   "%p_Val2_s = trunc i256 %tmp196 to i124" [sources/valueStore/../globals.h:104->sources/hashTable/hashTable.cpp:52]   --->   Operation 9 'trunc' 'p_Val2_s' <Predicate = (!iState_load & tmp)> <Delay = 0.00>
ST_1 : Operation 10 [1/1] (0.00ns)   --->   "%tmp_360 = call i1 @_ssdm_op_BitSelect.i1.i256.i32(i256 %tmp196, i32 124)" [sources/valueStore/../globals.h:104->sources/hashTable/hashTable.cpp:52]   --->   Operation 10 'bitselect' 'tmp_360' <Predicate = (!iState_load & tmp)> <Delay = 0.00>
ST_1 : Operation 11 [1/1] (0.00ns)   --->   "%tmp_361 = call i1 @_ssdm_op_BitSelect.i1.i256.i32(i256 %tmp196, i32 126)" [sources/valueStore/../globals.h:104->sources/hashTable/hashTable.cpp:52]   --->   Operation 11 'bitselect' 'tmp_361' <Predicate = (!iState_load & tmp)> <Delay = 0.00>
ST_1 : Operation 12 [1/1] (0.00ns)   --->   "%tmp_V_40 = call i64 @_ssdm_op_PartSelect.i64.i256.i32.i32(i256 %tmp196, i32 128, i32 191) nounwind" [sources/valueStore/../globals.h:104->sources/hashTable/hashTable.cpp:52]   --->   Operation 12 'partselect' 'tmp_V_40' <Predicate = (!iState_load & tmp)> <Delay = 0.00>
ST_1 : Operation 13 [1/1] (0.00ns)   --->   "%tmp_V_42 = call i64 @_ssdm_op_PartSelect.i64.i256.i32.i32(i256 %tmp196, i32 192, i32 255) nounwind" [sources/valueStore/../globals.h:104->sources/hashTable/hashTable.cpp:52]   --->   Operation 13 'partselect' 'tmp_V_42' <Predicate = (!iState_load & tmp)> <Delay = 0.00>
ST_1 : Operation 14 [1/1] (0.00ns)   --->   "br i1 %tmp_360, label %_ifconv, label %7" [sources/hashTable/hashTable.cpp:56]   --->   Operation 14 'br' <Predicate = (!iState_load & tmp)> <Delay = 0.00>
ST_1 : Operation 15 [1/1] (0.85ns)   --->   "br label %mergeST.i"   --->   Operation 15 'br' <Predicate = (!iState_load & tmp & !tmp_360)> <Delay = 0.85>
ST_1 : Operation 16 [1/1] (0.00ns)   --->   "%tmp_operation_V_1 = call i8 @_ssdm_op_PartSelect.i8.i256.i32.i32(i256 %tmp196, i32 104, i32 111) nounwind" [sources/hashTable/hashTable.cpp:58]   --->   Operation 16 'partselect' 'tmp_operation_V_1' <Predicate = (!iState_load & tmp & tmp_360)> <Delay = 0.00>
ST_1 : Operation 17 [1/1] (0.00ns)   --->   "%tmp_valueLength_V_1 = call i16 @_ssdm_op_PartSelect.i16.i256.i32.i32(i256 %tmp196, i32 8, i32 23) nounwind" [sources/hashTable/hashTable.cpp:59]   --->   Operation 17 'partselect' 'tmp_valueLength_V_1' <Predicate = (!iState_load & tmp & tmp_360)> <Delay = 0.00>
ST_1 : Operation 18 [1/1] (0.86ns)   --->   "%tmp_i = icmp eq i8 %tmp_operation_V_1, 8" [sources/hashTable/hashTable.cpp:60]   --->   Operation 18 'icmp' 'tmp_i' <Predicate = (!iState_load & tmp & tmp_360)> <Delay = 0.86> <Core = "Cmp">   --->   Core 25 'Cmp' <Latency = 0> <II = 1> <Delay = 0.90> <FuncUnit> <Opcode : 'icmp'> <InPorts = 2> <OutPorts = 1>
ST_1 : Operation 19 [1/1] (0.00ns)   --->   "%tmp_363 = trunc i256 %tmp196 to i8" [sources/hashTable/hashTable.cpp:65]   --->   Operation 19 'trunc' 'tmp_363' <Predicate = (!iState_load & tmp & tmp_360)> <Delay = 0.00>
ST_1 : Operation 20 [1/1] (0.37ns)   --->   "%tmp_V_43 = select i1 %tmp_i, i8 1, i8 %tmp_363" [sources/hashTable/hashTable.cpp:73]   --->   Operation 20 'select' 'tmp_V_43' <Predicate = (!iState_load & tmp & tmp_360)> <Delay = 0.37> <Core = "Sel">   --->   Core 26 'Sel' <Latency = 0> <II = 1> <Delay = 0.67> <FuncUnit> <Opcode : 'select'> <InPorts = 3> <OutPorts = 1>
ST_1 : Operation 21 [1/1] (0.86ns)   --->   "%tmp_163_i = icmp eq i8 %tmp_V_43, 0" [sources/hashTable/hashTable.cpp:69]   --->   Operation 21 'icmp' 'tmp_163_i' <Predicate = (!iState_load & tmp & tmp_360)> <Delay = 0.86> <Core = "Cmp">   --->   Core 25 'Cmp' <Latency = 0> <II = 1> <Delay = 0.90> <FuncUnit> <Opcode : 'icmp'> <InPorts = 2> <OutPorts = 1>
ST_1 : Operation 22 [1/1] (0.92ns)   --->   "br i1 %tmp_163_i, label %._crit_edge8.i, label %2" [sources/hashTable/hashTable.cpp:69]   --->   Operation 22 'br' <Predicate = (!iState_load & tmp & tmp_360)> <Delay = 0.92>
ST_1 : Operation 23 [1/1] (0.00ns)   --->   "br i1 %tmp_i, label %._crit_edge9.i, label %3" [sources/hashTable/hashTable.cpp:70]   --->   Operation 23 'br' <Predicate = (!iState_load & tmp & tmp_360 & !tmp_163_i)> <Delay = 0.00>
ST_1 : Operation 24 [1/1] (0.86ns)   --->   "%tmp_170_i = icmp ult i8 %tmp_V_43, 9" [sources/hashTable/hashTable.cpp:74]   --->   Operation 24 'icmp' 'tmp_170_i' <Predicate = (!iState_load & tmp & tmp_360 & !tmp_163_i)> <Delay = 0.86> <Core = "Cmp">   --->   Core 25 'Cmp' <Latency = 0> <II = 1> <Delay = 0.90> <FuncUnit> <Opcode : 'icmp'> <InPorts = 2> <OutPorts = 1>
ST_1 : Operation 25 [1/1] (0.00ns)   --->   "br i1 %tmp_170_i, label %4, label %5" [sources/hashTable/hashTable.cpp:74]   --->   Operation 25 'br' <Predicate = (!iState_load & tmp & tmp_360 & !tmp_163_i)> <Delay = 0.00>
ST_1 : Operation 26 [1/1] (0.92ns)   --->   "br label %._crit_edge8.i" [sources/hashTable/hashTable.cpp:81]   --->   Operation 26 'br' <Predicate = (!iState_load & tmp & tmp_360 & !tmp_163_i & tmp_170_i)> <Delay = 0.92>
ST_1 : Operation 27 [1/1] (0.00ns)   --->   "br i1 %tmp_361, label %6, label %._crit_edge10.i" [sources/hashTable/hashTable.cpp:87]   --->   Operation 27 'br' <Predicate = (!iState_load & tmp & tmp_360)> <Delay = 0.00>
ST_1 : Operation 28 [1/1] (0.00ns)   --->   "%tmp_47_i = call i3 @_ssdm_op_PartSelect.i3.i256.i32.i32(i256 %tmp196, i32 125, i32 127) nounwind" [sources/hashTable/hashTable.cpp:93]   --->   Operation 28 'partselect' 'tmp_47_i' <Predicate = (!iState_load & tmp & tmp_360)> <Delay = 0.00>
ST_1 : Operation 29 [1/1] (0.85ns)   --->   "store i1 true, i1* @iState, align 1" [sources/hashTable/hashTable.cpp:96]   --->   Operation 29 'store' <Predicate = (!iState_load & tmp & tmp_360)> <Delay = 0.85>
ST_1 : Operation 30 [1/1] (0.92ns)   --->   "br i1 %tmp, label %9, label %._crit_edge6.i" [sources/hashTable/hashTable.cpp:105]   --->   Operation 30 'br' <Predicate = (iState_load)> <Delay = 0.92>
ST_1 : Operation 31 [1/1] (2.39ns)   --->   "%tmp_4 = call i256 @_ssdm_op_Read.ap_fifo.volatile.i256P(i256* @requestParser2hashTa_1) nounwind"   --->   Operation 31 'read' 'tmp_4' <Predicate = (iState_load & tmp)> <Delay = 2.39> <Core = "FIFO">   --->   Core 32 'FIFO' <Latency = 0> <II = 1> <Delay = 2.39> <Storage> <Opcode : 'read' 'write' 'nbread' 'nbwrite'> <Ports = 0> <Width = 130> <Depth = 2> <FIFO>
ST_1 : Operation 32 [1/1] (0.00ns)   --->   "%tmp_357 = call i1 @_ssdm_op_BitSelect.i1.i256.i32(i256 %tmp_4, i32 126)" [sources/valueStore/../globals.h:104->sources/hashTable/hashTable.cpp:106]   --->   Operation 32 'bitselect' 'tmp_357' <Predicate = (iState_load & tmp)> <Delay = 0.00>
ST_1 : Operation 33 [1/1] (0.00ns)   --->   "%tmp_358 = call i1 @_ssdm_op_BitSelect.i1.i256.i32(i256 %tmp_4, i32 127)" [sources/valueStore/../globals.h:104->sources/hashTable/hashTable.cpp:106]   --->   Operation 33 'bitselect' 'tmp_358' <Predicate = (iState_load & tmp)> <Delay = 0.00>
ST_1 : Operation 34 [1/1] (0.00ns)   --->   "%tmp_V = call i64 @_ssdm_op_PartSelect.i64.i256.i32.i32(i256 %tmp_4, i32 128, i32 191) nounwind" [sources/valueStore/../globals.h:104->sources/hashTable/hashTable.cpp:106]   --->   Operation 34 'partselect' 'tmp_V' <Predicate = (iState_load & tmp)> <Delay = 0.00>
ST_1 : Operation 35 [1/1] (0.00ns)   --->   "%tmp_V_38 = call i64 @_ssdm_op_PartSelect.i64.i256.i32.i32(i256 %tmp_4, i32 192, i32 255) nounwind" [sources/valueStore/../globals.h:104->sources/hashTable/hashTable.cpp:106]   --->   Operation 35 'partselect' 'tmp_V_38' <Predicate = (iState_load & tmp)> <Delay = 0.00>
ST_1 : Operation 36 [1/1] (0.00ns)   --->   "br i1 %tmp_357, label %10, label %._crit_edge12.i" [sources/hashTable/hashTable.cpp:107]   --->   Operation 36 'br' <Predicate = (iState_load & tmp)> <Delay = 0.00>
ST_1 : Operation 37 [1/1] (0.00ns)   --->   "br i1 %tmp_358, label %18, label %._crit_edge15.i" [sources/hashTable/hashTable.cpp:143]   --->   Operation 37 'br' <Predicate = (iState_load & tmp)> <Delay = 0.00>
ST_1 : Operation 38 [1/1] (0.85ns)   --->   "store i1 false, i1* @iState, align 1" [sources/hashTable/hashTable.cpp:144]   --->   Operation 38 'store' <Predicate = (iState_load & tmp & tmp_358)> <Delay = 0.85>

State 2 <SV = 1> <Delay = 4.88>
ST_2 : Operation 39 [1/1] (0.00ns)   --->   "%wordCounter_V_1_load = load i2* @wordCounter_V_1, align 1" [sources/hashTable/hashTable.cpp:109]   --->   Operation 39 'load' 'wordCounter_V_1_load' <Predicate = true> <Delay = 0.00>
ST_2 : Operation 40 [1/1] (0.00ns)   --->   "%keyLength_V_load = load i8* @keyLength_V, align 1" [sources/hashTable/hashTable.cpp:118]   --->   Operation 40 'load' 'keyLength_V_load' <Predicate = true> <Delay = 0.00>
ST_2 : Operation 41 [1/1] (0.00ns)   --->   "%keyWordCounter_V_loa = load i2* @keyWordCounter_V, align 1" [sources/hashTable/hashTable.cpp:122]   --->   Operation 41 'load' 'keyWordCounter_V_loa' <Predicate = true> <Delay = 0.00>
ST_2 : Operation 42 [1/1] (0.92ns)   --->   "store i2 0, i2* @keyWordCounter_V, align 1" [sources/hashTable/hashTable.cpp:99]   --->   Operation 42 'store' <Predicate = (!iState_load & tmp & !tmp_360)> <Delay = 0.92>
ST_2 : Operation 43 [1/1] (0.00ns)   --->   "store i8 %tmp_operation_V_1, i8* @bufferWordMd_operati, align 4" [sources/hashTable/hashTable.cpp:58]   --->   Operation 43 'store' <Predicate = (!iState_load & tmp & tmp_360)> <Delay = 0.00>
ST_2 : Operation 44 [1/1] (0.00ns)   --->   "store i16 %tmp_valueLength_V_1, i16* @bufferWordMd_valueLe, align 2" [sources/hashTable/hashTable.cpp:59]   --->   Operation 44 'store' <Predicate = (!iState_load & tmp & tmp_360)> <Delay = 0.00>
ST_2 : Operation 45 [1/1] (0.92ns)   --->   "store i2 1, i2* @keyWordCounter_V, align 1" [sources/hashTable/hashTable.cpp:68]   --->   Operation 45 'store' <Predicate = (!iState_load & tmp & tmp_360)> <Delay = 0.92>
ST_2 : Operation 46 [1/1] (2.39ns)   --->   "call void @_ssdm_op_Write.ap_fifo.volatile.i8P(i8* @in2hashKeyLength_V_V, i8 %tmp_V_43) nounwind" [sources/hashTable/hashTable.cpp:73]   --->   Operation 46 'write' <Predicate = (!iState_load & tmp & tmp_360 & !tmp_163_i)> <Delay = 2.39> <Core = "FIFO">   --->   Core 32 'FIFO' <Latency = 0> <II = 1> <Delay = 2.39> <Storage> <Opcode : 'read' 'write' 'nbread' 'nbwrite'> <Ports = 0> <Width = 130> <Depth = 2> <FIFO>
ST_2 : Operation 47 [1/1] (1.35ns)   --->   "%tmp_173_i = add i8 %tmp_V_43, -8" [sources/hashTable/hashTable.cpp:84]   --->   Operation 47 'add' 'tmp_173_i' <Predicate = (!iState_load & tmp & tmp_360 & !tmp_163_i & !tmp_170_i)> <Delay = 1.35> <Core = "AddSub">   --->   Core 14 'AddSub' <Latency = 0> <II = 1> <Delay = 1.35> <FuncUnit> <Opcode : 'add' 'sub'> <InPorts = 2> <OutPorts = 1>
ST_2 : Operation 48 [1/1] (0.92ns)   --->   "br label %._crit_edge8.i"   --->   Operation 48 'br' <Predicate = (!iState_load & tmp & tmp_360 & !tmp_163_i & !tmp_170_i)> <Delay = 0.92>
ST_2 : Operation 49 [1/1] (0.00ns)   --->   "%tmp_403 = trunc i8 %tmp_V_43 to i4" [sources/hashTable/hashTable.cpp:73]   --->   Operation 49 'trunc' 'tmp_403' <Predicate = (!iState_load & tmp & tmp_360 & !tmp_163_i & tmp_170_i)> <Delay = 0.00>
ST_2 : Operation 50 [1/1] (0.00ns)   --->   "%tmp_172_i = call i7 @_ssdm_op_BitConcatenate.i7.i4.i3(i4 %tmp_403, i3 0)" [sources/hashTable/hashTable.cpp:75]   --->   Operation 50 'bitconcatenate' 'tmp_172_i' <Predicate = (!iState_load & tmp & tmp_360 & !tmp_163_i & tmp_170_i)> <Delay = 0.00>
ST_2 : Operation 51 [1/1] (1.27ns)   --->   "%Hi_assign = add i7 -1, %tmp_172_i" [sources/hashTable/hashTable.cpp:75]   --->   Operation 51 'add' 'Hi_assign' <Predicate = (!iState_load & tmp & tmp_360 & !tmp_163_i & tmp_170_i)> <Delay = 1.27> <Core = "AddSub">   --->   Core 14 'AddSub' <Latency = 0> <II = 1> <Delay = 1.35> <FuncUnit> <Opcode : 'add' 'sub'> <InPorts = 2> <OutPorts = 1>
ST_2 : Operation 52 [1/1] (0.00ns)   --->   "%tmp_408 = sext i7 %Hi_assign to i8" [sources/hashTable/hashTable.cpp:75]   --->   Operation 52 'sext' 'tmp_408' <Predicate = (!iState_load & tmp & tmp_360 & !tmp_163_i & tmp_170_i)> <Delay = 0.00>
ST_2 : Operation 53 [1/1] (1.35ns)   --->   "%tmp_409 = sub i8 127, %tmp_408" [sources/hashTable/hashTable.cpp:75]   --->   Operation 53 'sub' 'tmp_409' <Predicate = (!iState_load & tmp & tmp_360 & !tmp_163_i & tmp_170_i)> <Delay = 1.35> <Core = "AddSub">   --->   Core 14 'AddSub' <Latency = 0> <II = 1> <Delay = 1.35> <FuncUnit> <Opcode : 'add' 'sub'> <InPorts = 2> <OutPorts = 1>
ST_2 : Operation 54 [1/1] (0.00ns)   --->   "%keyLength_V_new_i = phi i8 [ %tmp_V_43, %_ifconv ], [ %tmp_173_i, %5 ], [ 0, %4 ]"   --->   Operation 54 'phi' 'keyLength_V_new_i' <Predicate = (!iState_load & tmp & tmp_360)> <Delay = 0.00>
ST_2 : Operation 55 [1/1] (2.39ns)   --->   "call void @_ssdm_op_Write.ap_fifo.volatile.i64P(i64* @hashValueBuffer_V_V, i64 %tmp_V_40) nounwind" [sources/hashTable/hashTable.cpp:88]   --->   Operation 55 'write' <Predicate = (!iState_load & tmp & tmp_360 & tmp_361)> <Delay = 2.39> <Core = "FIFO">   --->   Core 32 'FIFO' <Latency = 0> <II = 1> <Delay = 2.39> <Storage> <Opcode : 'read' 'write' 'nbread' 'nbwrite'> <Ports = 0> <Width = 130> <Depth = 2> <FIFO>
ST_2 : Operation 56 [1/1] (0.85ns)   --->   "br label %mergeST.i" [sources/hashTable/hashTable.cpp:97]   --->   Operation 56 'br' <Predicate = (!iState_load & tmp & tmp_360)> <Delay = 0.85>
ST_2 : Operation 57 [1/1] (0.00ns)   --->   "%wordCounter_V_1_new_2 = phi i1 [ true, %._crit_edge10.i ], [ false, %7 ]"   --->   Operation 57 'phi' 'wordCounter_V_1_new_2' <Predicate = (!iState_load & tmp)> <Delay = 0.00>
ST_2 : Operation 58 [1/1] (0.00ns)   --->   "%keyLength_V_new_1_i = phi i8 [ %keyLength_V_new_i, %._crit_edge10.i ], [ undef, %7 ]" [sources/hashTable/hashTable.cpp:73]   --->   Operation 58 'phi' 'keyLength_V_new_1_i' <Predicate = (!iState_load & tmp)> <Delay = 0.00>
ST_2 : Operation 59 [1/1] (0.00ns)   --->   "%wordCounter_V_1_new_3 = zext i1 %wordCounter_V_1_new_2 to i2" [sources/hashTable/hashTable.cpp:53]   --->   Operation 59 'zext' 'wordCounter_V_1_new_3' <Predicate = (!iState_load & tmp)> <Delay = 0.00>
ST_2 : Operation 60 [1/1] (0.92ns)   --->   "br label %._crit_edge6.i" [sources/hashTable/hashTable.cpp:100]   --->   Operation 60 'br' <Predicate = (!iState_load & tmp)> <Delay = 0.92>
ST_2 : Operation 61 [1/1] (2.39ns)   --->   "call void @_ssdm_op_Write.ap_fifo.volatile.i64P(i64* @hashValueBuffer_V_V, i64 %tmp_V) nounwind" [sources/hashTable/hashTable.cpp:108]   --->   Operation 61 'write' <Predicate = (iState_load & tmp & tmp_357)> <Delay = 2.39> <Core = "FIFO">   --->   Core 32 'FIFO' <Latency = 0> <II = 1> <Delay = 2.39> <Storage> <Opcode : 'read' 'write' 'nbread' 'nbwrite'> <Ports = 0> <Width = 130> <Depth = 2> <FIFO>
ST_2 : Operation 62 [1/1] (0.00ns)   --->   "%tmp_362 = call i1 @_ssdm_op_BitSelect.i1.i2.i32(i2 %wordCounter_V_1_load, i32 1)" [sources/hashTable/hashTable.cpp:109]   --->   Operation 62 'bitselect' 'tmp_362' <Predicate = (iState_load & tmp)> <Delay = 0.00>
ST_2 : Operation 63 [1/1] (0.85ns)   --->   "br i1 %tmp_362, label %._crit_edge13.i, label %11" [sources/hashTable/hashTable.cpp:109]   --->   Operation 63 'br' <Predicate = (iState_load & tmp)> <Delay = 0.85>
ST_2 : Operation 64 [1/1] (0.00ns)   --->   "%p_Result_35 = trunc i256 %tmp_4 to i128" [sources/hashTable/hashTable.cpp:114]   --->   Operation 64 'trunc' 'p_Result_35' <Predicate = (iState_load & tmp & !tmp_362)> <Delay = 0.00>
ST_2 : Operation 65 [1/1] (0.85ns)   --->   "%tmp_159_i = add i2 1, %wordCounter_V_1_load" [sources/hashTable/hashTable.cpp:116]   --->   Operation 65 'add' 'tmp_159_i' <Predicate = (iState_load & tmp & !tmp_362)> <Delay = 0.85> <Core = "AddSub">   --->   Core 14 'AddSub' <Latency = 0> <II = 1> <Delay = 1.35> <FuncUnit> <Opcode : 'add' 'sub'> <InPorts = 2> <OutPorts = 1>
ST_2 : Operation 66 [1/1] (0.85ns)   --->   "br label %._crit_edge13.i" [sources/hashTable/hashTable.cpp:117]   --->   Operation 66 'br' <Predicate = (iState_load & tmp & !tmp_362)> <Delay = 0.85>
ST_2 : Operation 67 [1/1] (0.00ns)   --->   "%wordCounter_V_1_flag = phi i1 [ true, %11 ], [ false, %._crit_edge12.i ]"   --->   Operation 67 'phi' 'wordCounter_V_1_flag' <Predicate = (iState_load & tmp)> <Delay = 0.00>
ST_2 : Operation 68 [1/1] (0.00ns)   --->   "%wordCounter_V_1_new_s = phi i2 [ %tmp_159_i, %11 ], [ undef, %._crit_edge12.i ]" [sources/hashTable/hashTable.cpp:116]   --->   Operation 68 'phi' 'wordCounter_V_1_new_s' <Predicate = (iState_load & tmp)> <Delay = 0.00>
ST_2 : Operation 69 [1/1] (0.86ns)   --->   "%tmp_160_i = icmp eq i8 %keyLength_V_load, 0" [sources/hashTable/hashTable.cpp:118]   --->   Operation 69 'icmp' 'tmp_160_i' <Predicate = (iState_load & tmp)> <Delay = 0.86> <Core = "Cmp">   --->   Core 25 'Cmp' <Latency = 0> <II = 1> <Delay = 0.90> <FuncUnit> <Opcode : 'icmp'> <InPorts = 2> <OutPorts = 1>
ST_2 : Operation 70 [1/1] (0.85ns)   --->   "br i1 %tmp_160_i, label %._crit_edge14.i, label %12" [sources/hashTable/hashTable.cpp:118]   --->   Operation 70 'br' <Predicate = (iState_load & tmp)> <Delay = 0.85>
ST_2 : Operation 71 [1/1] (0.86ns)   --->   "%tmp_161_i = icmp ult i8 %keyLength_V_load, 9" [sources/hashTable/hashTable.cpp:121]   --->   Operation 71 'icmp' 'tmp_161_i' <Predicate = (iState_load & tmp & !tmp_160_i)> <Delay = 0.86> <Core = "Cmp">   --->   Core 25 'Cmp' <Latency = 0> <II = 1> <Delay = 0.90> <FuncUnit> <Opcode : 'icmp'> <InPorts = 2> <OutPorts = 1>
ST_2 : Operation 72 [1/1] (0.00ns)   --->   "%Lo_assign = call i8 @_ssdm_op_BitConcatenate.i8.i2.i6(i2 %keyWordCounter_V_loa, i6 0)" [sources/hashTable/hashTable.cpp:122]   --->   Operation 72 'bitconcatenate' 'Lo_assign' <Predicate = (iState_load & tmp & !tmp_160_i)> <Delay = 0.00>
ST_2 : Operation 73 [1/1] (0.00ns)   --->   "%Lo_assign_cast312_i = zext i8 %Lo_assign to i9" [sources/hashTable/hashTable.cpp:122]   --->   Operation 73 'zext' 'Lo_assign_cast312_i' <Predicate = (iState_load & tmp & !tmp_160_i)> <Delay = 0.00>
ST_2 : Operation 74 [1/1] (0.00ns)   --->   "%Lo_assign_cast_i = zext i8 %Lo_assign to i32" [sources/hashTable/hashTable.cpp:122]   --->   Operation 74 'zext' 'Lo_assign_cast_i' <Predicate = (iState_load & tmp & !tmp_160_i)> <Delay = 0.00>
ST_2 : Operation 75 [1/1] (0.00ns)   --->   "br i1 %tmp_161_i, label %13, label %14" [sources/hashTable/hashTable.cpp:121]   --->   Operation 75 'br' <Predicate = (iState_load & tmp & !tmp_160_i)> <Delay = 0.00>
ST_2 : Operation 76 [1/1] (0.00ns)   --->   "%Hi_assign_1 = or i8 %Lo_assign, 63" [sources/hashTable/hashTable.cpp:130]   --->   Operation 76 'or' 'Hi_assign_1' <Predicate = (iState_load & tmp & !tmp_160_i & !tmp_161_i)> <Delay = 0.00>
ST_2 : Operation 77 [1/1] (0.86ns)   --->   "%tmp_385 = icmp ugt i8 %Lo_assign, %Hi_assign_1" [sources/hashTable/hashTable.cpp:122]   --->   Operation 77 'icmp' 'tmp_385' <Predicate = (iState_load & tmp & !tmp_160_i & !tmp_161_i)> <Delay = 0.86> <Core = "Cmp">   --->   Core 25 'Cmp' <Latency = 0> <II = 1> <Delay = 0.90> <FuncUnit> <Opcode : 'icmp'> <InPorts = 2> <OutPorts = 1>
ST_2 : Operation 78 [1/1] (1.35ns)   --->   "%tmp_386 = sub i8 127, %Lo_assign" [sources/hashTable/hashTable.cpp:130]   --->   Operation 78 'sub' 'tmp_386' <Predicate = (iState_load & tmp & !tmp_160_i & !tmp_161_i)> <Delay = 1.35> <Core = "AddSub">   --->   Core 14 'AddSub' <Latency = 0> <II = 1> <Delay = 1.35> <FuncUnit> <Opcode : 'add' 'sub'> <InPorts = 2> <OutPorts = 1>
ST_2 : Operation 79 [1/1] (0.00ns) (grouped into LUT with out node tmp_390)   --->   "%tmp_387 = select i1 %tmp_385, i8 %Lo_assign, i8 %Hi_assign_1" [sources/hashTable/hashTable.cpp:122]   --->   Operation 79 'select' 'tmp_387' <Predicate = (iState_load & tmp & !tmp_160_i & !tmp_161_i)> <Delay = 0.00> <Core = "Sel">   --->   Core 26 'Sel' <Latency = 0> <II = 1> <Delay = 0.67> <FuncUnit> <Opcode : 'select'> <InPorts = 3> <OutPorts = 1>
ST_2 : Operation 80 [1/1] (1.35ns) (out node of the LUT)   --->   "%tmp_390 = sub i8 127, %tmp_387" [sources/hashTable/hashTable.cpp:130]   --->   Operation 80 'sub' 'tmp_390' <Predicate = (iState_load & tmp & !tmp_160_i & !tmp_161_i)> <Delay = 1.35> <Core = "AddSub">   --->   Core 14 'AddSub' <Latency = 0> <II = 1> <Delay = 1.35> <FuncUnit> <Opcode : 'add' 'sub'> <InPorts = 2> <OutPorts = 1>
ST_2 : Operation 81 [1/1] (0.48ns)   --->   "%tmp_167_i = icmp eq i2 %keyWordCounter_V_loa, 1" [sources/hashTable/hashTable.cpp:131]   --->   Operation 81 'icmp' 'tmp_167_i' <Predicate = (iState_load & tmp & !tmp_160_i & !tmp_161_i)> <Delay = 0.48> <Core = "Cmp">   --->   Core 25 'Cmp' <Latency = 0> <II = 1> <Delay = 0.90> <FuncUnit> <Opcode : 'icmp'> <InPorts = 2> <OutPorts = 1>
ST_2 : Operation 82 [1/1] (0.00ns)   --->   "br i1 %tmp_167_i, label %15, label %16" [sources/hashTable/hashTable.cpp:131]   --->   Operation 82 'br' <Predicate = (iState_load & tmp & !tmp_160_i & !tmp_161_i)> <Delay = 0.00>
ST_2 : Operation 83 [1/1] (0.85ns)   --->   "%tmp_168_i = add i2 %keyWordCounter_V_loa, 1" [sources/hashTable/hashTable.cpp:139]   --->   Operation 83 'add' 'tmp_168_i' <Predicate = (iState_load & tmp & !tmp_160_i & !tmp_161_i & !tmp_167_i)> <Delay = 0.85> <Core = "AddSub">   --->   Core 14 'AddSub' <Latency = 0> <II = 1> <Delay = 1.35> <FuncUnit> <Opcode : 'add' 'sub'> <InPorts = 2> <OutPorts = 1>
ST_2 : Operation 84 [1/1] (0.85ns)   --->   "br label %17"   --->   Operation 84 'br' <Predicate = (iState_load & tmp & !tmp_160_i & !tmp_161_i & !tmp_167_i)> <Delay = 0.85>
ST_2 : Operation 85 [1/1] (0.85ns)   --->   "br label %17" [sources/hashTable/hashTable.cpp:137]   --->   Operation 85 'br' <Predicate = (iState_load & tmp & !tmp_160_i & !tmp_161_i & tmp_167_i)> <Delay = 0.85>
ST_2 : Operation 86 [1/1] (0.00ns)   --->   "%storemerge_i = phi i2 [ %tmp_168_i, %16 ], [ 0, %15 ]" [sources/hashTable/hashTable.cpp:139]   --->   Operation 86 'phi' 'storemerge_i' <Predicate = (iState_load & tmp & !tmp_160_i & !tmp_161_i)> <Delay = 0.00>
ST_2 : Operation 87 [1/1] (0.92ns)   --->   "store i2 %storemerge_i, i2* @keyWordCounter_V, align 1" [sources/hashTable/hashTable.cpp:136]   --->   Operation 87 'store' <Predicate = (iState_load & tmp & !tmp_160_i & !tmp_161_i)> <Delay = 0.92>
ST_2 : Operation 88 [1/1] (1.35ns)   --->   "%tmp_169_i = add i8 %keyLength_V_load, -8" [sources/hashTable/hashTable.cpp:140]   --->   Operation 88 'add' 'tmp_169_i' <Predicate = (iState_load & tmp & !tmp_160_i & !tmp_161_i)> <Delay = 1.35> <Core = "AddSub">   --->   Core 14 'AddSub' <Latency = 0> <II = 1> <Delay = 1.35> <FuncUnit> <Opcode : 'add' 'sub'> <InPorts = 2> <OutPorts = 1>
ST_2 : Operation 89 [1/1] (0.85ns)   --->   "br label %._crit_edge14.i"   --->   Operation 89 'br' <Predicate = (iState_load & tmp & !tmp_160_i & !tmp_161_i)> <Delay = 0.85>
ST_2 : Operation 90 [1/1] (0.00ns)   --->   "%tmp_365 = trunc i8 %keyLength_V_load to i4" [sources/hashTable/hashTable.cpp:118]   --->   Operation 90 'trunc' 'tmp_365' <Predicate = (iState_load & tmp & !tmp_160_i & tmp_161_i)> <Delay = 0.00>
ST_2 : Operation 91 [1/1] (0.00ns)   --->   "%tmp_165_i = call i7 @_ssdm_op_BitConcatenate.i7.i4.i3(i4 %tmp_365, i3 0)" [sources/hashTable/hashTable.cpp:122]   --->   Operation 91 'bitconcatenate' 'tmp_165_i' <Predicate = (iState_load & tmp & !tmp_160_i & tmp_161_i)> <Delay = 0.00>
ST_2 : Operation 92 [1/1] (1.27ns)   --->   "%tmp_166_i = add i7 -1, %tmp_165_i" [sources/hashTable/hashTable.cpp:122]   --->   Operation 92 'add' 'tmp_166_i' <Predicate = (iState_load & tmp & !tmp_160_i & tmp_161_i)> <Delay = 1.27> <Core = "AddSub">   --->   Core 14 'AddSub' <Latency = 0> <II = 1> <Delay = 1.35> <FuncUnit> <Opcode : 'add' 'sub'> <InPorts = 2> <OutPorts = 1>
ST_2 : Operation 93 [1/1] (0.00ns)   --->   "%tmp_166_cast_i = sext i7 %tmp_166_i to i9" [sources/hashTable/hashTable.cpp:122]   --->   Operation 93 'sext' 'tmp_166_cast_i' <Predicate = (iState_load & tmp & !tmp_160_i & tmp_161_i)> <Delay = 0.00>
ST_2 : Operation 94 [1/1] (1.35ns)   --->   "%Hi_assign_s = add i9 %tmp_166_cast_i, %Lo_assign_cast312_i" [sources/hashTable/hashTable.cpp:122]   --->   Operation 94 'add' 'Hi_assign_s' <Predicate = (iState_load & tmp & !tmp_160_i & tmp_161_i)> <Delay = 1.35> <Core = "AddSub">   --->   Core 14 'AddSub' <Latency = 0> <II = 1> <Delay = 1.35> <FuncUnit> <Opcode : 'add' 'sub'> <InPorts = 2> <OutPorts = 1>
ST_2 : Operation 95 [1/1] (0.00ns)   --->   "%Hi_assign_16_cast_i = sext i9 %Hi_assign_s to i32" [sources/hashTable/hashTable.cpp:122]   --->   Operation 95 'sext' 'Hi_assign_16_cast_i' <Predicate = (iState_load & tmp & !tmp_160_i & tmp_161_i)> <Delay = 0.00>
ST_2 : Operation 96 [1/1] (0.90ns)   --->   "%tmp_366 = icmp ugt i32 %Lo_assign_cast_i, %Hi_assign_16_cast_i" [sources/hashTable/hashTable.cpp:122]   --->   Operation 96 'icmp' 'tmp_366' <Predicate = (iState_load & tmp & !tmp_160_i & tmp_161_i)> <Delay = 0.90> <Core = "Cmp">   --->   Core 25 'Cmp' <Latency = 0> <II = 1> <Delay = 0.90> <FuncUnit> <Opcode : 'icmp'> <InPorts = 2> <OutPorts = 1>
ST_2 : Operation 97 [1/1] (0.00ns)   --->   "%tmp_367 = trunc i9 %Hi_assign_s to i8" [sources/hashTable/hashTable.cpp:122]   --->   Operation 97 'trunc' 'tmp_367' <Predicate = (iState_load & tmp & !tmp_160_i & tmp_161_i)> <Delay = 0.00>
ST_2 : Operation 98 [1/1] (1.35ns)   --->   "%tmp_368 = sub i8 127, %Lo_assign" [sources/hashTable/hashTable.cpp:122]   --->   Operation 98 'sub' 'tmp_368' <Predicate = (iState_load & tmp & !tmp_160_i & tmp_161_i)> <Delay = 1.35> <Core = "AddSub">   --->   Core 14 'AddSub' <Latency = 0> <II = 1> <Delay = 1.35> <FuncUnit> <Opcode : 'add' 'sub'> <InPorts = 2> <OutPorts = 1>
ST_2 : Operation 99 [1/1] (0.00ns) (grouped into LUT with out node tmp_372)   --->   "%tmp_369 = select i1 %tmp_366, i8 %Lo_assign, i8 %tmp_367" [sources/hashTable/hashTable.cpp:122]   --->   Operation 99 'select' 'tmp_369' <Predicate = (iState_load & tmp & !tmp_160_i & tmp_161_i)> <Delay = 0.00> <Core = "Sel">   --->   Core 26 'Sel' <Latency = 0> <II = 1> <Delay = 0.67> <FuncUnit> <Opcode : 'select'> <InPorts = 3> <OutPorts = 1>
ST_2 : Operation 100 [1/1] (1.35ns) (out node of the LUT)   --->   "%tmp_372 = sub i8 127, %tmp_369" [sources/hashTable/hashTable.cpp:122]   --->   Operation 100 'sub' 'tmp_372' <Predicate = (iState_load & tmp & !tmp_160_i & tmp_161_i)> <Delay = 1.35> <Core = "AddSub">   --->   Core 14 'AddSub' <Latency = 0> <II = 1> <Delay = 1.35> <FuncUnit> <Opcode : 'add' 'sub'> <InPorts = 2> <OutPorts = 1>
ST_2 : Operation 101 [1/1] (0.85ns)   --->   "br label %._crit_edge14.i" [sources/hashTable/hashTable.cpp:128]   --->   Operation 101 'br' <Predicate = (iState_load & tmp & !tmp_160_i & tmp_161_i)> <Delay = 0.85>
ST_2 : Operation 102 [1/1] (0.00ns)   --->   "%keyLength_V_flag_4_i = phi i1 [ false, %._crit_edge13.i ], [ true, %17 ], [ true, %13 ]"   --->   Operation 102 'phi' 'keyLength_V_flag_4_i' <Predicate = (iState_load & tmp)> <Delay = 0.00>
ST_2 : Operation 103 [1/1] (0.00ns)   --->   "%keyLength_V_new_4_i = phi i8 [ undef, %._crit_edge13.i ], [ %tmp_169_i, %17 ], [ 0, %13 ]" [sources/hashTable/hashTable.cpp:140]   --->   Operation 103 'phi' 'keyLength_V_new_4_i' <Predicate = (iState_load & tmp)> <Delay = 0.00>
ST_2 : Operation 104 [1/1] (0.92ns)   --->   "br label %._crit_edge6.i" [sources/hashTable/hashTable.cpp:145]   --->   Operation 104 'br' <Predicate = (iState_load & tmp)> <Delay = 0.92>
ST_2 : Operation 105 [1/1] (0.00ns)   --->   "%wordCounter_V_1_flag_1 = phi i1 [ true, %mergeST.i ], [ false, %0 ], [ %wordCounter_V_1_flag, %._crit_edge15.i ], [ false, %8 ]"   --->   Operation 105 'phi' 'wordCounter_V_1_flag_1' <Predicate = true> <Delay = 0.00>
ST_2 : Operation 106 [1/1] (0.00ns)   --->   "%wordCounter_V_1_new_1 = phi i2 [ %wordCounter_V_1_new_3, %mergeST.i ], [ undef, %0 ], [ %wordCounter_V_1_new_s, %._crit_edge15.i ], [ undef, %8 ]" [sources/hashTable/hashTable.cpp:53]   --->   Operation 106 'phi' 'wordCounter_V_1_new_1' <Predicate = true> <Delay = 0.00>
ST_2 : Operation 107 [1/1] (0.00ns)   --->   "%keyLength_V_flag_6_i = phi i1 [ %wordCounter_V_1_new_2, %mergeST.i ], [ false, %0 ], [ %keyLength_V_flag_4_i, %._crit_edge15.i ], [ false, %8 ]"   --->   Operation 107 'phi' 'keyLength_V_flag_6_i' <Predicate = true> <Delay = 0.00>
ST_2 : Operation 108 [1/1] (0.00ns)   --->   "%keyLength_V_new_6_i = phi i8 [ %keyLength_V_new_1_i, %mergeST.i ], [ undef, %0 ], [ %keyLength_V_new_4_i, %._crit_edge15.i ], [ undef, %8 ]" [sources/hashTable/hashTable.cpp:73]   --->   Operation 108 'phi' 'keyLength_V_new_6_i' <Predicate = true> <Delay = 0.00>
ST_2 : Operation 109 [1/1] (0.00ns)   --->   "br i1 %keyLength_V_flag_6_i, label %mergeST310.i, label %._crit_edge6.new311.i"   --->   Operation 109 'br' <Predicate = true> <Delay = 0.00>
ST_2 : Operation 110 [1/1] (0.00ns)   --->   "store i8 %keyLength_V_new_6_i, i8* @keyLength_V, align 1" [sources/hashTable/hashTable.cpp:62]   --->   Operation 110 'store' <Predicate = (keyLength_V_flag_6_i)> <Delay = 0.00>
ST_2 : Operation 111 [1/1] (0.00ns)   --->   "br i1 %wordCounter_V_1_flag_1, label %mergeST309.i, label %ht_inputLogic.exit"   --->   Operation 111 'br' <Predicate = true> <Delay = 0.00>
ST_2 : Operation 112 [1/1] (0.00ns)   --->   "store i2 %wordCounter_V_1_new_1, i2* @wordCounter_V_1, align 1" [sources/hashTable/hashTable.cpp:54]   --->   Operation 112 'store' <Predicate = (wordCounter_V_1_flag_1)> <Delay = 0.00>

State 3 <SV = 2> <Delay = 5.60>
ST_3 : Operation 113 [1/1] (0.00ns)   --->   "call void (...)* @_ssdm_op_SpecInterface(i64* @hashKeyBuffer_V_V, [8 x i8]* @ap_fifo_str, i32 0, i32 0, [1 x i8]* @p_str1119, i32 0, i32 0, [1 x i8]* @p_str1120, [1 x i8]* @p_str1121, [1 x i8]* @p_str1122, i32 2, i32 2, i32 16, i32 16, [1 x i8]* @p_str1123, [1 x i8]* @p_str1124)"   --->   Operation 113 'specinterface' <Predicate = true> <Delay = 0.00>
ST_3 : Operation 114 [1/1] (0.00ns)   --->   "call void (...)* @_ssdm_op_SpecInterface(i128* @hashMdBuffer_V_V, [8 x i8]* @ap_fifo_str, i32 0, i32 0, [1 x i8]* @p_str1112, i32 0, i32 0, [1 x i8]* @p_str1113, [1 x i8]* @p_str1114, [1 x i8]* @p_str1115, i32 2, i32 2, i32 16, i32 16, [1 x i8]* @p_str1116, [1 x i8]* @p_str1117)"   --->   Operation 114 'specinterface' <Predicate = true> <Delay = 0.00>
ST_3 : Operation 115 [1/1] (0.00ns)   --->   "call void (...)* @_ssdm_op_SpecInterface(i64* @hashValueBuffer_V_V, [8 x i8]* @ap_fifo_str, i32 0, i32 0, [1 x i8]* @p_str1098, i32 0, i32 0, [1 x i8]* @p_str1099, [1 x i8]* @p_str1100, [1 x i8]* @p_str1101, i32 2, i32 2, i32 16, i32 16, [1 x i8]* @p_str1102, [1 x i8]* @p_str1103)"   --->   Operation 115 'specinterface' <Predicate = true> <Delay = 0.00>
ST_3 : Operation 116 [1/1] (0.00ns)   --->   "call void (...)* @_ssdm_op_SpecInterface(i130* @in2cc_V, [8 x i8]* @ap_fifo_str, i32 0, i32 0, [1 x i8]* @p_str1091, i32 0, i32 0, [1 x i8]* @p_str1092, [1 x i8]* @p_str1093, [1 x i8]* @p_str1094, i32 2, i32 2, i32 16, i32 16, [1 x i8]* @p_str1095, [1 x i8]* @p_str1096)"   --->   Operation 116 'specinterface' <Predicate = true> <Delay = 0.00>
ST_3 : Operation 117 [1/1] (0.00ns)   --->   "call void (...)* @_ssdm_op_SpecInterface(i64* @in2ccMd_V, [8 x i8]* @ap_fifo_str, i32 0, i32 0, [1 x i8]* @p_str1084, i32 0, i32 0, [1 x i8]* @p_str1085, [1 x i8]* @p_str1086, [1 x i8]* @p_str1087, i32 2, i32 2, i32 16, i32 16, [1 x i8]* @p_str1088, [1 x i8]* @p_str1089)"   --->   Operation 117 'specinterface' <Predicate = true> <Delay = 0.00>
ST_3 : Operation 118 [1/1] (0.00ns)   --->   "call void (...)* @_ssdm_op_SpecInterface(i130* @in2hash_V, [8 x i8]* @ap_fifo_str, i32 0, i32 0, [1 x i8]* @p_str1077, i32 0, i32 0, [1 x i8]* @p_str1078, [1 x i8]* @p_str1079, [1 x i8]* @p_str1080, i32 2, i32 2, i32 16, i32 16, [1 x i8]* @p_str1081, [1 x i8]* @p_str1082)"   --->   Operation 118 'specinterface' <Predicate = true> <Delay = 0.00>
ST_3 : Operation 119 [1/1] (0.00ns)   --->   "call void (...)* @_ssdm_op_SpecInterface(i8* @in2hashKeyLength_V_V, [8 x i8]* @ap_fifo_str, i32 0, i32 0, [1 x i8]* @p_str1070, i32 0, i32 0, [1 x i8]* @p_str1071, [1 x i8]* @p_str1072, [1 x i8]* @p_str1073, i32 2, i32 2, i32 16, i32 16, [1 x i8]* @p_str1074, [1 x i8]* @p_str1075)"   --->   Operation 119 'specinterface' <Predicate = true> <Delay = 0.00>
ST_3 : Operation 120 [1/1] (0.00ns)   --->   "call void (...)* @_ssdm_op_SpecInterface(i256* @requestParser2hashTa_1, [8 x i8]* @ap_fifo_str, i32 0, i32 0, [1 x i8]* @p_str1007, i32 0, i32 0, [1 x i8]* @p_str1008, [1 x i8]* @p_str1009, [1 x i8]* @p_str1010, i32 2, i32 2, i32 16, i32 16, [1 x i8]* @p_str1011, [1 x i8]* @p_str1012)"   --->   Operation 120 'specinterface' <Predicate = true> <Delay = 0.00>
ST_3 : Operation 121 [1/1] (0.00ns)   --->   "call void (...)* @_ssdm_op_SpecInterface(i32 0, [13 x i8]* @p_str50, i32 0, i32 0, [1 x i8]* @p_str151, i32 0, i32 0, [1 x i8]* @p_str151, [1 x i8]* @p_str151, [1 x i8]* @p_str151, i32 0, i32 0, i32 0, i32 0, [1 x i8]* @p_str151, [1 x i8]* @p_str151) nounwind" [sources/hashTable/hashTable.cpp:33]   --->   Operation 121 'specinterface' <Predicate = true> <Delay = 0.00>
ST_3 : Operation 122 [1/1] (0.00ns)   --->   "call void (...)* @_ssdm_op_SpecPipeline(i32 1, i32 2, i32 1, i32 0, [1 x i8]* @p_str151) nounwind" [sources/hashTable/hashTable.cpp:36]   --->   Operation 122 'specpipeline' <Predicate = true> <Delay = 0.00>
ST_3 : Operation 123 [1/1] (0.00ns)   --->   "%tmp_keyLength_V = load i8* @bufferWordMd_keyLeng, align 1" [sources/hashTable/hashTable.cpp:126]   --->   Operation 123 'load' 'tmp_keyLength_V' <Predicate = true> <Delay = 0.00>
ST_3 : Operation 124 [1/1] (0.00ns)   --->   "%p_Val2_21 = load i128* @bufferWord_data_V, align 8" [sources/hashTable/hashTable.cpp:75]   --->   Operation 124 'load' 'p_Val2_21' <Predicate = true> <Delay = 0.00>
ST_3 : Operation 125 [1/1] (2.39ns)   --->   "call void @_ssdm_op_Write.ap_fifo.volatile.i64P(i64* @hashKeyBuffer_V_V, i64 %tmp_V_42) nounwind" [sources/hashTable/hashTable.cpp:71]   --->   Operation 125 'write' <Predicate = (!iState_load & tmp & tmp_360 & !tmp_163_i & !tmp_i)> <Delay = 2.39> <Core = "FIFO">   --->   Core 32 'FIFO' <Latency = 0> <II = 1> <Delay = 2.39> <Storage> <Opcode : 'read' 'write' 'nbread' 'nbwrite'> <Ports = 0> <Width = 130> <Depth = 2> <FIFO>
ST_3 : Operation 126 [1/1] (0.00ns)   --->   "br label %._crit_edge9.i" [sources/hashTable/hashTable.cpp:71]   --->   Operation 126 'br' <Predicate = (!iState_load & tmp & tmp_360 & !tmp_163_i & !tmp_i)> <Delay = 0.00>
ST_3 : Operation 127 [1/1] (0.00ns)   --->   "%p_Result_s = call i128 @llvm.part.set.i128.i64(i128 %p_Val2_21, i64 %tmp_V_42, i32 0, i32 63) nounwind" [sources/hashTable/hashTable.cpp:83]   --->   Operation 127 'partset' 'p_Result_s' <Predicate = (!iState_load & tmp & tmp_360 & !tmp_163_i & !tmp_170_i)> <Delay = 0.00>
ST_3 : Operation 128 [1/1] (1.00ns)   --->   "store i128 %p_Result_s, i128* @bufferWord_data_V, align 16" [sources/hashTable/hashTable.cpp:83]   --->   Operation 128 'store' <Predicate = (!iState_load & tmp & tmp_360 & !tmp_163_i & !tmp_170_i)> <Delay = 1.00>
ST_3 : Operation 129 [1/1] (1.27ns)   --->   "%tmp_404 = sub i7 -64, %tmp_172_i" [sources/hashTable/hashTable.cpp:75]   --->   Operation 129 'sub' 'tmp_404' <Predicate = (!iState_load & tmp & tmp_360 & !tmp_163_i & tmp_170_i)> <Delay = 1.27> <Core = "AddSub">   --->   Core 14 'AddSub' <Latency = 0> <II = 1> <Delay = 1.35> <FuncUnit> <Opcode : 'add' 'sub'> <InPorts = 2> <OutPorts = 1>
ST_3 : Operation 130 [1/1] (0.00ns) (grouped into LUT with out node p_Result_33)   --->   "%tmp_405 = zext i7 %tmp_404 to i64" [sources/hashTable/hashTable.cpp:75]   --->   Operation 130 'zext' 'tmp_405' <Predicate = (!iState_load & tmp & tmp_360 & !tmp_163_i & tmp_170_i)> <Delay = 0.00>
ST_3 : Operation 131 [1/1] (0.00ns) (grouped into LUT with out node p_Result_33)   --->   "%tmp_406 = lshr i64 -1, %tmp_405" [sources/hashTable/hashTable.cpp:75]   --->   Operation 131 'lshr' 'tmp_406' <Predicate = (!iState_load & tmp & tmp_360 & !tmp_163_i & tmp_170_i)> <Delay = 0.00> <Core = "Shift">   --->   Core 28 'Shift' <Latency = 0> <II = 1> <Delay = 1.62> <FuncUnit> <Opcode : 'shl' 'lshr' 'ashr'> <InPorts = 2> <OutPorts = 1>
ST_3 : Operation 132 [1/1] (0.00ns) (grouped into LUT with out node p_Result_33)   --->   "%p_Result_32 = and i64 %tmp_V_42, %tmp_406" [sources/hashTable/hashTable.cpp:75]   --->   Operation 132 'and' 'p_Result_32' <Predicate = (!iState_load & tmp & tmp_360 & !tmp_163_i & tmp_170_i)> <Delay = 0.00> <Core = "LogicGate">   --->   Core 27 'LogicGate' <Latency = 0> <II = 1> <Delay = 0.54> <FuncUnit> <Opcode : 'and' 'or' 'xor'> <InPorts = 2> <OutPorts = 1>
ST_3 : Operation 133 [1/1] (0.00ns) (grouped into LUT with out node p_Result_33)   --->   "%loc_V = zext i64 %p_Result_32 to i128" [sources/hashTable/hashTable.cpp:75]   --->   Operation 133 'zext' 'loc_V' <Predicate = (!iState_load & tmp & tmp_360 & !tmp_163_i & tmp_170_i)> <Delay = 0.00>
ST_3 : Operation 134 [1/1] (0.00ns)   --->   "%tmp_410 = zext i8 %tmp_409 to i128" [sources/hashTable/hashTable.cpp:75]   --->   Operation 134 'zext' 'tmp_410' <Predicate = (!iState_load & tmp & tmp_360 & !tmp_163_i & tmp_170_i)> <Delay = 0.00>
ST_3 : Operation 135 [1/1] (1.62ns)   --->   "%tmp_411 = lshr i128 -1, %tmp_410" [sources/hashTable/hashTable.cpp:75]   --->   Operation 135 'lshr' 'tmp_411' <Predicate = (!iState_load & tmp & tmp_360 & !tmp_163_i & tmp_170_i)> <Delay = 1.62> <Core = "Shift">   --->   Core 28 'Shift' <Latency = 0> <II = 1> <Delay = 1.62> <FuncUnit> <Opcode : 'shl' 'lshr' 'ashr'> <InPorts = 2> <OutPorts = 1>
ST_3 : Operation 136 [1/1] (0.00ns) (grouped into LUT with out node p_Result_33)   --->   "%tmp_412 = xor i128 %tmp_411, -1" [sources/hashTable/hashTable.cpp:75]   --->   Operation 136 'xor' 'tmp_412' <Predicate = (!iState_load & tmp & tmp_360 & !tmp_163_i & tmp_170_i)> <Delay = 0.00> <Core = "LogicGate">   --->   Core 27 'LogicGate' <Latency = 0> <II = 1> <Delay = 0.54> <FuncUnit> <Opcode : 'and' 'or' 'xor'> <InPorts = 2> <OutPorts = 1>
ST_3 : Operation 137 [1/1] (0.00ns) (grouped into LUT with out node p_Result_33)   --->   "%tmp_413 = and i128 %p_Val2_21, %tmp_412" [sources/hashTable/hashTable.cpp:75]   --->   Operation 137 'and' 'tmp_413' <Predicate = (!iState_load & tmp & tmp_360 & !tmp_163_i & tmp_170_i)> <Delay = 0.00> <Core = "LogicGate">   --->   Core 27 'LogicGate' <Latency = 0> <II = 1> <Delay = 0.54> <FuncUnit> <Opcode : 'and' 'or' 'xor'> <InPorts = 2> <OutPorts = 1>
ST_3 : Operation 138 [1/1] (0.00ns) (grouped into LUT with out node p_Result_33)   --->   "%tmp_414 = and i128 %loc_V, %tmp_411" [sources/hashTable/hashTable.cpp:75]   --->   Operation 138 'and' 'tmp_414' <Predicate = (!iState_load & tmp & tmp_360 & !tmp_163_i & tmp_170_i)> <Delay = 0.00> <Core = "LogicGate">   --->   Core 27 'LogicGate' <Latency = 0> <II = 1> <Delay = 0.54> <FuncUnit> <Opcode : 'and' 'or' 'xor'> <InPorts = 2> <OutPorts = 1>
ST_3 : Operation 139 [1/1] (1.58ns) (out node of the LUT)   --->   "%p_Result_33 = or i128 %tmp_413, %tmp_414" [sources/hashTable/hashTable.cpp:75]   --->   Operation 139 'or' 'p_Result_33' <Predicate = (!iState_load & tmp & tmp_360 & !tmp_163_i & tmp_170_i)> <Delay = 1.58> <Core = "LogicGate">   --->   Core 27 'LogicGate' <Latency = 0> <II = 1> <Delay = 0.54> <FuncUnit> <Opcode : 'and' 'or' 'xor'> <InPorts = 2> <OutPorts = 1>
ST_3 : Operation 140 [1/1] (1.00ns)   --->   "store i128 %p_Result_33, i128* @bufferWord_data_V, align 16" [sources/hashTable/hashTable.cpp:75]   --->   Operation 140 'store' <Predicate = (!iState_load & tmp & tmp_360 & !tmp_163_i & tmp_170_i)> <Delay = 1.00>
ST_3 : Operation 141 [1/1] (0.00ns)   --->   "%tmp_1 = call i130 @_ssdm_op_BitConcatenate.i130.i2.i128(i2 -1, i128 %p_Result_33) nounwind" [sources/hashTable/hashTable.cpp:77]   --->   Operation 141 'bitconcatenate' 'tmp_1' <Predicate = (!iState_load & tmp & tmp_360 & !tmp_163_i & tmp_170_i)> <Delay = 0.00>
ST_3 : Operation 142 [1/1] (2.39ns)   --->   "call void @_ssdm_op_Write.ap_fifo.volatile.i130P(i130* @in2cc_V, i130 %tmp_1) nounwind" [sources/hashTable/hashTable.cpp:77]   --->   Operation 142 'write' <Predicate = (!iState_load & tmp & tmp_360 & !tmp_163_i & tmp_170_i)> <Delay = 2.39> <Core = "FIFO">   --->   Core 32 'FIFO' <Latency = 0> <II = 1> <Delay = 2.39> <Storage> <Opcode : 'read' 'write' 'nbread' 'nbwrite'> <Ports = 0> <Width = 130> <Depth = 2> <FIFO>
ST_3 : Operation 143 [1/1] (0.00ns)   --->   "%tmp_2 = call i64 @_ssdm_op_BitConcatenate.i64.i16.i8.i32.i8(i16 %tmp_valueLength_V_1, i8 %tmp_V_43, i32 0, i8 %tmp_operation_V_1) nounwind" [sources/hashTable/hashTable.cpp:78]   --->   Operation 143 'bitconcatenate' 'tmp_2' <Predicate = (!iState_load & tmp & tmp_360 & !tmp_163_i & tmp_170_i)> <Delay = 0.00>
ST_3 : Operation 144 [1/1] (2.39ns)   --->   "call void @_ssdm_op_Write.ap_fifo.volatile.i64P(i64* @in2ccMd_V, i64 %tmp_2) nounwind" [sources/hashTable/hashTable.cpp:78]   --->   Operation 144 'write' <Predicate = (!iState_load & tmp & tmp_360 & !tmp_163_i & tmp_170_i)> <Delay = 2.39> <Core = "FIFO">   --->   Core 32 'FIFO' <Latency = 0> <II = 1> <Delay = 2.39> <Storage> <Opcode : 'read' 'write' 'nbread' 'nbwrite'> <Ports = 0> <Width = 130> <Depth = 2> <FIFO>
ST_3 : Operation 145 [1/1] (2.39ns)   --->   "call void @_ssdm_op_Write.ap_fifo.volatile.i130P(i130* @in2hash_V, i130 %tmp_1) nounwind" [sources/hashTable/hashTable.cpp:77]   --->   Operation 145 'write' <Predicate = (!iState_load & tmp & tmp_360 & !tmp_163_i & tmp_170_i)> <Delay = 2.39> <Core = "FIFO">   --->   Core 32 'FIFO' <Latency = 0> <II = 1> <Delay = 2.39> <Storage> <Opcode : 'read' 'write' 'nbread' 'nbwrite'> <Ports = 0> <Width = 130> <Depth = 2> <FIFO>
ST_3 : Operation 146 [1/1] (0.00ns)   --->   "br label %._crit_edge10.i" [sources/hashTable/hashTable.cpp:88]   --->   Operation 146 'br' <Predicate = (!iState_load & tmp & tmp_360 & tmp_361)> <Delay = 0.00>
ST_3 : Operation 147 [1/1] (0.00ns)   --->   "%p_Result_34 = call i128 @_ssdm_op_BitConcatenate.i128.i3.i1.i124(i3 %tmp_47_i, i1 true, i124 %p_Val2_s) nounwind" [sources/hashTable/hashTable.cpp:93]   --->   Operation 147 'bitconcatenate' 'p_Result_34' <Predicate = (!iState_load & tmp & tmp_360)> <Delay = 0.00>
ST_3 : Operation 148 [1/1] (2.39ns)   --->   "call void @_ssdm_op_Write.ap_fifo.volatile.i128P(i128* @hashMdBuffer_V_V, i128 %p_Result_34) nounwind" [sources/hashTable/hashTable.cpp:94]   --->   Operation 148 'write' <Predicate = (!iState_load & tmp & tmp_360)> <Delay = 2.39> <Core = "FIFO">   --->   Core 32 'FIFO' <Latency = 0> <II = 1> <Delay = 2.39> <Storage> <Opcode : 'read' 'write' 'nbread' 'nbwrite'> <Ports = 0> <Width = 130> <Depth = 2> <FIFO>
ST_3 : Operation 149 [1/1] (0.00ns)   --->   "%bufferWordMd_keyLeng_1 = phi i8 [ %tmp_V_43, %._crit_edge10.i ], [ 0, %7 ]"   --->   Operation 149 'phi' 'bufferWordMd_keyLeng_1' <Predicate = (!iState_load & tmp)> <Delay = 0.00>
ST_3 : Operation 150 [1/1] (0.00ns)   --->   "store i8 %bufferWordMd_keyLeng_1, i8* @bufferWordMd_keyLeng, align 1" [sources/hashTable/hashTable.cpp:53]   --->   Operation 150 'store' <Predicate = (!iState_load & tmp)> <Delay = 0.00>
ST_3 : Operation 151 [1/1] (0.00ns)   --->   "br label %._crit_edge12.i" [sources/hashTable/hashTable.cpp:108]   --->   Operation 151 'br' <Predicate = (iState_load & tmp & tmp_357)> <Delay = 0.00>
ST_3 : Operation 152 [1/1] (2.39ns)   --->   "call void @_ssdm_op_Write.ap_fifo.volatile.i128P(i128* @hashMdBuffer_V_V, i128 %p_Result_35) nounwind" [sources/hashTable/hashTable.cpp:115]   --->   Operation 152 'write' <Predicate = (iState_load & tmp & !tmp_362)> <Delay = 2.39> <Core = "FIFO">   --->   Core 32 'FIFO' <Latency = 0> <II = 1> <Delay = 2.39> <Storage> <Opcode : 'read' 'write' 'nbread' 'nbwrite'> <Ports = 0> <Width = 130> <Depth = 2> <FIFO>
ST_3 : Operation 153 [1/1] (2.39ns)   --->   "call void @_ssdm_op_Write.ap_fifo.volatile.i64P(i64* @hashKeyBuffer_V_V, i64 %tmp_V_38) nounwind" [sources/hashTable/hashTable.cpp:120]   --->   Operation 153 'write' <Predicate = (iState_load & tmp & !tmp_160_i)> <Delay = 2.39> <Core = "FIFO">   --->   Core 32 'FIFO' <Latency = 0> <II = 1> <Delay = 2.39> <Storage> <Opcode : 'read' 'write' 'nbread' 'nbwrite'> <Ports = 0> <Width = 130> <Depth = 2> <FIFO>
ST_3 : Operation 154 [1/1] (0.00ns) (grouped into LUT with out node tmp_394)   --->   "%loc_V_9 = zext i64 %tmp_V_38 to i128" [sources/hashTable/hashTable.cpp:130]   --->   Operation 154 'zext' 'loc_V_9' <Predicate = (iState_load & tmp & !tmp_160_i & !tmp_161_i)> <Delay = 0.00>
ST_3 : Operation 155 [1/1] (0.00ns) (grouped into LUT with out node p_demorgan)   --->   "%tmp_388 = select i1 %tmp_385, i8 %Hi_assign_1, i8 %Lo_assign" [sources/hashTable/hashTable.cpp:122]   --->   Operation 155 'select' 'tmp_388' <Predicate = (iState_load & tmp & !tmp_160_i & !tmp_161_i)> <Delay = 0.00> <Core = "Sel">   --->   Core 26 'Sel' <Latency = 0> <II = 1> <Delay = 0.67> <FuncUnit> <Opcode : 'select'> <InPorts = 3> <OutPorts = 1>
ST_3 : Operation 156 [1/1] (0.00ns) (grouped into LUT with out node tmp_394)   --->   "%tmp_389 = select i1 %tmp_385, i8 %tmp_386, i8 %Lo_assign" [sources/hashTable/hashTable.cpp:122]   --->   Operation 156 'select' 'tmp_389' <Predicate = (iState_load & tmp & !tmp_160_i & !tmp_161_i)> <Delay = 0.00> <Core = "Sel">   --->   Core 26 'Sel' <Latency = 0> <II = 1> <Delay = 0.67> <FuncUnit> <Opcode : 'select'> <InPorts = 3> <OutPorts = 1>
ST_3 : Operation 157 [1/1] (0.00ns) (grouped into LUT with out node tmp_394)   --->   "%tmp_391 = zext i8 %tmp_389 to i128" [sources/hashTable/hashTable.cpp:130]   --->   Operation 157 'zext' 'tmp_391' <Predicate = (iState_load & tmp & !tmp_160_i & !tmp_161_i)> <Delay = 0.00>
ST_3 : Operation 158 [1/1] (0.00ns) (grouped into LUT with out node p_demorgan)   --->   "%tmp_392 = zext i8 %tmp_388 to i128" [sources/hashTable/hashTable.cpp:130]   --->   Operation 158 'zext' 'tmp_392' <Predicate = (iState_load & tmp & !tmp_160_i & !tmp_161_i)> <Delay = 0.00>
ST_3 : Operation 159 [1/1] (0.00ns) (grouped into LUT with out node p_demorgan)   --->   "%tmp_393 = zext i8 %tmp_390 to i128" [sources/hashTable/hashTable.cpp:130]   --->   Operation 159 'zext' 'tmp_393' <Predicate = (iState_load & tmp & !tmp_160_i & !tmp_161_i)> <Delay = 0.00>
ST_3 : Operation 160 [1/1] (2.35ns) (out node of the LUT)   --->   "%tmp_394 = shl i128 %loc_V_9, %tmp_391" [sources/hashTable/hashTable.cpp:130]   --->   Operation 160 'shl' 'tmp_394' <Predicate = (iState_load & tmp & !tmp_160_i & !tmp_161_i)> <Delay = 2.35> <Core = "Shift">   --->   Core 28 'Shift' <Latency = 0> <II = 1> <Delay = 1.62> <FuncUnit> <Opcode : 'shl' 'lshr' 'ashr'> <InPorts = 2> <OutPorts = 1>
ST_3 : Operation 161 [1/1] (0.00ns) (grouped into LUT with out node p_Result_37)   --->   "%tmp_395 = call i128 @llvm.part.select.i128(i128 %tmp_394, i32 127, i32 0)" [sources/hashTable/hashTable.cpp:130]   --->   Operation 161 'partselect' 'tmp_395' <Predicate = (iState_load & tmp & !tmp_160_i & !tmp_161_i & tmp_385)> <Delay = 0.00>
ST_3 : Operation 162 [1/1] (0.00ns) (grouped into LUT with out node p_Result_37)   --->   "%tmp_396 = select i1 %tmp_385, i128 %tmp_395, i128 %tmp_394" [sources/hashTable/hashTable.cpp:122]   --->   Operation 162 'select' 'tmp_396' <Predicate = (iState_load & tmp & !tmp_160_i & !tmp_161_i)> <Delay = 0.00> <Core = "Sel">   --->   Core 26 'Sel' <Latency = 0> <II = 1> <Delay = 0.67> <FuncUnit> <Opcode : 'select'> <InPorts = 3> <OutPorts = 1>
ST_3 : Operation 163 [1/1] (0.00ns) (grouped into LUT with out node p_demorgan)   --->   "%tmp_397 = shl i128 -1, %tmp_392" [sources/hashTable/hashTable.cpp:130]   --->   Operation 163 'shl' 'tmp_397' <Predicate = (iState_load & tmp & !tmp_160_i & !tmp_161_i)> <Delay = 0.00> <Core = "Shift">   --->   Core 28 'Shift' <Latency = 0> <II = 1> <Delay = 1.62> <FuncUnit> <Opcode : 'shl' 'lshr' 'ashr'> <InPorts = 2> <OutPorts = 1>
ST_3 : Operation 164 [1/1] (0.00ns) (grouped into LUT with out node p_demorgan)   --->   "%tmp_398 = lshr i128 -1, %tmp_393" [sources/hashTable/hashTable.cpp:130]   --->   Operation 164 'lshr' 'tmp_398' <Predicate = (iState_load & tmp & !tmp_160_i & !tmp_161_i)> <Delay = 0.00> <Core = "Shift">   --->   Core 28 'Shift' <Latency = 0> <II = 1> <Delay = 1.62> <FuncUnit> <Opcode : 'shl' 'lshr' 'ashr'> <InPorts = 2> <OutPorts = 1>
ST_3 : Operation 165 [1/1] (1.62ns) (out node of the LUT)   --->   "%p_demorgan = and i128 %tmp_397, %tmp_398" [sources/hashTable/hashTable.cpp:130]   --->   Operation 165 'and' 'p_demorgan' <Predicate = (iState_load & tmp & !tmp_160_i & !tmp_161_i)> <Delay = 1.62> <Core = "LogicGate">   --->   Core 27 'LogicGate' <Latency = 0> <II = 1> <Delay = 0.54> <FuncUnit> <Opcode : 'and' 'or' 'xor'> <InPorts = 2> <OutPorts = 1>
ST_3 : Operation 166 [1/1] (0.00ns) (grouped into LUT with out node p_Result_37)   --->   "%tmp_399 = xor i128 %p_demorgan, -1" [sources/hashTable/hashTable.cpp:130]   --->   Operation 166 'xor' 'tmp_399' <Predicate = (iState_load & tmp & !tmp_160_i & !tmp_161_i)> <Delay = 0.00> <Core = "LogicGate">   --->   Core 27 'LogicGate' <Latency = 0> <II = 1> <Delay = 0.54> <FuncUnit> <Opcode : 'and' 'or' 'xor'> <InPorts = 2> <OutPorts = 1>
ST_3 : Operation 167 [1/1] (0.00ns) (grouped into LUT with out node p_Result_37)   --->   "%tmp_400 = and i128 %p_Val2_21, %tmp_399" [sources/hashTable/hashTable.cpp:130]   --->   Operation 167 'and' 'tmp_400' <Predicate = (iState_load & tmp & !tmp_160_i & !tmp_161_i)> <Delay = 0.00> <Core = "LogicGate">   --->   Core 27 'LogicGate' <Latency = 0> <II = 1> <Delay = 0.54> <FuncUnit> <Opcode : 'and' 'or' 'xor'> <InPorts = 2> <OutPorts = 1>
ST_3 : Operation 168 [1/1] (0.00ns) (grouped into LUT with out node p_Result_37)   --->   "%tmp_401 = and i128 %tmp_396, %p_demorgan" [sources/hashTable/hashTable.cpp:130]   --->   Operation 168 'and' 'tmp_401' <Predicate = (iState_load & tmp & !tmp_160_i & !tmp_161_i)> <Delay = 0.00> <Core = "LogicGate">   --->   Core 27 'LogicGate' <Latency = 0> <II = 1> <Delay = 0.54> <FuncUnit> <Opcode : 'and' 'or' 'xor'> <InPorts = 2> <OutPorts = 1>
ST_3 : Operation 169 [1/1] (0.67ns) (out node of the LUT)   --->   "%p_Result_37 = or i128 %tmp_400, %tmp_401" [sources/hashTable/hashTable.cpp:130]   --->   Operation 169 'or' 'p_Result_37' <Predicate = (iState_load & tmp & !tmp_160_i & !tmp_161_i)> <Delay = 0.67> <Core = "LogicGate">   --->   Core 27 'LogicGate' <Latency = 0> <II = 1> <Delay = 0.54> <FuncUnit> <Opcode : 'and' 'or' 'xor'> <InPorts = 2> <OutPorts = 1>
ST_3 : Operation 170 [1/1] (1.00ns)   --->   "store i128 %p_Result_37, i128* @bufferWord_data_V, align 16" [sources/hashTable/hashTable.cpp:130]   --->   Operation 170 'store' <Predicate = (iState_load & tmp & !tmp_160_i & !tmp_161_i)> <Delay = 1.00>
ST_3 : Operation 171 [1/1] (0.00ns)   --->   "%tmp_8 = call i130 @_ssdm_op_BitConcatenate.i130.i2.i128(i2 0, i128 %p_Result_37) nounwind" [sources/hashTable/hashTable.cpp:133]   --->   Operation 171 'bitconcatenate' 'tmp_8' <Predicate = (iState_load & tmp & !tmp_160_i & !tmp_161_i & tmp_167_i)> <Delay = 0.00>
ST_3 : Operation 172 [1/1] (2.39ns)   --->   "call void @_ssdm_op_Write.ap_fifo.volatile.i130P(i130* @in2cc_V, i130 %tmp_8) nounwind" [sources/hashTable/hashTable.cpp:133]   --->   Operation 172 'write' <Predicate = (iState_load & tmp & !tmp_160_i & !tmp_161_i & tmp_167_i)> <Delay = 2.39> <Core = "FIFO">   --->   Core 32 'FIFO' <Latency = 0> <II = 1> <Delay = 2.39> <Storage> <Opcode : 'read' 'write' 'nbread' 'nbwrite'> <Ports = 0> <Width = 130> <Depth = 2> <FIFO>
ST_3 : Operation 173 [1/1] (2.39ns)   --->   "call void @_ssdm_op_Write.ap_fifo.volatile.i130P(i130* @in2hash_V, i130 %tmp_8) nounwind" [sources/hashTable/hashTable.cpp:133]   --->   Operation 173 'write' <Predicate = (iState_load & tmp & !tmp_160_i & !tmp_161_i & tmp_167_i)> <Delay = 2.39> <Core = "FIFO">   --->   Core 32 'FIFO' <Latency = 0> <II = 1> <Delay = 2.39> <Storage> <Opcode : 'read' 'write' 'nbread' 'nbwrite'> <Ports = 0> <Width = 130> <Depth = 2> <FIFO>
ST_3 : Operation 174 [1/1] (0.00ns) (grouped into LUT with out node tmp_376)   --->   "%loc_V_8 = zext i64 %tmp_V_38 to i128" [sources/hashTable/hashTable.cpp:122]   --->   Operation 174 'zext' 'loc_V_8' <Predicate = (iState_load & tmp & !tmp_160_i & tmp_161_i)> <Delay = 0.00>
ST_3 : Operation 175 [1/1] (0.00ns) (grouped into LUT with out node p_demorgan2)   --->   "%tmp_370 = select i1 %tmp_366, i8 %tmp_367, i8 %Lo_assign" [sources/hashTable/hashTable.cpp:122]   --->   Operation 175 'select' 'tmp_370' <Predicate = (iState_load & tmp & !tmp_160_i & tmp_161_i)> <Delay = 0.00> <Core = "Sel">   --->   Core 26 'Sel' <Latency = 0> <II = 1> <Delay = 0.67> <FuncUnit> <Opcode : 'select'> <InPorts = 3> <OutPorts = 1>
ST_3 : Operation 176 [1/1] (0.00ns) (grouped into LUT with out node tmp_376)   --->   "%tmp_371 = select i1 %tmp_366, i8 %tmp_368, i8 %Lo_assign" [sources/hashTable/hashTable.cpp:122]   --->   Operation 176 'select' 'tmp_371' <Predicate = (iState_load & tmp & !tmp_160_i & tmp_161_i)> <Delay = 0.00> <Core = "Sel">   --->   Core 26 'Sel' <Latency = 0> <II = 1> <Delay = 0.67> <FuncUnit> <Opcode : 'select'> <InPorts = 3> <OutPorts = 1>
ST_3 : Operation 177 [1/1] (0.00ns) (grouped into LUT with out node tmp_376)   --->   "%tmp_373 = zext i8 %tmp_371 to i128" [sources/hashTable/hashTable.cpp:122]   --->   Operation 177 'zext' 'tmp_373' <Predicate = (iState_load & tmp & !tmp_160_i & tmp_161_i)> <Delay = 0.00>
ST_3 : Operation 178 [1/1] (0.00ns) (grouped into LUT with out node p_demorgan2)   --->   "%tmp_374 = zext i8 %tmp_370 to i128" [sources/hashTable/hashTable.cpp:122]   --->   Operation 178 'zext' 'tmp_374' <Predicate = (iState_load & tmp & !tmp_160_i & tmp_161_i)> <Delay = 0.00>
ST_3 : Operation 179 [1/1] (0.00ns) (grouped into LUT with out node p_demorgan2)   --->   "%tmp_375 = zext i8 %tmp_372 to i128" [sources/hashTable/hashTable.cpp:122]   --->   Operation 179 'zext' 'tmp_375' <Predicate = (iState_load & tmp & !tmp_160_i & tmp_161_i)> <Delay = 0.00>
ST_3 : Operation 180 [1/1] (2.35ns) (out node of the LUT)   --->   "%tmp_376 = shl i128 %loc_V_8, %tmp_373" [sources/hashTable/hashTable.cpp:122]   --->   Operation 180 'shl' 'tmp_376' <Predicate = (iState_load & tmp & !tmp_160_i & tmp_161_i)> <Delay = 2.35> <Core = "Shift">   --->   Core 28 'Shift' <Latency = 0> <II = 1> <Delay = 1.62> <FuncUnit> <Opcode : 'shl' 'lshr' 'ashr'> <InPorts = 2> <OutPorts = 1>
ST_3 : Operation 181 [1/1] (0.00ns) (grouped into LUT with out node p_Result_36)   --->   "%tmp_377 = call i128 @llvm.part.select.i128(i128 %tmp_376, i32 127, i32 0)" [sources/hashTable/hashTable.cpp:122]   --->   Operation 181 'partselect' 'tmp_377' <Predicate = (iState_load & tmp & !tmp_160_i & tmp_161_i & tmp_366)> <Delay = 0.00>
ST_3 : Operation 182 [1/1] (0.00ns) (grouped into LUT with out node p_Result_36)   --->   "%tmp_378 = select i1 %tmp_366, i128 %tmp_377, i128 %tmp_376" [sources/hashTable/hashTable.cpp:122]   --->   Operation 182 'select' 'tmp_378' <Predicate = (iState_load & tmp & !tmp_160_i & tmp_161_i)> <Delay = 0.00> <Core = "Sel">   --->   Core 26 'Sel' <Latency = 0> <II = 1> <Delay = 0.67> <FuncUnit> <Opcode : 'select'> <InPorts = 3> <OutPorts = 1>
ST_3 : Operation 183 [1/1] (0.00ns) (grouped into LUT with out node p_demorgan2)   --->   "%tmp_379 = shl i128 -1, %tmp_374" [sources/hashTable/hashTable.cpp:122]   --->   Operation 183 'shl' 'tmp_379' <Predicate = (iState_load & tmp & !tmp_160_i & tmp_161_i)> <Delay = 0.00> <Core = "Shift">   --->   Core 28 'Shift' <Latency = 0> <II = 1> <Delay = 1.62> <FuncUnit> <Opcode : 'shl' 'lshr' 'ashr'> <InPorts = 2> <OutPorts = 1>
ST_3 : Operation 184 [1/1] (0.00ns) (grouped into LUT with out node p_demorgan2)   --->   "%tmp_380 = lshr i128 -1, %tmp_375" [sources/hashTable/hashTable.cpp:122]   --->   Operation 184 'lshr' 'tmp_380' <Predicate = (iState_load & tmp & !tmp_160_i & tmp_161_i)> <Delay = 0.00> <Core = "Shift">   --->   Core 28 'Shift' <Latency = 0> <II = 1> <Delay = 1.62> <FuncUnit> <Opcode : 'shl' 'lshr' 'ashr'> <InPorts = 2> <OutPorts = 1>
ST_3 : Operation 185 [1/1] (1.62ns) (out node of the LUT)   --->   "%p_demorgan2 = and i128 %tmp_379, %tmp_380" [sources/hashTable/hashTable.cpp:122]   --->   Operation 185 'and' 'p_demorgan2' <Predicate = (iState_load & tmp & !tmp_160_i & tmp_161_i)> <Delay = 1.62> <Core = "LogicGate">   --->   Core 27 'LogicGate' <Latency = 0> <II = 1> <Delay = 0.54> <FuncUnit> <Opcode : 'and' 'or' 'xor'> <InPorts = 2> <OutPorts = 1>
ST_3 : Operation 186 [1/1] (0.00ns) (grouped into LUT with out node p_Result_36)   --->   "%tmp_381 = xor i128 %p_demorgan2, -1" [sources/hashTable/hashTable.cpp:122]   --->   Operation 186 'xor' 'tmp_381' <Predicate = (iState_load & tmp & !tmp_160_i & tmp_161_i)> <Delay = 0.00> <Core = "LogicGate">   --->   Core 27 'LogicGate' <Latency = 0> <II = 1> <Delay = 0.54> <FuncUnit> <Opcode : 'and' 'or' 'xor'> <InPorts = 2> <OutPorts = 1>
ST_3 : Operation 187 [1/1] (0.00ns) (grouped into LUT with out node p_Result_36)   --->   "%tmp_382 = and i128 %p_Val2_21, %tmp_381" [sources/hashTable/hashTable.cpp:122]   --->   Operation 187 'and' 'tmp_382' <Predicate = (iState_load & tmp & !tmp_160_i & tmp_161_i)> <Delay = 0.00> <Core = "LogicGate">   --->   Core 27 'LogicGate' <Latency = 0> <II = 1> <Delay = 0.54> <FuncUnit> <Opcode : 'and' 'or' 'xor'> <InPorts = 2> <OutPorts = 1>
ST_3 : Operation 188 [1/1] (0.00ns) (grouped into LUT with out node p_Result_36)   --->   "%tmp_383 = and i128 %tmp_378, %p_demorgan2" [sources/hashTable/hashTable.cpp:122]   --->   Operation 188 'and' 'tmp_383' <Predicate = (iState_load & tmp & !tmp_160_i & tmp_161_i)> <Delay = 0.00> <Core = "LogicGate">   --->   Core 27 'LogicGate' <Latency = 0> <II = 1> <Delay = 0.54> <FuncUnit> <Opcode : 'and' 'or' 'xor'> <InPorts = 2> <OutPorts = 1>
ST_3 : Operation 189 [1/1] (0.67ns) (out node of the LUT)   --->   "%p_Result_36 = or i128 %tmp_382, %tmp_383" [sources/hashTable/hashTable.cpp:122]   --->   Operation 189 'or' 'p_Result_36' <Predicate = (iState_load & tmp & !tmp_160_i & tmp_161_i)> <Delay = 0.67> <Core = "LogicGate">   --->   Core 27 'LogicGate' <Latency = 0> <II = 1> <Delay = 0.54> <FuncUnit> <Opcode : 'and' 'or' 'xor'> <InPorts = 2> <OutPorts = 1>
ST_3 : Operation 190 [1/1] (1.00ns)   --->   "store i128 %p_Result_36, i128* @bufferWord_data_V, align 16" [sources/hashTable/hashTable.cpp:122]   --->   Operation 190 'store' <Predicate = (iState_load & tmp & !tmp_160_i & tmp_161_i)> <Delay = 1.00>
ST_3 : Operation 191 [1/1] (0.00ns)   --->   "%tmp_5 = call i130 @_ssdm_op_BitConcatenate.i130.i2.i128(i2 -2, i128 %p_Result_36) nounwind" [sources/hashTable/hashTable.cpp:125]   --->   Operation 191 'bitconcatenate' 'tmp_5' <Predicate = (iState_load & tmp & !tmp_160_i & tmp_161_i)> <Delay = 0.00>
ST_3 : Operation 192 [1/1] (2.39ns)   --->   "call void @_ssdm_op_Write.ap_fifo.volatile.i130P(i130* @in2cc_V, i130 %tmp_5) nounwind" [sources/hashTable/hashTable.cpp:125]   --->   Operation 192 'write' <Predicate = (iState_load & tmp & !tmp_160_i & tmp_161_i)> <Delay = 2.39> <Core = "FIFO">   --->   Core 32 'FIFO' <Latency = 0> <II = 1> <Delay = 2.39> <Storage> <Opcode : 'read' 'write' 'nbread' 'nbwrite'> <Ports = 0> <Width = 130> <Depth = 2> <FIFO>
ST_3 : Operation 193 [1/1] (0.00ns)   --->   "%tmp_operation_V = load i8* @bufferWordMd_operati, align 4" [sources/hashTable/hashTable.cpp:126]   --->   Operation 193 'load' 'tmp_operation_V' <Predicate = (iState_load & tmp & !tmp_160_i & tmp_161_i)> <Delay = 0.00>
ST_3 : Operation 194 [1/1] (0.00ns)   --->   "%tmp_valueLength_V = load i16* @bufferWordMd_valueLe, align 2" [sources/hashTable/hashTable.cpp:126]   --->   Operation 194 'load' 'tmp_valueLength_V' <Predicate = (iState_load & tmp & !tmp_160_i & tmp_161_i)> <Delay = 0.00>
ST_3 : Operation 195 [1/1] (0.00ns)   --->   "%tmp_6 = call i64 @_ssdm_op_BitConcatenate.i64.i16.i8.i32.i8(i16 %tmp_valueLength_V, i8 %tmp_keyLength_V, i32 0, i8 %tmp_operation_V) nounwind" [sources/hashTable/hashTable.cpp:126]   --->   Operation 195 'bitconcatenate' 'tmp_6' <Predicate = (iState_load & tmp & !tmp_160_i & tmp_161_i)> <Delay = 0.00>
ST_3 : Operation 196 [1/1] (2.39ns)   --->   "call void @_ssdm_op_Write.ap_fifo.volatile.i64P(i64* @in2ccMd_V, i64 %tmp_6) nounwind" [sources/hashTable/hashTable.cpp:126]   --->   Operation 196 'write' <Predicate = (iState_load & tmp & !tmp_160_i & tmp_161_i)> <Delay = 2.39> <Core = "FIFO">   --->   Core 32 'FIFO' <Latency = 0> <II = 1> <Delay = 2.39> <Storage> <Opcode : 'read' 'write' 'nbread' 'nbwrite'> <Ports = 0> <Width = 130> <Depth = 2> <FIFO>
ST_3 : Operation 197 [1/1] (2.39ns)   --->   "call void @_ssdm_op_Write.ap_fifo.volatile.i130P(i130* @in2hash_V, i130 %tmp_5) nounwind" [sources/hashTable/hashTable.cpp:125]   --->   Operation 197 'write' <Predicate = (iState_load & tmp & !tmp_160_i & tmp_161_i)> <Delay = 2.39> <Core = "FIFO">   --->   Core 32 'FIFO' <Latency = 0> <II = 1> <Delay = 2.39> <Storage> <Opcode : 'read' 'write' 'nbread' 'nbwrite'> <Ports = 0> <Width = 130> <Depth = 2> <FIFO>
ST_3 : Operation 198 [1/1] (0.00ns)   --->   "br label %._crit_edge15.i" [sources/hashTable/hashTable.cpp:144]   --->   Operation 198 'br' <Predicate = (iState_load & tmp & tmp_358)> <Delay = 0.00>
ST_3 : Operation 199 [1/1] (0.00ns)   --->   "br label %._crit_edge6.new311.i"   --->   Operation 199 'br' <Predicate = (keyLength_V_flag_6_i)> <Delay = 0.00>
ST_3 : Operation 200 [1/1] (0.00ns)   --->   "br label %ht_inputLogic.exit"   --->   Operation 200 'br' <Predicate = (wordCounter_V_1_flag_1)> <Delay = 0.00>
ST_3 : Operation 201 [1/1] (0.00ns)   --->   "ret void"   --->   Operation 201 'ret' <Predicate = true> <Delay = 0.00>


============================================================
+ Verbose Summary: Timing violations
============================================================
Target clock period: 6.66ns, clock uncertainty: 0.832ns.

 <State 1>: 5.57ns
The critical path consists of the following:
	fifo read on port 'requestParser2hashTa_1' [38]  (2.39 ns)
	'icmp' operation ('tmp_i', sources/hashTable/hashTable.cpp:60) [53]  (0.861 ns)
	'select' operation ('tmp.V', sources/hashTable/hashTable.cpp:73) [55]  (0.372 ns)
	'icmp' operation ('tmp_163_i', sources/hashTable/hashTable.cpp:69) [57]  (0.861 ns)
	multiplexor before 'phi' operation ('tmp.keyLength.V') with incoming values : ('tmp.V', sources/hashTable/hashTable.cpp:73) ('tmp_173_i', sources/hashTable/hashTable.cpp:84) [98]  (0.926 ns)
	blocking operation 0.158 ns on control path)

 <State 2>: 4.89ns
The critical path consists of the following:
	'load' operation ('keyLength_V_load', sources/hashTable/hashTable.cpp:118) on static variable 'keyLength_V' [31]  (0 ns)
	'add' operation ('tmp_166_i', sources/hashTable/hashTable.cpp:122) [189]  (1.27 ns)
	'add' operation ('Hi', sources/hashTable/hashTable.cpp:122) [191]  (1.36 ns)
	'icmp' operation ('tmp_366', sources/hashTable/hashTable.cpp:122) [194]  (0.901 ns)
	'select' operation ('tmp_369', sources/hashTable/hashTable.cpp:122) [197]  (0 ns)
	'sub' operation ('tmp_372', sources/hashTable/hashTable.cpp:122) [200]  (1.36 ns)

 <State 3>: 5.6ns
The critical path consists of the following:
	'lshr' operation ('tmp_411', sources/hashTable/hashTable.cpp:75) [85]  (1.63 ns)
	'xor' operation ('tmp_412', sources/hashTable/hashTable.cpp:75) [86]  (0 ns)
	'and' operation ('tmp_413', sources/hashTable/hashTable.cpp:75) [87]  (0 ns)
	'or' operation ('__Result__', sources/hashTable/hashTable.cpp:75) [89]  (1.58 ns)
	fifo write on port 'in2cc_V' (sources/hashTable/hashTable.cpp:77) [92]  (2.39 ns)


============================================================
+ Verbose Summary: Binding
============================================================
N/A
* FSMD analyzer results:
  - Output states:
 - Input state : 
  - Chain level:
	State 1
	State 2
	State 3


============================================================
+ Verbose Summary: Datapath Resource usage 
============================================================
N/A
