

================================================================
== Vivado HLS Report for 'ht_outputLogic'
================================================================
* Date:           Fri Nov  9 23:09:22 2018

* Version:        2018.2 (Build 2258646 on Thu Jun 14 20:25:20 MDT 2018)
* Project:        memcachedPipeline_prj
* Solution:       solution1
* Product family: virtex7
* Target device:  xc7vx690tffg1761-2


================================================================
== Performance Estimates
================================================================
+ Timing (ns): 
    * Summary: 
    +--------+-------+----------+------------+
    |  Clock | Target| Estimated| Uncertainty|
    +--------+-------+----------+------------+
    |ap_clk  |   6.66|     5.974|        0.83|
    +--------+-------+----------+------------+

+ Latency (clock cycles): 
    * Summary: 
    +-----+-----+-----+-----+----------+
    |  Latency  |  Interval | Pipeline |
    | min | max | min | max |   Type   |
    +-----+-----+-----+-----+----------+
    |    1|    1|    1|    1| function |
    +-----+-----+-----+-----+----------+

    + Detail: 
        * Instance: 
        N/A

        * Loop: 
        N/A

============================================================
+ Verbose Summary: Synthesis Manager
============================================================
InlineROM: 1
ExposeGlobal: 0
============================================================
+ Verbose Summary: CDFG Model
============================================================
IsTopModel: 0
ResetActiveHigh: 1
IsCombinational: 2
IsDatapathOnly: 0
HasWiredReturn: 1
HasMFsm: 1
HasVarLatency: 0
IsPipeline: 1
IsRtlPipelined: 1
IsInstanceOverlapped: 0
IsDontTouch: 0
HasImplIP: 0
IsGatedGlobalClock: 0

+ Individual pipeline summary: 
  * Pipeline-0: initiation interval (II) = 1, depth = 2


============================================================
+ Verbose Summary: Schedule
============================================================
* Number of FSM states : 2
* Pipeline : 1
  Pipeline-0 : II = 1, D = 2, States = { 1 2 }
* Dataflow Pipeline: 0

* FSM state transitions: 
1 --> 
	2  / true
2 --> 

* FSM state operations: 

State 1 <SV = 0> <Delay = 5.97>
ST_1 : Operation 3 [1/1] (0.00ns)   --->   "%olState_load = load i2* @olState, align 1" [sources/hashTable/hashTable.cpp:167]   --->   Operation 3 'load' 'olState_load' <Predicate = true> <Delay = 0.00>
ST_1 : Operation 4 [1/1] (0.00ns)   --->   "%ol_keyLength_V_load = load i8* @ol_keyLength_V, align 1" [sources/hashTable/hashTable.cpp:215]   --->   Operation 4 'load' 'ol_keyLength_V_load' <Predicate = true> <Delay = 0.00>
ST_1 : Operation 5 [1/1] (0.00ns)   --->   "%ol_valueLength_V_loa = load i16* @ol_valueLength_V, align 2" [sources/hashTable/hashTable.cpp:215]   --->   Operation 5 'load' 'ol_valueLength_V_loa' <Predicate = true> <Delay = 0.00>
ST_1 : Operation 6 [1/1] (1.00ns)   --->   "switch i2 %olState_load, label %._crit_edge5.i [
    i2 0, label %0
    i2 -2, label %7
    i2 -1, label %11
  ]" [sources/hashTable/hashTable.cpp:167]   --->   Operation 6 'switch' <Predicate = true> <Delay = 1.00>
ST_1 : Operation 7 [1/1] (0.86ns)   --->   "%tmp_i = icmp eq i8 %ol_keyLength_V_load, 0" [sources/hashTable/hashTable.cpp:242]   --->   Operation 7 'icmp' 'tmp_i' <Predicate = (olState_load == 3)> <Delay = 0.86> <Core = "Cmp">   --->   Core 25 'Cmp' <Latency = 0> <II = 1> <Delay = 0.86> <FuncUnit> <Opcode : 'icmp'> <InPorts = 2> <OutPorts = 1>
ST_1 : Operation 8 [1/1] (0.00ns)   --->   "br i1 %tmp_i, label %._crit_edge35.i, label %12" [sources/hashTable/hashTable.cpp:242]   --->   Operation 8 'br' <Predicate = (olState_load == 3)> <Delay = 0.00>
ST_1 : Operation 9 [1/1] (0.00ns)   --->   "%tmp_351 = call i1 @_ssdm_op_NbReadReq.ap_fifo.i64P(i64* @hashKeyBuffer_V_V, i32 1) nounwind" [sources/hashTable/hashTable.cpp:242]   --->   Operation 9 'nbreadreq' 'tmp_351' <Predicate = (olState_load == 3 & !tmp_i)> <Delay = 0.00> <Core = "FIFO">   --->   Core 32 'FIFO' <Latency = 0> <II = 1> <Delay = 2.39> <Storage> <Opcode : 'read' 'write' 'nbread' 'nbwrite'> <Ports = 0> <Width = 256> <Depth = 2> <FIFO>
ST_1 : Operation 10 [1/1] (1.00ns)   --->   "br i1 %tmp_351, label %._crit_edge35.i, label %._crit_edge5.i" [sources/hashTable/hashTable.cpp:242]   --->   Operation 10 'br' <Predicate = (olState_load == 3 & !tmp_i)> <Delay = 1.00>
ST_1 : Operation 11 [1/1] (1.18ns)   --->   "%tmp_136_i = icmp eq i16 %ol_valueLength_V_loa, 0" [sources/hashTable/hashTable.cpp:242]   --->   Operation 11 'icmp' 'tmp_136_i' <Predicate = (olState_load == 3 & tmp_i) | (olState_load == 3 & tmp_351)> <Delay = 1.18> <Core = "Cmp">   --->   Core 25 'Cmp' <Latency = 0> <II = 1> <Delay = 0.86> <FuncUnit> <Opcode : 'icmp'> <InPorts = 2> <OutPorts = 1>
ST_1 : Operation 12 [1/1] (0.00ns)   --->   "br i1 %tmp_136_i, label %._crit_edge39.i, label %13" [sources/hashTable/hashTable.cpp:242]   --->   Operation 12 'br' <Predicate = (olState_load == 3 & tmp_i) | (olState_load == 3 & tmp_351)> <Delay = 0.00>
ST_1 : Operation 13 [1/1] (0.00ns)   --->   "%tmp_356 = call i1 @_ssdm_op_NbReadReq.ap_fifo.i64P(i64* @hashValueBuffer_V_V, i32 1) nounwind" [sources/hashTable/hashTable.cpp:242]   --->   Operation 13 'nbreadreq' 'tmp_356' <Predicate = (olState_load == 3 & tmp_i & !tmp_136_i) | (olState_load == 3 & tmp_351 & !tmp_136_i)> <Delay = 0.00> <Core = "FIFO">   --->   Core 32 'FIFO' <Latency = 0> <II = 1> <Delay = 2.39> <Storage> <Opcode : 'read' 'write' 'nbread' 'nbwrite'> <Ports = 0> <Width = 256> <Depth = 2> <FIFO>
ST_1 : Operation 14 [1/1] (1.00ns)   --->   "br i1 %tmp_356, label %._crit_edge39.i, label %._crit_edge5.i" [sources/hashTable/hashTable.cpp:242]   --->   Operation 14 'br' <Predicate = (olState_load == 3 & tmp_i & !tmp_136_i) | (olState_load == 3 & tmp_351 & !tmp_136_i)> <Delay = 1.00>
ST_1 : Operation 15 [1/1] (0.85ns)   --->   "br i1 %tmp_i, label %._crit_edge43.i, label %._crit_edge44.i" [sources/hashTable/hashTable.cpp:243]   --->   Operation 15 'br' <Predicate = (olState_load == 3 & tmp_i & tmp_136_i) | (olState_load == 3 & tmp_351 & tmp_136_i) | (olState_load == 3 & tmp_i & tmp_356) | (olState_load == 3 & tmp_351 & tmp_356)> <Delay = 0.85>
ST_1 : Operation 16 [1/1] (2.39ns)   --->   "%tmp_V_34 = call i64 @_ssdm_op_Read.ap_fifo.volatile.i64P(i64* @hashKeyBuffer_V_V) nounwind" [sources/hashTable/hashTable.cpp:244]   --->   Operation 16 'read' 'tmp_V_34' <Predicate = (olState_load == 3 & !tmp_i & tmp_351 & tmp_136_i) | (olState_load == 3 & !tmp_i & tmp_351 & tmp_356)> <Delay = 2.39> <Core = "FIFO">   --->   Core 32 'FIFO' <Latency = 0> <II = 1> <Delay = 2.39> <Storage> <Opcode : 'read' 'write' 'nbread' 'nbwrite'> <Ports = 0> <Width = 256> <Depth = 2> <FIFO>
ST_1 : Operation 17 [1/1] (0.86ns)   --->   "%tmp_139_i = icmp ugt i8 %ol_keyLength_V_load, 8" [sources/hashTable/hashTable.cpp:247]   --->   Operation 17 'icmp' 'tmp_139_i' <Predicate = (olState_load == 3 & !tmp_i & tmp_351 & tmp_136_i) | (olState_load == 3 & !tmp_i & tmp_351 & tmp_356)> <Delay = 0.86> <Core = "Cmp">   --->   Core 25 'Cmp' <Latency = 0> <II = 1> <Delay = 0.86> <FuncUnit> <Opcode : 'icmp'> <InPorts = 2> <OutPorts = 1>
ST_1 : Operation 18 [1/1] (1.35ns)   --->   "%tmp_140_i = add i8 %ol_keyLength_V_load, -8" [sources/hashTable/hashTable.cpp:247]   --->   Operation 18 'add' 'tmp_140_i' <Predicate = (olState_load == 3 & !tmp_i & tmp_351 & tmp_136_i) | (olState_load == 3 & !tmp_i & tmp_351 & tmp_356)> <Delay = 1.35> <Core = "AddSub">   --->   Core 14 'AddSub' <Latency = 0> <II = 1> <Delay = 1.35> <FuncUnit> <Opcode : 'add' 'sub'> <InPorts = 2> <OutPorts = 1>
ST_1 : Operation 19 [1/1] (0.37ns)   --->   "%tmp_210_i = select i1 %tmp_139_i, i8 %tmp_140_i, i8 0" [sources/hashTable/hashTable.cpp:247]   --->   Operation 19 'select' 'tmp_210_i' <Predicate = (olState_load == 3 & !tmp_i & tmp_351 & tmp_136_i) | (olState_load == 3 & !tmp_i & tmp_351 & tmp_356)> <Delay = 0.37> <Core = "Sel">   --->   Core 26 'Sel' <Latency = 0> <II = 1> <Delay = 0.37> <FuncUnit> <Opcode : 'select'> <InPorts = 3> <OutPorts = 1>
ST_1 : Operation 20 [1/1] (0.85ns)   --->   "br label %._crit_edge43.i" [sources/hashTable/hashTable.cpp:248]   --->   Operation 20 'br' <Predicate = (olState_load == 3 & !tmp_i & tmp_351 & tmp_136_i) | (olState_load == 3 & !tmp_i & tmp_351 & tmp_356)> <Delay = 0.85>
ST_1 : Operation 21 [1/1] (0.00ns)   --->   "%tmp_keyValid_V_3 = phi i1 [ false, %._crit_edge39.i ], [ true, %._crit_edge44.i ]"   --->   Operation 21 'phi' 'tmp_keyValid_V_3' <Predicate = (olState_load == 3 & tmp_i & tmp_136_i) | (olState_load == 3 & tmp_351 & tmp_136_i) | (olState_load == 3 & tmp_i & tmp_356) | (olState_load == 3 & tmp_351 & tmp_356)> <Delay = 0.00>
ST_1 : Operation 22 [1/1] (0.00ns)   --->   "%ol_keyLength_V_load_1 = phi i8 [ %ol_keyLength_V_load, %._crit_edge39.i ], [ %tmp_210_i, %._crit_edge44.i ]" [sources/hashTable/hashTable.cpp:215]   --->   Operation 22 'phi' 'ol_keyLength_V_load_1' <Predicate = (olState_load == 3 & tmp_i & tmp_136_i) | (olState_load == 3 & tmp_351 & tmp_136_i) | (olState_load == 3 & tmp_i & tmp_356) | (olState_load == 3 & tmp_351 & tmp_356)> <Delay = 0.00>
ST_1 : Operation 23 [1/1] (0.85ns)   --->   "br i1 %tmp_136_i, label %._crit_edge45.i, label %._crit_edge46.i" [sources/hashTable/hashTable.cpp:249]   --->   Operation 23 'br' <Predicate = (olState_load == 3 & tmp_i & tmp_136_i) | (olState_load == 3 & tmp_351 & tmp_136_i) | (olState_load == 3 & tmp_i & tmp_356) | (olState_load == 3 & tmp_351 & tmp_356)> <Delay = 0.85>
ST_1 : Operation 24 [1/1] (2.39ns)   --->   "%tmp_V_35 = call i64 @_ssdm_op_Read.ap_fifo.volatile.i64P(i64* @hashValueBuffer_V_V) nounwind" [sources/hashTable/hashTable.cpp:250]   --->   Operation 24 'read' 'tmp_V_35' <Predicate = (olState_load == 3 & tmp_i & !tmp_136_i & tmp_356) | (olState_load == 3 & tmp_351 & !tmp_136_i & tmp_356)> <Delay = 2.39> <Core = "FIFO">   --->   Core 32 'FIFO' <Latency = 0> <II = 1> <Delay = 2.39> <Storage> <Opcode : 'read' 'write' 'nbread' 'nbwrite'> <Ports = 0> <Width = 256> <Depth = 2> <FIFO>
ST_1 : Operation 25 [1/1] (1.18ns)   --->   "%tmp_145_i = icmp ugt i16 %ol_valueLength_V_loa, 8" [sources/hashTable/hashTable.cpp:253]   --->   Operation 25 'icmp' 'tmp_145_i' <Predicate = (olState_load == 3 & tmp_i & !tmp_136_i & tmp_356) | (olState_load == 3 & tmp_351 & !tmp_136_i & tmp_356)> <Delay = 1.18> <Core = "Cmp">   --->   Core 25 'Cmp' <Latency = 0> <II = 1> <Delay = 0.86> <FuncUnit> <Opcode : 'icmp'> <InPorts = 2> <OutPorts = 1>
ST_1 : Operation 26 [1/1] (1.30ns)   --->   "%tmp_146_i = add i16 %ol_valueLength_V_loa, -8" [sources/hashTable/hashTable.cpp:253]   --->   Operation 26 'add' 'tmp_146_i' <Predicate = (olState_load == 3 & tmp_i & !tmp_136_i & tmp_356) | (olState_load == 3 & tmp_351 & !tmp_136_i & tmp_356)> <Delay = 1.30> <Core = "AddSub">   --->   Core 14 'AddSub' <Latency = 0> <II = 1> <Delay = 1.35> <FuncUnit> <Opcode : 'add' 'sub'> <InPorts = 2> <OutPorts = 1>
ST_1 : Operation 27 [1/1] (0.47ns)   --->   "%tmp_220_i = select i1 %tmp_145_i, i16 %tmp_146_i, i16 0" [sources/hashTable/hashTable.cpp:253]   --->   Operation 27 'select' 'tmp_220_i' <Predicate = (olState_load == 3 & tmp_i & !tmp_136_i & tmp_356) | (olState_load == 3 & tmp_351 & !tmp_136_i & tmp_356)> <Delay = 0.47> <Core = "Sel">   --->   Core 26 'Sel' <Latency = 0> <II = 1> <Delay = 0.37> <FuncUnit> <Opcode : 'select'> <InPorts = 3> <OutPorts = 1>
ST_1 : Operation 28 [1/1] (0.92ns)   --->   "store i16 %tmp_220_i, i16* @ol_valueLength_V, align 2" [sources/hashTable/hashTable.cpp:253]   --->   Operation 28 'store' <Predicate = (olState_load == 3 & tmp_i & !tmp_136_i & tmp_356) | (olState_load == 3 & tmp_351 & !tmp_136_i & tmp_356)> <Delay = 0.92>
ST_1 : Operation 29 [1/1] (0.85ns)   --->   "br label %._crit_edge45.i" [sources/hashTable/hashTable.cpp:254]   --->   Operation 29 'br' <Predicate = (olState_load == 3 & tmp_i & !tmp_136_i & tmp_356) | (olState_load == 3 & tmp_351 & !tmp_136_i & tmp_356)> <Delay = 0.85>
ST_1 : Operation 30 [1/1] (0.00ns) (grouped into LUT with out node tmp_152_i)   --->   "%tmp_151_i = phi i16 [ %tmp_220_i, %._crit_edge46.i ], [ %ol_valueLength_V_loa, %._crit_edge43.i ]" [sources/hashTable/hashTable.cpp:253]   --->   Operation 30 'phi' 'tmp_151_i' <Predicate = (olState_load == 3 & tmp_i & tmp_136_i) | (olState_load == 3 & tmp_351 & tmp_136_i) | (olState_load == 3 & tmp_i & tmp_356) | (olState_load == 3 & tmp_351 & tmp_356)> <Delay = 0.00>
ST_1 : Operation 31 [1/1] (1.18ns) (out node of the LUT)   --->   "%tmp_152_i = icmp eq i16 %tmp_151_i, 0" [sources/hashTable/hashTable.cpp:255]   --->   Operation 31 'icmp' 'tmp_152_i' <Predicate = (olState_load == 3 & tmp_i & tmp_136_i) | (olState_load == 3 & tmp_351 & tmp_136_i) | (olState_load == 3 & tmp_i & tmp_356) | (olState_load == 3 & tmp_351 & tmp_356)> <Delay = 1.18> <Core = "Cmp">   --->   Core 25 'Cmp' <Latency = 0> <II = 1> <Delay = 0.86> <FuncUnit> <Opcode : 'icmp'> <InPorts = 2> <OutPorts = 1>
ST_1 : Operation 32 [1/1] (0.86ns)   --->   "%tmp_153_i = icmp eq i8 %ol_keyLength_V_load_1, 0" [sources/hashTable/hashTable.cpp:255]   --->   Operation 32 'icmp' 'tmp_153_i' <Predicate = (olState_load == 3 & tmp_i & tmp_136_i) | (olState_load == 3 & tmp_351 & tmp_136_i) | (olState_load == 3 & tmp_i & tmp_356) | (olState_load == 3 & tmp_351 & tmp_356)> <Delay = 0.86> <Core = "Cmp">   --->   Core 25 'Cmp' <Latency = 0> <II = 1> <Delay = 0.86> <FuncUnit> <Opcode : 'icmp'> <InPorts = 2> <OutPorts = 1>
ST_1 : Operation 33 [1/1] (0.48ns)   --->   "%or_cond1_i = and i1 %tmp_152_i, %tmp_153_i" [sources/hashTable/hashTable.cpp:255]   --->   Operation 33 'and' 'or_cond1_i' <Predicate = (olState_load == 3 & tmp_i & tmp_136_i) | (olState_load == 3 & tmp_351 & tmp_136_i) | (olState_load == 3 & tmp_i & tmp_356) | (olState_load == 3 & tmp_351 & tmp_356)> <Delay = 0.48> <Core = "LogicGate">   --->   Core 27 'LogicGate' <Latency = 0> <II = 1> <Delay = 0.48> <FuncUnit> <Opcode : 'and' 'or' 'xor'> <InPorts = 2> <OutPorts = 1>
ST_1 : Operation 34 [1/1] (0.85ns)   --->   "br i1 %or_cond1_i, label %14, label %._crit_edge47.i" [sources/hashTable/hashTable.cpp:255]   --->   Operation 34 'br' <Predicate = (olState_load == 3 & tmp_i & tmp_136_i) | (olState_load == 3 & tmp_351 & tmp_136_i) | (olState_load == 3 & tmp_i & tmp_356) | (olState_load == 3 & tmp_351 & tmp_356)> <Delay = 0.85>
ST_1 : Operation 35 [1/1] (0.92ns)   --->   "store i2 0, i2* @olState, align 1" [sources/hashTable/hashTable.cpp:257]   --->   Operation 35 'store' <Predicate = (olState_load == 3 & tmp_i & tmp_136_i & or_cond1_i) | (olState_load == 3 & tmp_351 & tmp_136_i & or_cond1_i) | (olState_load == 3 & tmp_i & tmp_356 & or_cond1_i) | (olState_load == 3 & tmp_351 & tmp_356 & or_cond1_i)> <Delay = 0.92>
ST_1 : Operation 36 [1/1] (0.85ns)   --->   "br label %._crit_edge47.i" [sources/hashTable/hashTable.cpp:258]   --->   Operation 36 'br' <Predicate = (olState_load == 3 & tmp_i & tmp_136_i & or_cond1_i) | (olState_load == 3 & tmp_351 & tmp_136_i & or_cond1_i) | (olState_load == 3 & tmp_i & tmp_356 & or_cond1_i) | (olState_load == 3 & tmp_351 & tmp_356 & or_cond1_i)> <Delay = 0.85>
ST_1 : Operation 37 [1/1] (1.00ns)   --->   "br label %._crit_edge5.i" [sources/hashTable/hashTable.cpp:260]   --->   Operation 37 'br' <Predicate = (olState_load == 3 & tmp_i & tmp_136_i) | (olState_load == 3 & tmp_351 & tmp_136_i) | (olState_load == 3 & tmp_i & tmp_356) | (olState_load == 3 & tmp_351 & tmp_356)> <Delay = 1.00>
ST_1 : Operation 38 [1/1] (0.00ns)   --->   "%tmp_349 = call i1 @_ssdm_op_NbReadReq.ap_fifo.i128P(i128* @hashMdBuffer_V_V, i32 1) nounwind" [sources/hashTable/hashTable.cpp:215]   --->   Operation 38 'nbreadreq' 'tmp_349' <Predicate = (olState_load == 2)> <Delay = 0.00> <Core = "FIFO">   --->   Core 32 'FIFO' <Latency = 0> <II = 1> <Delay = 2.39> <Storage> <Opcode : 'read' 'write' 'nbread' 'nbwrite'> <Ports = 0> <Width = 256> <Depth = 2> <FIFO>
ST_1 : Operation 39 [1/1] (1.00ns)   --->   "br i1 %tmp_349, label %8, label %._crit_edge5.i" [sources/hashTable/hashTable.cpp:215]   --->   Operation 39 'br' <Predicate = (olState_load == 2)> <Delay = 1.00>
ST_1 : Operation 40 [1/1] (0.86ns)   --->   "%tmp_134_i = icmp eq i8 %ol_keyLength_V_load, 0" [sources/hashTable/hashTable.cpp:215]   --->   Operation 40 'icmp' 'tmp_134_i' <Predicate = (olState_load == 2 & tmp_349)> <Delay = 0.86> <Core = "Cmp">   --->   Core 25 'Cmp' <Latency = 0> <II = 1> <Delay = 0.86> <FuncUnit> <Opcode : 'icmp'> <InPorts = 2> <OutPorts = 1>
ST_1 : Operation 41 [1/1] (0.00ns)   --->   "br i1 %tmp_134_i, label %._crit_edge20.i, label %9" [sources/hashTable/hashTable.cpp:215]   --->   Operation 41 'br' <Predicate = (olState_load == 2 & tmp_349)> <Delay = 0.00>
ST_1 : Operation 42 [1/1] (0.00ns)   --->   "%tmp_354 = call i1 @_ssdm_op_NbReadReq.ap_fifo.i64P(i64* @hashKeyBuffer_V_V, i32 1) nounwind" [sources/hashTable/hashTable.cpp:215]   --->   Operation 42 'nbreadreq' 'tmp_354' <Predicate = (olState_load == 2 & tmp_349 & !tmp_134_i)> <Delay = 0.00> <Core = "FIFO">   --->   Core 32 'FIFO' <Latency = 0> <II = 1> <Delay = 2.39> <Storage> <Opcode : 'read' 'write' 'nbread' 'nbwrite'> <Ports = 0> <Width = 256> <Depth = 2> <FIFO>
ST_1 : Operation 43 [1/1] (1.00ns)   --->   "br i1 %tmp_354, label %._crit_edge20.i, label %._crit_edge5.i" [sources/hashTable/hashTable.cpp:215]   --->   Operation 43 'br' <Predicate = (olState_load == 2 & tmp_349 & !tmp_134_i)> <Delay = 1.00>
ST_1 : Operation 44 [1/1] (1.18ns)   --->   "%tmp_137_i = icmp eq i16 %ol_valueLength_V_loa, 0" [sources/hashTable/hashTable.cpp:215]   --->   Operation 44 'icmp' 'tmp_137_i' <Predicate = (olState_load == 2 & tmp_349 & tmp_134_i) | (olState_load == 2 & tmp_349 & tmp_354)> <Delay = 1.18> <Core = "Cmp">   --->   Core 25 'Cmp' <Latency = 0> <II = 1> <Delay = 0.86> <FuncUnit> <Opcode : 'icmp'> <InPorts = 2> <OutPorts = 1>
ST_1 : Operation 45 [1/1] (0.00ns)   --->   "br i1 %tmp_137_i, label %._crit_edge24.i, label %10" [sources/hashTable/hashTable.cpp:215]   --->   Operation 45 'br' <Predicate = (olState_load == 2 & tmp_349 & tmp_134_i) | (olState_load == 2 & tmp_349 & tmp_354)> <Delay = 0.00>
ST_1 : Operation 46 [1/1] (0.00ns)   --->   "%tmp_357 = call i1 @_ssdm_op_NbReadReq.ap_fifo.i64P(i64* @hashValueBuffer_V_V, i32 1) nounwind" [sources/hashTable/hashTable.cpp:215]   --->   Operation 46 'nbreadreq' 'tmp_357' <Predicate = (olState_load == 2 & tmp_349 & tmp_134_i & !tmp_137_i) | (olState_load == 2 & tmp_349 & tmp_354 & !tmp_137_i)> <Delay = 0.00> <Core = "FIFO">   --->   Core 32 'FIFO' <Latency = 0> <II = 1> <Delay = 2.39> <Storage> <Opcode : 'read' 'write' 'nbread' 'nbwrite'> <Ports = 0> <Width = 256> <Depth = 2> <FIFO>
ST_1 : Operation 47 [1/1] (1.00ns)   --->   "br i1 %tmp_357, label %._crit_edge24.i, label %._crit_edge5.i" [sources/hashTable/hashTable.cpp:215]   --->   Operation 47 'br' <Predicate = (olState_load == 2 & tmp_349 & tmp_134_i & !tmp_137_i) | (olState_load == 2 & tmp_349 & tmp_354 & !tmp_137_i)> <Delay = 1.00>
ST_1 : Operation 48 [1/1] (2.39ns)   --->   "%tmp_V_31 = call i128 @_ssdm_op_Read.ap_fifo.volatile.i128P(i128* @hashMdBuffer_V_V) nounwind" [sources/hashTable/hashTable.cpp:216]   --->   Operation 48 'read' 'tmp_V_31' <Predicate = (olState_load == 2 & tmp_349 & tmp_134_i & tmp_137_i) | (olState_load == 2 & tmp_349 & tmp_354 & tmp_137_i) | (olState_load == 2 & tmp_349 & tmp_134_i & tmp_357) | (olState_load == 2 & tmp_349 & tmp_354 & tmp_357)> <Delay = 2.39> <Core = "FIFO">   --->   Core 32 'FIFO' <Latency = 0> <II = 1> <Delay = 2.39> <Storage> <Opcode : 'read' 'write' 'nbread' 'nbwrite'> <Ports = 0> <Width = 256> <Depth = 2> <FIFO>
ST_1 : Operation 49 [1/1] (0.00ns)   --->   "%outputWord_metadata_s = trunc i128 %tmp_V_31 to i124" [sources/hashTable/hashTable.cpp:217]   --->   Operation 49 'trunc' 'outputWord_metadata_s' <Predicate = (olState_load == 2 & tmp_349 & tmp_134_i & tmp_137_i) | (olState_load == 2 & tmp_349 & tmp_354 & tmp_137_i) | (olState_load == 2 & tmp_349 & tmp_134_i & tmp_357) | (olState_load == 2 & tmp_349 & tmp_354 & tmp_357)> <Delay = 0.00>
ST_1 : Operation 50 [1/1] (0.85ns)   --->   "br i1 %tmp_134_i, label %._crit_edge28.i, label %._crit_edge29.i" [sources/hashTable/hashTable.cpp:218]   --->   Operation 50 'br' <Predicate = (olState_load == 2 & tmp_349 & tmp_134_i & tmp_137_i) | (olState_load == 2 & tmp_349 & tmp_354 & tmp_137_i) | (olState_load == 2 & tmp_349 & tmp_134_i & tmp_357) | (olState_load == 2 & tmp_349 & tmp_354 & tmp_357)> <Delay = 0.85>
ST_1 : Operation 51 [1/1] (2.39ns)   --->   "%tmp_V_32 = call i64 @_ssdm_op_Read.ap_fifo.volatile.i64P(i64* @hashKeyBuffer_V_V) nounwind" [sources/hashTable/hashTable.cpp:219]   --->   Operation 51 'read' 'tmp_V_32' <Predicate = (olState_load == 2 & tmp_349 & !tmp_134_i & tmp_354 & tmp_137_i) | (olState_load == 2 & tmp_349 & !tmp_134_i & tmp_354 & tmp_357)> <Delay = 2.39> <Core = "FIFO">   --->   Core 32 'FIFO' <Latency = 0> <II = 1> <Delay = 2.39> <Storage> <Opcode : 'read' 'write' 'nbread' 'nbwrite'> <Ports = 0> <Width = 256> <Depth = 2> <FIFO>
ST_1 : Operation 52 [1/1] (0.86ns)   --->   "%tmp_143_i = icmp ugt i8 %ol_keyLength_V_load, 8" [sources/hashTable/hashTable.cpp:222]   --->   Operation 52 'icmp' 'tmp_143_i' <Predicate = (olState_load == 2 & tmp_349 & !tmp_134_i & tmp_354 & tmp_137_i) | (olState_load == 2 & tmp_349 & !tmp_134_i & tmp_354 & tmp_357)> <Delay = 0.86> <Core = "Cmp">   --->   Core 25 'Cmp' <Latency = 0> <II = 1> <Delay = 0.86> <FuncUnit> <Opcode : 'icmp'> <InPorts = 2> <OutPorts = 1>
ST_1 : Operation 53 [1/1] (1.35ns)   --->   "%tmp_144_i = add i8 %ol_keyLength_V_load, -8" [sources/hashTable/hashTable.cpp:222]   --->   Operation 53 'add' 'tmp_144_i' <Predicate = (olState_load == 2 & tmp_349 & !tmp_134_i & tmp_354 & tmp_137_i) | (olState_load == 2 & tmp_349 & !tmp_134_i & tmp_354 & tmp_357)> <Delay = 1.35> <Core = "AddSub">   --->   Core 14 'AddSub' <Latency = 0> <II = 1> <Delay = 1.35> <FuncUnit> <Opcode : 'add' 'sub'> <InPorts = 2> <OutPorts = 1>
ST_1 : Operation 54 [1/1] (0.37ns)   --->   "%tmp_213_i = select i1 %tmp_143_i, i8 %tmp_144_i, i8 0" [sources/hashTable/hashTable.cpp:222]   --->   Operation 54 'select' 'tmp_213_i' <Predicate = (olState_load == 2 & tmp_349 & !tmp_134_i & tmp_354 & tmp_137_i) | (olState_load == 2 & tmp_349 & !tmp_134_i & tmp_354 & tmp_357)> <Delay = 0.37> <Core = "Sel">   --->   Core 26 'Sel' <Latency = 0> <II = 1> <Delay = 0.37> <FuncUnit> <Opcode : 'select'> <InPorts = 3> <OutPorts = 1>
ST_1 : Operation 55 [1/1] (0.85ns)   --->   "br label %._crit_edge28.i" [sources/hashTable/hashTable.cpp:223]   --->   Operation 55 'br' <Predicate = (olState_load == 2 & tmp_349 & !tmp_134_i & tmp_354 & tmp_137_i) | (olState_load == 2 & tmp_349 & !tmp_134_i & tmp_354 & tmp_357)> <Delay = 0.85>
ST_1 : Operation 56 [1/1] (0.00ns)   --->   "%tmp_keyValid_V = phi i1 [ false, %._crit_edge24.i ], [ true, %._crit_edge29.i ]"   --->   Operation 56 'phi' 'tmp_keyValid_V' <Predicate = (olState_load == 2 & tmp_349 & tmp_134_i & tmp_137_i) | (olState_load == 2 & tmp_349 & tmp_354 & tmp_137_i) | (olState_load == 2 & tmp_349 & tmp_134_i & tmp_357) | (olState_load == 2 & tmp_349 & tmp_354 & tmp_357)> <Delay = 0.00>
ST_1 : Operation 57 [1/1] (0.00ns)   --->   "%ol_keyLength_V_load_s = phi i8 [ %ol_keyLength_V_load, %._crit_edge24.i ], [ %tmp_213_i, %._crit_edge29.i ]" [sources/hashTable/hashTable.cpp:215]   --->   Operation 57 'phi' 'ol_keyLength_V_load_s' <Predicate = (olState_load == 2 & tmp_349 & tmp_134_i & tmp_137_i) | (olState_load == 2 & tmp_349 & tmp_354 & tmp_137_i) | (olState_load == 2 & tmp_349 & tmp_134_i & tmp_357) | (olState_load == 2 & tmp_349 & tmp_354 & tmp_357)> <Delay = 0.00>
ST_1 : Operation 58 [1/1] (0.85ns)   --->   "br i1 %tmp_137_i, label %._crit_edge30.i, label %._crit_edge31.i" [sources/hashTable/hashTable.cpp:224]   --->   Operation 58 'br' <Predicate = (olState_load == 2 & tmp_349 & tmp_134_i & tmp_137_i) | (olState_load == 2 & tmp_349 & tmp_354 & tmp_137_i) | (olState_load == 2 & tmp_349 & tmp_134_i & tmp_357) | (olState_load == 2 & tmp_349 & tmp_354 & tmp_357)> <Delay = 0.85>
ST_1 : Operation 59 [1/1] (2.39ns)   --->   "%tmp_V_33 = call i64 @_ssdm_op_Read.ap_fifo.volatile.i64P(i64* @hashValueBuffer_V_V) nounwind" [sources/hashTable/hashTable.cpp:225]   --->   Operation 59 'read' 'tmp_V_33' <Predicate = (olState_load == 2 & tmp_349 & tmp_134_i & !tmp_137_i & tmp_357) | (olState_load == 2 & tmp_349 & tmp_354 & !tmp_137_i & tmp_357)> <Delay = 2.39> <Core = "FIFO">   --->   Core 32 'FIFO' <Latency = 0> <II = 1> <Delay = 2.39> <Storage> <Opcode : 'read' 'write' 'nbread' 'nbwrite'> <Ports = 0> <Width = 256> <Depth = 2> <FIFO>
ST_1 : Operation 60 [1/1] (1.18ns)   --->   "%tmp_149_i = icmp ugt i16 %ol_valueLength_V_loa, 8" [sources/hashTable/hashTable.cpp:228]   --->   Operation 60 'icmp' 'tmp_149_i' <Predicate = (olState_load == 2 & tmp_349 & tmp_134_i & !tmp_137_i & tmp_357) | (olState_load == 2 & tmp_349 & tmp_354 & !tmp_137_i & tmp_357)> <Delay = 1.18> <Core = "Cmp">   --->   Core 25 'Cmp' <Latency = 0> <II = 1> <Delay = 0.86> <FuncUnit> <Opcode : 'icmp'> <InPorts = 2> <OutPorts = 1>
ST_1 : Operation 61 [1/1] (1.30ns)   --->   "%tmp_150_i = add i16 %ol_valueLength_V_loa, -8" [sources/hashTable/hashTable.cpp:228]   --->   Operation 61 'add' 'tmp_150_i' <Predicate = (olState_load == 2 & tmp_349 & tmp_134_i & !tmp_137_i & tmp_357) | (olState_load == 2 & tmp_349 & tmp_354 & !tmp_137_i & tmp_357)> <Delay = 1.30> <Core = "AddSub">   --->   Core 14 'AddSub' <Latency = 0> <II = 1> <Delay = 1.35> <FuncUnit> <Opcode : 'add' 'sub'> <InPorts = 2> <OutPorts = 1>
ST_1 : Operation 62 [1/1] (0.47ns)   --->   "%tmp_221_i = select i1 %tmp_149_i, i16 %tmp_150_i, i16 0" [sources/hashTable/hashTable.cpp:228]   --->   Operation 62 'select' 'tmp_221_i' <Predicate = (olState_load == 2 & tmp_349 & tmp_134_i & !tmp_137_i & tmp_357) | (olState_load == 2 & tmp_349 & tmp_354 & !tmp_137_i & tmp_357)> <Delay = 0.47> <Core = "Sel">   --->   Core 26 'Sel' <Latency = 0> <II = 1> <Delay = 0.37> <FuncUnit> <Opcode : 'select'> <InPorts = 3> <OutPorts = 1>
ST_1 : Operation 63 [1/1] (0.92ns)   --->   "store i16 %tmp_221_i, i16* @ol_valueLength_V, align 2" [sources/hashTable/hashTable.cpp:228]   --->   Operation 63 'store' <Predicate = (olState_load == 2 & tmp_349 & tmp_134_i & !tmp_137_i & tmp_357) | (olState_load == 2 & tmp_349 & tmp_354 & !tmp_137_i & tmp_357)> <Delay = 0.92>
ST_1 : Operation 64 [1/1] (0.85ns)   --->   "br label %._crit_edge30.i" [sources/hashTable/hashTable.cpp:229]   --->   Operation 64 'br' <Predicate = (olState_load == 2 & tmp_349 & tmp_134_i & !tmp_137_i & tmp_357) | (olState_load == 2 & tmp_349 & tmp_354 & !tmp_137_i & tmp_357)> <Delay = 0.85>
ST_1 : Operation 65 [1/1] (0.00ns) (grouped into LUT with out node tmp_155_i)   --->   "%tmp_154_i = phi i16 [ %tmp_221_i, %._crit_edge31.i ], [ %ol_valueLength_V_loa, %._crit_edge28.i ]" [sources/hashTable/hashTable.cpp:228]   --->   Operation 65 'phi' 'tmp_154_i' <Predicate = (olState_load == 2 & tmp_349 & tmp_134_i & tmp_137_i) | (olState_load == 2 & tmp_349 & tmp_354 & tmp_137_i) | (olState_load == 2 & tmp_349 & tmp_134_i & tmp_357) | (olState_load == 2 & tmp_349 & tmp_354 & tmp_357)> <Delay = 0.00>
ST_1 : Operation 66 [1/1] (1.18ns) (out node of the LUT)   --->   "%tmp_155_i = icmp eq i16 %tmp_154_i, 0" [sources/hashTable/hashTable.cpp:230]   --->   Operation 66 'icmp' 'tmp_155_i' <Predicate = (olState_load == 2 & tmp_349 & tmp_134_i & tmp_137_i) | (olState_load == 2 & tmp_349 & tmp_354 & tmp_137_i) | (olState_load == 2 & tmp_349 & tmp_134_i & tmp_357) | (olState_load == 2 & tmp_349 & tmp_354 & tmp_357)> <Delay = 1.18> <Core = "Cmp">   --->   Core 25 'Cmp' <Latency = 0> <II = 1> <Delay = 0.86> <FuncUnit> <Opcode : 'icmp'> <InPorts = 2> <OutPorts = 1>
ST_1 : Operation 67 [1/1] (0.86ns)   --->   "%tmp_156_i = icmp eq i8 %ol_keyLength_V_load_s, 0" [sources/hashTable/hashTable.cpp:230]   --->   Operation 67 'icmp' 'tmp_156_i' <Predicate = (olState_load == 2 & tmp_349 & tmp_134_i & tmp_137_i) | (olState_load == 2 & tmp_349 & tmp_354 & tmp_137_i) | (olState_load == 2 & tmp_349 & tmp_134_i & tmp_357) | (olState_load == 2 & tmp_349 & tmp_354 & tmp_357)> <Delay = 0.86> <Core = "Cmp">   --->   Core 25 'Cmp' <Latency = 0> <II = 1> <Delay = 0.86> <FuncUnit> <Opcode : 'icmp'> <InPorts = 2> <OutPorts = 1>
ST_1 : Operation 68 [1/1] (0.48ns)   --->   "%tmp_EOP_V = and i1 %tmp_155_i, %tmp_156_i" [sources/hashTable/hashTable.cpp:230]   --->   Operation 68 'and' 'tmp_EOP_V' <Predicate = (olState_load == 2 & tmp_349 & tmp_134_i & tmp_137_i) | (olState_load == 2 & tmp_349 & tmp_354 & tmp_137_i) | (olState_load == 2 & tmp_349 & tmp_134_i & tmp_357) | (olState_load == 2 & tmp_349 & tmp_354 & tmp_357)> <Delay = 0.48> <Core = "LogicGate">   --->   Core 27 'LogicGate' <Latency = 0> <II = 1> <Delay = 0.48> <FuncUnit> <Opcode : 'and' 'or' 'xor'> <InPorts = 2> <OutPorts = 1>
ST_1 : Operation 69 [1/1] (0.00ns) (grouped into LUT with out node storemerge12_cast_i)   --->   "%not_tmp_EOP_V_i_demo = and i1 %tmp_155_i, %tmp_156_i" [sources/hashTable/hashTable.cpp:230]   --->   Operation 69 'and' 'not_tmp_EOP_V_i_demo' <Predicate = (olState_load == 2 & tmp_349 & tmp_134_i & tmp_137_i) | (olState_load == 2 & tmp_349 & tmp_354 & tmp_137_i) | (olState_load == 2 & tmp_349 & tmp_134_i & tmp_357) | (olState_load == 2 & tmp_349 & tmp_354 & tmp_357)> <Delay = 0.00> <Core = "LogicGate">   --->   Core 27 'LogicGate' <Latency = 0> <II = 1> <Delay = 0.48> <FuncUnit> <Opcode : 'and' 'or' 'xor'> <InPorts = 2> <OutPorts = 1>
ST_1 : Operation 70 [1/1] (0.00ns) (grouped into LUT with out node storemerge12_cast_i)   --->   "%not_tmp_EOP_V_i = xor i1 %not_tmp_EOP_V_i_demo, true" [sources/hashTable/hashTable.cpp:230]   --->   Operation 70 'xor' 'not_tmp_EOP_V_i' <Predicate = (olState_load == 2 & tmp_349 & tmp_134_i & tmp_137_i) | (olState_load == 2 & tmp_349 & tmp_354 & tmp_137_i) | (olState_load == 2 & tmp_349 & tmp_134_i & tmp_357) | (olState_load == 2 & tmp_349 & tmp_354 & tmp_357)> <Delay = 0.00> <Core = "LogicGate">   --->   Core 27 'LogicGate' <Latency = 0> <II = 1> <Delay = 0.48> <FuncUnit> <Opcode : 'and' 'or' 'xor'> <InPorts = 2> <OutPorts = 1>
ST_1 : Operation 71 [1/1] (0.49ns) (out node of the LUT)   --->   "%storemerge12_cast_i = select i1 %not_tmp_EOP_V_i, i2 -1, i2 0" [sources/hashTable/hashTable.cpp:230]   --->   Operation 71 'select' 'storemerge12_cast_i' <Predicate = (olState_load == 2 & tmp_349 & tmp_134_i & tmp_137_i) | (olState_load == 2 & tmp_349 & tmp_354 & tmp_137_i) | (olState_load == 2 & tmp_349 & tmp_134_i & tmp_357) | (olState_load == 2 & tmp_349 & tmp_354 & tmp_357)> <Delay = 0.49> <Core = "Sel">   --->   Core 26 'Sel' <Latency = 0> <II = 1> <Delay = 0.37> <FuncUnit> <Opcode : 'select'> <InPorts = 3> <OutPorts = 1>
ST_1 : Operation 72 [1/1] (0.92ns)   --->   "store i2 %storemerge12_cast_i, i2* @olState, align 1" [sources/hashTable/hashTable.cpp:232]   --->   Operation 72 'store' <Predicate = (olState_load == 2 & tmp_349 & tmp_134_i & tmp_137_i) | (olState_load == 2 & tmp_349 & tmp_354 & tmp_137_i) | (olState_load == 2 & tmp_349 & tmp_134_i & tmp_357) | (olState_load == 2 & tmp_349 & tmp_354 & tmp_357)> <Delay = 0.92>
ST_1 : Operation 73 [1/1] (1.00ns)   --->   "br label %._crit_edge5.i" [sources/hashTable/hashTable.cpp:237]   --->   Operation 73 'br' <Predicate = (olState_load == 2 & tmp_349 & tmp_134_i & tmp_137_i) | (olState_load == 2 & tmp_349 & tmp_354 & tmp_137_i) | (olState_load == 2 & tmp_349 & tmp_134_i & tmp_357) | (olState_load == 2 & tmp_349 & tmp_354 & tmp_357)> <Delay = 1.00>
ST_1 : Operation 74 [1/1] (0.00ns)   --->   "%tmp = call i1 @_ssdm_op_NbReadReq.ap_fifo.i57P(i57* @memWr2out_V, i32 1) nounwind"   --->   Operation 74 'nbreadreq' 'tmp' <Predicate = (olState_load == 0)> <Delay = 0.00> <Core = "FIFO">   --->   Core 32 'FIFO' <Latency = 0> <II = 1> <Delay = 2.39> <Storage> <Opcode : 'read' 'write' 'nbread' 'nbwrite'> <Ports = 0> <Width = 256> <Depth = 2> <FIFO>
ST_1 : Operation 75 [1/1] (1.00ns)   --->   "br i1 %tmp, label %1, label %._crit_edge5.i" [sources/hashTable/hashTable.cpp:180]   --->   Operation 75 'br' <Predicate = (olState_load == 0)> <Delay = 1.00>
ST_1 : Operation 76 [1/1] (0.00ns)   --->   "%tmp_350 = call i1 @_ssdm_op_NbReadReq.ap_fifo.i128P(i128* @hashMdBuffer_V_V, i32 1) nounwind" [sources/hashTable/hashTable.cpp:180]   --->   Operation 76 'nbreadreq' 'tmp_350' <Predicate = (olState_load == 0 & tmp)> <Delay = 0.00> <Core = "FIFO">   --->   Core 32 'FIFO' <Latency = 0> <II = 1> <Delay = 2.39> <Storage> <Opcode : 'read' 'write' 'nbread' 'nbwrite'> <Ports = 0> <Width = 256> <Depth = 2> <FIFO>
ST_1 : Operation 77 [1/1] (1.00ns)   --->   "br i1 %tmp_350, label %2, label %._crit_edge5.i" [sources/hashTable/hashTable.cpp:180]   --->   Operation 77 'br' <Predicate = (olState_load == 0 & tmp)> <Delay = 1.00>
ST_1 : Operation 78 [1/1] (2.39ns)   --->   "%tmp128 = call i57 @_ssdm_op_Read.ap_fifo.volatile.i57P(i57* @memWr2out_V) nounwind"   --->   Operation 78 'read' 'tmp128' <Predicate = (olState_load == 0 & tmp & tmp_350)> <Delay = 2.39> <Core = "FIFO">   --->   Core 32 'FIFO' <Latency = 0> <II = 1> <Delay = 2.39> <Storage> <Opcode : 'read' 'write' 'nbread' 'nbwrite'> <Ports = 0> <Width = 256> <Depth = 2> <FIFO>
ST_1 : Operation 79 [1/1] (0.00ns)   --->   "%tmp_valueLength_V_lo = call i16 @_ssdm_op_PartSelect.i16.i57.i32.i32(i57 %tmp128, i32 32, i32 47) nounwind" [sources/hashTable/../globals.h:170->sources/hashTable/hashTable.cpp:181]   --->   Operation 79 'partselect' 'tmp_valueLength_V_lo' <Predicate = (olState_load == 0 & tmp & tmp_350)> <Delay = 0.00>
ST_1 : Operation 80 [1/1] (0.00ns)   --->   "%tmp_operation_V_load = call i8 @_ssdm_op_PartSelect.i8.i57.i32.i32(i57 %tmp128, i32 48, i32 55) nounwind" [sources/hashTable/../globals.h:170->sources/hashTable/hashTable.cpp:181]   --->   Operation 80 'partselect' 'tmp_operation_V_load' <Predicate = (olState_load == 0 & tmp & tmp_350)> <Delay = 0.00>
ST_1 : Operation 81 [1/1] (0.00ns)   --->   "%tmp_352 = call i1 @_ssdm_op_BitSelect.i1.i57.i32(i57 %tmp128, i32 56)" [sources/hashTable/../globals.h:170->sources/hashTable/hashTable.cpp:181]   --->   Operation 81 'bitselect' 'tmp_352' <Predicate = (olState_load == 0 & tmp & tmp_350)> <Delay = 0.00>
ST_1 : Operation 82 [1/1] (2.39ns)   --->   "%tmp_V = call i128 @_ssdm_op_Read.ap_fifo.volatile.i128P(i128* @hashMdBuffer_V_V) nounwind" [sources/hashTable/hashTable.cpp:182]   --->   Operation 82 'read' 'tmp_V' <Predicate = (olState_load == 0 & tmp & tmp_350)> <Delay = 2.39> <Core = "FIFO">   --->   Core 32 'FIFO' <Latency = 0> <II = 1> <Delay = 2.39> <Storage> <Opcode : 'read' 'write' 'nbread' 'nbwrite'> <Ports = 0> <Width = 256> <Depth = 2> <FIFO>
ST_1 : Operation 83 [1/1] (0.00ns)   --->   "%tmp_353 = trunc i128 %tmp_V to i8" [sources/hashTable/hashTable.cpp:183]   --->   Operation 83 'trunc' 'tmp_353' <Predicate = (olState_load == 0 & tmp & tmp_350)> <Delay = 0.00>
ST_1 : Operation 84 [1/1] (0.86ns)   --->   "%tmp_135_i = icmp eq i8 %tmp_353, 0" [sources/hashTable/hashTable.cpp:184]   --->   Operation 84 'icmp' 'tmp_135_i' <Predicate = (olState_load == 0 & tmp & tmp_350)> <Delay = 0.86> <Core = "Cmp">   --->   Core 25 'Cmp' <Latency = 0> <II = 1> <Delay = 0.86> <FuncUnit> <Opcode : 'icmp'> <InPorts = 2> <OutPorts = 1>
ST_1 : Operation 85 [1/1] (0.00ns)   --->   "br i1 %tmp_135_i, label %._crit_edge8.i, label %3" [sources/hashTable/hashTable.cpp:184]   --->   Operation 85 'br' <Predicate = (olState_load == 0 & tmp & tmp_350)> <Delay = 0.00>
ST_1 : Operation 86 [1/1] (0.00ns)   --->   "%tmp_355 = call i1 @_ssdm_op_NbReadReq.ap_fifo.i64P(i64* @hashKeyBuffer_V_V, i32 1) nounwind" [sources/hashTable/hashTable.cpp:184]   --->   Operation 86 'nbreadreq' 'tmp_355' <Predicate = (olState_load == 0 & tmp & tmp_350 & !tmp_135_i)> <Delay = 0.00> <Core = "FIFO">   --->   Core 32 'FIFO' <Latency = 0> <II = 1> <Delay = 2.39> <Storage> <Opcode : 'read' 'write' 'nbread' 'nbwrite'> <Ports = 0> <Width = 256> <Depth = 2> <FIFO>
ST_1 : Operation 87 [1/1] (1.00ns)   --->   "br i1 %tmp_355, label %._crit_edge8.i, label %._crit_edge5.i" [sources/hashTable/hashTable.cpp:184]   --->   Operation 87 'br' <Predicate = (olState_load == 0 & tmp & tmp_350 & !tmp_135_i)> <Delay = 1.00>
ST_1 : Operation 88 [1/1] (0.86ns)   --->   "%tmp_138_i = icmp eq i8 %tmp_operation_V_load, 1" [sources/hashTable/hashTable.cpp:184]   --->   Operation 88 'icmp' 'tmp_138_i' <Predicate = (olState_load == 0 & tmp & tmp_350 & tmp_135_i) | (olState_load == 0 & tmp & tmp_350 & tmp_355)> <Delay = 0.86> <Core = "Cmp">   --->   Core 25 'Cmp' <Latency = 0> <II = 1> <Delay = 0.86> <FuncUnit> <Opcode : 'icmp'> <InPorts = 2> <OutPorts = 1>
ST_1 : Operation 89 [1/1] (0.00ns)   --->   "br i1 %tmp_138_i, label %4, label %._crit_edge12.i" [sources/hashTable/hashTable.cpp:184]   --->   Operation 89 'br' <Predicate = (olState_load == 0 & tmp & tmp_350 & tmp_135_i) | (olState_load == 0 & tmp & tmp_350 & tmp_355)> <Delay = 0.00>
ST_1 : Operation 90 [1/1] (0.00ns)   --->   "%tmp_358 = call i1 @_ssdm_op_NbReadReq.ap_fifo.i64P(i64* @hashValueBuffer_V_V, i32 1) nounwind" [sources/hashTable/hashTable.cpp:184]   --->   Operation 90 'nbreadreq' 'tmp_358' <Predicate = (olState_load == 0 & tmp & tmp_350 & tmp_135_i & tmp_138_i) | (olState_load == 0 & tmp & tmp_350 & tmp_355 & tmp_138_i)> <Delay = 0.00> <Core = "FIFO">   --->   Core 32 'FIFO' <Latency = 0> <II = 1> <Delay = 2.39> <Storage> <Opcode : 'read' 'write' 'nbread' 'nbwrite'> <Ports = 0> <Width = 256> <Depth = 2> <FIFO>
ST_1 : Operation 91 [1/1] (1.00ns)   --->   "br i1 %tmp_358, label %._crit_edge12.i, label %._crit_edge5.i" [sources/hashTable/hashTable.cpp:184]   --->   Operation 91 'br' <Predicate = (olState_load == 0 & tmp & tmp_350 & tmp_135_i & tmp_138_i) | (olState_load == 0 & tmp & tmp_350 & tmp_355 & tmp_138_i)> <Delay = 1.00>
ST_1 : Operation 92 [1/1] (0.00ns)   --->   "%p_Result_25 = trunc i57 %tmp128 to i32" [sources/hashTable/hashTable.cpp:189]   --->   Operation 92 'trunc' 'p_Result_25' <Predicate = (olState_load == 0 & tmp & tmp_350 & tmp_135_i & !tmp_138_i) | (olState_load == 0 & tmp & tmp_350 & tmp_355 & !tmp_138_i) | (olState_load == 0 & tmp & tmp_350 & tmp_135_i & tmp_358) | (olState_load == 0 & tmp & tmp_350 & tmp_355 & tmp_358)> <Delay = 0.00>
ST_1 : Operation 93 [1/1] (0.00ns)   --->   "br i1 %tmp_138_i, label %._crit_edge16.i, label %5" [sources/hashTable/hashTable.cpp:193]   --->   Operation 93 'br' <Predicate = (olState_load == 0 & tmp & tmp_350 & tmp_135_i & !tmp_138_i) | (olState_load == 0 & tmp & tmp_350 & tmp_355 & !tmp_138_i) | (olState_load == 0 & tmp & tmp_350 & tmp_135_i & tmp_358) | (olState_load == 0 & tmp & tmp_350 & tmp_355 & tmp_358)> <Delay = 0.00>
ST_1 : Operation 94 [1/1] (0.00ns)   --->   "%p_Result_s = call i128 @llvm.part.set.i128.i16(i128 %tmp_V, i16 %tmp_valueLength_V_lo, i32 8, i32 23) nounwind" [sources/hashTable/hashTable.cpp:194]   --->   Operation 94 'partset' 'p_Result_s' <Predicate = (olState_load == 0 & tmp & tmp_350 & tmp_135_i & !tmp_138_i) | (olState_load == 0 & tmp & tmp_350 & tmp_355 & !tmp_138_i)> <Delay = 0.00>
ST_1 : Operation 95 [1/1] (0.85ns)   --->   "br label %6" [sources/hashTable/hashTable.cpp:194]   --->   Operation 95 'br' <Predicate = (olState_load == 0 & tmp & tmp_350 & tmp_135_i & !tmp_138_i) | (olState_load == 0 & tmp & tmp_350 & tmp_355 & !tmp_138_i)> <Delay = 0.85>
ST_1 : Operation 96 [1/1] (0.00ns)   --->   "%p_Result_33_i = call i16 @_ssdm_op_PartSelect.i16.i128.i32.i32(i128 %tmp_V, i32 8, i32 23) nounwind" [sources/hashTable/hashTable.cpp:196]   --->   Operation 96 'partselect' 'p_Result_33_i' <Predicate = (olState_load == 0 & tmp & tmp_350 & tmp_135_i & tmp_138_i & tmp_358) | (olState_load == 0 & tmp & tmp_350 & tmp_355 & tmp_138_i & tmp_358)> <Delay = 0.00>
ST_1 : Operation 97 [1/1] (2.39ns)   --->   "%tmp_V_29 = call i64 @_ssdm_op_Read.ap_fifo.volatile.i64P(i64* @hashValueBuffer_V_V) nounwind" [sources/hashTable/hashTable.cpp:197]   --->   Operation 97 'read' 'tmp_V_29' <Predicate = (olState_load == 0 & tmp & tmp_350 & tmp_135_i & tmp_138_i & tmp_358) | (olState_load == 0 & tmp & tmp_350 & tmp_355 & tmp_138_i & tmp_358)> <Delay = 2.39> <Core = "FIFO">   --->   Core 32 'FIFO' <Latency = 0> <II = 1> <Delay = 2.39> <Storage> <Opcode : 'read' 'write' 'nbread' 'nbwrite'> <Ports = 0> <Width = 256> <Depth = 2> <FIFO>
ST_1 : Operation 98 [1/1] (1.18ns)   --->   "%tmp_141_i = icmp ugt i16 %p_Result_33_i, 8" [sources/hashTable/hashTable.cpp:199]   --->   Operation 98 'icmp' 'tmp_141_i' <Predicate = (olState_load == 0 & tmp & tmp_350 & tmp_135_i & tmp_138_i & tmp_358) | (olState_load == 0 & tmp & tmp_350 & tmp_355 & tmp_138_i & tmp_358)> <Delay = 1.18> <Core = "Cmp">   --->   Core 25 'Cmp' <Latency = 0> <II = 1> <Delay = 0.86> <FuncUnit> <Opcode : 'icmp'> <InPorts = 2> <OutPorts = 1>
ST_1 : Operation 99 [1/1] (1.30ns)   --->   "%tmp_142_i = add i16 %p_Result_33_i, -8" [sources/hashTable/hashTable.cpp:199]   --->   Operation 99 'add' 'tmp_142_i' <Predicate = (olState_load == 0 & tmp & tmp_350 & tmp_135_i & tmp_138_i & tmp_358) | (olState_load == 0 & tmp & tmp_350 & tmp_355 & tmp_138_i & tmp_358)> <Delay = 1.30> <Core = "AddSub">   --->   Core 14 'AddSub' <Latency = 0> <II = 1> <Delay = 1.35> <FuncUnit> <Opcode : 'add' 'sub'> <InPorts = 2> <OutPorts = 1>
ST_1 : Operation 100 [1/1] (0.47ns)   --->   "%storemerge_i = select i1 %tmp_141_i, i16 %tmp_142_i, i16 0" [sources/hashTable/hashTable.cpp:199]   --->   Operation 100 'select' 'storemerge_i' <Predicate = (olState_load == 0 & tmp & tmp_350 & tmp_135_i & tmp_138_i & tmp_358) | (olState_load == 0 & tmp & tmp_350 & tmp_355 & tmp_138_i & tmp_358)> <Delay = 0.47> <Core = "Sel">   --->   Core 26 'Sel' <Latency = 0> <II = 1> <Delay = 0.37> <FuncUnit> <Opcode : 'select'> <InPorts = 3> <OutPorts = 1>
ST_1 : Operation 101 [1/1] (0.92ns)   --->   "store i16 %storemerge_i, i16* @ol_valueLength_V, align 2" [sources/hashTable/hashTable.cpp:199]   --->   Operation 101 'store' <Predicate = (olState_load == 0 & tmp & tmp_350 & tmp_135_i & tmp_138_i & tmp_358) | (olState_load == 0 & tmp & tmp_350 & tmp_355 & tmp_138_i & tmp_358)> <Delay = 0.92>
ST_1 : Operation 102 [1/1] (0.85ns)   --->   "br label %6"   --->   Operation 102 'br' <Predicate = (olState_load == 0 & tmp & tmp_350 & tmp_135_i & tmp_138_i & tmp_358) | (olState_load == 0 & tmp & tmp_350 & tmp_355 & tmp_138_i & tmp_358)> <Delay = 0.85>
ST_1 : Operation 103 [1/1] (0.85ns)   --->   "br i1 %tmp_135_i, label %._crit_edge17.i, label %._crit_edge18.i" [sources/hashTable/hashTable.cpp:201]   --->   Operation 103 'br' <Predicate = (olState_load == 0 & tmp & tmp_350 & tmp_135_i & !tmp_138_i) | (olState_load == 0 & tmp & tmp_350 & tmp_355 & !tmp_138_i) | (olState_load == 0 & tmp & tmp_350 & tmp_135_i & tmp_358) | (olState_load == 0 & tmp & tmp_350 & tmp_355 & tmp_358)> <Delay = 0.85>
ST_1 : Operation 104 [1/1] (2.39ns)   --->   "%tmp_V_30 = call i64 @_ssdm_op_Read.ap_fifo.volatile.i64P(i64* @hashKeyBuffer_V_V) nounwind" [sources/hashTable/hashTable.cpp:202]   --->   Operation 104 'read' 'tmp_V_30' <Predicate = (olState_load == 0 & tmp & tmp_350 & !tmp_135_i & tmp_355 & !tmp_138_i) | (olState_load == 0 & tmp & tmp_350 & !tmp_135_i & tmp_355 & tmp_358)> <Delay = 2.39> <Core = "FIFO">   --->   Core 32 'FIFO' <Latency = 0> <II = 1> <Delay = 2.39> <Storage> <Opcode : 'read' 'write' 'nbread' 'nbwrite'> <Ports = 0> <Width = 256> <Depth = 2> <FIFO>
ST_1 : Operation 105 [1/1] (0.86ns)   --->   "%tmp_147_i = icmp ugt i8 %tmp_353, 8" [sources/hashTable/hashTable.cpp:204]   --->   Operation 105 'icmp' 'tmp_147_i' <Predicate = (olState_load == 0 & tmp & tmp_350 & !tmp_135_i & tmp_355 & !tmp_138_i) | (olState_load == 0 & tmp & tmp_350 & !tmp_135_i & tmp_355 & tmp_358)> <Delay = 0.86> <Core = "Cmp">   --->   Core 25 'Cmp' <Latency = 0> <II = 1> <Delay = 0.86> <FuncUnit> <Opcode : 'icmp'> <InPorts = 2> <OutPorts = 1>
ST_1 : Operation 106 [1/1] (1.35ns)   --->   "%tmp_148_i = add i8 %tmp_353, -8" [sources/hashTable/hashTable.cpp:204]   --->   Operation 106 'add' 'tmp_148_i' <Predicate = (olState_load == 0 & tmp & tmp_350 & !tmp_135_i & tmp_355 & !tmp_138_i) | (olState_load == 0 & tmp & tmp_350 & !tmp_135_i & tmp_355 & tmp_358)> <Delay = 1.35> <Core = "AddSub">   --->   Core 14 'AddSub' <Latency = 0> <II = 1> <Delay = 1.35> <FuncUnit> <Opcode : 'add' 'sub'> <InPorts = 2> <OutPorts = 1>
ST_1 : Operation 107 [1/1] (0.37ns)   --->   "%tmp_218_i = select i1 %tmp_147_i, i8 %tmp_148_i, i8 0" [sources/hashTable/hashTable.cpp:204]   --->   Operation 107 'select' 'tmp_218_i' <Predicate = (olState_load == 0 & tmp & tmp_350 & !tmp_135_i & tmp_355 & !tmp_138_i) | (olState_load == 0 & tmp & tmp_350 & !tmp_135_i & tmp_355 & tmp_358)> <Delay = 0.37> <Core = "Sel">   --->   Core 26 'Sel' <Latency = 0> <II = 1> <Delay = 0.37> <FuncUnit> <Opcode : 'select'> <InPorts = 3> <OutPorts = 1>
ST_1 : Operation 108 [1/1] (0.85ns)   --->   "br label %._crit_edge17.i" [sources/hashTable/hashTable.cpp:205]   --->   Operation 108 'br' <Predicate = (olState_load == 0 & tmp & tmp_350 & !tmp_135_i & tmp_355 & !tmp_138_i) | (olState_load == 0 & tmp & tmp_350 & !tmp_135_i & tmp_355 & tmp_358)> <Delay = 0.85>
ST_1 : Operation 109 [1/1] (0.00ns)   --->   "%ol_keyLength_V_new_i = phi i8 [ %tmp_353, %6 ], [ %tmp_218_i, %._crit_edge18.i ]" [sources/hashTable/hashTable.cpp:183]   --->   Operation 109 'phi' 'ol_keyLength_V_new_i' <Predicate = (olState_load == 0 & tmp & tmp_350 & tmp_135_i & !tmp_138_i) | (olState_load == 0 & tmp & tmp_350 & tmp_355 & !tmp_138_i) | (olState_load == 0 & tmp & tmp_350 & tmp_135_i & tmp_358) | (olState_load == 0 & tmp & tmp_350 & tmp_355 & tmp_358)> <Delay = 0.00>
ST_1 : Operation 110 [1/1] (0.92ns)   --->   "store i2 -2, i2* @olState, align 1" [sources/hashTable/hashTable.cpp:208]   --->   Operation 110 'store' <Predicate = (olState_load == 0 & tmp & tmp_350 & tmp_135_i & !tmp_138_i) | (olState_load == 0 & tmp & tmp_350 & tmp_355 & !tmp_138_i) | (olState_load == 0 & tmp & tmp_350 & tmp_135_i & tmp_358) | (olState_load == 0 & tmp & tmp_350 & tmp_355 & tmp_358)> <Delay = 0.92>
ST_1 : Operation 111 [1/1] (1.00ns)   --->   "br label %._crit_edge5.i" [sources/hashTable/hashTable.cpp:209]   --->   Operation 111 'br' <Predicate = (olState_load == 0 & tmp & tmp_350 & tmp_135_i & !tmp_138_i) | (olState_load == 0 & tmp & tmp_350 & tmp_355 & !tmp_138_i) | (olState_load == 0 & tmp & tmp_350 & tmp_135_i & tmp_358) | (olState_load == 0 & tmp & tmp_350 & tmp_355 & tmp_358)> <Delay = 1.00>
ST_1 : Operation 112 [1/1] (0.00ns)   --->   "%ol_keyLength_V_flag_s = phi i1 [ false, %entry ], [ false, %1 ], [ false, %0 ], [ true, %._crit_edge17.i ], [ true, %4 ], [ true, %3 ], [ %tmp_keyValid_V, %._crit_edge30.i ], [ false, %10 ], [ false, %9 ], [ false, %7 ], [ %tmp_keyValid_V_3, %._crit_edge47.i ], [ false, %13 ], [ false, %12 ]"   --->   Operation 112 'phi' 'ol_keyLength_V_flag_s' <Predicate = true> <Delay = 0.00>
ST_1 : Operation 113 [1/1] (0.00ns)   --->   "%ol_keyLength_V_new_7 = phi i8 [ undef, %entry ], [ undef, %1 ], [ undef, %0 ], [ %ol_keyLength_V_new_i, %._crit_edge17.i ], [ %tmp_353, %4 ], [ %tmp_353, %3 ], [ %ol_keyLength_V_load_s, %._crit_edge30.i ], [ undef, %10 ], [ undef, %9 ], [ undef, %7 ], [ %ol_keyLength_V_load_1, %._crit_edge47.i ], [ undef, %13 ], [ undef, %12 ]" [sources/hashTable/hashTable.cpp:183]   --->   Operation 113 'phi' 'ol_keyLength_V_new_7' <Predicate = true> <Delay = 0.00>
ST_1 : Operation 114 [1/1] (0.00ns)   --->   "br i1 %ol_keyLength_V_flag_s, label %mergeST.i, label %ht_outputLogic.exit"   --->   Operation 114 'br' <Predicate = true> <Delay = 0.00>
ST_1 : Operation 115 [1/1] (0.00ns)   --->   "store i8 %ol_keyLength_V_new_7, i8* @ol_keyLength_V, align 1" [sources/hashTable/hashTable.cpp:183]   --->   Operation 115 'store' <Predicate = (ol_keyLength_V_flag_s)> <Delay = 0.00>

State 2 <SV = 1> <Delay = 2.39>
ST_2 : Operation 116 [1/1] (0.00ns)   --->   "call void (...)* @_ssdm_op_SpecInterface(i64* @hashKeyBuffer_V_V, [8 x i8]* @ap_fifo_str, i32 0, i32 0, [1 x i8]* @p_str, i32 0, i32 0, [1 x i8]* @p_str, [1 x i8]* @p_str, [1 x i8]* @p_str, i32 2, i32 2, i32 16, i32 16, [1 x i8]* @p_str, [1 x i8]* @p_str)"   --->   Operation 116 'specinterface' <Predicate = true> <Delay = 0.00>
ST_2 : Operation 117 [1/1] (0.00ns)   --->   "call void (...)* @_ssdm_op_SpecInterface(i128* @hashMdBuffer_V_V, [8 x i8]* @ap_fifo_str, i32 0, i32 0, [1 x i8]* @p_str, i32 0, i32 0, [1 x i8]* @p_str, [1 x i8]* @p_str, [1 x i8]* @p_str, i32 2, i32 2, i32 16, i32 16, [1 x i8]* @p_str, [1 x i8]* @p_str)"   --->   Operation 117 'specinterface' <Predicate = true> <Delay = 0.00>
ST_2 : Operation 118 [1/1] (0.00ns)   --->   "call void (...)* @_ssdm_op_SpecInterface(i256* @hashTable2splitter_V, [8 x i8]* @ap_fifo_str, i32 0, i32 0, [1 x i8]* @p_str, i32 0, i32 0, [1 x i8]* @p_str, [1 x i8]* @p_str, [1 x i8]* @p_str, i32 2, i32 2, i32 16, i32 16, [1 x i8]* @p_str, [1 x i8]* @p_str)"   --->   Operation 118 'specinterface' <Predicate = true> <Delay = 0.00>
ST_2 : Operation 119 [1/1] (0.00ns)   --->   "call void (...)* @_ssdm_op_SpecInterface(i64* @hashValueBuffer_V_V, [8 x i8]* @ap_fifo_str, i32 0, i32 0, [1 x i8]* @p_str, i32 0, i32 0, [1 x i8]* @p_str, [1 x i8]* @p_str, [1 x i8]* @p_str, i32 2, i32 2, i32 16, i32 16, [1 x i8]* @p_str, [1 x i8]* @p_str)"   --->   Operation 119 'specinterface' <Predicate = true> <Delay = 0.00>
ST_2 : Operation 120 [1/1] (0.00ns)   --->   "call void (...)* @_ssdm_op_SpecInterface(i57* @memWr2out_V, [8 x i8]* @ap_fifo_str, i32 0, i32 0, [1 x i8]* @p_str, i32 0, i32 0, [1 x i8]* @p_str, [1 x i8]* @p_str, [1 x i8]* @p_str, i32 2, i32 2, i32 16, i32 16, [1 x i8]* @p_str, [1 x i8]* @p_str)"   --->   Operation 120 'specinterface' <Predicate = true> <Delay = 0.00>
ST_2 : Operation 121 [1/1] (0.00ns)   --->   "call void (...)* @_ssdm_op_SpecInterface(i32 0, [13 x i8]* @p_str17, i32 0, i32 0, [1 x i8]* @p_str118, i32 0, i32 0, [1 x i8]* @p_str118, [1 x i8]* @p_str118, [1 x i8]* @p_str118, i32 0, i32 0, i32 0, i32 0, [1 x i8]* @p_str118, [1 x i8]* @p_str118) nounwind" [sources/hashTable/hashTable.cpp:152]   --->   Operation 121 'specinterface' <Predicate = true> <Delay = 0.00>
ST_2 : Operation 122 [1/1] (0.00ns)   --->   "call void (...)* @_ssdm_op_SpecPipeline(i32 1, i32 2, i32 1, i32 0, [1 x i8]* @p_str118) nounwind" [sources/hashTable/hashTable.cpp:155]   --->   Operation 122 'specpipeline' <Predicate = true> <Delay = 0.00>
ST_2 : Operation 123 [1/1] (0.00ns)   --->   "%tmp_key_V_7 = phi i64 [ 0, %._crit_edge39.i ], [ %tmp_V_34, %._crit_edge44.i ]"   --->   Operation 123 'phi' 'tmp_key_V_7' <Predicate = (olState_load == 3 & tmp_i & tmp_136_i) | (olState_load == 3 & tmp_351 & tmp_136_i) | (olState_load == 3 & tmp_i & tmp_356) | (olState_load == 3 & tmp_351 & tmp_356)> <Delay = 0.00>
ST_2 : Operation 124 [1/1] (0.00ns)   --->   "%tmp_value_V_4 = phi i64 [ %tmp_V_35, %._crit_edge46.i ], [ 0, %._crit_edge43.i ]"   --->   Operation 124 'phi' 'tmp_value_V_4' <Predicate = (olState_load == 3 & tmp_i & tmp_136_i) | (olState_load == 3 & tmp_351 & tmp_136_i) | (olState_load == 3 & tmp_i & tmp_356) | (olState_load == 3 & tmp_351 & tmp_356)> <Delay = 0.00>
ST_2 : Operation 125 [1/1] (0.00ns)   --->   "%tmp_valueValid_V_2 = phi i1 [ true, %._crit_edge46.i ], [ false, %._crit_edge43.i ]"   --->   Operation 125 'phi' 'tmp_valueValid_V_2' <Predicate = (olState_load == 3 & tmp_i & tmp_136_i) | (olState_load == 3 & tmp_351 & tmp_136_i) | (olState_load == 3 & tmp_i & tmp_356) | (olState_load == 3 & tmp_351 & tmp_356)> <Delay = 0.00>
ST_2 : Operation 126 [1/1] (0.00ns)   --->   "%tmp_EOP_V_6 = phi i1 [ true, %14 ], [ false, %._crit_edge45.i ]"   --->   Operation 126 'phi' 'tmp_EOP_V_6' <Predicate = (olState_load == 3 & tmp_i & tmp_136_i) | (olState_load == 3 & tmp_351 & tmp_136_i) | (olState_load == 3 & tmp_i & tmp_356) | (olState_load == 3 & tmp_351 & tmp_356)> <Delay = 0.00>
ST_2 : Operation 127 [1/1] (0.00ns)   --->   "%tmp_3 = call i256 @_ssdm_op_BitConcatenate.i256.i64.i64.i1.i1.i1.i125(i64 %tmp_key_V_7, i64 %tmp_value_V_4, i1 %tmp_EOP_V_6, i1 %tmp_valueValid_V_2, i1 %tmp_keyValid_V_3, i125 0) nounwind" [sources/hashTable/hashTable.cpp:259]   --->   Operation 127 'bitconcatenate' 'tmp_3' <Predicate = (olState_load == 3 & tmp_i & tmp_136_i) | (olState_load == 3 & tmp_351 & tmp_136_i) | (olState_load == 3 & tmp_i & tmp_356) | (olState_load == 3 & tmp_351 & tmp_356)> <Delay = 0.00>
ST_2 : Operation 128 [1/1] (2.39ns)   --->   "call void @_ssdm_op_Write.ap_fifo.volatile.i256P(i256* @hashTable2splitter_V, i256 %tmp_3) nounwind" [sources/hashTable/hashTable.cpp:259]   --->   Operation 128 'write' <Predicate = (olState_load == 3 & tmp_i & tmp_136_i) | (olState_load == 3 & tmp_351 & tmp_136_i) | (olState_load == 3 & tmp_i & tmp_356) | (olState_load == 3 & tmp_351 & tmp_356)> <Delay = 2.39> <Core = "FIFO">   --->   Core 32 'FIFO' <Latency = 0> <II = 1> <Delay = 2.39> <Storage> <Opcode : 'read' 'write' 'nbread' 'nbwrite'> <Ports = 0> <Width = 256> <Depth = 2> <FIFO>
ST_2 : Operation 129 [1/1] (0.00ns)   --->   "%tmp_key_V_6 = phi i64 [ 0, %._crit_edge24.i ], [ %tmp_V_32, %._crit_edge29.i ]"   --->   Operation 129 'phi' 'tmp_key_V_6' <Predicate = (olState_load == 2 & tmp_349 & tmp_134_i & tmp_137_i) | (olState_load == 2 & tmp_349 & tmp_354 & tmp_137_i) | (olState_load == 2 & tmp_349 & tmp_134_i & tmp_357) | (olState_load == 2 & tmp_349 & tmp_354 & tmp_357)> <Delay = 0.00>
ST_2 : Operation 130 [1/1] (0.00ns)   --->   "%tmp_value_V_3 = phi i64 [ %tmp_V_33, %._crit_edge31.i ], [ 0, %._crit_edge28.i ]"   --->   Operation 130 'phi' 'tmp_value_V_3' <Predicate = (olState_load == 2 & tmp_349 & tmp_134_i & tmp_137_i) | (olState_load == 2 & tmp_349 & tmp_354 & tmp_137_i) | (olState_load == 2 & tmp_349 & tmp_134_i & tmp_357) | (olState_load == 2 & tmp_349 & tmp_354 & tmp_357)> <Delay = 0.00>
ST_2 : Operation 131 [1/1] (0.00ns)   --->   "%tmp_valueValid_V = phi i1 [ true, %._crit_edge31.i ], [ false, %._crit_edge28.i ]"   --->   Operation 131 'phi' 'tmp_valueValid_V' <Predicate = (olState_load == 2 & tmp_349 & tmp_134_i & tmp_137_i) | (olState_load == 2 & tmp_349 & tmp_354 & tmp_137_i) | (olState_load == 2 & tmp_349 & tmp_134_i & tmp_357) | (olState_load == 2 & tmp_349 & tmp_354 & tmp_357)> <Delay = 0.00>
ST_2 : Operation 132 [1/1] (0.00ns)   --->   "%tmp_2 = call i256 @_ssdm_op_BitConcatenate.i256.i64.i64.i1.i1.i1.i1.i124(i64 %tmp_key_V_6, i64 %tmp_value_V_3, i1 %tmp_EOP_V, i1 %tmp_valueValid_V, i1 %tmp_keyValid_V, i1 false, i124 %outputWord_metadata_s) nounwind" [sources/hashTable/hashTable.cpp:236]   --->   Operation 132 'bitconcatenate' 'tmp_2' <Predicate = (olState_load == 2 & tmp_349 & tmp_134_i & tmp_137_i) | (olState_load == 2 & tmp_349 & tmp_354 & tmp_137_i) | (olState_load == 2 & tmp_349 & tmp_134_i & tmp_357) | (olState_load == 2 & tmp_349 & tmp_354 & tmp_357)> <Delay = 0.00>
ST_2 : Operation 133 [1/1] (2.39ns)   --->   "call void @_ssdm_op_Write.ap_fifo.volatile.i256P(i256* @hashTable2splitter_V, i256 %tmp_2) nounwind" [sources/hashTable/hashTable.cpp:236]   --->   Operation 133 'write' <Predicate = (olState_load == 2 & tmp_349 & tmp_134_i & tmp_137_i) | (olState_load == 2 & tmp_349 & tmp_354 & tmp_137_i) | (olState_load == 2 & tmp_349 & tmp_134_i & tmp_357) | (olState_load == 2 & tmp_349 & tmp_354 & tmp_357)> <Delay = 2.39> <Core = "FIFO">   --->   Core 32 'FIFO' <Latency = 0> <II = 1> <Delay = 2.39> <Storage> <Opcode : 'read' 'write' 'nbread' 'nbwrite'> <Ports = 0> <Width = 256> <Depth = 2> <FIFO>
ST_2 : Operation 134 [1/1] (0.00ns)   --->   "%tmp_49_i = call i8 @_ssdm_op_PartSelect.i8.i128.i32.i32(i128 %tmp_V, i32 104, i32 111) nounwind" [sources/hashTable/hashTable.cpp:182]   --->   Operation 134 'partselect' 'tmp_49_i' <Predicate = (olState_load == 0 & tmp & tmp_350 & tmp_135_i & !tmp_138_i) | (olState_load == 0 & tmp & tmp_350 & tmp_355 & !tmp_138_i) | (olState_load == 0 & tmp & tmp_350 & tmp_135_i & tmp_358) | (olState_load == 0 & tmp & tmp_350 & tmp_355 & tmp_358)> <Delay = 0.00>
ST_2 : Operation 135 [1/1] (0.00ns)   --->   "%p_Val2_20 = phi i128 [ %p_Result_s, %5 ], [ %tmp_V, %._crit_edge16.i ]"   --->   Operation 135 'phi' 'p_Val2_20' <Predicate = (olState_load == 0 & tmp & tmp_350 & tmp_135_i & !tmp_138_i) | (olState_load == 0 & tmp & tmp_350 & tmp_355 & !tmp_138_i) | (olState_load == 0 & tmp & tmp_350 & tmp_135_i & tmp_358) | (olState_load == 0 & tmp & tmp_350 & tmp_355 & tmp_358)> <Delay = 0.00>
ST_2 : Operation 136 [1/1] (0.00ns)   --->   "%tmp_value_V = phi i64 [ 0, %5 ], [ %tmp_V_29, %._crit_edge16.i ]"   --->   Operation 136 'phi' 'tmp_value_V' <Predicate = (olState_load == 0 & tmp & tmp_350 & tmp_135_i & !tmp_138_i) | (olState_load == 0 & tmp & tmp_350 & tmp_355 & !tmp_138_i) | (olState_load == 0 & tmp & tmp_350 & tmp_135_i & tmp_358) | (olState_load == 0 & tmp & tmp_350 & tmp_355 & tmp_358)> <Delay = 0.00>
ST_2 : Operation 137 [1/1] (0.00ns)   --->   "%tmp_key_V = phi i64 [ 0, %6 ], [ %tmp_V_30, %._crit_edge18.i ]"   --->   Operation 137 'phi' 'tmp_key_V' <Predicate = (olState_load == 0 & tmp & tmp_350 & tmp_135_i & !tmp_138_i) | (olState_load == 0 & tmp & tmp_350 & tmp_355 & !tmp_138_i) | (olState_load == 0 & tmp & tmp_350 & tmp_135_i & tmp_358) | (olState_load == 0 & tmp & tmp_350 & tmp_355 & tmp_358)> <Delay = 0.00>
ST_2 : Operation 138 [1/1] (0.00ns)   --->   "%tmp_361 = trunc i128 %p_Val2_20 to i72" [sources/hashTable/hashTable.cpp:206]   --->   Operation 138 'trunc' 'tmp_361' <Predicate = (olState_load == 0 & tmp & tmp_350 & tmp_135_i & !tmp_138_i) | (olState_load == 0 & tmp & tmp_350 & tmp_355 & !tmp_138_i) | (olState_load == 0 & tmp & tmp_350 & tmp_135_i & tmp_358) | (olState_load == 0 & tmp & tmp_350 & tmp_355 & tmp_358)> <Delay = 0.00>
ST_2 : Operation 139 [1/1] (0.00ns)   --->   "%tmp_50_i = call i15 @_ssdm_op_PartSelect.i15.i128.i32.i32(i128 %tmp_V, i32 113, i32 127) nounwind" [sources/hashTable/hashTable.cpp:207]   --->   Operation 139 'partselect' 'tmp_50_i' <Predicate = (olState_load == 0 & tmp & tmp_350 & tmp_135_i & !tmp_138_i) | (olState_load == 0 & tmp & tmp_350 & tmp_355 & !tmp_138_i) | (olState_load == 0 & tmp & tmp_350 & tmp_135_i & tmp_358) | (olState_load == 0 & tmp & tmp_350 & tmp_355 & tmp_358)> <Delay = 0.00>
ST_2 : Operation 140 [1/1] (0.00ns)   --->   "%tmp_1 = call i256 @_ssdm_op_BitConcatenate.i256.i64.i64.i15.i1.i8.i32.i72(i64 %tmp_key_V, i64 %tmp_value_V, i15 %tmp_50_i, i1 %tmp_352, i8 %tmp_49_i, i32 %p_Result_25, i72 %tmp_361) nounwind" [sources/hashTable/hashTable.cpp:207]   --->   Operation 140 'bitconcatenate' 'tmp_1' <Predicate = (olState_load == 0 & tmp & tmp_350 & tmp_135_i & !tmp_138_i) | (olState_load == 0 & tmp & tmp_350 & tmp_355 & !tmp_138_i) | (olState_load == 0 & tmp & tmp_350 & tmp_135_i & tmp_358) | (olState_load == 0 & tmp & tmp_350 & tmp_355 & tmp_358)> <Delay = 0.00>
ST_2 : Operation 141 [1/1] (2.39ns)   --->   "call void @_ssdm_op_Write.ap_fifo.volatile.i256P(i256* @hashTable2splitter_V, i256 %tmp_1) nounwind" [sources/hashTable/hashTable.cpp:207]   --->   Operation 141 'write' <Predicate = (olState_load == 0 & tmp & tmp_350 & tmp_135_i & !tmp_138_i) | (olState_load == 0 & tmp & tmp_350 & tmp_355 & !tmp_138_i) | (olState_load == 0 & tmp & tmp_350 & tmp_135_i & tmp_358) | (olState_load == 0 & tmp & tmp_350 & tmp_355 & tmp_358)> <Delay = 2.39> <Core = "FIFO">   --->   Core 32 'FIFO' <Latency = 0> <II = 1> <Delay = 2.39> <Storage> <Opcode : 'read' 'write' 'nbread' 'nbwrite'> <Ports = 0> <Width = 256> <Depth = 2> <FIFO>
ST_2 : Operation 142 [1/1] (0.00ns)   --->   "br label %ht_outputLogic.exit"   --->   Operation 142 'br' <Predicate = (ol_keyLength_V_flag_s)> <Delay = 0.00>
ST_2 : Operation 143 [1/1] (0.00ns)   --->   "ret void"   --->   Operation 143 'ret' <Predicate = true> <Delay = 0.00>


============================================================
+ Verbose Summary: Timing violations
============================================================
Target clock period: 6.66ns, clock uncertainty: 0.832ns.

 <State 1>: 5.97ns
The critical path consists of the following:
	fifo read on port 'hashMdBuffer_V_V' (sources/hashTable/hashTable.cpp:182) [130]  (2.39 ns)
	'add' operation ('tmp_148_i', sources/hashTable/hashTable.cpp:204) [165]  (1.36 ns)
	'select' operation ('tmp_218_i', sources/hashTable/hashTable.cpp:204) [166]  (0.372 ns)
	multiplexor before 'phi' operation ('ol_keyLength_V_new_i', sources/hashTable/hashTable.cpp:183) with incoming values : ('tmp_353', sources/hashTable/hashTable.cpp:183) ('tmp_218_i', sources/hashTable/hashTable.cpp:204) [169]  (0.85 ns)
	'phi' operation ('ol_keyLength_V_new_i', sources/hashTable/hashTable.cpp:183) with incoming values : ('tmp_353', sources/hashTable/hashTable.cpp:183) ('tmp_218_i', sources/hashTable/hashTable.cpp:204) [169]  (0 ns)
	multiplexor before 'phi' operation ('tmp.keyValid.V') [178]  (1 ns)

 <State 2>: 2.39ns
The critical path consists of the following:
	'phi' operation ('keyWord.V') with incoming values : ('tmp.V', sources/hashTable/hashTable.cpp:244) [43]  (0 ns)
	fifo write on port 'hashTable2splitter_V' (sources/hashTable/hashTable.cpp:259) [66]  (2.39 ns)


============================================================
+ Verbose Summary: Binding
============================================================
N/A
* FSMD analyzer results:
  - Output states:
 - Input state : 
  - Chain level:
	State 1
	State 2


============================================================
+ Verbose Summary: Datapath Resource usage 
============================================================
N/A
