

================================================================
== Vivado HLS Report for 'memcachedPipeline'
================================================================
* Date:           Fri Nov  9 23:10:05 2018

* Version:        2018.2 (Build 2258646 on Thu Jun 14 20:25:20 MDT 2018)
* Project:        memcachedPipeline_prj
* Solution:       solution1
* Product family: virtex7
* Target device:  xc7vx690tffg1761-2


================================================================
== Performance Estimates
================================================================
+ Timing (ns): 
    * Summary: 
    +--------+-------+----------+------------+
    |  Clock | Target| Estimated| Uncertainty|
    +--------+-------+----------+------------+
    |ap_clk  |   6.66|     9.738|        0.83|
    +--------+-------+----------+------------+

+ Latency (clock cycles): 
    * Summary: 
    +-----+-----+-----+-----+----------+
    |  Latency  |  Interval | Pipeline |
    | min | max | min | max |   Type   |
    +-----+-----+-----+-----+----------+
    |   42|   42|    1|    1| dataflow |
    +-----+-----+-----+-----+----------+

    + Detail: 
        * Instance: 
        N/A

        * Loop: 
        N/A

============================================================
+ Verbose Summary: Synthesis Manager
============================================================
InlineROM: 1
ExposeGlobal: 0
============================================================
+ Verbose Summary: CDFG Model
============================================================
IsTopModel: 1
ResetActiveHigh: 1
IsCombinational: 2
IsDatapathOnly: 0
HasWiredReturn: 1
HasMFsm: 0
HasVarLatency: 1
IsPipeline: 0
IsRtlPipelined: 0
IsInstanceOverlapped: 0
IsDontTouch: 0
HasImplIP: 0
IsGatedGlobalClock: 0


============================================================
+ Verbose Summary: Schedule
============================================================
* Number of FSM states : 48
* Pipeline : 0
* Dataflow Pipeline: 1
  DF-Pipeline-0: Size = 48, States = { 1 2 3 4 5 6 7 8 9 10 11 12 13 14 15 16 17 18 19 20 21 22 23 24 25 26 27 28 29 30 31 32 33 34 35 36 37 38 39 40 41 42 43 44 45 46 47 48 }

* FSM state transitions: 
1 --> 
	2  / true
2 --> 
	3  / true
3 --> 
	4  / true
4 --> 
	5  / true
5 --> 
	6  / true
6 --> 
	7  / true
7 --> 
	8  / true
8 --> 
	9  / true
9 --> 
	10  / true
10 --> 
	11  / true
11 --> 
	12  / true
12 --> 
	13  / true
13 --> 
	14  / true
14 --> 
	15  / true
15 --> 
	16  / true
16 --> 
	17  / true
17 --> 
	18  / true
18 --> 
	19  / true
19 --> 
	20  / true
20 --> 
	21  / true
21 --> 
	22  / true
22 --> 
	23  / true
23 --> 
	24  / true
24 --> 
	25  / true
25 --> 
	26  / true
26 --> 
	27  / true
27 --> 
	28  / true
28 --> 
	29  / true
29 --> 
	30  / true
30 --> 
	31  / true
31 --> 
	32  / true
32 --> 
	33  / true
33 --> 
	34  / true
34 --> 
	35  / true
35 --> 
	36  / true
36 --> 
	37  / true
37 --> 
	38  / true
38 --> 
	39  / true
39 --> 
	40  / true
40 --> 
	41  / true
41 --> 
	42  / true
42 --> 
	43  / true
43 --> 
	44  / true
44 --> 
	45  / true
45 --> 
	46  / true
46 --> 
	47  / true
47 --> 
	48  / true
48 --> 

* FSM state operations: 

State 1 <SV = 0> <Delay = 0.00>
ST_1 : Operation 49 [2/2] (0.00ns)   --->   "%flushAck_V_read = call i1 @_ssdm_op_Read.ap_none.i1(i1 %flushAck_V)"   --->   Operation 49 'read' 'flushAck_V_read' <Predicate = true> <Delay = 0.00>
ST_1 : Operation 50 [1/1] (0.00ns)   --->   "%flushAck_V_c1 = alloca i1, align 1"   --->   Operation 50 'alloca' 'flushAck_V_c1' <Predicate = true> <Delay = 0.00> <Core = "FIFO">   --->   Core 32 'FIFO' <Latency = 0> <II = 1> <Delay = 2.39> <Storage> <Opcode : 'read' 'write' 'nbread' 'nbwrite'> <Ports = 0> <Width = 248> <Depth = 2> <FIFO>
ST_1 : Operation 51 [1/1] (0.00ns)   --->   "%flushAck_V_c = alloca i1, align 1"   --->   Operation 51 'alloca' 'flushAck_V_c' <Predicate = true> <Delay = 0.00> <Core = "FIFO">   --->   Core 32 'FIFO' <Latency = 0> <II = 1> <Delay = 2.39> <Storage> <Opcode : 'read' 'write' 'nbread' 'nbwrite'> <Ports = 0> <Width = 248> <Depth = 2> <FIFO>

State 2 <SV = 1> <Delay = 2.39>
ST_2 : Operation 52 [1/2] (0.00ns)   --->   "%flushAck_V_read = call i1 @_ssdm_op_Read.ap_none.i1(i1 %flushAck_V)"   --->   Operation 52 'read' 'flushAck_V_read' <Predicate = true> <Delay = 0.00>
ST_2 : Operation 53 [1/1] (2.39ns)   --->   "call void @memcachedPipeline.en(i1 %flushAck_V_read, i1* %flushAck_V_c1)"   --->   Operation 53 'call' <Predicate = true> <Delay = 2.39> <CoreType = "Generic">   --->   Core 0 '' <Latency = 0> <II = 1> <Delay = 1.00> <Generic> <Opcode : >

State 3 <SV = 2> <Delay = 5.82>
ST_3 : Operation 54 [2/2] (5.82ns)   --->   "call fastcc void @bp_f1192(i64* %inData_V_data_V, i112* %inData_V_user_V, i8* %inData_V_keep_V, i1* %inData_V_last_V, i1* nocapture %flushAck_V_c1, i1* %flushAck_V_c) noinline"   --->   Operation 54 'call' <Predicate = true> <Delay = 5.82> <CoreType = "Generic">   --->   Core 0 '' <Latency = 0> <II = 1> <Delay = 1.00> <Generic> <Opcode : >

State 4 <SV = 3> <Delay = 0.00>
ST_4 : Operation 55 [1/2] (0.00ns)   --->   "call fastcc void @bp_f1192(i64* %inData_V_data_V, i112* %inData_V_user_V, i8* %inData_V_keep_V, i1* %inData_V_last_V, i1* nocapture %flushAck_V_c1, i1* %flushAck_V_c) noinline"   --->   Operation 55 'call' <Predicate = true> <Delay = 0.00> <CoreType = "Generic">   --->   Core 0 '' <Latency = 0> <II = 1> <Delay = 1.00> <Generic> <Opcode : >

State 5 <SV = 4> <Delay = 0.00>
ST_5 : Operation 56 [2/2] (0.00ns)   --->   "call fastcc void @bp_r() nounwind uwtable noinline" [sources/requestParser/requestParser.cpp:272->sources/memcachedPipeline.cpp:118]   --->   Operation 56 'call' <Predicate = true> <Delay = 0.00> <CoreType = "Generic">   --->   Core 0 '' <Latency = 0> <II = 1> <Delay = 1.00> <Generic> <Opcode : >

State 6 <SV = 5> <Delay = 0.00>
ST_6 : Operation 57 [1/2] (0.00ns)   --->   "call fastcc void @bp_r() nounwind uwtable noinline" [sources/requestParser/requestParser.cpp:272->sources/memcachedPipeline.cpp:118]   --->   Operation 57 'call' <Predicate = true> <Delay = 0.00> <CoreType = "Generic">   --->   Core 0 '' <Latency = 0> <II = 1> <Delay = 1.00> <Generic> <Opcode : >

State 7 <SV = 6> <Delay = 0.00>
ST_7 : Operation 58 [3/3] (0.00ns)   --->   "call fastcc void @ht_inputLogic() nounwind uwtable noinline" [sources/hashTable/hashTable.cpp:321->sources/memcachedPipeline.cpp:119]   --->   Operation 58 'call' <Predicate = true> <Delay = 0.00> <CoreType = "Generic">   --->   Core 0 '' <Latency = 0> <II = 1> <Delay = 1.00> <Generic> <Opcode : >

State 8 <SV = 7> <Delay = 0.00>
ST_8 : Operation 59 [2/3] (0.00ns)   --->   "call fastcc void @ht_inputLogic() nounwind uwtable noinline" [sources/hashTable/hashTable.cpp:321->sources/memcachedPipeline.cpp:119]   --->   Operation 59 'call' <Predicate = true> <Delay = 0.00> <CoreType = "Generic">   --->   Core 0 '' <Latency = 0> <II = 1> <Delay = 1.00> <Generic> <Opcode : >

State 9 <SV = 8> <Delay = 0.00>
ST_9 : Operation 60 [1/3] (0.00ns)   --->   "call fastcc void @ht_inputLogic() nounwind uwtable noinline" [sources/hashTable/hashTable.cpp:321->sources/memcachedPipeline.cpp:119]   --->   Operation 60 'call' <Predicate = true> <Delay = 0.00> <CoreType = "Generic">   --->   Core 0 '' <Latency = 0> <II = 1> <Delay = 1.00> <Generic> <Opcode : >

State 10 <SV = 9> <Delay = 0.00>
ST_10 : Operation 61 [2/2] (0.00ns)   --->   "call fastcc void @hashKeyResizer() nounwind uwtable noinline" [sources/hashTable/hash.cpp:326->sources/hashTable/hashTable.cpp:322->sources/memcachedPipeline.cpp:119]   --->   Operation 61 'call' <Predicate = true> <Delay = 0.00> <CoreType = "Generic">   --->   Core 0 '' <Latency = 0> <II = 1> <Delay = 1.00> <Generic> <Opcode : >

State 11 <SV = 10> <Delay = 0.00>
ST_11 : Operation 62 [1/2] (0.00ns)   --->   "call fastcc void @hashKeyResizer() nounwind uwtable noinline" [sources/hashTable/hash.cpp:326->sources/hashTable/hashTable.cpp:322->sources/memcachedPipeline.cpp:119]   --->   Operation 62 'call' <Predicate = true> <Delay = 0.00> <CoreType = "Generic">   --->   Core 0 '' <Latency = 0> <II = 1> <Delay = 1.00> <Generic> <Opcode : >

State 12 <SV = 11> <Delay = 0.00>
ST_12 : Operation 63 [2/2] (0.00ns)   --->   "call fastcc void @bobj() nounwind uwtable noinline" [sources/hashTable/hash.cpp:327->sources/hashTable/hashTable.cpp:322->sources/memcachedPipeline.cpp:119]   --->   Operation 63 'call' <Predicate = true> <Delay = 0.00> <CoreType = "Generic">   --->   Core 0 '' <Latency = 0> <II = 1> <Delay = 1.00> <Generic> <Opcode : >

State 13 <SV = 12> <Delay = 0.00>
ST_13 : Operation 64 [1/2] (0.00ns)   --->   "call fastcc void @bobj() nounwind uwtable noinline" [sources/hashTable/hash.cpp:327->sources/hashTable/hashTable.cpp:322->sources/memcachedPipeline.cpp:119]   --->   Operation 64 'call' <Predicate = true> <Delay = 0.00> <CoreType = "Generic">   --->   Core 0 '' <Latency = 0> <II = 1> <Delay = 1.00> <Generic> <Opcode : >

State 14 <SV = 13> <Delay = 0.00>
ST_14 : Operation 65 [2/2] (0.00ns)   --->   "call fastcc void @concurrencyControl() nounwind uwtable" [sources/hashTable/hashTable.cpp:323->sources/memcachedPipeline.cpp:119]   --->   Operation 65 'call' <Predicate = true> <Delay = 0.00> <CoreType = "Generic">   --->   Core 0 '' <Latency = 0> <II = 1> <Delay = 1.00> <Generic> <Opcode : >

State 15 <SV = 14> <Delay = 0.00>
ST_15 : Operation 66 [1/2] (0.00ns)   --->   "call fastcc void @concurrencyControl() nounwind uwtable" [sources/hashTable/hashTable.cpp:323->sources/memcachedPipeline.cpp:119]   --->   Operation 66 'call' <Predicate = true> <Delay = 0.00> <CoreType = "Generic">   --->   Core 0 '' <Latency = 0> <II = 1> <Delay = 1.00> <Generic> <Opcode : >

State 16 <SV = 15> <Delay = 0.00>
ST_16 : Operation 67 [3/3] (0.00ns)   --->   "call fastcc void @memRead(i40* %hashTableMemRdCmd_V) noinline"   --->   Operation 67 'call' <Predicate = true> <Delay = 0.00> <CoreType = "Generic">   --->   Core 0 '' <Latency = 0> <II = 1> <Delay = 1.00> <Generic> <Opcode : >

State 17 <SV = 16> <Delay = 0.00>
ST_17 : Operation 68 [2/3] (0.00ns)   --->   "call fastcc void @memRead(i40* %hashTableMemRdCmd_V) noinline"   --->   Operation 68 'call' <Predicate = true> <Delay = 0.00> <CoreType = "Generic">   --->   Core 0 '' <Latency = 0> <II = 1> <Delay = 1.00> <Generic> <Opcode : >

State 18 <SV = 17> <Delay = 0.00>
ST_18 : Operation 69 [1/3] (0.00ns)   --->   "call fastcc void @memRead(i40* %hashTableMemRdCmd_V) noinline"   --->   Operation 69 'call' <Predicate = true> <Delay = 0.00> <CoreType = "Generic">   --->   Core 0 '' <Latency = 0> <II = 1> <Delay = 1.00> <Generic> <Opcode : >

State 19 <SV = 18> <Delay = 1.70>
ST_19 : Operation 70 [2/2] (1.70ns)   --->   "call fastcc void @ht_compare(i512* %hashTableMemRdData_V_V) noinline" [sources/hashTable/hashTable.cpp:325->sources/memcachedPipeline.cpp:119]   --->   Operation 70 'call' <Predicate = true> <Delay = 1.70> <CoreType = "Generic">   --->   Core 0 '' <Latency = 0> <II = 1> <Delay = 1.00> <Generic> <Opcode : >

State 20 <SV = 19> <Delay = 0.00>
ST_20 : Operation 71 [1/2] (0.00ns)   --->   "call fastcc void @ht_compare(i512* %hashTableMemRdData_V_V) noinline" [sources/hashTable/hashTable.cpp:325->sources/memcachedPipeline.cpp:119]   --->   Operation 71 'call' <Predicate = true> <Delay = 0.00> <CoreType = "Generic">   --->   Core 0 '' <Latency = 0> <II = 1> <Delay = 1.00> <Generic> <Opcode : >

State 21 <SV = 20> <Delay = 0.00>
ST_21 : Operation 72 [5/5] (0.00ns)   --->   "call fastcc void @memWrite(i40* %hashTableMemWrCmd_V, i512* %hashTableMemWrData_V_V, i32* %addressReturnOut_V_V, i32* %addressAssignDramIn_V_V, i32* %addressAssignFlashIn_V_V, i1* nocapture %flushReq_V, i1* nocapture %flushAck_V_c, i1* nocapture %flushDone_V) noinline"   --->   Operation 72 'call' <Predicate = true> <Delay = 0.00> <CoreType = "Generic">   --->   Core 0 '' <Latency = 0> <II = 1> <Delay = 1.00> <Generic> <Opcode : >

State 22 <SV = 21> <Delay = 0.00>
ST_22 : Operation 73 [4/5] (0.00ns)   --->   "call fastcc void @memWrite(i40* %hashTableMemWrCmd_V, i512* %hashTableMemWrData_V_V, i32* %addressReturnOut_V_V, i32* %addressAssignDramIn_V_V, i32* %addressAssignFlashIn_V_V, i1* nocapture %flushReq_V, i1* nocapture %flushAck_V_c, i1* nocapture %flushDone_V) noinline"   --->   Operation 73 'call' <Predicate = true> <Delay = 0.00> <CoreType = "Generic">   --->   Core 0 '' <Latency = 0> <II = 1> <Delay = 1.00> <Generic> <Opcode : >

State 23 <SV = 22> <Delay = 0.00>
ST_23 : Operation 74 [3/5] (0.00ns)   --->   "call fastcc void @memWrite(i40* %hashTableMemWrCmd_V, i512* %hashTableMemWrData_V_V, i32* %addressReturnOut_V_V, i32* %addressAssignDramIn_V_V, i32* %addressAssignFlashIn_V_V, i1* nocapture %flushReq_V, i1* nocapture %flushAck_V_c, i1* nocapture %flushDone_V) noinline"   --->   Operation 74 'call' <Predicate = true> <Delay = 0.00> <CoreType = "Generic">   --->   Core 0 '' <Latency = 0> <II = 1> <Delay = 1.00> <Generic> <Opcode : >

State 24 <SV = 23> <Delay = 0.00>
ST_24 : Operation 75 [2/5] (0.00ns)   --->   "call fastcc void @memWrite(i40* %hashTableMemWrCmd_V, i512* %hashTableMemWrData_V_V, i32* %addressReturnOut_V_V, i32* %addressAssignDramIn_V_V, i32* %addressAssignFlashIn_V_V, i1* nocapture %flushReq_V, i1* nocapture %flushAck_V_c, i1* nocapture %flushDone_V) noinline"   --->   Operation 75 'call' <Predicate = true> <Delay = 0.00> <CoreType = "Generic">   --->   Core 0 '' <Latency = 0> <II = 1> <Delay = 1.00> <Generic> <Opcode : >

State 25 <SV = 24> <Delay = 0.00>
ST_25 : Operation 76 [1/5] (0.00ns)   --->   "call fastcc void @memWrite(i40* %hashTableMemWrCmd_V, i512* %hashTableMemWrData_V_V, i32* %addressReturnOut_V_V, i32* %addressAssignDramIn_V_V, i32* %addressAssignFlashIn_V_V, i1* nocapture %flushReq_V, i1* nocapture %flushAck_V_c, i1* nocapture %flushDone_V) noinline"   --->   Operation 76 'call' <Predicate = true> <Delay = 0.00> <CoreType = "Generic">   --->   Core 0 '' <Latency = 0> <II = 1> <Delay = 1.00> <Generic> <Opcode : >

State 26 <SV = 25> <Delay = 0.00>
ST_26 : Operation 77 [2/2] (0.00ns)   --->   "call fastcc void @ht_outputLogic() nounwind uwtable noinline" [sources/hashTable/hashTable.cpp:327->sources/memcachedPipeline.cpp:119]   --->   Operation 77 'call' <Predicate = true> <Delay = 0.00> <CoreType = "Generic">   --->   Core 0 '' <Latency = 0> <II = 1> <Delay = 1.00> <Generic> <Opcode : >

State 27 <SV = 26> <Delay = 0.00>
ST_27 : Operation 78 [1/2] (0.00ns)   --->   "call fastcc void @ht_outputLogic() nounwind uwtable noinline" [sources/hashTable/hashTable.cpp:327->sources/memcachedPipeline.cpp:119]   --->   Operation 78 'call' <Predicate = true> <Delay = 0.00> <CoreType = "Generic">   --->   Core 0 '' <Latency = 0> <II = 1> <Delay = 1.00> <Generic> <Opcode : >

State 28 <SV = 27> <Delay = 0.00>
ST_28 : Operation 79 [3/3] (0.00ns)   --->   "call fastcc void @splitter() nounwind uwtable noinline" [sources/memcachedPipeline.cpp:120]   --->   Operation 79 'call' <Predicate = true> <Delay = 0.00> <CoreType = "Generic">   --->   Core 0 '' <Latency = 0> <II = 1> <Delay = 1.00> <Generic> <Opcode : >

State 29 <SV = 28> <Delay = 0.00>
ST_29 : Operation 80 [2/3] (0.00ns)   --->   "call fastcc void @splitter() nounwind uwtable noinline" [sources/memcachedPipeline.cpp:120]   --->   Operation 80 'call' <Predicate = true> <Delay = 0.00> <CoreType = "Generic">   --->   Core 0 '' <Latency = 0> <II = 1> <Delay = 1.00> <Generic> <Opcode : >

State 30 <SV = 29> <Delay = 0.00>
ST_30 : Operation 81 [1/3] (0.00ns)   --->   "call fastcc void @splitter() nounwind uwtable noinline" [sources/memcachedPipeline.cpp:120]   --->   Operation 81 'call' <Predicate = true> <Delay = 0.00> <CoreType = "Generic">   --->   Core 0 '' <Latency = 0> <II = 1> <Delay = 1.00> <Generic> <Opcode : >

State 31 <SV = 30> <Delay = 0.00>
ST_31 : Operation 82 [2/2] (0.00ns)   --->   "call fastcc void @accessControl() nounwind uwtable" [sources/valueStore/valueStore.cpp:772->sources/memcachedPipeline.cpp:121]   --->   Operation 82 'call' <Predicate = true> <Delay = 0.00> <CoreType = "Generic">   --->   Core 0 '' <Latency = 0> <II = 1> <Delay = 1.00> <Generic> <Opcode : >

State 32 <SV = 31> <Delay = 0.00>
ST_32 : Operation 83 [1/2] (0.00ns)   --->   "call fastcc void @accessControl() nounwind uwtable" [sources/valueStore/valueStore.cpp:772->sources/memcachedPipeline.cpp:121]   --->   Operation 83 'call' <Predicate = true> <Delay = 0.00> <CoreType = "Generic">   --->   Core 0 '' <Latency = 0> <II = 1> <Delay = 1.00> <Generic> <Opcode : >

State 33 <SV = 32> <Delay = 0.00>
ST_33 : Operation 84 [2/2] (0.00ns)   --->   "call fastcc void @demux() nounwind uwtable noinline" [sources/valueStore/valueStore.cpp:773->sources/memcachedPipeline.cpp:121]   --->   Operation 84 'call' <Predicate = true> <Delay = 0.00> <CoreType = "Generic">   --->   Core 0 '' <Latency = 0> <II = 1> <Delay = 1.00> <Generic> <Opcode : >
ST_33 : Operation 85 [2/2] (0.00ns)   --->   "call fastcc void @flashDemux() nounwind uwtable noinline" [sources/valueStore/flashValueStore.cpp:645->sources/memcachedPipeline.cpp:122]   --->   Operation 85 'call' <Predicate = true> <Delay = 0.00> <CoreType = "Generic">   --->   Core 0 '' <Latency = 0> <II = 1> <Delay = 1.00> <Generic> <Opcode : >

State 34 <SV = 33> <Delay = 0.00>
ST_34 : Operation 86 [1/2] (0.00ns)   --->   "call fastcc void @demux() nounwind uwtable noinline" [sources/valueStore/valueStore.cpp:773->sources/memcachedPipeline.cpp:121]   --->   Operation 86 'call' <Predicate = true> <Delay = 0.00> <CoreType = "Generic">   --->   Core 0 '' <Latency = 0> <II = 1> <Delay = 1.00> <Generic> <Opcode : >
ST_34 : Operation 87 [1/2] (0.00ns)   --->   "call fastcc void @flashDemux() nounwind uwtable noinline" [sources/valueStore/flashValueStore.cpp:645->sources/memcachedPipeline.cpp:122]   --->   Operation 87 'call' <Predicate = true> <Delay = 0.00> <CoreType = "Generic">   --->   Core 0 '' <Latency = 0> <II = 1> <Delay = 1.00> <Generic> <Opcode : >

State 35 <SV = 34> <Delay = 0.00>
ST_35 : Operation 88 [3/3] (0.00ns)   --->   "call fastcc void @dispatch(i40* %dramValueStoreMemRdCmd_V) noinline"   --->   Operation 88 'call' <Predicate = true> <Delay = 0.00> <CoreType = "Generic">   --->   Core 0 '' <Latency = 0> <II = 1> <Delay = 1.00> <Generic> <Opcode : >
ST_35 : Operation 89 [3/3] (0.00ns)   --->   "call fastcc void @flashDispatch(i48* %flashValueStoreMemRdCmd_V)"   --->   Operation 89 'call' <Predicate = true> <Delay = 0.00> <CoreType = "Generic">   --->   Core 0 '' <Latency = 0> <II = 1> <Delay = 1.00> <Generic> <Opcode : >

State 36 <SV = 35> <Delay = 0.00>
ST_36 : Operation 90 [2/3] (0.00ns)   --->   "call fastcc void @dispatch(i40* %dramValueStoreMemRdCmd_V) noinline"   --->   Operation 90 'call' <Predicate = true> <Delay = 0.00> <CoreType = "Generic">   --->   Core 0 '' <Latency = 0> <II = 1> <Delay = 1.00> <Generic> <Opcode : >
ST_36 : Operation 91 [2/3] (0.00ns)   --->   "call fastcc void @flashDispatch(i48* %flashValueStoreMemRdCmd_V)"   --->   Operation 91 'call' <Predicate = true> <Delay = 0.00> <CoreType = "Generic">   --->   Core 0 '' <Latency = 0> <II = 1> <Delay = 1.00> <Generic> <Opcode : >

State 37 <SV = 36> <Delay = 0.00>
ST_37 : Operation 92 [1/3] (0.00ns)   --->   "call fastcc void @dispatch(i40* %dramValueStoreMemRdCmd_V) noinline"   --->   Operation 92 'call' <Predicate = true> <Delay = 0.00> <CoreType = "Generic">   --->   Core 0 '' <Latency = 0> <II = 1> <Delay = 1.00> <Generic> <Opcode : >
ST_37 : Operation 93 [1/3] (0.00ns)   --->   "call fastcc void @flashDispatch(i48* %flashValueStoreMemRdCmd_V)"   --->   Operation 93 'call' <Predicate = true> <Delay = 0.00> <CoreType = "Generic">   --->   Core 0 '' <Latency = 0> <II = 1> <Delay = 1.00> <Generic> <Opcode : >

State 38 <SV = 37> <Delay = 0.85>
ST_38 : Operation 94 [2/2] (0.85ns)   --->   "call fastcc void @receive(i512* %dramValueStoreMemRdData_V_V) noinline" [sources/valueStore/valueStore.cpp:572->sources/valueStore/valueStore.cpp:777->sources/memcachedPipeline.cpp:121]   --->   Operation 94 'call' <Predicate = true> <Delay = 0.85> <CoreType = "Generic">   --->   Core 0 '' <Latency = 0> <II = 1> <Delay = 1.00> <Generic> <Opcode : >
ST_38 : Operation 95 [2/2] (0.00ns)   --->   "call fastcc void @flashReceiveNoFilter(i64* %flashValueStoreMemRdData_V_V) noinline" [sources/valueStore/flashValueStore.cpp:596->sources/valueStore/flashValueStore.cpp:649->sources/memcachedPipeline.cpp:122]   --->   Operation 95 'call' <Predicate = true> <Delay = 0.00> <CoreType = "Generic">   --->   Core 0 '' <Latency = 0> <II = 1> <Delay = 1.00> <Generic> <Opcode : >

State 39 <SV = 38> <Delay = 0.00>
ST_39 : Operation 96 [1/2] (0.00ns)   --->   "call fastcc void @receive(i512* %dramValueStoreMemRdData_V_V) noinline" [sources/valueStore/valueStore.cpp:572->sources/valueStore/valueStore.cpp:777->sources/memcachedPipeline.cpp:121]   --->   Operation 96 'call' <Predicate = true> <Delay = 0.00> <CoreType = "Generic">   --->   Core 0 '' <Latency = 0> <II = 1> <Delay = 1.00> <Generic> <Opcode : >
ST_39 : Operation 97 [1/2] (0.00ns)   --->   "call fastcc void @flashReceiveNoFilter(i64* %flashValueStoreMemRdData_V_V) noinline" [sources/valueStore/flashValueStore.cpp:596->sources/valueStore/flashValueStore.cpp:649->sources/memcachedPipeline.cpp:122]   --->   Operation 97 'call' <Predicate = true> <Delay = 0.00> <CoreType = "Generic">   --->   Core 0 '' <Latency = 0> <II = 1> <Delay = 1.00> <Generic> <Opcode : >

State 40 <SV = 39> <Delay = 0.00>
ST_40 : Operation 98 [2/2] (0.00ns)   --->   "call fastcc void @remux() nounwind uwtable noinline" [sources/valueStore/valueStore.cpp:779->sources/memcachedPipeline.cpp:121]   --->   Operation 98 'call' <Predicate = true> <Delay = 0.00> <CoreType = "Generic">   --->   Core 0 '' <Latency = 0> <II = 1> <Delay = 1.00> <Generic> <Opcode : >
ST_40 : Operation 99 [2/2] (0.00ns)   --->   "call fastcc void @flashRemux() nounwind uwtable noinline" [sources/valueStore/flashValueStore.cpp:650->sources/memcachedPipeline.cpp:122]   --->   Operation 99 'call' <Predicate = true> <Delay = 0.00> <CoreType = "Generic">   --->   Core 0 '' <Latency = 0> <II = 1> <Delay = 1.00> <Generic> <Opcode : >

State 41 <SV = 40> <Delay = 0.00>
ST_41 : Operation 100 [1/2] (0.00ns)   --->   "call fastcc void @remux() nounwind uwtable noinline" [sources/valueStore/valueStore.cpp:779->sources/memcachedPipeline.cpp:121]   --->   Operation 100 'call' <Predicate = true> <Delay = 0.00> <CoreType = "Generic">   --->   Core 0 '' <Latency = 0> <II = 1> <Delay = 1.00> <Generic> <Opcode : >
ST_41 : Operation 101 [1/2] (0.00ns)   --->   "call fastcc void @flashRemux() nounwind uwtable noinline" [sources/valueStore/flashValueStore.cpp:650->sources/memcachedPipeline.cpp:122]   --->   Operation 101 'call' <Predicate = true> <Delay = 0.00> <CoreType = "Generic">   --->   Core 0 '' <Latency = 0> <II = 1> <Delay = 1.00> <Generic> <Opcode : >

State 42 <SV = 41> <Delay = 0.00>
ST_42 : Operation 102 [2/2] (0.00ns)   --->   "call fastcc void @merger() nounwind uwtable noinline" [sources/memcachedPipeline.cpp:123]   --->   Operation 102 'call' <Predicate = true> <Delay = 0.00> <CoreType = "Generic">   --->   Core 0 '' <Latency = 0> <II = 1> <Delay = 1.00> <Generic> <Opcode : >

State 43 <SV = 42> <Delay = 0.00>
ST_43 : Operation 103 [1/2] (0.00ns)   --->   "call fastcc void @merger() nounwind uwtable noinline" [sources/memcachedPipeline.cpp:123]   --->   Operation 103 'call' <Predicate = true> <Delay = 0.00> <CoreType = "Generic">   --->   Core 0 '' <Latency = 0> <II = 1> <Delay = 1.00> <Generic> <Opcode : >

State 44 <SV = 43> <Delay = 0.00>
ST_44 : Operation 104 [1/1] (0.00ns)   --->   "call fastcc void @response_f() nounwind uwtable noinline" [sources/responseFormatter/binResponse.cpp:253->sources/memcachedPipeline.cpp:124]   --->   Operation 104 'call' <Predicate = true> <Delay = 0.00> <CoreType = "Generic">   --->   Core 0 '' <Latency = 0> <II = 1> <Delay = 1.00> <Generic> <Opcode : >

State 45 <SV = 44> <Delay = 0.00>
ST_45 : Operation 105 [3/3] (0.00ns)   --->   "call fastcc void @setPath(i40* %dramValueStoreMemWrCmd_V, i512* %dramValueStoreMemWrData_V_V) noinline"   --->   Operation 105 'call' <Predicate = true> <Delay = 0.00> <CoreType = "Generic">   --->   Core 0 '' <Latency = 0> <II = 1> <Delay = 1.00> <Generic> <Opcode : >
ST_45 : Operation 106 [3/3] (0.00ns)   --->   "call fastcc void @flashSetPathNoFilter(i48* %flashValueStoreMemWrCmd_V, i64* %flashValueStoreMemWrData_V_V)"   --->   Operation 106 'call' <Predicate = true> <Delay = 0.00> <CoreType = "Generic">   --->   Core 0 '' <Latency = 0> <II = 1> <Delay = 1.00> <Generic> <Opcode : >
ST_45 : Operation 107 [3/3] (0.00ns)   --->   "call fastcc void @response_r(i64* %outData_V_data_V, i112* %outData_V_user_V, i8* %outData_V_keep_V, i1* %outData_V_last_V) noinline" [sources/responseFormatter/binResponse.cpp:254->sources/memcachedPipeline.cpp:124]   --->   Operation 107 'call' <Predicate = true> <Delay = 0.00> <CoreType = "Generic">   --->   Core 0 '' <Latency = 0> <II = 1> <Delay = 1.00> <Generic> <Opcode : >

State 46 <SV = 45> <Delay = 5.31>
ST_46 : Operation 108 [2/3] (0.00ns)   --->   "call fastcc void @setPath(i40* %dramValueStoreMemWrCmd_V, i512* %dramValueStoreMemWrData_V_V) noinline"   --->   Operation 108 'call' <Predicate = true> <Delay = 0.00> <CoreType = "Generic">   --->   Core 0 '' <Latency = 0> <II = 1> <Delay = 1.00> <Generic> <Opcode : >
ST_46 : Operation 109 [2/3] (4.34ns)   --->   "call fastcc void @flashSetPathNoFilter(i48* %flashValueStoreMemWrCmd_V, i64* %flashValueStoreMemWrData_V_V)"   --->   Operation 109 'call' <Predicate = true> <Delay = 4.34> <CoreType = "Generic">   --->   Core 0 '' <Latency = 0> <II = 1> <Delay = 1.00> <Generic> <Opcode : >
ST_46 : Operation 110 [2/3] (5.31ns)   --->   "call fastcc void @response_r(i64* %outData_V_data_V, i112* %outData_V_user_V, i8* %outData_V_keep_V, i1* %outData_V_last_V) noinline" [sources/responseFormatter/binResponse.cpp:254->sources/memcachedPipeline.cpp:124]   --->   Operation 110 'call' <Predicate = true> <Delay = 5.31> <CoreType = "Generic">   --->   Core 0 '' <Latency = 0> <II = 1> <Delay = 1.00> <Generic> <Opcode : >

State 47 <SV = 46> <Delay = 0.00>
ST_47 : Operation 111 [1/3] (0.00ns)   --->   "call fastcc void @setPath(i40* %dramValueStoreMemWrCmd_V, i512* %dramValueStoreMemWrData_V_V) noinline"   --->   Operation 111 'call' <Predicate = true> <Delay = 0.00> <CoreType = "Generic">   --->   Core 0 '' <Latency = 0> <II = 1> <Delay = 1.00> <Generic> <Opcode : >
ST_47 : Operation 112 [1/3] (0.00ns)   --->   "call fastcc void @flashSetPathNoFilter(i48* %flashValueStoreMemWrCmd_V, i64* %flashValueStoreMemWrData_V_V)"   --->   Operation 112 'call' <Predicate = true> <Delay = 0.00> <CoreType = "Generic">   --->   Core 0 '' <Latency = 0> <II = 1> <Delay = 1.00> <Generic> <Opcode : >
ST_47 : Operation 113 [1/3] (0.00ns)   --->   "call fastcc void @response_r(i64* %outData_V_data_V, i112* %outData_V_user_V, i8* %outData_V_keep_V, i1* %outData_V_last_V) noinline" [sources/responseFormatter/binResponse.cpp:254->sources/memcachedPipeline.cpp:124]   --->   Operation 113 'call' <Predicate = true> <Delay = 0.00> <CoreType = "Generic">   --->   Core 0 '' <Latency = 0> <II = 1> <Delay = 1.00> <Generic> <Opcode : >

State 48 <SV = 47> <Delay = 0.00>
ST_48 : Operation 114 [1/1] (0.00ns)   --->   "call void (...)* @_ssdm_op_SpecDataflowPipeline(i32 -1, [1 x i8]* @p_str1147) nounwind" [sources/memcachedPipeline.cpp:92]   --->   Operation 114 'specdataflowpipeline' <Predicate = true> <Delay = 0.00>
ST_48 : Operation 115 [1/1] (0.00ns)   --->   "%empty = call i32 (...)* @_ssdm_op_SpecChannel([16 x i8]* @accCtrl2demux_OC_V_s, i32 1, [1 x i8]* @p_str, [1 x i8]* @p_str, i32 16, i32 16, i256* @accCtrl2demux_V, i256* @accCtrl2demux_V)"   --->   Operation 115 'specchannel' 'empty' <Predicate = true> <Delay = 0.00>
ST_48 : Operation 116 [1/1] (0.00ns)   --->   "call void (...)* @_ssdm_op_SpecInterface(i256* @accCtrl2demux_V, [8 x i8]* @ap_fifo_str, i32 0, i32 0, [1 x i8]* @p_str, i32 0, i32 0, [1 x i8]* @p_str, [1 x i8]* @p_str, [1 x i8]* @p_str, i32 2, i32 2, i32 16, i32 16, [1 x i8]* @p_str, [1 x i8]* @p_str)"   --->   Operation 116 'specinterface' <Predicate = true> <Delay = 0.00>
ST_48 : Operation 117 [1/1] (0.00ns)   --->   "%empty_90 = call i32 (...)* @_ssdm_op_SpecChannel([13 x i8]* @cc2memRead_OC_V_str, i32 1, [1 x i8]* @p_str, [1 x i8]* @p_str, i32 10, i32 10, i130* @cc2memRead_V, i130* @cc2memRead_V)"   --->   Operation 117 'specchannel' 'empty_90' <Predicate = true> <Delay = 0.00>
ST_48 : Operation 118 [1/1] (0.00ns)   --->   "call void (...)* @_ssdm_op_SpecInterface(i130* @cc2memRead_V, [8 x i8]* @ap_fifo_str, i32 0, i32 0, [1 x i8]* @p_str, i32 0, i32 0, [1 x i8]* @p_str, [1 x i8]* @p_str, [1 x i8]* @p_str, i32 2, i32 2, i32 16, i32 16, [1 x i8]* @p_str, [1 x i8]* @p_str)"   --->   Operation 118 'specinterface' <Predicate = true> <Delay = 0.00>
ST_48 : Operation 119 [1/1] (0.00ns)   --->   "%empty_91 = call i32 (...)* @_ssdm_op_SpecChannel([15 x i8]* @cc2memReadMd_OC_V_st, i32 1, [1 x i8]* @p_str, [1 x i8]* @p_str, i32 10, i32 10, i64* @cc2memReadMd_V, i64* @cc2memReadMd_V)"   --->   Operation 119 'specchannel' 'empty_91' <Predicate = true> <Delay = 0.00>
ST_48 : Operation 120 [1/1] (0.00ns)   --->   "call void (...)* @_ssdm_op_SpecInterface(i64* @cc2memReadMd_V, [8 x i8]* @ap_fifo_str, i32 0, i32 0, [1 x i8]* @p_str, i32 0, i32 0, [1 x i8]* @p_str, [1 x i8]* @p_str, [1 x i8]* @p_str, i32 2, i32 2, i32 16, i32 16, [1 x i8]* @p_str, [1 x i8]* @p_str)"   --->   Operation 120 'specinterface' <Predicate = true> <Delay = 0.00>
ST_48 : Operation 121 [1/1] (0.00ns)   --->   "%empty_92 = call i32 (...)* @_ssdm_op_SpecChannel([16 x i8]* @comp2memWrKey_OC_V_s, i32 1, [1 x i8]* @p_str, [1 x i8]* @p_str, i32 10, i32 10, i130* @comp2memWrKey_V, i130* @comp2memWrKey_V)"   --->   Operation 121 'specchannel' 'empty_92' <Predicate = true> <Delay = 0.00>
ST_48 : Operation 122 [1/1] (0.00ns)   --->   "call void (...)* @_ssdm_op_SpecInterface(i130* @comp2memWrKey_V, [8 x i8]* @ap_fifo_str, i32 0, i32 0, [1 x i8]* @p_str, i32 0, i32 0, [1 x i8]* @p_str, [1 x i8]* @p_str, [1 x i8]* @p_str, i32 2, i32 2, i32 16, i32 16, [1 x i8]* @p_str, [1 x i8]* @p_str)"   --->   Operation 122 'specinterface' <Predicate = true> <Delay = 0.00>
ST_48 : Operation 123 [1/1] (0.00ns)   --->   "%empty_93 = call i32 (...)* @_ssdm_op_SpecChannel([15 x i8]* @comp2memWrMd_OC_V_st, i32 1, [1 x i8]* @p_str, [1 x i8]* @p_str, i32 10, i32 10, i64* @comp2memWrMd_V, i64* @comp2memWrMd_V)"   --->   Operation 123 'specchannel' 'empty_93' <Predicate = true> <Delay = 0.00>
ST_48 : Operation 124 [1/1] (0.00ns)   --->   "call void (...)* @_ssdm_op_SpecInterface(i64* @comp2memWrMd_V, [8 x i8]* @ap_fifo_str, i32 0, i32 0, [1 x i8]* @p_str, i32 0, i32 0, [1 x i8]* @p_str, [1 x i8]* @p_str, [1 x i8]* @p_str, i32 2, i32 2, i32 16, i32 16, [1 x i8]* @p_str, [1 x i8]* @p_str)"   --->   Operation 124 'specinterface' <Predicate = true> <Delay = 0.00>
ST_48 : Operation 125 [1/1] (0.00ns)   --->   "%empty_94 = call i32 (...)* @_ssdm_op_SpecChannel([22 x i8]* @comp2memWrMemData_OC, i32 1, [1 x i8]* @p_str, [1 x i8]* @p_str, i32 10, i32 10, i512* @comp2memWrMemData_V_s, i512* @comp2memWrMemData_V_s)"   --->   Operation 125 'specchannel' 'empty_94' <Predicate = true> <Delay = 0.00>
ST_48 : Operation 126 [1/1] (0.00ns)   --->   "call void (...)* @_ssdm_op_SpecInterface(i512* @comp2memWrMemData_V_s, [8 x i8]* @ap_fifo_str, i32 0, i32 0, [1 x i8]* @p_str, i32 0, i32 0, [1 x i8]* @p_str, [1 x i8]* @p_str, [1 x i8]* @p_str, i32 2, i32 2, i32 16, i32 16, [1 x i8]* @p_str, [1 x i8]* @p_str)"   --->   Operation 126 'specinterface' <Predicate = true> <Delay = 0.00>
ST_48 : Operation 127 [1/1] (0.00ns)   --->   "%empty_95 = call i32 (...)* @_ssdm_op_SpecChannel([23 x i8]* @comp2memWrStatus_OC_s, i32 1, [1 x i8]* @p_str, [1 x i8]* @p_str, i32 2, i32 2, i8* @comp2memWrStatus_V_b, i8* @comp2memWrStatus_V_b)"   --->   Operation 127 'specchannel' 'empty_95' <Predicate = true> <Delay = 0.00>
ST_48 : Operation 128 [1/1] (0.00ns)   --->   "call void (...)* @_ssdm_op_SpecInterface(i8* @comp2memWrStatus_V_b, [8 x i8]* @ap_fifo_str, i32 0, i32 0, [1 x i8]* @p_str, i32 0, i32 0, [1 x i8]* @p_str, [1 x i8]* @p_str, [1 x i8]* @p_str, i32 2, i32 2, i32 16, i32 16, [1 x i8]* @p_str, [1 x i8]* @p_str)"   --->   Operation 128 'specinterface' <Predicate = true> <Delay = 0.00>
ST_48 : Operation 129 [1/1] (0.00ns)   --->   "%empty_96 = call i32 (...)* @_ssdm_op_SpecChannel([11 x i8]* @dec2cc_OC_V_OC_V_str, i32 1, [1 x i8]* @p_str, [1 x i8]* @p_str, i32 2, i32 2, i1* @dec2cc_V_V, i1* @dec2cc_V_V)"   --->   Operation 129 'specchannel' 'empty_96' <Predicate = true> <Delay = 0.00>
ST_48 : Operation 130 [1/1] (0.00ns)   --->   "call void (...)* @_ssdm_op_SpecInterface(i1* @dec2cc_V_V, [8 x i8]* @ap_fifo_str, i32 0, i32 0, [1 x i8]* @p_str, i32 0, i32 0, [1 x i8]* @p_str, [1 x i8]* @p_str, [1 x i8]* @p_str, i32 2, i32 2, i32 16, i32 16, [1 x i8]* @p_str, [1 x i8]* @p_str)"   --->   Operation 130 'specinterface' <Predicate = true> <Delay = 0.00>
ST_48 : Operation 131 [1/1] (0.00ns)   --->   "%empty_97 = call i32 (...)* @_ssdm_op_SpecChannel([16 x i8]* @demux2getPath_OC_V_s, i32 1, [1 x i8]* @p_str, [1 x i8]* @p_str, i32 16, i32 16, i45* @demux2getPath_V, i45* @demux2getPath_V)"   --->   Operation 131 'specchannel' 'empty_97' <Predicate = true> <Delay = 0.00>
ST_48 : Operation 132 [1/1] (0.00ns)   --->   "call void (...)* @_ssdm_op_SpecInterface(i45* @demux2getPath_V, [8 x i8]* @ap_fifo_str, i32 0, i32 0, [1 x i8]* @p_str, i32 0, i32 0, [1 x i8]* @p_str, [1 x i8]* @p_str, [1 x i8]* @p_str, i32 2, i32 2, i32 16, i32 16, [1 x i8]* @p_str, [1 x i8]* @p_str)"   --->   Operation 132 'specinterface' <Predicate = true> <Delay = 0.00>
ST_48 : Operation 133 [1/1] (0.00ns)   --->   "%empty_98 = call i32 (...)* @_ssdm_op_SpecChannel([24 x i8]* @demux2setPathMetadat, i32 1, [1 x i8]* @p_str, [1 x i8]* @p_str, i32 16, i32 16, i45* @demux2setPathMetadat_1, i45* @demux2setPathMetadat_1)"   --->   Operation 133 'specchannel' 'empty_98' <Predicate = true> <Delay = 0.00>
ST_48 : Operation 134 [1/1] (0.00ns)   --->   "call void (...)* @_ssdm_op_SpecInterface(i45* @demux2setPathMetadat_1, [8 x i8]* @ap_fifo_str, i32 0, i32 0, [1 x i8]* @p_str, i32 0, i32 0, [1 x i8]* @p_str, [1 x i8]* @p_str, [1 x i8]* @p_str, i32 2, i32 2, i32 16, i32 16, [1 x i8]* @p_str, [1 x i8]* @p_str)"   --->   Operation 134 'specinterface' <Predicate = true> <Delay = 0.00>
ST_48 : Operation 135 [1/1] (0.00ns)   --->   "%empty_99 = call i32 (...)* @_ssdm_op_SpecChannel([21 x i8]* @demux2setPathValue_O, i32 1, [1 x i8]* @p_str, [1 x i8]* @p_str, i32 96, i32 96, i66* @demux2setPathValue_V, i66* @demux2setPathValue_V)"   --->   Operation 135 'specchannel' 'empty_99' <Predicate = true> <Delay = 0.00>
ST_48 : Operation 136 [1/1] (0.00ns)   --->   "call void (...)* @_ssdm_op_SpecInterface(i66* @demux2setPathValue_V, [8 x i8]* @ap_fifo_str, i32 0, i32 0, [1 x i8]* @p_str, i32 0, i32 0, [1 x i8]* @p_str, [1 x i8]* @p_str, [1 x i8]* @p_str, i32 2, i32 2, i32 16, i32 16, [1 x i8]* @p_str, [1 x i8]* @p_str)"   --->   Operation 136 'specinterface' <Predicate = true> <Delay = 0.00>
ST_48 : Operation 137 [1/1] (0.00ns)   --->   "%empty_100 = call i32 (...)* @_ssdm_op_SpecChannel([13 x i8]* @disp2rec_OC_V_OC_V_s, i32 1, [1 x i8]* @p_str, [1 x i8]* @p_str, i32 16, i32 16, i12* @disp2rec_V_V, i12* @disp2rec_V_V)"   --->   Operation 137 'specchannel' 'empty_100' <Predicate = true> <Delay = 0.00>
ST_48 : Operation 138 [1/1] (0.00ns)   --->   "call void (...)* @_ssdm_op_SpecInterface(i12* @disp2rec_V_V, [8 x i8]* @ap_fifo_str, i32 0, i32 0, [1 x i8]* @p_str, i32 0, i32 0, [1 x i8]* @p_str, [1 x i8]* @p_str, [1 x i8]* @p_str, i32 2, i32 2, i32 16, i32 16, [1 x i8]* @p_str, [1 x i8]* @p_str)"   --->   Operation 138 'specinterface' <Predicate = true> <Delay = 0.00>
ST_48 : Operation 139 [1/1] (0.00ns)   --->   "%empty_101 = call i32 (...)* @_ssdm_op_SpecChannel([17 x i8]* @filterPopGet_OC_V_OC, i32 1, [1 x i8]* @p_str, [1 x i8]* @p_str, i32 16, i32 16, i1* @filterPopGet_V_V, i1* @filterPopGet_V_V)"   --->   Operation 139 'specchannel' 'empty_101' <Predicate = true> <Delay = 0.00>
ST_48 : Operation 140 [1/1] (0.00ns)   --->   "call void (...)* @_ssdm_op_SpecInterface(i1* @filterPopGet_V_V, [8 x i8]* @ap_fifo_str, i32 0, i32 0, [1 x i8]* @p_str, i32 0, i32 0, [1 x i8]* @p_str, [1 x i8]* @p_str, [1 x i8]* @p_str, i32 2, i32 2, i32 16, i32 16, [1 x i8]* @p_str, [1 x i8]* @p_str)"   --->   Operation 140 'specinterface' <Predicate = true> <Delay = 0.00>
ST_48 : Operation 141 [1/1] (0.00ns)   --->   "%empty_102 = call i32 (...)* @_ssdm_op_SpecChannel([17 x i8]* @filterPopSet_OC_V_OC, i32 1, [1 x i8]* @p_str, [1 x i8]* @p_str, i32 16, i32 16, i1* @filterPopSet_V_V, i1* @filterPopSet_V_V)"   --->   Operation 141 'specchannel' 'empty_102' <Predicate = true> <Delay = 0.00>
ST_48 : Operation 142 [1/1] (0.00ns)   --->   "call void (...)* @_ssdm_op_SpecInterface(i1* @filterPopSet_V_V, [8 x i8]* @ap_fifo_str, i32 0, i32 0, [1 x i8]* @p_str, i32 0, i32 0, [1 x i8]* @p_str, [1 x i8]* @p_str, [1 x i8]* @p_str, i32 2, i32 2, i32 16, i32 16, [1 x i8]* @p_str, [1 x i8]* @p_str)"   --->   Operation 142 'specinterface' <Predicate = true> <Delay = 0.00>
ST_48 : Operation 143 [1/1] (0.00ns)   --->   "call void (...)* @_ssdm_op_SpecInterface(i2* @filterSeq_V_V, [8 x i8]* @ap_fifo_str, i32 0, i32 0, [1 x i8]* @p_str, i32 0, i32 0, [1 x i8]* @p_str, [1 x i8]* @p_str, [1 x i8]* @p_str, i32 2, i32 2, i32 16, i32 16, [1 x i8]* @p_str, [1 x i8]* @p_str)"   --->   Operation 143 'specinterface' <Predicate = true> <Delay = 0.00>
ST_48 : Operation 144 [1/1] (0.00ns)   --->   "%empty_103 = call i32 (...)* @_ssdm_op_SpecChannel([21 x i8]* @flashDemux2getPath_O, i32 1, [1 x i8]* @p_str, [1 x i8]* @p_str, i32 16, i32 16, i48* @flashDemux2getPath_V, i48* @flashDemux2getPath_V)"   --->   Operation 144 'specchannel' 'empty_103' <Predicate = true> <Delay = 0.00>
ST_48 : Operation 145 [1/1] (0.00ns)   --->   "call void (...)* @_ssdm_op_SpecInterface(i48* @flashDemux2getPath_V, [8 x i8]* @ap_fifo_str, i32 0, i32 0, [1 x i8]* @p_str, i32 0, i32 0, [1 x i8]* @p_str, [1 x i8]* @p_str, [1 x i8]* @p_str, i32 2, i32 2, i32 16, i32 16, [1 x i8]* @p_str, [1 x i8]* @p_str)"   --->   Operation 145 'specinterface' <Predicate = true> <Delay = 0.00>
ST_48 : Operation 146 [1/1] (0.00ns)   --->   "%empty_104 = call i32 (...)* @_ssdm_op_SpecChannel([29 x i8]* @flashDemux2setPathMe, i32 1, [1 x i8]* @p_str, [1 x i8]* @p_str, i32 16, i32 16, i48* @flashDemux2setPathMe_1, i48* @flashDemux2setPathMe_1)"   --->   Operation 146 'specchannel' 'empty_104' <Predicate = true> <Delay = 0.00>
ST_48 : Operation 147 [1/1] (0.00ns)   --->   "call void (...)* @_ssdm_op_SpecInterface(i48* @flashDemux2setPathMe_1, [8 x i8]* @ap_fifo_str, i32 0, i32 0, [1 x i8]* @p_str, i32 0, i32 0, [1 x i8]* @p_str, [1 x i8]* @p_str, [1 x i8]* @p_str, i32 2, i32 2, i32 16, i32 16, [1 x i8]* @p_str, [1 x i8]* @p_str)"   --->   Operation 147 'specinterface' <Predicate = true> <Delay = 0.00>
ST_48 : Operation 148 [1/1] (0.00ns)   --->   "%empty_105 = call i32 (...)* @_ssdm_op_SpecChannel([26 x i8]* @flashDemux2setPathVa, i32 1, [1 x i8]* @p_str, [1 x i8]* @p_str, i32 96, i32 96, i66* @flashDemux2setPathVa_1, i66* @flashDemux2setPathVa_1)"   --->   Operation 148 'specchannel' 'empty_105' <Predicate = true> <Delay = 0.00>
ST_48 : Operation 149 [1/1] (0.00ns)   --->   "call void (...)* @_ssdm_op_SpecInterface(i66* @flashDemux2setPathVa_1, [8 x i8]* @ap_fifo_str, i32 0, i32 0, [1 x i8]* @p_str, i32 0, i32 0, [1 x i8]* @p_str, [1 x i8]* @p_str, [1 x i8]* @p_str, i32 2, i32 2, i32 16, i32 16, [1 x i8]* @p_str, [1 x i8]* @p_str)"   --->   Operation 149 'specinterface' <Predicate = true> <Delay = 0.00>
ST_48 : Operation 150 [1/1] (0.00ns)   --->   "%empty_106 = call i32 (...)* @_ssdm_op_SpecChannel([23 x i8]* @flashGetPath2remux_O, i32 1, [1 x i8]* @p_str, [1 x i8]* @p_str, i32 96, i32 96, i64* @flashGetPath2remux_V, i64* @flashGetPath2remux_V)"   --->   Operation 150 'specchannel' 'empty_106' <Predicate = true> <Delay = 0.00>
ST_48 : Operation 151 [1/1] (0.00ns)   --->   "call void (...)* @_ssdm_op_SpecInterface(i64* @flashGetPath2remux_V, [8 x i8]* @ap_fifo_str, i32 0, i32 0, [1 x i8]* @p_str, i32 0, i32 0, [1 x i8]* @p_str, [1 x i8]* @p_str, [1 x i8]* @p_str, i32 2, i32 2, i32 16, i32 16, [1 x i8]* @p_str, [1 x i8]* @p_str)"   --->   Operation 151 'specinterface' <Predicate = true> <Delay = 0.00>
ST_48 : Operation 152 [1/1] (0.00ns)   --->   "%empty_107 = call i32 (...)* @_ssdm_op_SpecChannel([19 x i8]* @flashKeyBuffer_OC_V_s, i32 1, [1 x i8]* @p_str, [1 x i8]* @p_str, i32 48, i32 48, i64* @flashKeyBuffer_V_V, i64* @flashKeyBuffer_V_V)"   --->   Operation 152 'specchannel' 'empty_107' <Predicate = true> <Delay = 0.00>
ST_48 : Operation 153 [1/1] (0.00ns)   --->   "call void (...)* @_ssdm_op_SpecInterface(i64* @flashKeyBuffer_V_V, [8 x i8]* @ap_fifo_str, i32 0, i32 0, [1 x i8]* @p_str, i32 0, i32 0, [1 x i8]* @p_str, [1 x i8]* @p_str, [1 x i8]* @p_str, i32 2, i32 2, i32 16, i32 16, [1 x i8]* @p_str, [1 x i8]* @p_str)"   --->   Operation 153 'specinterface' <Predicate = true> <Delay = 0.00>
ST_48 : Operation 154 [1/1] (0.00ns)   --->   "%empty_108 = call i32 (...)* @_ssdm_op_SpecChannel([22 x i8]* @flashMetadataBuffer_s, i32 1, [1 x i8]* @p_str, [1 x i8]* @p_str, i32 24, i32 24, i128* @flashMetadataBuffer_s_0, i128* @flashMetadataBuffer_s_0)"   --->   Operation 154 'specchannel' 'empty_108' <Predicate = true> <Delay = 0.00>
ST_48 : Operation 155 [1/1] (0.00ns)   --->   "call void (...)* @_ssdm_op_SpecInterface(i128* @flashMetadataBuffer_s_0, [8 x i8]* @ap_fifo_str, i32 0, i32 0, [1 x i8]* @p_str, i32 0, i32 0, [1 x i8]* @p_str, [1 x i8]* @p_str, [1 x i8]* @p_str, i32 2, i32 2, i32 16, i32 16, [1 x i8]* @p_str, [1 x i8]* @p_str)"   --->   Operation 155 'specinterface' <Predicate = true> <Delay = 0.00>
ST_48 : Operation 156 [1/1] (0.00ns)   --->   "%empty_109 = call i32 (...)* @_ssdm_op_SpecChannel([19 x i8]* @flash_Disp2rec_OC_V_s, i32 1, [1 x i8]* @p_str, [1 x i8]* @p_str, i32 16, i32 16, i16* @flash_Disp2rec_V_V, i16* @flash_Disp2rec_V_V)"   --->   Operation 156 'specchannel' 'empty_109' <Predicate = true> <Delay = 0.00>
ST_48 : Operation 157 [1/1] (0.00ns)   --->   "call void (...)* @_ssdm_op_SpecInterface(i16* @flash_Disp2rec_V_V, [8 x i8]* @ap_fifo_str, i32 0, i32 0, [1 x i8]* @p_str, i32 0, i32 0, [1 x i8]* @p_str, [1 x i8]* @p_str, [1 x i8]* @p_str, i32 2, i32 2, i32 16, i32 16, [1 x i8]* @p_str, [1 x i8]* @p_str)"   --->   Operation 157 'specinterface' <Predicate = true> <Delay = 0.00>
ST_48 : Operation 158 [1/1] (0.00ns)   --->   "%empty_110 = call i32 (...)* @_ssdm_op_SpecChannel([18 x i8]* @getPath2remux_OC_V_O, i32 1, [1 x i8]* @p_str, [1 x i8]* @p_str, i32 96, i32 96, i64* @getPath2remux_V_V, i64* @getPath2remux_V_V)"   --->   Operation 158 'specchannel' 'empty_110' <Predicate = true> <Delay = 0.00>
ST_48 : Operation 159 [1/1] (0.00ns)   --->   "call void (...)* @_ssdm_op_SpecInterface(i64* @getPath2remux_V_V, [8 x i8]* @ap_fifo_str, i32 0, i32 0, [1 x i8]* @p_str, i32 0, i32 0, [1 x i8]* @p_str, [1 x i8]* @p_str, [1 x i8]* @p_str, i32 2, i32 2, i32 16, i32 16, [1 x i8]* @p_str, [1 x i8]* @p_str)"   --->   Operation 159 'specinterface' <Predicate = true> <Delay = 0.00>
ST_48 : Operation 160 [1/1] (0.00ns)   --->   "%empty_111 = call i32 (...)* @_ssdm_op_SpecChannel([12 x i8]* @hash2cc_OC_V_OC_V_st, i32 1, [1 x i8]* @p_str, [1 x i8]* @p_str, i32 2, i32 2, i32* @hash2cc_V_V, i32* @hash2cc_V_V)"   --->   Operation 160 'specchannel' 'empty_111' <Predicate = true> <Delay = 0.00>
ST_48 : Operation 161 [1/1] (0.00ns)   --->   "call void (...)* @_ssdm_op_SpecInterface(i32* @hash2cc_V_V, [8 x i8]* @ap_fifo_str, i32 0, i32 0, [1 x i8]* @p_str, i32 0, i32 0, [1 x i8]* @p_str, [1 x i8]* @p_str, [1 x i8]* @p_str, i32 2, i32 2, i32 16, i32 16, [1 x i8]* @p_str, [1 x i8]* @p_str)"   --->   Operation 161 'specinterface' <Predicate = true> <Delay = 0.00>
ST_48 : Operation 162 [1/1] (0.00ns)   --->   "%empty_112 = call i32 (...)* @_ssdm_op_SpecChannel([18 x i8]* @hashKeyBuffer_OC_V_O, i32 1, [1 x i8]* @p_str, [1 x i8]* @p_str, i32 128, i32 128, i64* @hashKeyBuffer_V_V, i64* @hashKeyBuffer_V_V)"   --->   Operation 162 'specchannel' 'empty_112' <Predicate = true> <Delay = 0.00>
ST_48 : Operation 163 [1/1] (0.00ns)   --->   "call void (...)* @_ssdm_op_SpecInterface(i64* @hashKeyBuffer_V_V, [8 x i8]* @ap_fifo_str, i32 0, i32 0, [1 x i8]* @p_str, i32 0, i32 0, [1 x i8]* @p_str, [1 x i8]* @p_str, [1 x i8]* @p_str, i32 2, i32 2, i32 16, i32 16, [1 x i8]* @p_str, [1 x i8]* @p_str)"   --->   Operation 163 'specinterface' <Predicate = true> <Delay = 0.00>
ST_48 : Operation 164 [1/1] (0.00ns)   --->   "%empty_113 = call i32 (...)* @_ssdm_op_SpecChannel([17 x i8]* @hashMdBuffer_OC_V_OC, i32 1, [1 x i8]* @p_str, [1 x i8]* @p_str, i32 32, i32 32, i128* @hashMdBuffer_V_V, i128* @hashMdBuffer_V_V)"   --->   Operation 164 'specchannel' 'empty_113' <Predicate = true> <Delay = 0.00>
ST_48 : Operation 165 [1/1] (0.00ns)   --->   "call void (...)* @_ssdm_op_SpecInterface(i128* @hashMdBuffer_V_V, [8 x i8]* @ap_fifo_str, i32 0, i32 0, [1 x i8]* @p_str, i32 0, i32 0, [1 x i8]* @p_str, [1 x i8]* @p_str, [1 x i8]* @p_str, i32 2, i32 2, i32 16, i32 16, [1 x i8]* @p_str, [1 x i8]* @p_str)"   --->   Operation 165 'specinterface' <Predicate = true> <Delay = 0.00>
ST_48 : Operation 166 [1/1] (0.00ns)   --->   "%empty_114 = call i32 (...)* @_ssdm_op_SpecChannel([21 x i8]* @hashTable2splitter_O, i32 1, [1 x i8]* @p_str, [1 x i8]* @p_str, i32 16, i32 16, i256* @hashTable2splitter_V, i256* @hashTable2splitter_V)"   --->   Operation 166 'specchannel' 'empty_114' <Predicate = true> <Delay = 0.00>
ST_48 : Operation 167 [1/1] (0.00ns)   --->   "call void (...)* @_ssdm_op_SpecInterface(i256* @hashTable2splitter_V, [8 x i8]* @ap_fifo_str, i32 0, i32 0, [1 x i8]* @p_str, i32 0, i32 0, [1 x i8]* @p_str, [1 x i8]* @p_str, [1 x i8]* @p_str, i32 2, i32 2, i32 16, i32 16, [1 x i8]* @p_str, [1 x i8]* @p_str)"   --->   Operation 167 'specinterface' <Predicate = true> <Delay = 0.00>
ST_48 : Operation 168 [1/1] (0.00ns)   --->   "%empty_115 = call i32 (...)* @_ssdm_op_SpecChannel([20 x i8]* @hashValueBuffer_OC_V, i32 1, [1 x i8]* @p_str, [1 x i8]* @p_str, i32 1024, i32 1024, i64* @hashValueBuffer_V_V, i64* @hashValueBuffer_V_V)"   --->   Operation 168 'specchannel' 'empty_115' <Predicate = true> <Delay = 0.00>
ST_48 : Operation 169 [1/1] (0.00ns)   --->   "call void (...)* @_ssdm_op_SpecInterface(i64* @hashValueBuffer_V_V, [8 x i8]* @ap_fifo_str, i32 0, i32 0, [1 x i8]* @p_str, i32 0, i32 0, [1 x i8]* @p_str, [1 x i8]* @p_str, [1 x i8]* @p_str, i32 2, i32 2, i32 16, i32 16, [1 x i8]* @p_str, [1 x i8]* @p_str)"   --->   Operation 169 'specinterface' <Predicate = true> <Delay = 0.00>
ST_48 : Operation 170 [1/1] (0.00ns)   --->   "%empty_116 = call i32 (...)* @_ssdm_op_SpecChannel([8 x i8]* @in2cc_OC_V_str, i32 1, [1 x i8]* @p_str, [1 x i8]* @p_str, i32 10, i32 10, i130* @in2cc_V, i130* @in2cc_V)"   --->   Operation 170 'specchannel' 'empty_116' <Predicate = true> <Delay = 0.00>
ST_48 : Operation 171 [1/1] (0.00ns)   --->   "call void (...)* @_ssdm_op_SpecInterface(i130* @in2cc_V, [8 x i8]* @ap_fifo_str, i32 0, i32 0, [1 x i8]* @p_str, i32 0, i32 0, [1 x i8]* @p_str, [1 x i8]* @p_str, [1 x i8]* @p_str, i32 2, i32 2, i32 16, i32 16, [1 x i8]* @p_str, [1 x i8]* @p_str)"   --->   Operation 171 'specinterface' <Predicate = true> <Delay = 0.00>
ST_48 : Operation 172 [1/1] (0.00ns)   --->   "%empty_117 = call i32 (...)* @_ssdm_op_SpecChannel([10 x i8]* @in2ccMd_OC_V_str, i32 1, [1 x i8]* @p_str, [1 x i8]* @p_str, i32 10, i32 10, i64* @in2ccMd_V, i64* @in2ccMd_V)"   --->   Operation 172 'specchannel' 'empty_117' <Predicate = true> <Delay = 0.00>
ST_48 : Operation 173 [1/1] (0.00ns)   --->   "call void (...)* @_ssdm_op_SpecInterface(i64* @in2ccMd_V, [8 x i8]* @ap_fifo_str, i32 0, i32 0, [1 x i8]* @p_str, i32 0, i32 0, [1 x i8]* @p_str, [1 x i8]* @p_str, [1 x i8]* @p_str, i32 2, i32 2, i32 16, i32 16, [1 x i8]* @p_str, [1 x i8]* @p_str)"   --->   Operation 173 'specinterface' <Predicate = true> <Delay = 0.00>
ST_48 : Operation 174 [1/1] (0.00ns)   --->   "%empty_118 = call i32 (...)* @_ssdm_op_SpecChannel([10 x i8]* @in2hash_OC_V_str, i32 1, [1 x i8]* @p_str, [1 x i8]* @p_str, i32 2, i32 2, i130* @in2hash_V, i130* @in2hash_V)"   --->   Operation 174 'specchannel' 'empty_118' <Predicate = true> <Delay = 0.00>
ST_48 : Operation 175 [1/1] (0.00ns)   --->   "call void (...)* @_ssdm_op_SpecInterface(i130* @in2hash_V, [8 x i8]* @ap_fifo_str, i32 0, i32 0, [1 x i8]* @p_str, i32 0, i32 0, [1 x i8]* @p_str, [1 x i8]* @p_str, [1 x i8]* @p_str, i32 2, i32 2, i32 16, i32 16, [1 x i8]* @p_str, [1 x i8]* @p_str)"   --->   Operation 175 'specinterface' <Predicate = true> <Delay = 0.00>
ST_48 : Operation 176 [1/1] (0.00ns)   --->   "%empty_119 = call i32 (...)* @_ssdm_op_SpecChannel([21 x i8]* @in2hashKeyLength_OC_s, i32 1, [1 x i8]* @p_str, [1 x i8]* @p_str, i32 2, i32 2, i8* @in2hashKeyLength_V_V, i8* @in2hashKeyLength_V_V)"   --->   Operation 176 'specchannel' 'empty_119' <Predicate = true> <Delay = 0.00>
ST_48 : Operation 177 [1/1] (0.00ns)   --->   "call void (...)* @_ssdm_op_SpecInterface(i8* @in2hashKeyLength_V_V, [8 x i8]* @ap_fifo_str, i32 0, i32 0, [1 x i8]* @p_str, i32 0, i32 0, [1 x i8]* @p_str, [1 x i8]* @p_str, [1 x i8]* @p_str, i32 2, i32 2, i32 16, i32 16, [1 x i8]* @p_str, [1 x i8]* @p_str)"   --->   Operation 177 'specinterface' <Predicate = true> <Delay = 0.00>
ST_48 : Operation 178 [1/1] (0.00ns)   --->   "%empty_120 = call i32 (...)* @_ssdm_op_SpecChannel([14 x i8]* @keyBuffer_OC_V_OC_V_s, i32 1, [1 x i8]* @p_str, [1 x i8]* @p_str, i32 48, i32 48, i64* @keyBuffer_V_V, i64* @keyBuffer_V_V)"   --->   Operation 178 'specchannel' 'empty_120' <Predicate = true> <Delay = 0.00>
ST_48 : Operation 179 [1/1] (0.00ns)   --->   "call void (...)* @_ssdm_op_SpecInterface(i64* @keyBuffer_V_V, [8 x i8]* @ap_fifo_str, i32 0, i32 0, [1 x i8]* @p_str, i32 0, i32 0, [1 x i8]* @p_str, [1 x i8]* @p_str, [1 x i8]* @p_str, i32 2, i32 2, i32 16, i32 16, [1 x i8]* @p_str, [1 x i8]* @p_str)"   --->   Operation 179 'specinterface' <Predicate = true> <Delay = 0.00>
ST_48 : Operation 180 [1/1] (0.00ns)   --->   "%empty_121 = call i32 (...)* @_ssdm_op_SpecChannel([17 x i8]* @keyBuffer_rp_OC_V_OC, i32 1, [1 x i8]* @p_str, [1 x i8]* @p_str, i32 128, i32 128, i64* @keyBuffer_rp_V_V, i64* @keyBuffer_rp_V_V)"   --->   Operation 180 'specchannel' 'empty_121' <Predicate = true> <Delay = 0.00>
ST_48 : Operation 181 [1/1] (0.00ns)   --->   "call void (...)* @_ssdm_op_SpecInterface(i64* @keyBuffer_rp_V_V, [8 x i8]* @ap_fifo_str, i32 0, i32 0, [1 x i8]* @p_str, i32 0, i32 0, [1 x i8]* @p_str, [1 x i8]* @p_str, [1 x i8]* @p_str, i32 2, i32 2, i32 16, i32 16, [1 x i8]* @p_str, [1 x i8]* @p_str)"   --->   Operation 181 'specinterface' <Predicate = true> <Delay = 0.00>
ST_48 : Operation 182 [1/1] (0.00ns)   --->   "%empty_122 = call i32 (...)* @_ssdm_op_SpecChannel([13 x i8]* @memRd2comp_OC_V_str, i32 1, [1 x i8]* @p_str, [1 x i8]* @p_str, i32 10, i32 10, i130* @memRd2comp_V, i130* @memRd2comp_V)"   --->   Operation 182 'specchannel' 'empty_122' <Predicate = true> <Delay = 0.00>
ST_48 : Operation 183 [1/1] (0.00ns)   --->   "call void (...)* @_ssdm_op_SpecInterface(i130* @memRd2comp_V, [8 x i8]* @ap_fifo_str, i32 0, i32 0, [1 x i8]* @p_str, i32 0, i32 0, [1 x i8]* @p_str, [1 x i8]* @p_str, [1 x i8]* @p_str, i32 2, i32 2, i32 16, i32 16, [1 x i8]* @p_str, [1 x i8]* @p_str)"   --->   Operation 183 'specinterface' <Predicate = true> <Delay = 0.00>
ST_48 : Operation 184 [1/1] (0.00ns)   --->   "%empty_123 = call i32 (...)* @_ssdm_op_SpecChannel([15 x i8]* @memRd2compMd_OC_V_st, i32 1, [1 x i8]* @p_str, [1 x i8]* @p_str, i32 10, i32 10, i64* @memRd2compMd_V, i64* @memRd2compMd_V)"   --->   Operation 184 'specchannel' 'empty_123' <Predicate = true> <Delay = 0.00>
ST_48 : Operation 185 [1/1] (0.00ns)   --->   "call void (...)* @_ssdm_op_SpecInterface(i64* @memRd2compMd_V, [8 x i8]* @ap_fifo_str, i32 0, i32 0, [1 x i8]* @p_str, i32 0, i32 0, [1 x i8]* @p_str, [1 x i8]* @p_str, [1 x i8]* @p_str, i32 2, i32 2, i32 16, i32 16, [1 x i8]* @p_str, [1 x i8]* @p_str)"   --->   Operation 185 'specinterface' <Predicate = true> <Delay = 0.00>
ST_48 : Operation 186 [1/1] (0.00ns)   --->   "%empty_124 = call i32 (...)* @_ssdm_op_SpecChannel([12 x i8]* @memWr2out_OC_V_str, i32 1, [1 x i8]* @p_str, [1 x i8]* @p_str, i32 2, i32 2, i57* @memWr2out_V, i57* @memWr2out_V)"   --->   Operation 186 'specchannel' 'empty_124' <Predicate = true> <Delay = 0.00>
ST_48 : Operation 187 [1/1] (0.00ns)   --->   "call void (...)* @_ssdm_op_SpecInterface(i57* @memWr2out_V, [8 x i8]* @ap_fifo_str, i32 0, i32 0, [1 x i8]* @p_str, i32 0, i32 0, [1 x i8]* @p_str, [1 x i8]* @p_str, [1 x i8]* @p_str, i32 2, i32 2, i32 16, i32 16, [1 x i8]* @p_str, [1 x i8]* @p_str)"   --->   Operation 187 'specinterface' <Predicate = true> <Delay = 0.00>
ST_48 : Operation 188 [1/1] (0.00ns)   --->   "%empty_125 = call i32 (...)* @_ssdm_op_SpecChannel([27 x i8]* @merger2responseForma, i32 1, [1 x i8]* @p_str, [1 x i8]* @p_str, i32 16, i32 16, i256* @merger2responseForma_1, i256* @merger2responseForma_1)"   --->   Operation 188 'specchannel' 'empty_125' <Predicate = true> <Delay = 0.00>
ST_48 : Operation 189 [1/1] (0.00ns)   --->   "call void (...)* @_ssdm_op_SpecInterface(i256* @merger2responseForma_1, [8 x i8]* @ap_fifo_str, i32 0, i32 0, [1 x i8]* @p_str, i32 0, i32 0, [1 x i8]* @p_str, [1 x i8]* @p_str, [1 x i8]* @p_str, i32 2, i32 2, i32 16, i32 16, [1 x i8]* @p_str, [1 x i8]* @p_str)"   --->   Operation 189 'specinterface' <Predicate = true> <Delay = 0.00>
ST_48 : Operation 190 [1/1] (0.00ns)   --->   "%empty_126 = call i32 (...)* @_ssdm_op_SpecChannel([17 x i8]* @metadataBuffer_OC_V_s, i32 1, [1 x i8]* @p_str, [1 x i8]* @p_str, i32 24, i32 24, i128* @metadataBuffer_V, i128* @metadataBuffer_V)"   --->   Operation 190 'specchannel' 'empty_126' <Predicate = true> <Delay = 0.00>
ST_48 : Operation 191 [1/1] (0.00ns)   --->   "call void (...)* @_ssdm_op_SpecInterface(i128* @metadataBuffer_V, [8 x i8]* @ap_fifo_str, i32 0, i32 0, [1 x i8]* @p_str, i32 0, i32 0, [1 x i8]* @p_str, [1 x i8]* @p_str, [1 x i8]* @p_str, i32 2, i32 2, i32 16, i32 16, [1 x i8]* @p_str, [1 x i8]* @p_str)"   --->   Operation 191 'specinterface' <Predicate = true> <Delay = 0.00>
ST_48 : Operation 192 [1/1] (0.00ns)   --->   "%empty_127 = call i32 (...)* @_ssdm_op_SpecChannel([22 x i8]* @metadataBuffer_rf_OC, i32 1, [1 x i8]* @p_str, [1 x i8]* @p_str, i32 8, i32 8, i248* @metadataBuffer_rf_V_s, i248* @metadataBuffer_rf_V_s)"   --->   Operation 192 'specchannel' 'empty_127' <Predicate = true> <Delay = 0.00>
ST_48 : Operation 193 [1/1] (0.00ns)   --->   "call void (...)* @_ssdm_op_SpecInterface(i248* @metadataBuffer_rf_V_s, [8 x i8]* @ap_fifo_str, i32 0, i32 0, [1 x i8]* @p_str, i32 0, i32 0, [1 x i8]* @p_str, [1 x i8]* @p_str, [1 x i8]* @p_str, i32 2, i32 2, i32 16, i32 16, [1 x i8]* @p_str, [1 x i8]* @p_str)"   --->   Operation 193 'specinterface' <Predicate = true> <Delay = 0.00>
ST_48 : Operation 194 [1/1] (0.00ns)   --->   "%empty_128 = call i32 (...)* @_ssdm_op_SpecChannel([22 x i8]* @metadataBuffer_rp_OC, i32 1, [1 x i8]* @p_str, [1 x i8]* @p_str, i32 16, i32 16, i248* @metadataBuffer_rp_V_s, i248* @metadataBuffer_rp_V_s)"   --->   Operation 194 'specchannel' 'empty_128' <Predicate = true> <Delay = 0.00>
ST_48 : Operation 195 [1/1] (0.00ns)   --->   "call void (...)* @_ssdm_op_SpecInterface(i248* @metadataBuffer_rp_V_s, [8 x i8]* @ap_fifo_str, i32 0, i32 0, [1 x i8]* @p_str, i32 0, i32 0, [1 x i8]* @p_str, [1 x i8]* @p_str, [1 x i8]* @p_str, i32 2, i32 2, i32 16, i32 16, [1 x i8]* @p_str, [1 x i8]* @p_str)"   --->   Operation 195 'specinterface' <Predicate = true> <Delay = 0.00>
ST_48 : Operation 196 [1/1] (0.00ns)   --->   "%empty_129 = call i32 (...)* @_ssdm_op_SpecChannel([26 x i8]* @requestParser2hashTa, i32 1, [1 x i8]* @p_str, [1 x i8]* @p_str, i32 16, i32 16, i256* @requestParser2hashTa_1, i256* @requestParser2hashTa_1)"   --->   Operation 196 'specchannel' 'empty_129' <Predicate = true> <Delay = 0.00>
ST_48 : Operation 197 [1/1] (0.00ns)   --->   "call void (...)* @_ssdm_op_SpecInterface(i256* @requestParser2hashTa_1, [8 x i8]* @ap_fifo_str, i32 0, i32 0, [1 x i8]* @p_str, i32 0, i32 0, [1 x i8]* @p_str, [1 x i8]* @p_str, [1 x i8]* @p_str, i32 2, i32 2, i32 16, i32 16, [1 x i8]* @p_str, [1 x i8]* @p_str)"   --->   Operation 197 'specinterface' <Predicate = true> <Delay = 0.00>
ST_48 : Operation 198 [1/1] (0.00ns)   --->   "%empty_130 = call i32 (...)* @_ssdm_op_SpecChannel([19 x i8]* @resizedInitValue_OC_s, i32 1, [1 x i8]* @p_str, [1 x i8]* @p_str, i32 2, i32 2, i32* @resizedInitValue_V, i32* @resizedInitValue_V)"   --->   Operation 198 'specchannel' 'empty_130' <Predicate = true> <Delay = 0.00>
ST_48 : Operation 199 [1/1] (0.00ns)   --->   "call void (...)* @_ssdm_op_SpecInterface(i32* @resizedInitValue_V, [8 x i8]* @ap_fifo_str, i32 0, i32 0, [1 x i8]* @p_str, i32 0, i32 0, [1 x i8]* @p_str, [1 x i8]* @p_str, [1 x i8]* @p_str, i32 2, i32 2, i32 16, i32 16, [1 x i8]* @p_str, [1 x i8]* @p_str)"   --->   Operation 199 'specinterface' <Predicate = true> <Delay = 0.00>
ST_48 : Operation 200 [1/1] (0.00ns)   --->   "%empty_131 = call i32 (...)* @_ssdm_op_SpecChannel([15 x i8]* @resizedKey_OC_V_OC_V, i32 1, [1 x i8]* @p_str, [1 x i8]* @p_str, i32 8, i32 8, i96* @resizedKey_V_V, i96* @resizedKey_V_V)"   --->   Operation 200 'specchannel' 'empty_131' <Predicate = true> <Delay = 0.00>
ST_48 : Operation 201 [1/1] (0.00ns)   --->   "call void (...)* @_ssdm_op_SpecInterface(i96* @resizedKey_V_V, [8 x i8]* @ap_fifo_str, i32 0, i32 0, [1 x i8]* @p_str, i32 0, i32 0, [1 x i8]* @p_str, [1 x i8]* @p_str, [1 x i8]* @p_str, i32 2, i32 2, i32 16, i32 16, [1 x i8]* @p_str, [1 x i8]* @p_str)"   --->   Operation 201 'specinterface' <Predicate = true> <Delay = 0.00>
ST_48 : Operation 202 [1/1] (0.00ns)   --->   "%empty_132 = call i32 (...)* @_ssdm_op_SpecChannel([19 x i8]* @resizedKeyLength_OC_s, i32 1, [1 x i8]* @p_str, [1 x i8]* @p_str, i32 2, i32 2, i32* @resizedKeyLength_V, i32* @resizedKeyLength_V)"   --->   Operation 202 'specchannel' 'empty_132' <Predicate = true> <Delay = 0.00>
ST_48 : Operation 203 [1/1] (0.00ns)   --->   "call void (...)* @_ssdm_op_SpecInterface(i32* @resizedKeyLength_V, [8 x i8]* @ap_fifo_str, i32 0, i32 0, [1 x i8]* @p_str, i32 0, i32 0, [1 x i8]* @p_str, [1 x i8]* @p_str, [1 x i8]* @p_str, i32 2, i32 2, i32 16, i32 16, [1 x i8]* @p_str, [1 x i8]* @p_str)"   --->   Operation 203 'specinterface' <Predicate = true> <Delay = 0.00>
ST_48 : Operation 204 [1/1] (0.00ns)   --->   "%empty_133 = call i32 (...)* @_ssdm_op_SpecChannel([26 x i8]* @splitter2valueStoreD, i32 1, [1 x i8]* @p_str, [1 x i8]* @p_str, i32 16, i32 16, i256* @splitter2valueStoreD_1, i256* @splitter2valueStoreD_1)"   --->   Operation 204 'specchannel' 'empty_133' <Predicate = true> <Delay = 0.00>
ST_48 : Operation 205 [1/1] (0.00ns)   --->   "call void (...)* @_ssdm_op_SpecInterface(i256* @splitter2valueStoreD_1, [8 x i8]* @ap_fifo_str, i32 0, i32 0, [1 x i8]* @p_str, i32 0, i32 0, [1 x i8]* @p_str, [1 x i8]* @p_str, [1 x i8]* @p_str, i32 2, i32 2, i32 16, i32 16, [1 x i8]* @p_str, [1 x i8]* @p_str)"   --->   Operation 205 'specinterface' <Predicate = true> <Delay = 0.00>
ST_48 : Operation 206 [1/1] (0.00ns)   --->   "%empty_134 = call i32 (...)* @_ssdm_op_SpecChannel([27 x i8]* @splitter2valueStoreF, i32 1, [1 x i8]* @p_str, [1 x i8]* @p_str, i32 16, i32 16, i256* @splitter2valueStoreF_1, i256* @splitter2valueStoreF_1)"   --->   Operation 206 'specchannel' 'empty_134' <Predicate = true> <Delay = 0.00>
ST_48 : Operation 207 [1/1] (0.00ns)   --->   "call void (...)* @_ssdm_op_SpecInterface(i256* @splitter2valueStoreF_1, [8 x i8]* @ap_fifo_str, i32 0, i32 0, [1 x i8]* @p_str, i32 0, i32 0, [1 x i8]* @p_str, [1 x i8]* @p_str, [1 x i8]* @p_str, i32 2, i32 2, i32 16, i32 16, [1 x i8]* @p_str, [1 x i8]* @p_str)"   --->   Operation 207 'specinterface' <Predicate = true> <Delay = 0.00>
ST_48 : Operation 208 [1/1] (0.00ns)   --->   "%empty_135 = call i32 (...)* @_ssdm_op_SpecChannel([19 x i8]* @valueBuffer_rf_OC_V_s, i32 1, [1 x i8]* @p_str, [1 x i8]* @p_str, i32 1024, i32 1024, i64* @valueBuffer_rf_V_V, i64* @valueBuffer_rf_V_V)"   --->   Operation 208 'specchannel' 'empty_135' <Predicate = true> <Delay = 0.00>
ST_48 : Operation 209 [1/1] (0.00ns)   --->   "call void (...)* @_ssdm_op_SpecInterface(i64* @valueBuffer_rf_V_V, [8 x i8]* @ap_fifo_str, i32 0, i32 0, [1 x i8]* @p_str, i32 0, i32 0, [1 x i8]* @p_str, [1 x i8]* @p_str, [1 x i8]* @p_str, i32 2, i32 2, i32 16, i32 16, [1 x i8]* @p_str, [1 x i8]* @p_str)"   --->   Operation 209 'specinterface' <Predicate = true> <Delay = 0.00>
ST_48 : Operation 210 [1/1] (0.00ns)   --->   "%empty_136 = call i32 (...)* @_ssdm_op_SpecChannel([19 x i8]* @valueBuffer_rp_OC_V_s, i32 1, [1 x i8]* @p_str, [1 x i8]* @p_str, i32 1024, i32 1024, i64* @valueBuffer_rp_V_V, i64* @valueBuffer_rp_V_V)"   --->   Operation 210 'specchannel' 'empty_136' <Predicate = true> <Delay = 0.00>
ST_48 : Operation 211 [1/1] (0.00ns)   --->   "call void (...)* @_ssdm_op_SpecInterface(i64* @valueBuffer_rp_V_V, [8 x i8]* @ap_fifo_str, i32 0, i32 0, [1 x i8]* @p_str, i32 0, i32 0, [1 x i8]* @p_str, [1 x i8]* @p_str, [1 x i8]* @p_str, i32 2, i32 2, i32 16, i32 16, [1 x i8]* @p_str, [1 x i8]* @p_str)"   --->   Operation 211 'specinterface' <Predicate = true> <Delay = 0.00>
ST_48 : Operation 212 [1/1] (0.00ns)   --->   "%empty_137 = call i32 (...)* @_ssdm_op_SpecChannel([24 x i8]* @valueStoreDram2merge, i32 1, [1 x i8]* @p_str, [1 x i8]* @p_str, i32 16, i32 16, i256* @valueStoreDram2merge_1, i256* @valueStoreDram2merge_1)"   --->   Operation 212 'specchannel' 'empty_137' <Predicate = true> <Delay = 0.00>
ST_48 : Operation 213 [1/1] (0.00ns)   --->   "call void (...)* @_ssdm_op_SpecInterface(i256* @valueStoreDram2merge_1, [8 x i8]* @ap_fifo_str, i32 0, i32 0, [1 x i8]* @p_str, i32 0, i32 0, [1 x i8]* @p_str, [1 x i8]* @p_str, [1 x i8]* @p_str, i32 2, i32 2, i32 16, i32 16, [1 x i8]* @p_str, [1 x i8]* @p_str)"   --->   Operation 213 'specinterface' <Predicate = true> <Delay = 0.00>
ST_48 : Operation 214 [1/1] (0.00ns)   --->   "%empty_138 = call i32 (...)* @_ssdm_op_SpecChannel([25 x i8]* @valueStoreFlash2merg, i32 1, [1 x i8]* @p_str, [1 x i8]* @p_str, i32 16, i32 16, i256* @valueStoreFlash2merg_1, i256* @valueStoreFlash2merg_1)"   --->   Operation 214 'specchannel' 'empty_138' <Predicate = true> <Delay = 0.00>
ST_48 : Operation 215 [1/1] (0.00ns)   --->   "call void (...)* @_ssdm_op_SpecInterface(i256* @valueStoreFlash2merg_1, [8 x i8]* @ap_fifo_str, i32 0, i32 0, [1 x i8]* @p_str, i32 0, i32 0, [1 x i8]* @p_str, [1 x i8]* @p_str, [1 x i8]* @p_str, i32 2, i32 2, i32 16, i32 16, [1 x i8]* @p_str, [1 x i8]* @p_str)"   --->   Operation 215 'specinterface' <Predicate = true> <Delay = 0.00>
ST_48 : Operation 216 [1/1] (0.00ns)   --->   "call void (...)* @_ssdm_op_SpecBitsMap(i40* %hashTableMemWrCmd_V), !map !590"   --->   Operation 216 'specbitsmap' <Predicate = true> <Delay = 0.00>
ST_48 : Operation 217 [1/1] (0.00ns)   --->   "call void (...)* @_ssdm_op_SpecBitsMap(i40* %hashTableMemRdCmd_V), !map !599"   --->   Operation 217 'specbitsmap' <Predicate = true> <Delay = 0.00>
ST_48 : Operation 218 [1/1] (0.00ns)   --->   "call void (...)* @_ssdm_op_SpecBitsMap(i48* %flashValueStoreMemWrCmd_V), !map !606"   --->   Operation 218 'specbitsmap' <Predicate = true> <Delay = 0.00>
ST_48 : Operation 219 [1/1] (0.00ns)   --->   "call void (...)* @_ssdm_op_SpecBitsMap(i48* %flashValueStoreMemRdCmd_V), !map !613"   --->   Operation 219 'specbitsmap' <Predicate = true> <Delay = 0.00>
ST_48 : Operation 220 [1/1] (0.00ns)   --->   "call void (...)* @_ssdm_op_SpecBitsMap(i40* %dramValueStoreMemWrCmd_V), !map !620"   --->   Operation 220 'specbitsmap' <Predicate = true> <Delay = 0.00>
ST_48 : Operation 221 [1/1] (0.00ns)   --->   "call void (...)* @_ssdm_op_SpecBitsMap(i40* %dramValueStoreMemRdCmd_V), !map !627"   --->   Operation 221 'specbitsmap' <Predicate = true> <Delay = 0.00>
ST_48 : Operation 222 [1/1] (0.00ns)   --->   "call void (...)* @_ssdm_op_SpecBitsMap(i64* %inData_V_data_V), !map !634"   --->   Operation 222 'specbitsmap' <Predicate = true> <Delay = 0.00>
ST_48 : Operation 223 [1/1] (0.00ns)   --->   "call void (...)* @_ssdm_op_SpecBitsMap(i112* %inData_V_user_V), !map !638"   --->   Operation 223 'specbitsmap' <Predicate = true> <Delay = 0.00>
ST_48 : Operation 224 [1/1] (0.00ns)   --->   "call void (...)* @_ssdm_op_SpecBitsMap(i8* %inData_V_keep_V), !map !642"   --->   Operation 224 'specbitsmap' <Predicate = true> <Delay = 0.00>
ST_48 : Operation 225 [1/1] (0.00ns)   --->   "call void (...)* @_ssdm_op_SpecBitsMap(i1* %inData_V_last_V), !map !646"   --->   Operation 225 'specbitsmap' <Predicate = true> <Delay = 0.00>
ST_48 : Operation 226 [1/1] (0.00ns)   --->   "call void (...)* @_ssdm_op_SpecBitsMap(i64* %outData_V_data_V), !map !650"   --->   Operation 226 'specbitsmap' <Predicate = true> <Delay = 0.00>
ST_48 : Operation 227 [1/1] (0.00ns)   --->   "call void (...)* @_ssdm_op_SpecBitsMap(i112* %outData_V_user_V), !map !654"   --->   Operation 227 'specbitsmap' <Predicate = true> <Delay = 0.00>
ST_48 : Operation 228 [1/1] (0.00ns)   --->   "call void (...)* @_ssdm_op_SpecBitsMap(i8* %outData_V_keep_V), !map !658"   --->   Operation 228 'specbitsmap' <Predicate = true> <Delay = 0.00>
ST_48 : Operation 229 [1/1] (0.00ns)   --->   "call void (...)* @_ssdm_op_SpecBitsMap(i1* %outData_V_last_V), !map !662"   --->   Operation 229 'specbitsmap' <Predicate = true> <Delay = 0.00>
ST_48 : Operation 230 [1/1] (0.00ns)   --->   "call void (...)* @_ssdm_op_SpecBitsMap(i512* %dramValueStoreMemRdData_V_V), !map !666"   --->   Operation 230 'specbitsmap' <Predicate = true> <Delay = 0.00>
ST_48 : Operation 231 [1/1] (0.00ns)   --->   "call void (...)* @_ssdm_op_SpecBitsMap(i512* %dramValueStoreMemWrData_V_V), !map !670"   --->   Operation 231 'specbitsmap' <Predicate = true> <Delay = 0.00>
ST_48 : Operation 232 [1/1] (0.00ns)   --->   "call void (...)* @_ssdm_op_SpecBitsMap(i64* %flashValueStoreMemRdData_V_V), !map !674"   --->   Operation 232 'specbitsmap' <Predicate = true> <Delay = 0.00>
ST_48 : Operation 233 [1/1] (0.00ns)   --->   "call void (...)* @_ssdm_op_SpecBitsMap(i64* %flashValueStoreMemWrData_V_V), !map !678"   --->   Operation 233 'specbitsmap' <Predicate = true> <Delay = 0.00>
ST_48 : Operation 234 [1/1] (0.00ns)   --->   "call void (...)* @_ssdm_op_SpecBitsMap(i512* %hashTableMemRdData_V_V), !map !682"   --->   Operation 234 'specbitsmap' <Predicate = true> <Delay = 0.00>
ST_48 : Operation 235 [1/1] (0.00ns)   --->   "call void (...)* @_ssdm_op_SpecBitsMap(i512* %hashTableMemWrData_V_V), !map !686"   --->   Operation 235 'specbitsmap' <Predicate = true> <Delay = 0.00>
ST_48 : Operation 236 [1/1] (0.00ns)   --->   "call void (...)* @_ssdm_op_SpecBitsMap(i32* %addressReturnOut_V_V), !map !690"   --->   Operation 236 'specbitsmap' <Predicate = true> <Delay = 0.00>
ST_48 : Operation 237 [1/1] (0.00ns)   --->   "call void (...)* @_ssdm_op_SpecBitsMap(i32* %addressAssignDramIn_V_V), !map !694"   --->   Operation 237 'specbitsmap' <Predicate = true> <Delay = 0.00>
ST_48 : Operation 238 [1/1] (0.00ns)   --->   "call void (...)* @_ssdm_op_SpecBitsMap(i32* %addressAssignFlashIn_V_V), !map !698"   --->   Operation 238 'specbitsmap' <Predicate = true> <Delay = 0.00>
ST_48 : Operation 239 [1/1] (0.00ns)   --->   "call void (...)* @_ssdm_op_SpecBitsMap(i1* %flushReq_V), !map !702"   --->   Operation 239 'specbitsmap' <Predicate = true> <Delay = 0.00>
ST_48 : Operation 240 [1/1] (0.00ns)   --->   "call void (...)* @_ssdm_op_SpecBitsMap(i1 %flushAck_V), !map !706"   --->   Operation 240 'specbitsmap' <Predicate = true> <Delay = 0.00>
ST_48 : Operation 241 [1/1] (0.00ns)   --->   "call void (...)* @_ssdm_op_SpecBitsMap(i1* %flushDone_V), !map !712"   --->   Operation 241 'specbitsmap' <Predicate = true> <Delay = 0.00>
ST_48 : Operation 242 [1/1] (0.00ns)   --->   "call void (...)* @_ssdm_op_SpecTopModule([18 x i8]* @memcachedPipeline_st) nounwind"   --->   Operation 242 'spectopmodule' <Predicate = true> <Delay = 0.00>
ST_48 : Operation 243 [1/1] (0.00ns)   --->   "call void (...)* @_ssdm_op_SpecInterface(i32 0, [13 x i8]* @p_str146, i32 0, i32 0, [1 x i8]* @p_str1147, i32 0, i32 0, [1 x i8]* @p_str1147, [1 x i8]* @p_str1147, [1 x i8]* @p_str1147, i32 0, i32 0, i32 0, i32 0, [1 x i8]* @p_str1147, [1 x i8]* @p_str1147) nounwind" [sources/memcachedPipeline.cpp:37]   --->   Operation 243 'specinterface' <Predicate = true> <Delay = 0.00>
ST_48 : Operation 244 [1/1] (0.00ns)   --->   "call void (...)* @_ssdm_op_SpecInterface(i1* %flushReq_V, [8 x i8]* @p_str2148, i32 1, i32 1, [1 x i8]* @p_str1147, i32 0, i32 0, [1 x i8]* @p_str1147, [1 x i8]* @p_str1147, [1 x i8]* @p_str1147, i32 0, i32 0, i32 0, i32 0, [1 x i8]* @p_str1147, [1 x i8]* @p_str1147) nounwind" [sources/memcachedPipeline.cpp:38]   --->   Operation 244 'specinterface' <Predicate = true> <Delay = 0.00>
ST_48 : Operation 245 [1/1] (0.00ns)   --->   "call void (...)* @_ssdm_op_SpecInterface(i1 %flushAck_V, [8 x i8]* @p_str2148, i32 1, i32 1, [1 x i8]* @p_str1147, i32 0, i32 0, [1 x i8]* @p_str1147, [1 x i8]* @p_str1147, [1 x i8]* @p_str1147, i32 0, i32 0, i32 0, i32 0, [1 x i8]* @p_str1147, [1 x i8]* @p_str1147) nounwind" [sources/memcachedPipeline.cpp:39]   --->   Operation 245 'specinterface' <Predicate = true> <Delay = 0.00>
ST_48 : Operation 246 [1/1] (0.00ns)   --->   "call void (...)* @_ssdm_op_SpecInterface(i1* %flushDone_V, [8 x i8]* @p_str2148, i32 1, i32 1, [1 x i8]* @p_str1147, i32 0, i32 0, [1 x i8]* @p_str1147, [1 x i8]* @p_str1147, [1 x i8]* @p_str1147, i32 0, i32 0, i32 0, i32 0, [1 x i8]* @p_str1147, [1 x i8]* @p_str1147) nounwind" [sources/memcachedPipeline.cpp:40]   --->   Operation 246 'specinterface' <Predicate = true> <Delay = 0.00>
ST_48 : Operation 247 [1/1] (0.00ns)   --->   "call void (...)* @_ssdm_op_SpecInterface(i64* %inData_V_data_V, i112* %inData_V_user_V, i8* %inData_V_keep_V, i1* %inData_V_last_V, [5 x i8]* @p_str3149, i32 1, i32 1, [5 x i8]* @p_str4150, i32 0, i32 0, [1 x i8]* @p_str1147, [1 x i8]* @p_str1147, [1 x i8]* @p_str1147, i32 0, i32 0, i32 0, i32 0, [1 x i8]* @p_str1147, [1 x i8]* @p_str1147) nounwind" [sources/memcachedPipeline.cpp:57]   --->   Operation 247 'specinterface' <Predicate = true> <Delay = 0.00>
ST_48 : Operation 248 [1/1] (0.00ns)   --->   "call void (...)* @_ssdm_op_SpecInterface(i64* %outData_V_data_V, i112* %outData_V_user_V, i8* %outData_V_keep_V, i1* %outData_V_last_V, [5 x i8]* @p_str3149, i32 1, i32 1, [5 x i8]* @p_str4150, i32 0, i32 0, [1 x i8]* @p_str1147, [1 x i8]* @p_str1147, [1 x i8]* @p_str1147, i32 0, i32 0, i32 0, i32 0, [1 x i8]* @p_str1147, [1 x i8]* @p_str1147) nounwind" [sources/memcachedPipeline.cpp:58]   --->   Operation 248 'specinterface' <Predicate = true> <Delay = 0.00>
ST_48 : Operation 249 [1/1] (0.00ns)   --->   "call void (...)* @_ssdm_op_SpecInterface(i512* %hashTableMemWrData_V_V, [5 x i8]* @p_str3149, i32 1, i32 1, [5 x i8]* @p_str4150, i32 0, i32 0, [1 x i8]* @p_str1147, [1 x i8]* @p_str1147, [1 x i8]* @p_str1147, i32 0, i32 0, i32 0, i32 0, [1 x i8]* @p_str1147, [1 x i8]* @p_str1147) nounwind" [sources/memcachedPipeline.cpp:59]   --->   Operation 249 'specinterface' <Predicate = true> <Delay = 0.00>
ST_48 : Operation 250 [1/1] (0.00ns)   --->   "call void (...)* @_ssdm_op_SpecInterface(i512* %hashTableMemRdData_V_V, [5 x i8]* @p_str3149, i32 1, i32 1, [5 x i8]* @p_str4150, i32 0, i32 0, [1 x i8]* @p_str1147, [1 x i8]* @p_str1147, [1 x i8]* @p_str1147, i32 0, i32 0, i32 0, i32 0, [1 x i8]* @p_str1147, [1 x i8]* @p_str1147) nounwind" [sources/memcachedPipeline.cpp:60]   --->   Operation 250 'specinterface' <Predicate = true> <Delay = 0.00>
ST_48 : Operation 251 [1/1] (0.00ns)   --->   "call void (...)* @_ssdm_op_SpecInterface(i40* %hashTableMemRdCmd_V, [5 x i8]* @p_str3149, i32 1, i32 1, [5 x i8]* @p_str4150, i32 0, i32 0, [1 x i8]* @p_str1147, [1 x i8]* @p_str1147, [1 x i8]* @p_str1147, i32 0, i32 0, i32 0, i32 0, [1 x i8]* @p_str1147, [1 x i8]* @p_str1147) nounwind"   --->   Operation 251 'specinterface' <Predicate = true> <Delay = 0.00>
ST_48 : Operation 252 [1/1] (0.00ns)   --->   "call void (...)* @_ssdm_op_SpecInterface(i40* %hashTableMemWrCmd_V, [5 x i8]* @p_str3149, i32 1, i32 1, [5 x i8]* @p_str4150, i32 0, i32 0, [1 x i8]* @p_str1147, [1 x i8]* @p_str1147, [1 x i8]* @p_str1147, i32 0, i32 0, i32 0, i32 0, [1 x i8]* @p_str1147, [1 x i8]* @p_str1147) nounwind"   --->   Operation 252 'specinterface' <Predicate = true> <Delay = 0.00>
ST_48 : Operation 253 [1/1] (0.00ns)   --->   "call void (...)* @_ssdm_op_SpecInterface(i48* %flashValueStoreMemRdCmd_V, [5 x i8]* @p_str3149, i32 1, i32 1, [5 x i8]* @p_str4150, i32 0, i32 0, [1 x i8]* @p_str1147, [1 x i8]* @p_str1147, [1 x i8]* @p_str1147, i32 0, i32 0, i32 0, i32 0, [1 x i8]* @p_str1147, [1 x i8]* @p_str1147)"   --->   Operation 253 'specinterface' <Predicate = true> <Delay = 0.00>
ST_48 : Operation 254 [1/1] (0.00ns)   --->   "call void (...)* @_ssdm_op_SpecInterface(i64* %flashValueStoreMemRdData_V_V, [5 x i8]* @p_str3149, i32 1, i32 1, [5 x i8]* @p_str4150, i32 0, i32 0, [1 x i8]* @p_str1147, [1 x i8]* @p_str1147, [1 x i8]* @p_str1147, i32 0, i32 0, i32 0, i32 0, [1 x i8]* @p_str1147, [1 x i8]* @p_str1147) nounwind" [sources/memcachedPipeline.cpp:64]   --->   Operation 254 'specinterface' <Predicate = true> <Delay = 0.00>
ST_48 : Operation 255 [1/1] (0.00ns)   --->   "call void (...)* @_ssdm_op_SpecInterface(i48* %flashValueStoreMemWrCmd_V, [5 x i8]* @p_str3149, i32 1, i32 1, [5 x i8]* @p_str4150, i32 0, i32 0, [1 x i8]* @p_str1147, [1 x i8]* @p_str1147, [1 x i8]* @p_str1147, i32 0, i32 0, i32 0, i32 0, [1 x i8]* @p_str1147, [1 x i8]* @p_str1147)"   --->   Operation 255 'specinterface' <Predicate = true> <Delay = 0.00>
ST_48 : Operation 256 [1/1] (0.00ns)   --->   "call void (...)* @_ssdm_op_SpecInterface(i64* %flashValueStoreMemWrData_V_V, [5 x i8]* @p_str3149, i32 1, i32 1, [5 x i8]* @p_str4150, i32 0, i32 0, [1 x i8]* @p_str1147, [1 x i8]* @p_str1147, [1 x i8]* @p_str1147, i32 0, i32 0, i32 0, i32 0, [1 x i8]* @p_str1147, [1 x i8]* @p_str1147) nounwind" [sources/memcachedPipeline.cpp:66]   --->   Operation 256 'specinterface' <Predicate = true> <Delay = 0.00>
ST_48 : Operation 257 [1/1] (0.00ns)   --->   "call void (...)* @_ssdm_op_SpecInterface(i40* %dramValueStoreMemRdCmd_V, [5 x i8]* @p_str3149, i32 1, i32 1, [5 x i8]* @p_str4150, i32 0, i32 0, [1 x i8]* @p_str1147, [1 x i8]* @p_str1147, [1 x i8]* @p_str1147, i32 0, i32 0, i32 0, i32 0, [1 x i8]* @p_str1147, [1 x i8]* @p_str1147) nounwind"   --->   Operation 257 'specinterface' <Predicate = true> <Delay = 0.00>
ST_48 : Operation 258 [1/1] (0.00ns)   --->   "call void (...)* @_ssdm_op_SpecInterface(i512* %dramValueStoreMemRdData_V_V, [5 x i8]* @p_str3149, i32 1, i32 1, [5 x i8]* @p_str4150, i32 0, i32 0, [1 x i8]* @p_str1147, [1 x i8]* @p_str1147, [1 x i8]* @p_str1147, i32 0, i32 0, i32 0, i32 0, [1 x i8]* @p_str1147, [1 x i8]* @p_str1147) nounwind" [sources/memcachedPipeline.cpp:68]   --->   Operation 258 'specinterface' <Predicate = true> <Delay = 0.00>
ST_48 : Operation 259 [1/1] (0.00ns)   --->   "call void (...)* @_ssdm_op_SpecInterface(i40* %dramValueStoreMemWrCmd_V, [5 x i8]* @p_str3149, i32 1, i32 1, [5 x i8]* @p_str4150, i32 0, i32 0, [1 x i8]* @p_str1147, [1 x i8]* @p_str1147, [1 x i8]* @p_str1147, i32 0, i32 0, i32 0, i32 0, [1 x i8]* @p_str1147, [1 x i8]* @p_str1147) nounwind"   --->   Operation 259 'specinterface' <Predicate = true> <Delay = 0.00>
ST_48 : Operation 260 [1/1] (0.00ns)   --->   "call void (...)* @_ssdm_op_SpecInterface(i512* %dramValueStoreMemWrData_V_V, [5 x i8]* @p_str3149, i32 1, i32 1, [5 x i8]* @p_str4150, i32 0, i32 0, [1 x i8]* @p_str1147, [1 x i8]* @p_str1147, [1 x i8]* @p_str1147, i32 0, i32 0, i32 0, i32 0, [1 x i8]* @p_str1147, [1 x i8]* @p_str1147) nounwind" [sources/memcachedPipeline.cpp:70]   --->   Operation 260 'specinterface' <Predicate = true> <Delay = 0.00>
ST_48 : Operation 261 [1/1] (0.00ns)   --->   "call void (...)* @_ssdm_op_SpecInterface(i32* %addressReturnOut_V_V, [5 x i8]* @p_str3149, i32 1, i32 1, [5 x i8]* @p_str4150, i32 0, i32 0, [1 x i8]* @p_str1147, [1 x i8]* @p_str1147, [1 x i8]* @p_str1147, i32 0, i32 0, i32 0, i32 0, [1 x i8]* @p_str1147, [1 x i8]* @p_str1147) nounwind" [sources/memcachedPipeline.cpp:88]   --->   Operation 261 'specinterface' <Predicate = true> <Delay = 0.00>
ST_48 : Operation 262 [1/1] (0.00ns)   --->   "call void (...)* @_ssdm_op_SpecInterface(i32* %addressAssignDramIn_V_V, [5 x i8]* @p_str3149, i32 1, i32 1, [5 x i8]* @p_str4150, i32 0, i32 0, [1 x i8]* @p_str1147, [1 x i8]* @p_str1147, [1 x i8]* @p_str1147, i32 0, i32 0, i32 0, i32 0, [1 x i8]* @p_str1147, [1 x i8]* @p_str1147) nounwind" [sources/memcachedPipeline.cpp:89]   --->   Operation 262 'specinterface' <Predicate = true> <Delay = 0.00>
ST_48 : Operation 263 [1/1] (0.00ns)   --->   "call void (...)* @_ssdm_op_SpecInterface(i32* %addressAssignFlashIn_V_V, [5 x i8]* @p_str3149, i32 1, i32 1, [5 x i8]* @p_str4150, i32 0, i32 0, [1 x i8]* @p_str1147, [1 x i8]* @p_str1147, [1 x i8]* @p_str1147, i32 0, i32 0, i32 0, i32 0, [1 x i8]* @p_str1147, [1 x i8]* @p_str1147) nounwind" [sources/memcachedPipeline.cpp:90]   --->   Operation 263 'specinterface' <Predicate = true> <Delay = 0.00>
ST_48 : Operation 264 [1/1] (0.00ns)   --->   "%empty_139 = call i32 (...)* @_ssdm_op_SpecChannel([13 x i8]* @flushAck_OC_V_c_str, i32 1, [1 x i8]* @p_str, [1 x i8]* @p_str, i32 9, i32 0, i1* %flushAck_V_c, i1* %flushAck_V_c)"   --->   Operation 264 'specchannel' 'empty_139' <Predicate = true> <Delay = 0.00>
ST_48 : Operation 265 [1/1] (0.00ns)   --->   "call void (...)* @_ssdm_op_SpecInterface(i1* %flushAck_V_c, [8 x i8]* @ap_fifo_str, i32 0, i32 0, [1 x i8]* @p_str, i32 0, i32 0, [1 x i8]* @p_str, [1 x i8]* @p_str, [1 x i8]* @p_str, i32 2, i32 2, i32 16, i32 16, [1 x i8]* @p_str, [1 x i8]* @p_str)"   --->   Operation 265 'specinterface' <Predicate = true> <Delay = 0.00>
ST_48 : Operation 266 [1/1] (0.00ns)   --->   "%empty_140 = call i32 (...)* @_ssdm_op_SpecChannel([14 x i8]* @flushAck_OC_V_c1_str, i32 1, [1 x i8]* @p_str, [1 x i8]* @p_str, i32 2, i32 0, i1* %flushAck_V_c1, i1* %flushAck_V_c1)"   --->   Operation 266 'specchannel' 'empty_140' <Predicate = true> <Delay = 0.00>
ST_48 : Operation 267 [1/1] (0.00ns)   --->   "call void (...)* @_ssdm_op_SpecInterface(i1* %flushAck_V_c1, [8 x i8]* @ap_fifo_str, i32 0, i32 0, [1 x i8]* @p_str, i32 0, i32 0, [1 x i8]* @p_str, [1 x i8]* @p_str, [1 x i8]* @p_str, i32 2, i32 2, i32 16, i32 16, [1 x i8]* @p_str, [1 x i8]* @p_str)"   --->   Operation 267 'specinterface' <Predicate = true> <Delay = 0.00>
ST_48 : Operation 268 [1/1] (0.00ns)   --->   "ret void" [sources/memcachedPipeline.cpp:125]   --->   Operation 268 'ret' <Predicate = true> <Delay = 0.00>


============================================================
+ Verbose Summary: Timing violations
============================================================
Target clock period: 6.66ns, clock uncertainty: 0.832ns.

 <State 1>: 0ns
The critical path consists of the following:

 <State 2>: 2.39ns
The critical path consists of the following:
	register read on port 'flushAck_V' [265]  (0 ns)
	'call' operation to 'memcachedPipeline.en' [422]  (2.39 ns)

 <State 3>: 5.83ns
The critical path consists of the following:
	'call' operation to 'bp_f1192' [423]  (5.83 ns)

 <State 4>: 0ns
The critical path consists of the following:

 <State 5>: 0ns
The critical path consists of the following:

 <State 6>: 0ns
The critical path consists of the following:

 <State 7>: 0ns
The critical path consists of the following:

 <State 8>: 0ns
The critical path consists of the following:

 <State 9>: 0ns
The critical path consists of the following:

 <State 10>: 0ns
The critical path consists of the following:

 <State 11>: 0ns
The critical path consists of the following:

 <State 12>: 0ns
The critical path consists of the following:

 <State 13>: 0ns
The critical path consists of the following:

 <State 14>: 0ns
The critical path consists of the following:

 <State 15>: 0ns
The critical path consists of the following:

 <State 16>: 0ns
The critical path consists of the following:

 <State 17>: 0ns
The critical path consists of the following:

 <State 18>: 0ns
The critical path consists of the following:

 <State 19>: 1.71ns
The critical path consists of the following:
	'call' operation (sources/hashTable/hashTable.cpp:325->sources/memcachedPipeline.cpp:119) to 'ht_compare' [430]  (1.71 ns)

 <State 20>: 0ns
The critical path consists of the following:

 <State 21>: 0ns
The critical path consists of the following:

 <State 22>: 0ns
The critical path consists of the following:

 <State 23>: 0ns
The critical path consists of the following:

 <State 24>: 0ns
The critical path consists of the following:

 <State 25>: 0ns
The critical path consists of the following:

 <State 26>: 0ns
The critical path consists of the following:

 <State 27>: 0ns
The critical path consists of the following:

 <State 28>: 0ns
The critical path consists of the following:

 <State 29>: 0ns
The critical path consists of the following:

 <State 30>: 0ns
The critical path consists of the following:

 <State 31>: 0ns
The critical path consists of the following:

 <State 32>: 0ns
The critical path consists of the following:

 <State 33>: 0ns
The critical path consists of the following:

 <State 34>: 0ns
The critical path consists of the following:

 <State 35>: 0ns
The critical path consists of the following:

 <State 36>: 0ns
The critical path consists of the following:

 <State 37>: 0ns
The critical path consists of the following:

 <State 38>: 0.85ns
The critical path consists of the following:
	'call' operation (sources/valueStore/valueStore.cpp:572->sources/valueStore/valueStore.cpp:777->sources/memcachedPipeline.cpp:121) to 'receive' [438]  (0.85 ns)

 <State 39>: 0ns
The critical path consists of the following:

 <State 40>: 0ns
The critical path consists of the following:

 <State 41>: 0ns
The critical path consists of the following:

 <State 42>: 0ns
The critical path consists of the following:

 <State 43>: 0ns
The critical path consists of the following:

 <State 44>: 0ns
The critical path consists of the following:

 <State 45>: 0ns
The critical path consists of the following:

 <State 46>: 5.31ns
The critical path consists of the following:
	'call' operation (sources/responseFormatter/binResponse.cpp:254->sources/memcachedPipeline.cpp:124) to 'response_r' [447]  (5.31 ns)

 <State 47>: 0ns
The critical path consists of the following:

 <State 48>: 0ns
The critical path consists of the following:


============================================================
+ Verbose Summary: Binding
============================================================
N/A
* FSMD analyzer results:
  - Output states:
 - Input state : 
  - Chain level:
	State 1
	State 2
	State 3
	State 4
	State 5
	State 6
	State 7
	State 8
	State 9
	State 10
	State 11
	State 12
	State 13
	State 14
	State 15
	State 16
	State 17
	State 18
	State 19
	State 20
	State 21
	State 22
	State 23
	State 24
	State 25
	State 26
	State 27
	State 28
	State 29
	State 30
	State 31
	State 32
	State 33
	State 34
	State 35
	State 36
	State 37
	State 38
	State 39
	State 40
	State 41
	State 42
	State 43
	State 44
	State 45
	State 46
	State 47
	State 48


============================================================
+ Verbose Summary: Datapath Resource usage 
============================================================
N/A
