

================================================================
== Vivado HLS Report for 'response_f'
================================================================
* Date:           Fri Nov  9 23:11:48 2018

* Version:        2018.2 (Build 2258646 on Thu Jun 14 20:25:20 MDT 2018)
* Project:        memcachedPipeline_prj
* Solution:       solution1
* Product family: virtex7
* Target device:  xc7vx690tffg1761-2


================================================================
== Performance Estimates
================================================================
+ Timing (ns): 
    * Summary: 
    +--------+-------+----------+------------+
    |  Clock | Target| Estimated| Uncertainty|
    +--------+-------+----------+------------+
    |ap_clk  |   6.66|     4.782|        0.83|
    +--------+-------+----------+------------+

+ Latency (clock cycles): 
    * Summary: 
    +-----+-----+-----+-----+----------+
    |  Latency  |  Interval | Pipeline |
    | min | max | min | max |   Type   |
    +-----+-----+-----+-----+----------+
    |    0|    0|    1|    1| function |
    +-----+-----+-----+-----+----------+

    + Detail: 
        * Instance: 
        N/A

        * Loop: 
        N/A



================================================================
== Utilization Estimates
================================================================
* Summary: 
+-----------------+---------+-------+--------+--------+
|       Name      | BRAM_18K| DSP48E|   FF   |   LUT  |
+-----------------+---------+-------+--------+--------+
|DSP              |        -|      -|       -|       -|
|Expression       |        -|      -|       0|      50|
|FIFO             |        -|      -|       -|       -|
|Instance         |        -|      -|       -|       -|
|Memory           |        -|      -|       -|       -|
|Multiplexer      |        -|      -|       -|     105|
|Register         |        -|      -|     253|       -|
+-----------------+---------+-------+--------+--------+
|Total            |        0|      0|     253|     155|
+-----------------+---------+-------+--------+--------+
|Available        |     2940|   3600|  866400|  433200|
+-----------------+---------+-------+--------+--------+
|Utilization (%)  |        0|      0|   ~0   |   ~0   |
+-----------------+---------+-------+--------+--------+

+ Detail: 
    * Instance: 
    N/A

    * DSP48: 
    N/A

    * Memory: 
    N/A

    * FIFO: 
    N/A

    * Expression: 
    +---------------------------------+----------+-------+---+----+------------+------------+
    |          Variable Name          | Operation| DSP48E| FF| LUT| Bitwidth P0| Bitwidth P1|
    +---------------------------------+----------+-------+---+----+------------+------------+
    |tmp_54_i_fu_255_p2               |     +    |      0|  0|  10|           2|           1|
    |ap_condition_141                 |    and   |      0|  0|   2|           1|           1|
    |ap_condition_238                 |    and   |      0|  0|   2|           1|           1|
    |ap_condition_239                 |    and   |      0|  0|   2|           1|           1|
    |ap_condition_88                  |    and   |      0|  0|   2|           1|           1|
    |ap_predicate_op12_read_state1    |    and   |      0|  0|   2|           1|           1|
    |ap_predicate_op30_write_state1   |    and   |      0|  0|   2|           1|           1|
    |ap_predicate_op37_write_state1   |    and   |      0|  0|   2|           1|           1|
    |ap_predicate_op45_write_state1   |    and   |      0|  0|   2|           1|           1|
    |or_cond_i_fu_212_p2              |    and   |      0|  0|   2|           1|           1|
    |tmp_53_i_fu_249_p2               |   icmp   |      0|  0|   8|           2|           1|
    |tmp_i_fu_206_p2                  |   icmp   |      0|  0|   8|           2|           1|
    |ap_block_state1                  |    or    |      0|  0|   2|           1|           1|
    |p_inWordCounter_V_fla_fu_262_p2  |    or    |      0|  0|   2|           1|           1|
    |p_inWordCounter_V_new_fu_269_p3  |  select  |      0|  0|   2|           1|           1|
    +---------------------------------+----------+-------+---+----+------------+------------+
    |Total                            |          |      0|  0|  50|          18|          15|
    +---------------------------------+----------+-------+---+----+------------+------------+

    * Multiplexer: 
    +-------------------------------------------------+----+-----------+-----+-----------+
    |                       Name                      | LUT| Input Size| Bits| Total Bits|
    +-------------------------------------------------+----+-----------+-----+-----------+
    |ap_done                                          |   9|          2|    1|          2|
    |ap_phi_mux_inWordCounter_V_flag_1_phi_fu_140_p6  |  21|          4|    1|          4|
    |ap_phi_mux_inWordCounter_V_flag_phi_fu_119_p4    |  15|          3|    1|          3|
    |ap_phi_mux_inWordCounter_V_new_1_phi_fu_153_p6   |  15|          3|    2|          6|
    |bf_metadataTempBuffe                             |   9|          2|  248|        496|
    |merger2responseForma_1_blk_n                     |   9|          2|    1|          2|
    |metadataBuffer_rf_V_s_blk_n                      |   9|          2|    1|          2|
    |real_start                                       |   9|          2|    1|          2|
    |valueBuffer_rf_V_V_blk_n                         |   9|          2|    1|          2|
    +-------------------------------------------------+----+-----------+-----+-----------+
    |Total                                            | 105|         22|  257|        519|
    +-------------------------------------------------+----+-----------+-----+-----------+

    * Register: 
    +----------------------+-----+----+-----+-----------+
    |         Name         |  FF | LUT| Bits| Const Bits|
    +----------------------+-----+----+-----+-----------+
    |ap_CS_fsm             |    1|   0|    1|          0|
    |ap_done_reg           |    1|   0|    1|          0|
    |bf_metadataTempBuffe  |  248|   0|  248|          0|
    |inWordCounter_V       |    2|   0|    2|          0|
    |start_once_reg        |    1|   0|    1|          0|
    +----------------------+-----+----+-----+-----------+
    |Total                 |  253|   0|  253|          0|
    +----------------------+-----+----+-----+-----------+



================================================================
== Interface
================================================================
* Summary: 
+--------------------------------+-----+-----+------------+------------------------+--------------+
|            RTL Ports           | Dir | Bits|  Protocol  |      Source Object     |    C Type    |
+--------------------------------+-----+-----+------------+------------------------+--------------+
|ap_clk                          |  in |    1| ap_ctrl_hs |       response_f       | return value |
|ap_rst                          |  in |    1| ap_ctrl_hs |       response_f       | return value |
|ap_start                        |  in |    1| ap_ctrl_hs |       response_f       | return value |
|start_full_n                    |  in |    1| ap_ctrl_hs |       response_f       | return value |
|ap_done                         | out |    1| ap_ctrl_hs |       response_f       | return value |
|ap_continue                     |  in |    1| ap_ctrl_hs |       response_f       | return value |
|ap_idle                         | out |    1| ap_ctrl_hs |       response_f       | return value |
|ap_ready                        | out |    1| ap_ctrl_hs |       response_f       | return value |
|start_out                       | out |    1| ap_ctrl_hs |       response_f       | return value |
|start_write                     | out |    1| ap_ctrl_hs |       response_f       | return value |
|valueBuffer_rf_V_V_din          | out |   64|   ap_fifo  |   valueBuffer_rf_V_V   |    pointer   |
|valueBuffer_rf_V_V_full_n       |  in |    1|   ap_fifo  |   valueBuffer_rf_V_V   |    pointer   |
|valueBuffer_rf_V_V_write        | out |    1|   ap_fifo  |   valueBuffer_rf_V_V   |    pointer   |
|metadataBuffer_rf_V_s_din       | out |  248|   ap_fifo  |  metadataBuffer_rf_V_s |    pointer   |
|metadataBuffer_rf_V_s_full_n    |  in |    1|   ap_fifo  |  metadataBuffer_rf_V_s |    pointer   |
|metadataBuffer_rf_V_s_write     | out |    1|   ap_fifo  |  metadataBuffer_rf_V_s |    pointer   |
|merger2responseForma_1_dout     |  in |  256|   ap_fifo  | merger2responseForma_1 |    pointer   |
|merger2responseForma_1_empty_n  |  in |    1|   ap_fifo  | merger2responseForma_1 |    pointer   |
|merger2responseForma_1_read     | out |    1|   ap_fifo  | merger2responseForma_1 |    pointer   |
+--------------------------------+-----+-----+------------+------------------------+--------------+

============================================================
+ Verbose Summary: Synthesis Manager
============================================================
InlineROM: 1
ExposeGlobal: 0
============================================================
+ Verbose Summary: CDFG Model
============================================================
IsTopModel: 0
ResetActiveHigh: 1
IsCombinational: 2
IsDatapathOnly: 0
HasWiredReturn: 1
HasMFsm: 1
HasVarLatency: 0
IsPipeline: 1
IsRtlPipelined: 0
IsInstanceOverlapped: 0
IsDontTouch: 0
HasImplIP: 0
IsGatedGlobalClock: 0

+ Individual pipeline summary: 
  * Pipeline-0: initiation interval (II) = 1, depth = 1


============================================================
+ Verbose Summary: Schedule
============================================================
* Number of FSM states : 1
* Pipeline : 1
  Pipeline-0 : II = 1, D = 1, States = { 1 }
* Dataflow Pipeline: 0

* FSM state transitions: 
1 --> 

* FSM state operations: 

State 1 <SV = 0> <Delay = 4.78>
ST_1 : Operation 2 [1/1] (0.00ns)   --->   "call void (...)* @_ssdm_op_SpecInterface(i256* @merger2responseForma_1, [8 x i8]* @ap_fifo_str, i32 0, i32 0, [1 x i8]* @p_str, i32 0, i32 0, [1 x i8]* @p_str, [1 x i8]* @p_str, [1 x i8]* @p_str, i32 2, i32 2, i32 16, i32 16, [1 x i8]* @p_str, [1 x i8]* @p_str)"   --->   Operation 2 'specinterface' <Predicate = true> <Delay = 0.00>
ST_1 : Operation 3 [1/1] (0.00ns)   --->   "call void (...)* @_ssdm_op_SpecInterface(i248* @metadataBuffer_rf_V_s, [8 x i8]* @ap_fifo_str, i32 0, i32 0, [1 x i8]* @p_str, i32 0, i32 0, [1 x i8]* @p_str, [1 x i8]* @p_str, [1 x i8]* @p_str, i32 2, i32 2, i32 16, i32 16, [1 x i8]* @p_str, [1 x i8]* @p_str)"   --->   Operation 3 'specinterface' <Predicate = true> <Delay = 0.00>
ST_1 : Operation 4 [1/1] (0.00ns)   --->   "call void (...)* @_ssdm_op_SpecInterface(i64* @valueBuffer_rf_V_V, [8 x i8]* @ap_fifo_str, i32 0, i32 0, [1 x i8]* @p_str, i32 0, i32 0, [1 x i8]* @p_str, [1 x i8]* @p_str, [1 x i8]* @p_str, i32 2, i32 2, i32 16, i32 16, [1 x i8]* @p_str, [1 x i8]* @p_str)"   --->   Operation 4 'specinterface' <Predicate = true> <Delay = 0.00>
ST_1 : Operation 5 [1/1] (0.00ns)   --->   "call void (...)* @_ssdm_op_SpecPipeline(i32 1, i32 2, i32 1, i32 0, [1 x i8]* @p_str56) nounwind" [sources/responseFormatter/binResponse.cpp:66]   --->   Operation 5 'specpipeline' <Predicate = true> <Delay = 0.00>
ST_1 : Operation 6 [1/1] (0.00ns)   --->   "%tmp = call i1 @_ssdm_op_NbWriteReq.ap_fifo.i64P(i64* @valueBuffer_rf_V_V, i32 1) nounwind" [sources/responseFormatter/binResponse.cpp:71]   --->   Operation 6 'nbwritereq' 'tmp' <Predicate = true> <Delay = 0.00> <Core = "FIFO">   --->   Core 32 'FIFO' <Latency = 0> <II = 1> <Delay = 1.95> <Storage> <Opcode : 'read' 'write' 'nbread' 'nbwrite'> <Ports = 0> <Width = 2> <Depth = 16> <FIFO>
ST_1 : Operation 7 [1/1] (0.00ns)   --->   "br i1 %tmp, label %0, label %response_f.exit" [sources/responseFormatter/binResponse.cpp:71]   --->   Operation 7 'br' <Predicate = true> <Delay = 0.00>
ST_1 : Operation 8 [1/1] (0.00ns)   --->   "%tmp_7 = call i1 @_ssdm_op_NbWriteReq.ap_fifo.i248P(i248* @metadataBuffer_rf_V_s, i32 1) nounwind" [sources/responseFormatter/binResponse.cpp:71]   --->   Operation 8 'nbwritereq' 'tmp_7' <Predicate = (tmp)> <Delay = 0.00> <Core = "FIFO">   --->   Core 32 'FIFO' <Latency = 0> <II = 1> <Delay = 1.95> <Storage> <Opcode : 'read' 'write' 'nbread' 'nbwrite'> <Ports = 0> <Width = 2> <Depth = 16> <FIFO>
ST_1 : Operation 9 [1/1] (0.00ns)   --->   "br i1 %tmp_7, label %1, label %response_f.exit" [sources/responseFormatter/binResponse.cpp:71]   --->   Operation 9 'br' <Predicate = (tmp)> <Delay = 0.00>
ST_1 : Operation 10 [1/1] (0.00ns)   --->   "%tmp_8 = call i1 @_ssdm_op_NbReadReq.ap_fifo.i256P(i256* @merger2responseForma_1, i32 1) nounwind"   --->   Operation 10 'nbreadreq' 'tmp_8' <Predicate = (tmp & tmp_7)> <Delay = 0.00> <Core = "FIFO">   --->   Core 32 'FIFO' <Latency = 0> <II = 1> <Delay = 1.95> <Storage> <Opcode : 'read' 'write' 'nbread' 'nbwrite'> <Ports = 0> <Width = 2> <Depth = 16> <FIFO>
ST_1 : Operation 11 [1/1] (0.00ns)   --->   "br i1 %tmp_8, label %2, label %response_f.exit" [sources/responseFormatter/binResponse.cpp:71]   --->   Operation 11 'br' <Predicate = (tmp & tmp_7)> <Delay = 0.00>
ST_1 : Operation 12 [1/1] (2.39ns)   --->   "%tmp31 = call i256 @_ssdm_op_Read.ap_fifo.volatile.i256P(i256* @merger2responseForma_1) nounwind"   --->   Operation 12 'read' 'tmp31' <Predicate = (tmp & tmp_7 & tmp_8)> <Delay = 2.39> <Core = "FIFO">   --->   Core 32 'FIFO' <Latency = 0> <II = 1> <Delay = 1.95> <Storage> <Opcode : 'read' 'write' 'nbread' 'nbwrite'> <Ports = 0> <Width = 2> <Depth = 16> <FIFO>
ST_1 : Operation 13 [1/1] (0.00ns)   --->   "%tmp_92 = trunc i256 %tmp31 to i124" [sources/hashTable/../globals.h:104->sources/responseFormatter/binResponse.cpp:73]   --->   Operation 13 'trunc' 'tmp_92' <Predicate = (tmp & tmp_7 & tmp_8)> <Delay = 0.00>
ST_1 : Operation 14 [1/1] (0.00ns)   --->   "%tmp_93 = call i1 @_ssdm_op_BitSelect.i1.i256.i32(i256 %tmp31, i32 124)" [sources/hashTable/../globals.h:104->sources/responseFormatter/binResponse.cpp:73]   --->   Operation 14 'bitselect' 'tmp_93' <Predicate = (tmp & tmp_7 & tmp_8)> <Delay = 0.00>
ST_1 : Operation 15 [1/1] (0.00ns)   --->   "%tmp_94 = call i1 @_ssdm_op_BitSelect.i1.i256.i32(i256 %tmp31, i32 126)" [sources/hashTable/../globals.h:104->sources/responseFormatter/binResponse.cpp:73]   --->   Operation 15 'bitselect' 'tmp_94' <Predicate = (tmp & tmp_7 & tmp_8)> <Delay = 0.00>
ST_1 : Operation 16 [1/1] (0.00ns)   --->   "%tmp_95 = call i1 @_ssdm_op_BitSelect.i1.i256.i32(i256 %tmp31, i32 127)" [sources/hashTable/../globals.h:104->sources/responseFormatter/binResponse.cpp:73]   --->   Operation 16 'bitselect' 'tmp_95' <Predicate = (tmp & tmp_7 & tmp_8)> <Delay = 0.00>
ST_1 : Operation 17 [1/1] (0.00ns)   --->   "%tmp_V = call i64 @_ssdm_op_PartSelect.i64.i256.i32.i32(i256 %tmp31, i32 128, i32 191) nounwind" [sources/hashTable/../globals.h:104->sources/responseFormatter/binResponse.cpp:73]   --->   Operation 17 'partselect' 'tmp_V' <Predicate = (tmp & tmp_7 & tmp_8)> <Delay = 0.00>
ST_1 : Operation 18 [1/1] (0.00ns)   --->   "%inWordCounter_V_load = load i2* @inWordCounter_V, align 1" [sources/responseFormatter/binResponse.cpp:74]   --->   Operation 18 'load' 'inWordCounter_V_load' <Predicate = (tmp & tmp_7 & tmp_8)> <Delay = 0.00>
ST_1 : Operation 19 [1/1] (0.48ns)   --->   "%tmp_i = icmp eq i2 %inWordCounter_V_load, 0" [sources/responseFormatter/binResponse.cpp:74]   --->   Operation 19 'icmp' 'tmp_i' <Predicate = (tmp & tmp_7 & tmp_8)> <Delay = 0.48> <Core = "Cmp">   --->   Core 25 'Cmp' <Latency = 0> <II = 1> <Delay = 0.48> <FuncUnit> <Opcode : 'icmp'> <InPorts = 2> <OutPorts = 1>
ST_1 : Operation 20 [1/1] (0.48ns)   --->   "%or_cond_i = and i1 %tmp_93, %tmp_i" [sources/responseFormatter/binResponse.cpp:74]   --->   Operation 20 'and' 'or_cond_i' <Predicate = (tmp & tmp_7 & tmp_8)> <Delay = 0.48> <Core = "LogicGate">   --->   Core 27 'LogicGate' <Latency = 0> <II = 1> <Delay = 0.48> <FuncUnit> <Opcode : 'and' 'or' 'xor'> <InPorts = 2> <OutPorts = 1>
ST_1 : Operation 21 [1/1] (0.00ns)   --->   "%p_Val2_s = load i248* @bf_metadataTempBuffe, align 16" [sources/responseFormatter/binResponse.cpp:75]   --->   Operation 21 'load' 'p_Val2_s' <Predicate = (tmp & tmp_7 & tmp_8)> <Delay = 0.00>
ST_1 : Operation 22 [1/1] (0.00ns)   --->   "br i1 %or_cond_i, label %3, label %._crit_edge5.i" [sources/responseFormatter/binResponse.cpp:74]   --->   Operation 22 'br' <Predicate = (tmp & tmp_7 & tmp_8)> <Delay = 0.00>
ST_1 : Operation 23 [1/1] (0.92ns)   --->   "br i1 %tmp_i, label %._crit_edge8.i, label %5" [sources/responseFormatter/binResponse.cpp:80]   --->   Operation 23 'br' <Predicate = (tmp & tmp_7 & tmp_8 & !or_cond_i)> <Delay = 0.92>
ST_1 : Operation 24 [1/1] (0.00ns)   --->   "%tmp_96 = call i1 @_ssdm_op_BitSelect.i1.i2.i32(i2 %inWordCounter_V_load, i32 1)" [sources/responseFormatter/binResponse.cpp:81]   --->   Operation 24 'bitselect' 'tmp_96' <Predicate = (tmp & tmp_7 & tmp_8 & !or_cond_i & !tmp_i)> <Delay = 0.00>
ST_1 : Operation 25 [1/1] (0.85ns)   --->   "br i1 %tmp_96, label %._crit_edge9.i, label %6" [sources/responseFormatter/binResponse.cpp:81]   --->   Operation 25 'br' <Predicate = (tmp & tmp_7 & tmp_8 & !or_cond_i & !tmp_i)> <Delay = 0.85>
ST_1 : Operation 26 [1/1] (0.00ns)   --->   "%p_Result_12 = call i248 @llvm.part.set.i248.i124(i248 %p_Val2_s, i124 %tmp_92, i32 124, i32 247) nounwind" [sources/responseFormatter/binResponse.cpp:82]   --->   Operation 26 'partset' 'p_Result_12' <Predicate = (tmp & tmp_7 & tmp_8 & !or_cond_i & !tmp_i & !tmp_96)> <Delay = 0.00>
ST_1 : Operation 27 [1/1] (0.85ns)   --->   "store i248 %p_Result_12, i248* @bf_metadataTempBuffe, align 16" [sources/responseFormatter/binResponse.cpp:82]   --->   Operation 27 'store' <Predicate = (tmp & tmp_7 & tmp_8 & !or_cond_i & !tmp_i & !tmp_96)> <Delay = 0.85>
ST_1 : Operation 28 [1/1] (0.48ns)   --->   "%tmp_53_i = icmp eq i2 %inWordCounter_V_load, 1" [sources/responseFormatter/binResponse.cpp:83]   --->   Operation 28 'icmp' 'tmp_53_i' <Predicate = (tmp & tmp_7 & tmp_8 & !or_cond_i & !tmp_i & !tmp_96)> <Delay = 0.48> <Core = "Cmp">   --->   Core 25 'Cmp' <Latency = 0> <II = 1> <Delay = 0.48> <FuncUnit> <Opcode : 'icmp'> <InPorts = 2> <OutPorts = 1>
ST_1 : Operation 29 [1/1] (0.00ns)   --->   "br i1 %tmp_53_i, label %7, label %._crit_edge10.i" [sources/responseFormatter/binResponse.cpp:83]   --->   Operation 29 'br' <Predicate = (tmp & tmp_7 & tmp_8 & !or_cond_i & !tmp_i & !tmp_96)> <Delay = 0.00>
ST_1 : Operation 30 [1/1] (2.39ns)   --->   "call void @_ssdm_op_Write.ap_fifo.volatile.i248P(i248* @metadataBuffer_rf_V_s, i248 %p_Result_12) nounwind" [sources/responseFormatter/binResponse.cpp:84]   --->   Operation 30 'write' <Predicate = (tmp & tmp_7 & tmp_8 & !or_cond_i & !tmp_i & !tmp_96 & tmp_53_i)> <Delay = 2.39> <Core = "FIFO">   --->   Core 32 'FIFO' <Latency = 0> <II = 1> <Delay = 1.95> <Storage> <Opcode : 'read' 'write' 'nbread' 'nbwrite'> <Ports = 0> <Width = 2> <Depth = 16> <FIFO>
ST_1 : Operation 31 [1/1] (0.00ns)   --->   "br label %._crit_edge10.i" [sources/responseFormatter/binResponse.cpp:84]   --->   Operation 31 'br' <Predicate = (tmp & tmp_7 & tmp_8 & !or_cond_i & !tmp_i & !tmp_96 & tmp_53_i)> <Delay = 0.00>
ST_1 : Operation 32 [1/1] (0.85ns)   --->   "%tmp_54_i = add i2 %inWordCounter_V_load, 1" [sources/responseFormatter/binResponse.cpp:85]   --->   Operation 32 'add' 'tmp_54_i' <Predicate = (tmp & tmp_7 & tmp_8 & !or_cond_i & !tmp_i & !tmp_96 & !tmp_95)> <Delay = 0.85> <Core = "AddSub">   --->   Core 14 'AddSub' <Latency = 0> <II = 1> <Delay = 0.85> <FuncUnit> <Opcode : 'add' 'sub'> <InPorts = 2> <OutPorts = 1>
ST_1 : Operation 33 [1/1] (0.85ns)   --->   "br label %._crit_edge9.i" [sources/responseFormatter/binResponse.cpp:86]   --->   Operation 33 'br' <Predicate = (tmp & tmp_7 & tmp_8 & !or_cond_i & !tmp_i & !tmp_96)> <Delay = 0.85>
ST_1 : Operation 34 [1/1] (0.00ns)   --->   "%inWordCounter_V_flag = phi i1 [ true, %._crit_edge10.i ], [ false, %5 ]"   --->   Operation 34 'phi' 'inWordCounter_V_flag' <Predicate = (tmp & tmp_7 & tmp_8 & !or_cond_i & !tmp_i)> <Delay = 0.00>
ST_1 : Operation 35 [1/1] (0.00ns)   --->   "%inWordCounter_V_new_s = phi i2 [ %tmp_54_i, %._crit_edge10.i ], [ undef, %5 ]" [sources/responseFormatter/binResponse.cpp:85]   --->   Operation 35 'phi' 'inWordCounter_V_new_s' <Predicate = (tmp & tmp_7 & tmp_8 & !or_cond_i & !tmp_i & !tmp_95)> <Delay = 0.00>
ST_1 : Operation 36 [1/1] (0.00ns)   --->   "br i1 %tmp_94, label %8, label %._crit_edge11.i" [sources/responseFormatter/binResponse.cpp:87]   --->   Operation 36 'br' <Predicate = (tmp & tmp_7 & tmp_8 & !or_cond_i & !tmp_i)> <Delay = 0.00>
ST_1 : Operation 37 [1/1] (2.39ns)   --->   "call void @_ssdm_op_Write.ap_fifo.volatile.i64P(i64* @valueBuffer_rf_V_V, i64 %tmp_V) nounwind" [sources/responseFormatter/binResponse.cpp:88]   --->   Operation 37 'write' <Predicate = (tmp & tmp_7 & tmp_8 & !or_cond_i & !tmp_i & tmp_94)> <Delay = 2.39> <Core = "FIFO">   --->   Core 32 'FIFO' <Latency = 0> <II = 1> <Delay = 1.95> <Storage> <Opcode : 'read' 'write' 'nbread' 'nbwrite'> <Ports = 0> <Width = 2> <Depth = 16> <FIFO>
ST_1 : Operation 38 [1/1] (0.00ns)   --->   "br label %._crit_edge11.i" [sources/responseFormatter/binResponse.cpp:88]   --->   Operation 38 'br' <Predicate = (tmp & tmp_7 & tmp_8 & !or_cond_i & !tmp_i & tmp_94)> <Delay = 0.00>
ST_1 : Operation 39 [1/1] (0.48ns)   --->   "%p_inWordCounter_V_fla = or i1 %tmp_95, %inWordCounter_V_flag" [sources/responseFormatter/binResponse.cpp:89]   --->   Operation 39 'or' 'p_inWordCounter_V_fla' <Predicate = (tmp & tmp_7 & tmp_8 & !or_cond_i & !tmp_i)> <Delay = 0.48> <Core = "LogicGate">   --->   Core 27 'LogicGate' <Latency = 0> <II = 1> <Delay = 0.48> <FuncUnit> <Opcode : 'and' 'or' 'xor'> <InPorts = 2> <OutPorts = 1>
ST_1 : Operation 40 [1/1] (0.49ns)   --->   "%p_inWordCounter_V_new = select i1 %tmp_95, i2 0, i2 %inWordCounter_V_new_s" [sources/responseFormatter/binResponse.cpp:89]   --->   Operation 40 'select' 'p_inWordCounter_V_new' <Predicate = (tmp & tmp_7 & tmp_8 & !or_cond_i & !tmp_i)> <Delay = 0.49> <Core = "Sel">   --->   Core 26 'Sel' <Latency = 0> <II = 1> <Delay = 0.49> <FuncUnit> <Opcode : 'select'> <InPorts = 3> <OutPorts = 1>
ST_1 : Operation 41 [1/1] (0.92ns)   --->   "br label %._crit_edge8.i" [sources/responseFormatter/binResponse.cpp:92]   --->   Operation 41 'br' <Predicate = (tmp & tmp_7 & tmp_8 & !or_cond_i & !tmp_i)> <Delay = 0.92>
ST_1 : Operation 42 [1/1] (0.00ns)   --->   "%p_Result_s = call i248 @llvm.part.set.i248.i124(i248 %p_Val2_s, i124 %tmp_92, i32 0, i32 123) nounwind" [sources/responseFormatter/binResponse.cpp:75]   --->   Operation 42 'partset' 'p_Result_s' <Predicate = (tmp & tmp_7 & tmp_8 & or_cond_i)> <Delay = 0.00>
ST_1 : Operation 43 [1/1] (0.85ns)   --->   "store i248 %p_Result_s, i248* @bf_metadataTempBuffe, align 16" [sources/responseFormatter/binResponse.cpp:75]   --->   Operation 43 'store' <Predicate = (tmp & tmp_7 & tmp_8 & or_cond_i)> <Delay = 0.85>
ST_1 : Operation 44 [1/1] (0.00ns)   --->   "br i1 %tmp_94, label %4, label %._crit_edge7.i" [sources/responseFormatter/binResponse.cpp:76]   --->   Operation 44 'br' <Predicate = (tmp & tmp_7 & tmp_8 & or_cond_i)> <Delay = 0.00>
ST_1 : Operation 45 [1/1] (2.39ns)   --->   "call void @_ssdm_op_Write.ap_fifo.volatile.i64P(i64* @valueBuffer_rf_V_V, i64 %tmp_V) nounwind" [sources/responseFormatter/binResponse.cpp:77]   --->   Operation 45 'write' <Predicate = (tmp & tmp_7 & tmp_8 & or_cond_i & tmp_94)> <Delay = 2.39> <Core = "FIFO">   --->   Core 32 'FIFO' <Latency = 0> <II = 1> <Delay = 1.95> <Storage> <Opcode : 'read' 'write' 'nbread' 'nbwrite'> <Ports = 0> <Width = 2> <Depth = 16> <FIFO>
ST_1 : Operation 46 [1/1] (0.00ns)   --->   "br label %._crit_edge7.i" [sources/responseFormatter/binResponse.cpp:77]   --->   Operation 46 'br' <Predicate = (tmp & tmp_7 & tmp_8 & or_cond_i & tmp_94)> <Delay = 0.00>
ST_1 : Operation 47 [1/1] (0.92ns)   --->   "br label %._crit_edge8.i" [sources/responseFormatter/binResponse.cpp:79]   --->   Operation 47 'br' <Predicate = (tmp & tmp_7 & tmp_8 & or_cond_i)> <Delay = 0.92>
ST_1 : Operation 48 [1/1] (0.00ns)   --->   "%inWordCounter_V_flag_1 = phi i1 [ true, %._crit_edge7.i ], [ false, %._crit_edge5.i ], [ %p_inWordCounter_V_fla, %._crit_edge11.i ]" [sources/responseFormatter/binResponse.cpp:89]   --->   Operation 48 'phi' 'inWordCounter_V_flag_1' <Predicate = (tmp & tmp_7 & tmp_8)> <Delay = 0.00>
ST_1 : Operation 49 [1/1] (0.00ns)   --->   "%inWordCounter_V_new_1 = phi i2 [ 1, %._crit_edge7.i ], [ undef, %._crit_edge5.i ], [ %p_inWordCounter_V_new, %._crit_edge11.i ]" [sources/responseFormatter/binResponse.cpp:89]   --->   Operation 49 'phi' 'inWordCounter_V_new_1' <Predicate = (tmp & tmp_7 & tmp_8)> <Delay = 0.00>
ST_1 : Operation 50 [1/1] (0.00ns)   --->   "br i1 %inWordCounter_V_flag_1, label %mergeST.i, label %.new.i" [sources/responseFormatter/binResponse.cpp:89]   --->   Operation 50 'br' <Predicate = (tmp & tmp_7 & tmp_8)> <Delay = 0.00>
ST_1 : Operation 51 [1/1] (0.00ns)   --->   "store i2 %inWordCounter_V_new_1, i2* @inWordCounter_V, align 1" [sources/responseFormatter/binResponse.cpp:78]   --->   Operation 51 'store' <Predicate = (tmp & tmp_7 & tmp_8 & inWordCounter_V_flag_1)> <Delay = 0.00>
ST_1 : Operation 52 [1/1] (0.00ns)   --->   "br label %.new.i"   --->   Operation 52 'br' <Predicate = (tmp & tmp_7 & tmp_8 & inWordCounter_V_flag_1)> <Delay = 0.00>
ST_1 : Operation 53 [1/1] (0.00ns)   --->   "br label %response_f.exit" [sources/responseFormatter/binResponse.cpp:93]   --->   Operation 53 'br' <Predicate = (tmp & tmp_7 & tmp_8)> <Delay = 0.00>
ST_1 : Operation 54 [1/1] (0.00ns)   --->   "ret void"   --->   Operation 54 'ret' <Predicate = true> <Delay = 0.00>


============================================================
+ Verbose Summary: Binding
============================================================
STG Binding: 
---------------- STG Properties BEGIN ----------------
- Is combinational: 0
- Is one-state seq: 1
- Is datapath-only: 0
- Is pipelined: 1
- Is top level: 0
Port [ Return ] is wired: 1; IO mode=ap_ctrl_hs:ce=0
Port [ valueBuffer_rf_V_V]:  wired=1; compound=1; hidden=0; nouse=0; global=1; static=1; extern=0; dir=1; type=3; pingpong=0; private_global=0; linkage=7; visibility=0; IO mode=ap_fifo:ce=0
Port [ metadataBuffer_rf_V_s]:  wired=1; compound=1; hidden=0; nouse=0; global=1; static=1; extern=0; dir=1; type=3; pingpong=0; private_global=0; linkage=7; visibility=0; IO mode=ap_fifo:ce=0
Port [ merger2responseForma_1]:  wired=1; compound=1; hidden=0; nouse=0; global=1; static=1; extern=0; dir=0; type=3; pingpong=0; private_global=0; linkage=7; visibility=0; IO mode=ap_fifo:ce=0
Port [ inWordCounter_V]:  wired=0; compound=0; hidden=1; nouse=0; global=1; static=1; extern=0; dir=2; type=0; pingpong=0; private_global=1; linkage=7; visibility=0; IO mode=ap_ovld:ce=0
Port [ bf_metadataTempBuffe]:  wired=0; compound=0; hidden=1; nouse=0; global=1; static=1; extern=0; dir=2; type=0; pingpong=0; private_global=1; linkage=7; visibility=0; IO mode=ap_ovld:ce=0
---------------- STG Properties END ------------------

---------------- Datapath Model BEGIN ----------------

<LifeTime>
<method=bitvector/>
StgValue_2             (specinterface) [ 00]
StgValue_3             (specinterface) [ 00]
StgValue_4             (specinterface) [ 00]
StgValue_5             (specpipeline ) [ 00]
tmp                    (nbwritereq   ) [ 01]
StgValue_7             (br           ) [ 00]
tmp_7                  (nbwritereq   ) [ 01]
StgValue_9             (br           ) [ 00]
tmp_8                  (nbreadreq    ) [ 01]
StgValue_11            (br           ) [ 00]
tmp31                  (read         ) [ 00]
tmp_92                 (trunc        ) [ 00]
tmp_93                 (bitselect    ) [ 00]
tmp_94                 (bitselect    ) [ 01]
tmp_95                 (bitselect    ) [ 01]
tmp_V                  (partselect   ) [ 00]
inWordCounter_V_load   (load         ) [ 00]
tmp_i                  (icmp         ) [ 01]
or_cond_i              (and          ) [ 01]
p_Val2_s               (load         ) [ 00]
StgValue_22            (br           ) [ 00]
StgValue_23            (br           ) [ 00]
tmp_96                 (bitselect    ) [ 01]
StgValue_25            (br           ) [ 00]
p_Result_12            (partset      ) [ 00]
StgValue_27            (store        ) [ 00]
tmp_53_i               (icmp         ) [ 01]
StgValue_29            (br           ) [ 00]
StgValue_30            (write        ) [ 00]
StgValue_31            (br           ) [ 00]
tmp_54_i               (add          ) [ 00]
StgValue_33            (br           ) [ 00]
inWordCounter_V_flag   (phi          ) [ 00]
inWordCounter_V_new_s  (phi          ) [ 00]
StgValue_36            (br           ) [ 00]
StgValue_37            (write        ) [ 00]
StgValue_38            (br           ) [ 00]
p_inWordCounter_V_fla  (or           ) [ 00]
p_inWordCounter_V_new  (select       ) [ 00]
StgValue_41            (br           ) [ 00]
p_Result_s             (partset      ) [ 00]
StgValue_43            (store        ) [ 00]
StgValue_44            (br           ) [ 00]
StgValue_45            (write        ) [ 00]
StgValue_46            (br           ) [ 00]
StgValue_47            (br           ) [ 00]
inWordCounter_V_flag_1 (phi          ) [ 01]
inWordCounter_V_new_1  (phi          ) [ 00]
StgValue_50            (br           ) [ 00]
StgValue_51            (store        ) [ 00]
StgValue_52            (br           ) [ 00]
StgValue_53            (br           ) [ 00]
StgValue_54            (ret          ) [ 00]
</LifeTime>

<model>

<comp_list>
<comp id="0" class="1000" name="valueBuffer_rf_V_V">
<pin_list>
<pin id="1" dir="1" index="0" bw="1" slack="0"/>
</pin_list>
<bind>
<StgValue><ssdm name="valueBuffer_rf_V_V"/></StgValue>
</bind>
</comp>

<comp id="2" class="1000" name="metadataBuffer_rf_V_s">
<pin_list>
<pin id="3" dir="1" index="0" bw="1" slack="0"/>
</pin_list>
<bind>
<StgValue><ssdm name="metadataBuffer_rf_V_s"/></StgValue>
</bind>
</comp>

<comp id="4" class="1000" name="merger2responseForma_1">
<pin_list>
<pin id="5" dir="1" index="0" bw="1" slack="0"/>
</pin_list>
<bind>
<StgValue><ssdm name="merger2responseForma_1"/></StgValue>
</bind>
</comp>

<comp id="6" class="1000" name="inWordCounter_V">
<pin_list>
<pin id="7" dir="1" index="0" bw="1" slack="0"/>
</pin_list>
<bind>
<StgValue><ssdm name="inWordCounter_V"/></StgValue>
</bind>
</comp>

<comp id="8" class="1000" name="bf_metadataTempBuffe">
<pin_list>
<pin id="9" dir="1" index="0" bw="1" slack="0"/>
</pin_list>
<bind>
<StgValue><ssdm name="bf_metadataTempBuffe"/></StgValue>
</bind>
</comp>

<comp id="10" class="1001" name="const_10">
<pin_list>
<pin id="11" dir="1" index="0" bw="1" slack="2147483647"/>
</pin_list>
<bind>
<StgValue><ssdm name="_ssdm_op_SpecInterface"/></StgValue>
</bind>
</comp>

<comp id="12" class="1001" name="const_12">
<pin_list>
<pin id="13" dir="1" index="0" bw="1" slack="2147483647"/>
</pin_list>
<bind>
<StgValue><ssdm name="ap_fifo_str"/></StgValue>
</bind>
</comp>

<comp id="14" class="1001" name="const_14">
<pin_list>
<pin id="15" dir="1" index="0" bw="1" slack="0"/>
</pin_list>
<bind>
<StgValue><ssdm name=""/></StgValue>
</bind>
</comp>

<comp id="16" class="1001" name="const_16">
<pin_list>
<pin id="17" dir="1" index="0" bw="1" slack="2147483647"/>
</pin_list>
<bind>
<StgValue><ssdm name="p_str"/></StgValue>
</bind>
</comp>

<comp id="18" class="1001" name="const_18">
<pin_list>
<pin id="19" dir="1" index="0" bw="1" slack="2147483647"/>
</pin_list>
<bind>
<StgValue><ssdm name=""/></StgValue>
</bind>
</comp>

<comp id="20" class="1001" name="const_20">
<pin_list>
<pin id="21" dir="1" index="0" bw="1" slack="2147483647"/>
</pin_list>
<bind>
<StgValue><ssdm name=""/></StgValue>
</bind>
</comp>

<comp id="22" class="1001" name="const_22">
<pin_list>
<pin id="23" dir="1" index="0" bw="1" slack="2147483647"/>
</pin_list>
<bind>
<StgValue><ssdm name="_ssdm_op_SpecPipeline"/></StgValue>
</bind>
</comp>

<comp id="24" class="1001" name="const_24">
<pin_list>
<pin id="25" dir="1" index="0" bw="1" slack="0"/>
</pin_list>
<bind>
<StgValue><ssdm name=""/></StgValue>
</bind>
</comp>

<comp id="26" class="1001" name="const_26">
<pin_list>
<pin id="27" dir="1" index="0" bw="1" slack="2147483647"/>
</pin_list>
<bind>
<StgValue><ssdm name="p_str56"/></StgValue>
</bind>
</comp>

<comp id="28" class="1001" name="const_28">
<pin_list>
<pin id="29" dir="1" index="0" bw="1" slack="0"/>
</pin_list>
<bind>
<StgValue><ssdm name="_ssdm_op_NbWriteReq.ap_fifo.i64P"/></StgValue>
</bind>
</comp>

<comp id="30" class="1001" name="const_30">
<pin_list>
<pin id="31" dir="1" index="0" bw="1" slack="0"/>
</pin_list>
<bind>
<StgValue><ssdm name="_ssdm_op_NbWriteReq.ap_fifo.i248P"/></StgValue>
</bind>
</comp>

<comp id="32" class="1001" name="const_32">
<pin_list>
<pin id="33" dir="1" index="0" bw="1" slack="0"/>
</pin_list>
<bind>
<StgValue><ssdm name="_ssdm_op_NbReadReq.ap_fifo.i256P"/></StgValue>
</bind>
</comp>

<comp id="34" class="1001" name="const_34">
<pin_list>
<pin id="35" dir="1" index="0" bw="1" slack="0"/>
</pin_list>
<bind>
<StgValue><ssdm name="_ssdm_op_Read.ap_fifo.volatile.i256P"/></StgValue>
</bind>
</comp>

<comp id="36" class="1001" name="const_36">
<pin_list>
<pin id="37" dir="1" index="0" bw="1" slack="0"/>
</pin_list>
<bind>
<StgValue><ssdm name="_ssdm_op_BitSelect.i1.i256.i32"/></StgValue>
</bind>
</comp>

<comp id="38" class="1001" name="const_38">
<pin_list>
<pin id="39" dir="1" index="0" bw="1" slack="0"/>
</pin_list>
<bind>
<StgValue><ssdm name=""/></StgValue>
</bind>
</comp>

<comp id="40" class="1001" name="const_40">
<pin_list>
<pin id="41" dir="1" index="0" bw="1" slack="0"/>
</pin_list>
<bind>
<StgValue><ssdm name=""/></StgValue>
</bind>
</comp>

<comp id="42" class="1001" name="const_42">
<pin_list>
<pin id="43" dir="1" index="0" bw="1" slack="0"/>
</pin_list>
<bind>
<StgValue><ssdm name=""/></StgValue>
</bind>
</comp>

<comp id="44" class="1001" name="const_44">
<pin_list>
<pin id="45" dir="1" index="0" bw="1" slack="0"/>
</pin_list>
<bind>
<StgValue><ssdm name="_ssdm_op_PartSelect.i64.i256.i32.i32"/></StgValue>
</bind>
</comp>

<comp id="46" class="1001" name="const_46">
<pin_list>
<pin id="47" dir="1" index="0" bw="1" slack="0"/>
</pin_list>
<bind>
<StgValue><ssdm name=""/></StgValue>
</bind>
</comp>

<comp id="48" class="1001" name="const_48">
<pin_list>
<pin id="49" dir="1" index="0" bw="1" slack="0"/>
</pin_list>
<bind>
<StgValue><ssdm name=""/></StgValue>
</bind>
</comp>

<comp id="50" class="1001" name="const_50">
<pin_list>
<pin id="51" dir="1" index="0" bw="1" slack="0"/>
</pin_list>
<bind>
<StgValue><ssdm name=""/></StgValue>
</bind>
</comp>

<comp id="52" class="1001" name="const_52">
<pin_list>
<pin id="53" dir="1" index="0" bw="1" slack="0"/>
</pin_list>
<bind>
<StgValue><ssdm name="_ssdm_op_BitSelect.i1.i2.i32"/></StgValue>
</bind>
</comp>

<comp id="54" class="1001" name="const_54">
<pin_list>
<pin id="55" dir="1" index="0" bw="1" slack="0"/>
</pin_list>
<bind>
<StgValue><ssdm name="llvm.part.set.i248.i124"/></StgValue>
</bind>
</comp>

<comp id="56" class="1001" name="const_56">
<pin_list>
<pin id="57" dir="1" index="0" bw="1" slack="0"/>
</pin_list>
<bind>
<StgValue><ssdm name=""/></StgValue>
</bind>
</comp>

<comp id="58" class="1001" name="const_58">
<pin_list>
<pin id="59" dir="1" index="0" bw="1" slack="0"/>
</pin_list>
<bind>
<StgValue><ssdm name=""/></StgValue>
</bind>
</comp>

<comp id="60" class="1001" name="const_60">
<pin_list>
<pin id="61" dir="1" index="0" bw="1" slack="0"/>
</pin_list>
<bind>
<StgValue><ssdm name="_ssdm_op_Write.ap_fifo.volatile.i248P"/></StgValue>
</bind>
</comp>

<comp id="62" class="1001" name="const_62">
<pin_list>
<pin id="63" dir="1" index="0" bw="1" slack="0"/>
</pin_list>
<bind>
<StgValue><ssdm name=""/></StgValue>
</bind>
</comp>

<comp id="64" class="1001" name="const_64">
<pin_list>
<pin id="65" dir="1" index="0" bw="1" slack="0"/>
</pin_list>
<bind>
<StgValue><ssdm name=""/></StgValue>
</bind>
</comp>

<comp id="66" class="1001" name="const_66">
<pin_list>
<pin id="67" dir="1" index="0" bw="1" slack="0"/>
</pin_list>
<bind>
<StgValue><ssdm name=""/></StgValue>
</bind>
</comp>

<comp id="68" class="1001" name="const_68">
<pin_list>
<pin id="69" dir="1" index="0" bw="1" slack="0"/>
</pin_list>
<bind>
<StgValue><ssdm name="_ssdm_op_Write.ap_fifo.volatile.i64P"/></StgValue>
</bind>
</comp>

<comp id="70" class="1001" name="const_70">
<pin_list>
<pin id="71" dir="1" index="0" bw="1" slack="0"/>
</pin_list>
<bind>
<StgValue><ssdm name=""/></StgValue>
</bind>
</comp>

<comp id="72" class="1004" name="tmp_nbwritereq_fu_72">
<pin_list>
<pin id="73" dir="0" index="0" bw="1" slack="0"/>
<pin id="74" dir="0" index="1" bw="64" slack="0"/>
<pin id="75" dir="0" index="2" bw="1" slack="0"/>
<pin id="76" dir="1" index="3" bw="1" slack="2147483647"/>
</pin_list>
<bind>
<opcode="nbwritereq(1157) " fcode="nbwritereq"/>
<opset="tmp/1 "/>
</bind>
</comp>

<comp id="80" class="1004" name="tmp_7_nbwritereq_fu_80">
<pin_list>
<pin id="81" dir="0" index="0" bw="1" slack="0"/>
<pin id="82" dir="0" index="1" bw="248" slack="0"/>
<pin id="83" dir="0" index="2" bw="1" slack="0"/>
<pin id="84" dir="1" index="3" bw="1" slack="2147483647"/>
</pin_list>
<bind>
<opcode="nbwritereq(1157) " fcode="nbwritereq"/>
<opset="tmp_7/1 "/>
</bind>
</comp>

<comp id="88" class="1004" name="tmp_8_nbreadreq_fu_88">
<pin_list>
<pin id="89" dir="0" index="0" bw="1" slack="0"/>
<pin id="90" dir="0" index="1" bw="256" slack="0"/>
<pin id="91" dir="0" index="2" bw="1" slack="0"/>
<pin id="92" dir="1" index="3" bw="1" slack="2147483647"/>
</pin_list>
<bind>
<opcode="nbreadreq(1156) " fcode="nbreadreq"/>
<opset="tmp_8/1 "/>
</bind>
</comp>

<comp id="96" class="1004" name="tmp31_read_fu_96">
<pin_list>
<pin id="97" dir="0" index="0" bw="256" slack="0"/>
<pin id="98" dir="0" index="1" bw="256" slack="0"/>
<pin id="99" dir="1" index="2" bw="256" slack="0"/>
</pin_list>
<bind>
<opcode="read(1150) " fcode="read"/>
<opset="tmp31/1 "/>
</bind>
</comp>

<comp id="102" class="1004" name="StgValue_30_write_fu_102">
<pin_list>
<pin id="103" dir="0" index="0" bw="0" slack="0"/>
<pin id="104" dir="0" index="1" bw="248" slack="0"/>
<pin id="105" dir="0" index="2" bw="248" slack="0"/>
<pin id="106" dir="1" index="3" bw="0" slack="2147483647"/>
</pin_list>
<bind>
<opcode="write(1151) " fcode="write"/>
<opset="StgValue_30/1 "/>
</bind>
</comp>

<comp id="109" class="1004" name="grp_write_fu_109">
<pin_list>
<pin id="110" dir="0" index="0" bw="0" slack="0"/>
<pin id="111" dir="0" index="1" bw="64" slack="0"/>
<pin id="112" dir="0" index="2" bw="64" slack="0"/>
<pin id="113" dir="1" index="3" bw="0" slack="2147483647"/>
</pin_list>
<bind>
<opcode="write(1151) " fcode="write"/>
<opset="StgValue_37/1 StgValue_45/1 "/>
</bind>
</comp>

<comp id="116" class="1005" name="inWordCounter_V_flag_reg_116">
<pin_list>
<pin id="117" dir="0" index="0" bw="1" slack="2147483647"/>
<pin id="118" dir="1" index="1" bw="1" slack="2147483647"/>
</pin_list>
<bind>
<opset="inWordCounter_V_flag (phireg) "/>
</bind>
</comp>

<comp id="119" class="1004" name="inWordCounter_V_flag_phi_fu_119">
<pin_list>
<pin id="120" dir="0" index="0" bw="1" slack="0"/>
<pin id="121" dir="0" index="1" bw="0" slack="2147483647"/>
<pin id="122" dir="0" index="2" bw="1" slack="0"/>
<pin id="123" dir="0" index="3" bw="0" slack="2147483647"/>
<pin id="124" dir="1" index="4" bw="1" slack="0"/>
</pin_list>
<bind>
<opcode="phi(47) " fcode="phi"/>
<opset="inWordCounter_V_flag/1 "/>
</bind>
</comp>

<comp id="127" class="1005" name="inWordCounter_V_new_s_reg_127">
<pin_list>
<pin id="128" dir="0" index="0" bw="2" slack="2147483647"/>
<pin id="129" dir="1" index="1" bw="2" slack="2147483647"/>
</pin_list>
<bind>
<opset="inWordCounter_V_new_s (phireg) "/>
</bind>
</comp>

<comp id="130" class="1004" name="inWordCounter_V_new_s_phi_fu_130">
<pin_list>
<pin id="131" dir="0" index="0" bw="2" slack="0"/>
<pin id="132" dir="0" index="1" bw="0" slack="2147483647"/>
<pin id="133" dir="0" index="2" bw="1" slack="0"/>
<pin id="134" dir="0" index="3" bw="0" slack="2147483647"/>
<pin id="135" dir="1" index="4" bw="2" slack="0"/>
</pin_list>
<bind>
<opcode="phi(47) " fcode="phi"/>
<opset="inWordCounter_V_new_s/1 "/>
</bind>
</comp>

<comp id="137" class="1005" name="inWordCounter_V_flag_1_reg_137">
<pin_list>
<pin id="138" dir="0" index="0" bw="1" slack="2147483647"/>
<pin id="139" dir="1" index="1" bw="1" slack="2147483647"/>
</pin_list>
<bind>
<opset="inWordCounter_V_flag_1 (phireg) "/>
</bind>
</comp>

<comp id="140" class="1004" name="inWordCounter_V_flag_1_phi_fu_140">
<pin_list>
<pin id="141" dir="0" index="0" bw="1" slack="0"/>
<pin id="142" dir="0" index="1" bw="0" slack="2147483647"/>
<pin id="143" dir="0" index="2" bw="1" slack="0"/>
<pin id="144" dir="0" index="3" bw="0" slack="2147483647"/>
<pin id="145" dir="0" index="4" bw="1" slack="0"/>
<pin id="146" dir="0" index="5" bw="0" slack="2147483647"/>
<pin id="147" dir="1" index="6" bw="1" slack="2147483647"/>
</pin_list>
<bind>
<opcode="phi(47) " fcode="phi"/>
<opset="inWordCounter_V_flag_1/1 "/>
</bind>
</comp>

<comp id="150" class="1005" name="inWordCounter_V_new_1_reg_150">
<pin_list>
<pin id="151" dir="0" index="0" bw="2" slack="2147483647"/>
<pin id="152" dir="1" index="1" bw="2" slack="2147483647"/>
</pin_list>
<bind>
<opset="inWordCounter_V_new_1 (phireg) "/>
</bind>
</comp>

<comp id="153" class="1004" name="inWordCounter_V_new_1_phi_fu_153">
<pin_list>
<pin id="154" dir="0" index="0" bw="1" slack="0"/>
<pin id="155" dir="0" index="1" bw="0" slack="2147483647"/>
<pin id="156" dir="0" index="2" bw="1" slack="0"/>
<pin id="157" dir="0" index="3" bw="0" slack="2147483647"/>
<pin id="158" dir="0" index="4" bw="2" slack="0"/>
<pin id="159" dir="0" index="5" bw="0" slack="2147483647"/>
<pin id="160" dir="1" index="6" bw="2" slack="0"/>
</pin_list>
<bind>
<opcode="phi(47) " fcode="phi"/>
<opset="inWordCounter_V_new_1/1 "/>
</bind>
</comp>

<comp id="163" class="1004" name="tmp_92_fu_163">
<pin_list>
<pin id="164" dir="0" index="0" bw="256" slack="0"/>
<pin id="165" dir="1" index="1" bw="124" slack="0"/>
</pin_list>
<bind>
<opcode="trunc(33) " fcode="trunc"/>
<opset="tmp_92/1 "/>
</bind>
</comp>

<comp id="167" class="1004" name="tmp_93_fu_167">
<pin_list>
<pin id="168" dir="0" index="0" bw="1" slack="0"/>
<pin id="169" dir="0" index="1" bw="256" slack="0"/>
<pin id="170" dir="0" index="2" bw="8" slack="0"/>
<pin id="171" dir="1" index="3" bw="1" slack="0"/>
</pin_list>
<bind>
<opcode="bitselect(1000) " fcode="bitselect"/>
<opset="tmp_93/1 "/>
</bind>
</comp>

<comp id="175" class="1004" name="tmp_94_fu_175">
<pin_list>
<pin id="176" dir="0" index="0" bw="1" slack="0"/>
<pin id="177" dir="0" index="1" bw="256" slack="0"/>
<pin id="178" dir="0" index="2" bw="8" slack="0"/>
<pin id="179" dir="1" index="3" bw="1" slack="2147483647"/>
</pin_list>
<bind>
<opcode="bitselect(1000) " fcode="bitselect"/>
<opset="tmp_94/1 "/>
</bind>
</comp>

<comp id="183" class="1004" name="tmp_95_fu_183">
<pin_list>
<pin id="184" dir="0" index="0" bw="1" slack="0"/>
<pin id="185" dir="0" index="1" bw="256" slack="0"/>
<pin id="186" dir="0" index="2" bw="8" slack="0"/>
<pin id="187" dir="1" index="3" bw="1" slack="0"/>
</pin_list>
<bind>
<opcode="bitselect(1000) " fcode="bitselect"/>
<opset="tmp_95/1 "/>
</bind>
</comp>

<comp id="191" class="1004" name="tmp_V_fu_191">
<pin_list>
<pin id="192" dir="0" index="0" bw="64" slack="0"/>
<pin id="193" dir="0" index="1" bw="256" slack="0"/>
<pin id="194" dir="0" index="2" bw="9" slack="0"/>
<pin id="195" dir="0" index="3" bw="9" slack="0"/>
<pin id="196" dir="1" index="4" bw="64" slack="0"/>
</pin_list>
<bind>
<opcode="partselect(1002) " fcode="partselect"/>
<opset="tmp_V/1 "/>
</bind>
</comp>

<comp id="202" class="1004" name="inWordCounter_V_load_load_fu_202">
<pin_list>
<pin id="203" dir="0" index="0" bw="2" slack="0"/>
<pin id="204" dir="1" index="1" bw="2" slack="0"/>
</pin_list>
<bind>
<opcode="load(27) " fcode="load"/>
<opset="inWordCounter_V_load/1 "/>
</bind>
</comp>

<comp id="206" class="1004" name="tmp_i_fu_206">
<pin_list>
<pin id="207" dir="0" index="0" bw="2" slack="0"/>
<pin id="208" dir="0" index="1" bw="2" slack="0"/>
<pin id="209" dir="1" index="2" bw="1" slack="0"/>
</pin_list>
<bind>
<opcode="icmp(45) " fcode="icmp"/>
<opset="tmp_i/1 "/>
</bind>
</comp>

<comp id="212" class="1004" name="or_cond_i_fu_212">
<pin_list>
<pin id="213" dir="0" index="0" bw="1" slack="0"/>
<pin id="214" dir="0" index="1" bw="1" slack="0"/>
<pin id="215" dir="1" index="2" bw="1" slack="2147483647"/>
</pin_list>
<bind>
<opcode="and(23) " fcode="and"/>
<opset="or_cond_i/1 "/>
</bind>
</comp>

<comp id="218" class="1004" name="p_Val2_s_load_fu_218">
<pin_list>
<pin id="219" dir="0" index="0" bw="248" slack="0"/>
<pin id="220" dir="1" index="1" bw="248" slack="0"/>
</pin_list>
<bind>
<opcode="load(27) " fcode="load"/>
<opset="p_Val2_s/1 "/>
</bind>
</comp>

<comp id="222" class="1004" name="tmp_96_fu_222">
<pin_list>
<pin id="223" dir="0" index="0" bw="1" slack="0"/>
<pin id="224" dir="0" index="1" bw="2" slack="0"/>
<pin id="225" dir="0" index="2" bw="1" slack="0"/>
<pin id="226" dir="1" index="3" bw="1" slack="2147483647"/>
</pin_list>
<bind>
<opcode="bitselect(1000) " fcode="bitselect"/>
<opset="tmp_96/1 "/>
</bind>
</comp>

<comp id="230" class="1004" name="p_Result_12_fu_230">
<pin_list>
<pin id="231" dir="0" index="0" bw="248" slack="0"/>
<pin id="232" dir="0" index="1" bw="248" slack="0"/>
<pin id="233" dir="0" index="2" bw="124" slack="0"/>
<pin id="234" dir="0" index="3" bw="8" slack="0"/>
<pin id="235" dir="0" index="4" bw="9" slack="0"/>
<pin id="236" dir="1" index="5" bw="248" slack="0"/>
</pin_list>
<bind>
<opcode="partset(1003) " fcode="partset"/>
<opset="p_Result_12/1 "/>
</bind>
</comp>

<comp id="243" class="1004" name="StgValue_27_store_fu_243">
<pin_list>
<pin id="244" dir="0" index="0" bw="248" slack="0"/>
<pin id="245" dir="0" index="1" bw="248" slack="0"/>
<pin id="246" dir="1" index="2" bw="0" slack="2147483647"/>
</pin_list>
<bind>
<opcode="store(28) " fcode="store"/>
<opset="StgValue_27/1 "/>
</bind>
</comp>

<comp id="249" class="1004" name="tmp_53_i_fu_249">
<pin_list>
<pin id="250" dir="0" index="0" bw="2" slack="0"/>
<pin id="251" dir="0" index="1" bw="2" slack="0"/>
<pin id="252" dir="1" index="2" bw="1" slack="2147483647"/>
</pin_list>
<bind>
<opcode="icmp(45) " fcode="icmp"/>
<opset="tmp_53_i/1 "/>
</bind>
</comp>

<comp id="255" class="1004" name="tmp_54_i_fu_255">
<pin_list>
<pin id="256" dir="0" index="0" bw="2" slack="0"/>
<pin id="257" dir="0" index="1" bw="1" slack="0"/>
<pin id="258" dir="1" index="2" bw="2" slack="0"/>
</pin_list>
<bind>
<opcode="add(8) " fcode="add"/>
<opset="tmp_54_i/1 "/>
</bind>
</comp>

<comp id="262" class="1004" name="p_inWordCounter_V_fla_fu_262">
<pin_list>
<pin id="263" dir="0" index="0" bw="1" slack="0"/>
<pin id="264" dir="0" index="1" bw="1" slack="0"/>
<pin id="265" dir="1" index="2" bw="1" slack="0"/>
</pin_list>
<bind>
<opcode="or(24) " fcode="or"/>
<opset="p_inWordCounter_V_fla/1 "/>
</bind>
</comp>

<comp id="269" class="1004" name="p_inWordCounter_V_new_fu_269">
<pin_list>
<pin id="270" dir="0" index="0" bw="1" slack="0"/>
<pin id="271" dir="0" index="1" bw="2" slack="0"/>
<pin id="272" dir="0" index="2" bw="2" slack="0"/>
<pin id="273" dir="1" index="3" bw="2" slack="0"/>
</pin_list>
<bind>
<opcode="select(49) " fcode="select"/>
<opset="p_inWordCounter_V_new/1 "/>
</bind>
</comp>

<comp id="278" class="1004" name="p_Result_s_fu_278">
<pin_list>
<pin id="279" dir="0" index="0" bw="248" slack="0"/>
<pin id="280" dir="0" index="1" bw="248" slack="0"/>
<pin id="281" dir="0" index="2" bw="124" slack="0"/>
<pin id="282" dir="0" index="3" bw="1" slack="0"/>
<pin id="283" dir="0" index="4" bw="8" slack="0"/>
<pin id="284" dir="1" index="5" bw="248" slack="0"/>
</pin_list>
<bind>
<opcode="partset(1003) " fcode="partset"/>
<opset="p_Result_s/1 "/>
</bind>
</comp>

<comp id="290" class="1004" name="StgValue_43_store_fu_290">
<pin_list>
<pin id="291" dir="0" index="0" bw="248" slack="0"/>
<pin id="292" dir="0" index="1" bw="248" slack="0"/>
<pin id="293" dir="1" index="2" bw="0" slack="2147483647"/>
</pin_list>
<bind>
<opcode="store(28) " fcode="store"/>
<opset="StgValue_43/1 "/>
</bind>
</comp>

<comp id="296" class="1004" name="StgValue_51_store_fu_296">
<pin_list>
<pin id="297" dir="0" index="0" bw="2" slack="0"/>
<pin id="298" dir="0" index="1" bw="2" slack="0"/>
<pin id="299" dir="1" index="2" bw="0" slack="2147483647"/>
</pin_list>
<bind>
<opcode="store(28) " fcode="store"/>
<opset="StgValue_51/1 "/>
</bind>
</comp>

</comp_list>

<net_list>
<net id="77"><net_src comp="28" pin="0"/><net_sink comp="72" pin=0"/></net>

<net id="78"><net_src comp="0" pin="0"/><net_sink comp="72" pin=1"/></net>

<net id="79"><net_src comp="24" pin="0"/><net_sink comp="72" pin=2"/></net>

<net id="85"><net_src comp="30" pin="0"/><net_sink comp="80" pin=0"/></net>

<net id="86"><net_src comp="2" pin="0"/><net_sink comp="80" pin=1"/></net>

<net id="87"><net_src comp="24" pin="0"/><net_sink comp="80" pin=2"/></net>

<net id="93"><net_src comp="32" pin="0"/><net_sink comp="88" pin=0"/></net>

<net id="94"><net_src comp="4" pin="0"/><net_sink comp="88" pin=1"/></net>

<net id="95"><net_src comp="24" pin="0"/><net_sink comp="88" pin=2"/></net>

<net id="100"><net_src comp="34" pin="0"/><net_sink comp="96" pin=0"/></net>

<net id="101"><net_src comp="4" pin="0"/><net_sink comp="96" pin=1"/></net>

<net id="107"><net_src comp="60" pin="0"/><net_sink comp="102" pin=0"/></net>

<net id="108"><net_src comp="2" pin="0"/><net_sink comp="102" pin=1"/></net>

<net id="114"><net_src comp="68" pin="0"/><net_sink comp="109" pin=0"/></net>

<net id="115"><net_src comp="0" pin="0"/><net_sink comp="109" pin=1"/></net>

<net id="125"><net_src comp="62" pin="0"/><net_sink comp="119" pin=0"/></net>

<net id="126"><net_src comp="64" pin="0"/><net_sink comp="119" pin=2"/></net>

<net id="136"><net_src comp="66" pin="0"/><net_sink comp="130" pin=2"/></net>

<net id="148"><net_src comp="62" pin="0"/><net_sink comp="140" pin=0"/></net>

<net id="149"><net_src comp="64" pin="0"/><net_sink comp="140" pin=2"/></net>

<net id="161"><net_src comp="58" pin="0"/><net_sink comp="153" pin=0"/></net>

<net id="162"><net_src comp="66" pin="0"/><net_sink comp="153" pin=2"/></net>

<net id="166"><net_src comp="96" pin="2"/><net_sink comp="163" pin=0"/></net>

<net id="172"><net_src comp="36" pin="0"/><net_sink comp="167" pin=0"/></net>

<net id="173"><net_src comp="96" pin="2"/><net_sink comp="167" pin=1"/></net>

<net id="174"><net_src comp="38" pin="0"/><net_sink comp="167" pin=2"/></net>

<net id="180"><net_src comp="36" pin="0"/><net_sink comp="175" pin=0"/></net>

<net id="181"><net_src comp="96" pin="2"/><net_sink comp="175" pin=1"/></net>

<net id="182"><net_src comp="40" pin="0"/><net_sink comp="175" pin=2"/></net>

<net id="188"><net_src comp="36" pin="0"/><net_sink comp="183" pin=0"/></net>

<net id="189"><net_src comp="96" pin="2"/><net_sink comp="183" pin=1"/></net>

<net id="190"><net_src comp="42" pin="0"/><net_sink comp="183" pin=2"/></net>

<net id="197"><net_src comp="44" pin="0"/><net_sink comp="191" pin=0"/></net>

<net id="198"><net_src comp="96" pin="2"/><net_sink comp="191" pin=1"/></net>

<net id="199"><net_src comp="46" pin="0"/><net_sink comp="191" pin=2"/></net>

<net id="200"><net_src comp="48" pin="0"/><net_sink comp="191" pin=3"/></net>

<net id="201"><net_src comp="191" pin="4"/><net_sink comp="109" pin=2"/></net>

<net id="205"><net_src comp="6" pin="0"/><net_sink comp="202" pin=0"/></net>

<net id="210"><net_src comp="202" pin="1"/><net_sink comp="206" pin=0"/></net>

<net id="211"><net_src comp="50" pin="0"/><net_sink comp="206" pin=1"/></net>

<net id="216"><net_src comp="167" pin="3"/><net_sink comp="212" pin=0"/></net>

<net id="217"><net_src comp="206" pin="2"/><net_sink comp="212" pin=1"/></net>

<net id="221"><net_src comp="8" pin="0"/><net_sink comp="218" pin=0"/></net>

<net id="227"><net_src comp="52" pin="0"/><net_sink comp="222" pin=0"/></net>

<net id="228"><net_src comp="202" pin="1"/><net_sink comp="222" pin=1"/></net>

<net id="229"><net_src comp="24" pin="0"/><net_sink comp="222" pin=2"/></net>

<net id="237"><net_src comp="54" pin="0"/><net_sink comp="230" pin=0"/></net>

<net id="238"><net_src comp="218" pin="1"/><net_sink comp="230" pin=1"/></net>

<net id="239"><net_src comp="163" pin="1"/><net_sink comp="230" pin=2"/></net>

<net id="240"><net_src comp="38" pin="0"/><net_sink comp="230" pin=3"/></net>

<net id="241"><net_src comp="56" pin="0"/><net_sink comp="230" pin=4"/></net>

<net id="242"><net_src comp="230" pin="5"/><net_sink comp="102" pin=2"/></net>

<net id="247"><net_src comp="230" pin="5"/><net_sink comp="243" pin=0"/></net>

<net id="248"><net_src comp="8" pin="0"/><net_sink comp="243" pin=1"/></net>

<net id="253"><net_src comp="202" pin="1"/><net_sink comp="249" pin=0"/></net>

<net id="254"><net_src comp="58" pin="0"/><net_sink comp="249" pin=1"/></net>

<net id="259"><net_src comp="202" pin="1"/><net_sink comp="255" pin=0"/></net>

<net id="260"><net_src comp="58" pin="0"/><net_sink comp="255" pin=1"/></net>

<net id="261"><net_src comp="255" pin="2"/><net_sink comp="130" pin=0"/></net>

<net id="266"><net_src comp="183" pin="3"/><net_sink comp="262" pin=0"/></net>

<net id="267"><net_src comp="119" pin="4"/><net_sink comp="262" pin=1"/></net>

<net id="268"><net_src comp="262" pin="2"/><net_sink comp="140" pin=4"/></net>

<net id="274"><net_src comp="183" pin="3"/><net_sink comp="269" pin=0"/></net>

<net id="275"><net_src comp="50" pin="0"/><net_sink comp="269" pin=1"/></net>

<net id="276"><net_src comp="130" pin="4"/><net_sink comp="269" pin=2"/></net>

<net id="277"><net_src comp="269" pin="3"/><net_sink comp="153" pin=4"/></net>

<net id="285"><net_src comp="54" pin="0"/><net_sink comp="278" pin=0"/></net>

<net id="286"><net_src comp="218" pin="1"/><net_sink comp="278" pin=1"/></net>

<net id="287"><net_src comp="163" pin="1"/><net_sink comp="278" pin=2"/></net>

<net id="288"><net_src comp="14" pin="0"/><net_sink comp="278" pin=3"/></net>

<net id="289"><net_src comp="70" pin="0"/><net_sink comp="278" pin=4"/></net>

<net id="294"><net_src comp="278" pin="5"/><net_sink comp="290" pin=0"/></net>

<net id="295"><net_src comp="8" pin="0"/><net_sink comp="290" pin=1"/></net>

<net id="300"><net_src comp="153" pin="6"/><net_sink comp="296" pin=0"/></net>

<net id="301"><net_src comp="6" pin="0"/><net_sink comp="296" pin=1"/></net>

</net_list>

</model> 
---------------- Datapath Model END ------------------

* FSMD analyzer results:
  - Output states:
	Port: valueBuffer_rf_V_V | {1 }
	Port: metadataBuffer_rf_V_s | {1 }
	Port: merger2responseForma_1 | {}
	Port: inWordCounter_V | {1 }
	Port: bf_metadataTempBuffe | {1 }
 - Input state : 
	Port: response_f : valueBuffer_rf_V_V | {}
	Port: response_f : metadataBuffer_rf_V_s | {}
	Port: response_f : merger2responseForma_1 | {1 }
	Port: response_f : inWordCounter_V | {1 }
	Port: response_f : bf_metadataTempBuffe | {1 }
  - Chain level:
	State 1
		tmp_i : 1
		or_cond_i : 2
		StgValue_22 : 2
		StgValue_23 : 2
		tmp_96 : 1
		StgValue_25 : 2
		p_Result_12 : 1
		StgValue_27 : 2
		tmp_53_i : 1
		StgValue_29 : 2
		StgValue_30 : 2
		tmp_54_i : 1
		inWordCounter_V_flag : 3
		inWordCounter_V_new_s : 3
		StgValue_36 : 1
		StgValue_37 : 1
		p_inWordCounter_V_fla : 4
		p_inWordCounter_V_new : 4
		p_Result_s : 1
		StgValue_43 : 2
		StgValue_44 : 1
		StgValue_45 : 1
		inWordCounter_V_flag_1 : 4
		inWordCounter_V_new_1 : 5
		StgValue_50 : 5
		StgValue_51 : 6


============================================================
+ Verbose Summary: Datapath Resource usage 
============================================================

* Functional unit list:
|----------|------------------------------|---------|---------|
| Operation|        Functional Unit       |    FF   |   LUT   |
|----------|------------------------------|---------|---------|
|   icmp   |         tmp_i_fu_206         |    0    |    8    |
|          |        tmp_53_i_fu_249       |    0    |    8    |
|----------|------------------------------|---------|---------|
|    add   |        tmp_54_i_fu_255       |    0    |    10   |
|----------|------------------------------|---------|---------|
|    and   |       or_cond_i_fu_212       |    0    |    2    |
|----------|------------------------------|---------|---------|
|    or    | p_inWordCounter_V_fla_fu_262 |    0    |    2    |
|----------|------------------------------|---------|---------|
|  select  | p_inWordCounter_V_new_fu_269 |    0    |    2    |
|----------|------------------------------|---------|---------|
|nbwritereq|     tmp_nbwritereq_fu_72     |    0    |    0    |
|          |    tmp_7_nbwritereq_fu_80    |    0    |    0    |
|----------|------------------------------|---------|---------|
| nbreadreq|     tmp_8_nbreadreq_fu_88    |    0    |    0    |
|----------|------------------------------|---------|---------|
|   read   |       tmp31_read_fu_96       |    0    |    0    |
|----------|------------------------------|---------|---------|
|   write  |   StgValue_30_write_fu_102   |    0    |    0    |
|          |       grp_write_fu_109       |    0    |    0    |
|----------|------------------------------|---------|---------|
|   trunc  |         tmp_92_fu_163        |    0    |    0    |
|----------|------------------------------|---------|---------|
|          |         tmp_93_fu_167        |    0    |    0    |
| bitselect|         tmp_94_fu_175        |    0    |    0    |
|          |         tmp_95_fu_183        |    0    |    0    |
|          |         tmp_96_fu_222        |    0    |    0    |
|----------|------------------------------|---------|---------|
|partselect|         tmp_V_fu_191         |    0    |    0    |
|----------|------------------------------|---------|---------|
|  partset |      p_Result_12_fu_230      |    0    |    0    |
|          |       p_Result_s_fu_278      |    0    |    0    |
|----------|------------------------------|---------|---------|
|   Total  |                              |    0    |    32   |
|----------|------------------------------|---------|---------|

Memories:
N/A

* Register list:
+------------------------------+--------+
|                              |   FF   |
+------------------------------+--------+
|inWordCounter_V_flag_1_reg_137|    1   |
| inWordCounter_V_flag_reg_116 |    1   |
| inWordCounter_V_new_1_reg_150|    2   |
| inWordCounter_V_new_s_reg_127|    2   |
+------------------------------+--------+
|             Total            |    6   |
+------------------------------+--------+

* Multiplexer (MUX) list: 
|--------|------|------|------|--------|
|  Comp  |  Pin | Size |  BW  | S x BW |
|--------|------|------|------|--------|
|  Total |      |      |      |    0   |
|--------|------|------|------|--------|



* Summary:
+-----------+--------+--------+
|           |   FF   |   LUT  |
+-----------+--------+--------+
|  Function |    0   |   32   |
|   Memory  |    -   |    -   |
|Multiplexer|    -   |    -   |
|  Register |    6   |    -   |
+-----------+--------+--------+
|   Total   |    6   |   32   |
+-----------+--------+--------+
