

================================================================
== Vivado HLS Report for 'accessControl'
================================================================
* Date:           Tue Nov 13 22:52:28 2018

* Version:        2018.2 (Build 2258646 on Thu Jun 14 20:25:20 MDT 2018)
* Project:        memcachedPipeline_prj
* Solution:       solution1
* Product family: virtex7
* Target device:  xc7vx690tffg1761-2


================================================================
== Performance Estimates
================================================================
+ Timing (ns): 
    * Summary: 
    +--------+-------+----------+------------+
    |  Clock | Target| Estimated| Uncertainty|
    +--------+-------+----------+------------+
    |ap_clk  |   6.66|     4.782|        0.83|
    +--------+-------+----------+------------+

+ Latency (clock cycles): 
    * Summary: 
    +-----+-----+-----+-----+----------+
    |  Latency  |  Interval | Pipeline |
    | min | max | min | max |   Type   |
    +-----+-----+-----+-----+----------+
    |    1|    1|    1|    1| function |
    +-----+-----+-----+-----+----------+

    + Detail: 
        * Instance: 
        N/A

        * Loop: 
        N/A



================================================================
== Utilization Estimates
================================================================
* Summary: 
+-----------------+---------+-------+--------+--------+
|       Name      | BRAM_18K| DSP48E|   FF   |   LUT  |
+-----------------+---------+-------+--------+--------+
|DSP              |        -|      -|       -|       -|
|Expression       |        -|      -|       0|     546|
|FIFO             |        0|      -|       7|      20|
|Instance         |        -|      -|       -|       -|
|Memory           |        -|      -|       -|       -|
|Multiplexer      |        -|      -|       -|     275|
|Register         |        -|      -|     925|       -|
+-----------------+---------+-------+--------+--------+
|Total            |        0|      0|     932|     841|
+-----------------+---------+-------+--------+--------+
|Available        |     2940|   3600|  866400|  433200|
+-----------------+---------+-------+--------+--------+
|Utilization (%)  |        0|      0|   ~0   |   ~0   |
+-----------------+---------+-------+--------+--------+

+ Detail: 
    * Instance: 
    N/A

    * DSP48: 
    N/A

    * Memory: 
    N/A

    * FIFO: 
    +----------------------+---------+---+----+------+-----+---------+
    |         Name         | BRAM_18K| FF| LUT| Depth| Bits| Size:D*B|
    +----------------------+---------+---+----+------+-----+---------+
    |filterSeq_V_V_fifo_U  |        0|  7|  20|    16|    2|       32|
    +----------------------+---------+---+----+------+-----+---------+
    |Total                 |        0|  7|  20|    16|    2|       32|
    +----------------------+---------+---+----+------+-----+---------+

    * Expression: 
    +----------------------------------+----------+-------+---+----+------------+------------+
    |           Variable Name          | Operation| DSP48E| FF| LUT| Bitwidth P0| Bitwidth P1|
    +----------------------------------+----------+-------+---+----+------------+------------+
    |grp_fu_482_p2                     |     +    |      0|  0|  15|           8|           1|
    |grp_fu_501_p2                     |     +    |      0|  0|  15|           8|           2|
    |tmp_409_i_fu_1190_p2              |     +    |      0|  0|  15|           8|           1|
    |tmp_410_i_fu_1210_p2              |     +    |      0|  0|  15|           8|           1|
    |ap_condition_263                  |    and   |      0|  0|   2|           1|           1|
    |ap_condition_7940                 |    and   |      0|  0|   2|           1|           1|
    |ap_condition_7941                 |    and   |      0|  0|   2|           1|           1|
    |ap_predicate_op188_read_state1    |    and   |      0|  0|   2|           1|           1|
    |ap_predicate_op38_read_state1     |    and   |      0|  0|   2|           1|           1|
    |ap_predicate_op39_read_state1     |    and   |      0|  0|   2|           1|           1|
    |ap_predicate_op42_read_state1     |    and   |      0|  0|   2|           1|           1|
    |ap_predicate_op74_read_state1     |    and   |      0|  0|   2|           1|           1|
    |ap_predicate_op75_read_state1     |    and   |      0|  0|   2|           1|           1|
    |ap_predicate_op78_read_state1     |    and   |      0|  0|   2|           1|           1|
    |or_cond19_i_fu_910_p2             |    and   |      0|  0|   2|           1|           1|
    |or_cond21_i_fu_922_p2             |    and   |      0|  0|   2|           1|           1|
    |or_cond23_i_fu_934_p2             |    and   |      0|  0|   2|           1|           1|
    |or_cond25_i_fu_946_p2             |    and   |      0|  0|   2|           1|           1|
    |or_cond27_i_fu_958_p2             |    and   |      0|  0|   2|           1|           1|
    |or_cond29_i_fu_970_p2             |    and   |      0|  0|   2|           1|           1|
    |or_cond30_i_fu_982_p2             |    and   |      0|  0|   2|           1|           1|
    |or_cond31_i_fu_994_p2             |    and   |      0|  0|   2|           1|           1|
    |sel_tmp11_fu_1356_p2              |    and   |      0|  0|   2|           1|           1|
    |sel_tmp13_fu_1374_p2              |    and   |      0|  0|   2|           1|           1|
    |sel_tmp1_fu_1266_p2               |    and   |      0|  0|   2|           1|           1|
    |sel_tmp3_fu_1284_p2               |    and   |      0|  0|   2|           1|           1|
    |sel_tmp5_fu_1302_p2               |    and   |      0|  0|   2|           1|           1|
    |sel_tmp7_fu_1320_p2               |    and   |      0|  0|   2|           1|           1|
    |sel_tmp9_fu_1338_p2               |    and   |      0|  0|   2|           1|           1|
    |sel_tmp_fu_1248_p2                |    and   |      0|  0|   2|           1|           1|
    |tmp10_fu_1314_p2                  |    and   |      0|  0|   2|           1|           1|
    |tmp11_fu_1326_p2                  |    and   |      0|  0|   2|           1|           1|
    |tmp12_fu_1332_p2                  |    and   |      0|  0|   2|           1|           1|
    |tmp13_fu_1344_p2                  |    and   |      0|  0|   2|           1|           1|
    |tmp14_fu_1350_p2                  |    and   |      0|  0|   2|           1|           1|
    |tmp15_fu_1362_p2                  |    and   |      0|  0|   2|           1|           1|
    |tmp16_fu_1368_p2                  |    and   |      0|  0|   2|           1|           1|
    |tmp1_fu_1236_p2                   |    and   |      0|  0|   2|           1|           1|
    |tmp24_fu_904_p2                   |    and   |      0|  0|   2|           1|           1|
    |tmp25_fu_916_p2                   |    and   |      0|  0|   2|           1|           1|
    |tmp26_fu_928_p2                   |    and   |      0|  0|   2|           1|           1|
    |tmp27_fu_940_p2                   |    and   |      0|  0|   2|           1|           1|
    |tmp28_fu_952_p2                   |    and   |      0|  0|   2|           1|           1|
    |tmp29_fu_964_p2                   |    and   |      0|  0|   2|           1|           1|
    |tmp2_fu_1242_p2                   |    and   |      0|  0|   2|           1|           1|
    |tmp30_fu_976_p2                   |    and   |      0|  0|   2|           1|           1|
    |tmp31_fu_988_p2                   |    and   |      0|  0|   2|           1|           1|
    |tmp3_fu_1254_p2                   |    and   |      0|  0|   2|           1|           1|
    |tmp4_fu_1260_p2                   |    and   |      0|  0|   2|           1|           1|
    |tmp5_fu_1272_p2                   |    and   |      0|  0|   2|           1|           1|
    |tmp6_fu_1278_p2                   |    and   |      0|  0|   2|           1|           1|
    |tmp7_fu_1290_p2                   |    and   |      0|  0|   2|           1|           1|
    |tmp8_fu_1296_p2                   |    and   |      0|  0|   2|           1|           1|
    |tmp9_fu_1308_p2                   |    and   |      0|  0|   2|           1|           1|
    |grp_fu_477_p2                     |   icmp   |      0|  0|  11|           8|           3|
    |grp_fu_524_p2                     |   icmp   |      0|  0|  11|           8|           1|
    |grp_fu_529_p2                     |   icmp   |      0|  0|  18|          32|          32|
    |grp_fu_533_p2                     |   icmp   |      0|  0|  11|           8|           1|
    |grp_fu_538_p2                     |   icmp   |      0|  0|  18|          32|          32|
    |grp_fu_542_p2                     |   icmp   |      0|  0|  11|           8|           1|
    |grp_fu_547_p2                     |   icmp   |      0|  0|  18|          32|          32|
    |grp_fu_551_p2                     |   icmp   |      0|  0|  11|           8|           1|
    |grp_fu_556_p2                     |   icmp   |      0|  0|  18|          32|          32|
    |grp_fu_560_p2                     |   icmp   |      0|  0|  11|           8|           1|
    |grp_fu_565_p2                     |   icmp   |      0|  0|  18|          32|          32|
    |grp_fu_569_p2                     |   icmp   |      0|  0|  11|           8|           1|
    |grp_fu_574_p2                     |   icmp   |      0|  0|  18|          32|          32|
    |grp_fu_578_p2                     |   icmp   |      0|  0|  11|           8|           1|
    |grp_fu_583_p2                     |   icmp   |      0|  0|  18|          32|          32|
    |grp_fu_587_p2                     |   icmp   |      0|  0|  11|           8|           1|
    |grp_fu_592_p2                     |   icmp   |      0|  0|  18|          32|          32|
    |grp_fu_596_p2                     |   icmp   |      0|  0|  11|           8|           1|
    |grp_fu_601_p2                     |   icmp   |      0|  0|  11|           8|           4|
    |grp_fu_700_p2                     |   icmp   |      0|  0|   9|           2|           3|
    |icmp_fu_1026_p2                   |   icmp   |      0|  0|  11|           5|           1|
    |tmp_32_fu_878_p2                  |   icmp   |      0|  0|   8|           2|           1|
    |tmp_408_i_fu_1184_p2              |   icmp   |      0|  0|  11|           8|           3|
    |tmp_667_fu_1470_p2                |   icmp   |      0|  0|  11|           8|           4|
    |tmp_668_fu_1476_p2                |   icmp   |      0|  0|  11|           8|           3|
    |tmp_s_fu_872_p2                   |   icmp   |      0|  0|   8|           2|           1|
    |ap_block_state1_pp0_stage0_iter0  |    or    |      0|  0|   2|           1|           1|
    |ap_block_state2_pp0_stage0_iter1  |    or    |      0|  0|   2|           1|           1|
    |ap_condition_174                  |    or    |      0|  0|   2|           1|           1|
    |ap_condition_5668                 |    or    |      0|  0|   2|           1|           1|
    |ap_predicate_op293_read_state1    |    or    |      0|  0|   2|           1|           1|
    |ap_predicate_op392_write_state2   |    or    |      0|  0|   2|           1|           1|
    |sel_tmp15_fu_1422_p2              |    or    |      0|  0|   2|           1|           1|
    |tmp17_fu_1392_p2                  |    or    |      0|  0|   2|           1|           1|
    |tmp18_fu_1380_p2                  |    or    |      0|  0|   2|           1|           1|
    |tmp19_fu_1386_p2                  |    or    |      0|  0|   2|           1|           1|
    |tmp20_fu_1416_p2                  |    or    |      0|  0|   2|           1|           1|
    |tmp21_fu_1398_p2                  |    or    |      0|  0|   2|           1|           1|
    |tmp22_fu_1410_p2                  |    or    |      0|  0|   2|           1|           1|
    |tmp23_fu_1404_p2                  |    or    |      0|  0|   2|           1|           1|
    |tmp_669_fu_1482_p2                |    or    |      0|  0|   2|           1|           1|
    |grp_fu_487_p3                     |  select  |      0|  0|   8|           1|           1|
    |p_tmp_i_fu_1196_p3                |  select  |      0|  0|   8|           1|           1|
    |storemerge32_i_fu_1228_p3         |  select  |      0|  0|   3|           1|           2|
    |storemerge33_i_fu_1428_p3         |  select  |      0|  0|   3|           1|           3|
    +----------------------------------+----------+-------+---+----+------------+------------+
    |Total                             |          |      0|  0| 546|         480|         365|
    +----------------------------------+----------+-------+---+----+------------+------------+

    * Multiplexer: 
    +-----------------------------------------+----+-----------+-----+-----------+
    |                   Name                  | LUT| Input Size| Bits| Total Bits|
    +-----------------------------------------+----+-----------+-----+-----------+
    |accCtrl2demux_V_blk_n                    |   9|          2|    1|          2|
    |accCtrl2demux_V_din                      |  15|          3|  256|        768|
    |accState                                 |  41|          8|    3|         24|
    |accessCtrl_filterEnt_16                  |   9|          2|   32|         64|
    |accessCtrl_filterEnt_17                  |   9|          2|   32|         64|
    |accessCtrl_filterEnt_18                  |   9|          2|   32|         64|
    |accessCtrl_filterEnt_19                  |   9|          2|   32|         64|
    |accessCtrl_filterEnt_20                  |   9|          2|   32|         64|
    |accessCtrl_filterEnt_21                  |   9|          2|   32|         64|
    |accessCtrl_filterEnt_22                  |   9|          2|   32|         64|
    |accessCtrl_filterEnt_23                  |   9|          2|   32|         64|
    |accessCtrl_level                         |   9|          2|    8|         16|
    |ap_NS_iter1_fsm                          |  15|          3|    2|          6|
    |ap_done                                  |   9|          2|    1|          2|
    |ap_phi_mux_storemerge30_i_phi_fu_362_p4  |  15|          3|    2|          6|
    |ap_phi_mux_storemerge31_i_phi_fu_373_p4  |  15|          3|    3|          9|
    |ap_phi_mux_storemerge_i_phi_fu_351_p4    |  15|          3|    2|          6|
    |filterPopGet_V_V_blk_n                   |   9|          2|    1|          2|
    |filterPopSet_V_V_blk_n                   |   9|          2|    1|          2|
    |hashTable2Dram_V_blk_n                   |   9|          2|    1|          2|
    |inputWord_metadata_V                     |   9|          2|  124|        248|
    |real_start                               |   9|          2|    1|          2|
    |streamToPop_V                            |  15|          3|    2|          6|
    +-----------------------------------------+----+-----------+-----+-----------+
    |Total                                    | 275|         58|  664|       1613|
    +-----------------------------------------+----+-----------+-----+-----------+

    * Register: 
    +-------------------------+-----+----+-----+-----------+
    |           Name          |  FF | LUT| Bits| Const Bits|
    +-------------------------+-----+----+-----+-----------+
    |accState                 |    3|   0|    3|          0|
    |accState_load_reg_1576   |    3|   0|    3|          0|
    |accessCtrl_filterEnt     |    1|   0|    1|          0|
    |accessCtrl_filterEnt_1   |    1|   0|    1|          0|
    |accessCtrl_filterEnt_10  |    8|   0|    8|          0|
    |accessCtrl_filterEnt_11  |    8|   0|    8|          0|
    |accessCtrl_filterEnt_12  |    8|   0|    8|          0|
    |accessCtrl_filterEnt_13  |    8|   0|    8|          0|
    |accessCtrl_filterEnt_14  |    8|   0|    8|          0|
    |accessCtrl_filterEnt_15  |    8|   0|    8|          0|
    |accessCtrl_filterEnt_16  |   32|   0|   32|          0|
    |accessCtrl_filterEnt_17  |   32|   0|   32|          0|
    |accessCtrl_filterEnt_18  |   32|   0|   32|          0|
    |accessCtrl_filterEnt_19  |   32|   0|   32|          0|
    |accessCtrl_filterEnt_2   |    1|   0|    1|          0|
    |accessCtrl_filterEnt_20  |   32|   0|   32|          0|
    |accessCtrl_filterEnt_21  |   32|   0|   32|          0|
    |accessCtrl_filterEnt_22  |   32|   0|   32|          0|
    |accessCtrl_filterEnt_23  |   32|   0|   32|          0|
    |accessCtrl_filterEnt_3   |    1|   0|    1|          0|
    |accessCtrl_filterEnt_4   |    1|   0|    1|          0|
    |accessCtrl_filterEnt_5   |    1|   0|    1|          0|
    |accessCtrl_filterEnt_6   |    1|   0|    1|          0|
    |accessCtrl_filterEnt_7   |    1|   0|    1|          0|
    |accessCtrl_filterEnt_8   |    8|   0|    8|          0|
    |accessCtrl_filterEnt_9   |    8|   0|    8|          0|
    |accessCtrl_level         |    8|   0|    8|          0|
    |accessCtrl_rdPtr         |    8|   0|    8|          0|
    |accessCtrl_wrPtr         |    8|   0|    8|          0|
    |ap_CS_iter0_fsm          |    1|   0|    1|          0|
    |ap_CS_iter1_fsm          |    2|   0|    2|          0|
    |ap_done_reg              |    1|   0|    1|          0|
    |inputWord_EOP_V          |    1|   0|    1|          0|
    |inputWord_SOP_V          |    1|   0|    1|          0|
    |inputWord_keyValid_V     |    1|   0|    1|          0|
    |inputWord_key_V          |   64|   0|   64|          0|
    |inputWord_metadata_V     |  124|   0|  124|          0|
    |inputWord_valueValid     |    1|   0|    1|          0|
    |inputWord_value_V        |   64|   0|   64|          0|
    |pushWord_address_V       |   32|   0|   32|          0|
    |pushWord_operation_V     |    8|   0|    8|          0|
    |reg_717                  |  256|   0|  256|          0|
    |start_once_reg           |    1|   0|    1|          0|
    |streamToPop_V            |    2|   0|    2|          0|
    |tmp_32_reg_1616          |    1|   0|    1|          0|
    |tmp_35_reg_1702          |    1|   0|    1|          0|
    |tmp_36_reg_1706          |    1|   0|    1|          0|
    |tmp_38_reg_1710          |    1|   0|    1|          0|
    |tmp_664_reg_1714         |    1|   0|    1|          0|
    |tmp_669_reg_1718         |    1|   0|    1|          0|
    |tmp_reg_1698             |    1|   0|    1|          0|
    |tmp_s_reg_1612           |    1|   0|    1|          0|
    +-------------------------+-----+----+-----+-----------+
    |Total                    |  925|   0|  925|          0|
    +-------------------------+-----+----+-----+-----------+



================================================================
== Interface
================================================================
* Summary: 
+--------------------------+-----+-----+--------------+------------------+--------------+
|         RTL Ports        | Dir | Bits|   Protocol   |   Source Object  |    C Type    |
+--------------------------+-----+-----+--------------+------------------+--------------+
|ap_clk                    |  in |    1| ap_ctrl_none |   accessControl  | return value |
|ap_rst                    |  in |    1| ap_ctrl_none |   accessControl  | return value |
|ap_start                  |  in |    1| ap_ctrl_none |   accessControl  | return value |
|start_full_n              |  in |    1| ap_ctrl_none |   accessControl  | return value |
|ap_done                   | out |    1| ap_ctrl_none |   accessControl  | return value |
|ap_continue               |  in |    1| ap_ctrl_none |   accessControl  | return value |
|ap_idle                   | out |    1| ap_ctrl_none |   accessControl  | return value |
|ap_ready                  | out |    1| ap_ctrl_none |   accessControl  | return value |
|start_out                 | out |    1| ap_ctrl_none |   accessControl  | return value |
|start_write               | out |    1| ap_ctrl_none |   accessControl  | return value |
|filterPopGet_V_V_dout     |  in |    1|    ap_fifo   | filterPopGet_V_V |    pointer   |
|filterPopGet_V_V_empty_n  |  in |    1|    ap_fifo   | filterPopGet_V_V |    pointer   |
|filterPopGet_V_V_read     | out |    1|    ap_fifo   | filterPopGet_V_V |    pointer   |
|filterPopSet_V_V_dout     |  in |    1|    ap_fifo   | filterPopSet_V_V |    pointer   |
|filterPopSet_V_V_empty_n  |  in |    1|    ap_fifo   | filterPopSet_V_V |    pointer   |
|filterPopSet_V_V_read     | out |    1|    ap_fifo   | filterPopSet_V_V |    pointer   |
|hashTable2Dram_V_dout     |  in |  256|    ap_fifo   | hashTable2Dram_V |    pointer   |
|hashTable2Dram_V_empty_n  |  in |    1|    ap_fifo   | hashTable2Dram_V |    pointer   |
|hashTable2Dram_V_read     | out |    1|    ap_fifo   | hashTable2Dram_V |    pointer   |
|accCtrl2demux_V_din       | out |  256|    ap_fifo   |  accCtrl2demux_V |    pointer   |
|accCtrl2demux_V_full_n    |  in |    1|    ap_fifo   |  accCtrl2demux_V |    pointer   |
|accCtrl2demux_V_write     | out |    1|    ap_fifo   |  accCtrl2demux_V |    pointer   |
+--------------------------+-----+-----+--------------+------------------+--------------+

