

================================================================
== Vivado HLS Report for 'bp_f1192'
================================================================
* Date:           Fri Nov  9 23:10:35 2018

* Version:        2018.2 (Build 2258646 on Thu Jun 14 20:25:20 MDT 2018)
* Project:        memcachedPipeline_prj
* Solution:       solution1
* Product family: virtex7
* Target device:  xc7vx690tffg1761-2


================================================================
== Performance Estimates
================================================================
+ Timing (ns): 
    * Summary: 
    +--------+-------+----------+------------+
    |  Clock | Target| Estimated| Uncertainty|
    +--------+-------+----------+------------+
    |ap_clk  |   6.66|     9.738|        0.83|
    +--------+-------+----------+------------+

+ Latency (clock cycles): 
    * Summary: 
    +-----+-----+-----+-----+----------+
    |  Latency  |  Interval | Pipeline |
    | min | max | min | max |   Type   |
    +-----+-----+-----+-----+----------+
    |    1|    1|    1|    1| function |
    +-----+-----+-----+-----+----------+

    + Detail: 
        * Instance: 
        N/A

        * Loop: 
        N/A



================================================================
== Utilization Estimates
================================================================
* Summary: 
+-----------------+---------+-------+--------+--------+
|       Name      | BRAM_18K| DSP48E|   FF   |   LUT  |
+-----------------+---------+-------+--------+--------+
|DSP              |        -|      -|       -|       -|
|Expression       |        -|      -|       0|    5021|
|FIFO             |        -|      -|       -|       -|
|Instance         |        -|      -|       -|       -|
|Memory           |        -|      -|       -|       -|
|Multiplexer      |        -|      -|       -|     314|
|Register         |        -|      -|     779|       -|
+-----------------+---------+-------+--------+--------+
|Total            |        0|      0|     779|    5335|
+-----------------+---------+-------+--------+--------+
|Available        |     2940|   3600|  866400|  433200|
+-----------------+---------+-------+--------+--------+
|Utilization (%)  |        0|      0|   ~0   |       1|
+-----------------+---------+-------+--------+--------+

+ Detail: 
    * Instance: 
    N/A

    * DSP48: 
    N/A

    * Memory: 
    N/A

    * FIFO: 
    N/A

    * Expression: 
    +----------------------------------+----------+-------+---+-----+------------+------------+
    |           Variable Name          | Operation| DSP48E| FF| LUT | Bitwidth P0| Bitwidth P1|
    +----------------------------------+----------+-------+---+-----+------------+------------+
    |p_0283_i_i_i_i_fu_1019_p2         |     +    |      0|  0|   16|           9|           5|
    |tmp_311_i_i_i_i_fu_1469_p2        |     +    |      0|  0|   24|           5|          17|
    |tmp_336_i_i_i_i_fu_1029_p2        |     +    |      0|  0|   24|          17|          17|
    |tmp_344_i_i_i_i_fu_1457_p2        |     +    |      0|  0|   15|           8|           5|
    |tmp_346_i_i_i_i_fu_946_p2         |     +    |      0|  0|   24|          17|           5|
    |tmp_602_fu_1266_p2                |     +    |      0|  0|   15|           7|           7|
    |tmp_625_fu_1107_p2                |     +    |      0|  0|   15|           7|           7|
    |tmp_650_fu_801_p2                 |     +    |      0|  0|   15|           7|           7|
    |Lo_assign_10_i_fu_761_p2          |     -    |      0|  0|   16|           7|           9|
    |Lo_assign_i_fu_1067_p2            |     -    |      0|  0|   16|           7|           9|
    |op2_assign_1_i_fu_557_p2          |     -    |      0|  0|   15|           4|           6|
    |op2_assign_i_fu_999_p2            |     -    |      0|  0|   16|           4|           9|
    |p_op_fu_643_p2                    |     -    |      0|  0|   15|           6|           7|
    |tmp_307_i_i_i_i_fu_1525_p2        |     -    |      0|  0|   24|          17|          17|
    |tmp_324_i_i_i_i_fu_971_p2         |     -    |      0|  0|   15|           4|           5|
    |tmp_579_fu_621_p2                 |     -    |      0|  0|   15|           6|           7|
    |tmp_603_fu_1272_p2                |     -    |      0|  0|   15|           6|           7|
    |tmp_604_fu_1278_p2                |     -    |      0|  0|   15|           6|           7|
    |tmp_608_fu_1308_p2                |     -    |      0|  0|   15|           6|           7|
    |tmp_626_fu_1113_p2                |     -    |      0|  0|   15|           6|           7|
    |tmp_627_fu_1119_p2                |     -    |      0|  0|   15|           6|           7|
    |tmp_631_fu_1149_p2                |     -    |      0|  0|   15|           6|           7|
    |tmp_637_fu_1181_p2                |     -    |      0|  0|   15|           8|           7|
    |tmp_651_fu_807_p2                 |     -    |      0|  0|   15|           6|           7|
    |tmp_652_fu_813_p2                 |     -    |      0|  0|   15|           6|           7|
    |tmp_656_fu_843_p2                 |     -    |      0|  0|   15|           6|           7|
    |tmp_662_fu_875_p2                 |     -    |      0|  0|   15|           8|           7|
    |valueTemp_fu_751_p2               |     -    |      0|  0|   23|          16|          16|
    |ap_condition_1333                 |    and   |      0|  0|    2|           1|           1|
    |ap_condition_1351                 |    and   |      0|  0|    2|           1|           1|
    |ap_condition_1355                 |    and   |      0|  0|    2|           1|           1|
    |ap_condition_1358                 |    and   |      0|  0|    2|           1|           1|
    |ap_condition_1372                 |    and   |      0|  0|    2|           1|           1|
    |ap_condition_168                  |    and   |      0|  0|    2|           1|           1|
    |ap_condition_253                  |    and   |      0|  0|    2|           1|           1|
    |ap_condition_268                  |    and   |      0|  0|    2|           1|           1|
    |ap_condition_408                  |    and   |      0|  0|    2|           1|           1|
    |ap_condition_430                  |    and   |      0|  0|    2|           1|           1|
    |ap_condition_433                  |    and   |      0|  0|    2|           1|           1|
    |ap_condition_452                  |    and   |      0|  0|    2|           1|           1|
    |ap_condition_468                  |    and   |      0|  0|    2|           1|           1|
    |ap_condition_517                  |    and   |      0|  0|    2|           1|           1|
    |ap_predicate_op405_write_state2   |    and   |      0|  0|    2|           1|           1|
    |ap_predicate_op407_write_state2   |    and   |      0|  0|    2|           1|           1|
    |ap_predicate_op409_write_state2   |    and   |      0|  0|    2|           1|           1|
    |ap_predicate_op417_write_state2   |    and   |      0|  0|    2|           1|           1|
    |ap_predicate_op422_write_state2   |    and   |      0|  0|    2|           1|           1|
    |ap_predicate_op439_write_state2   |    and   |      0|  0|    2|           1|           1|
    |ap_predicate_op9_read_state1      |    and   |      0|  0|    2|           1|           1|
    |p_Result_61_fu_1175_p2            |    and   |      0|  0|   64|          64|          64|
    |p_Result_62_fu_1334_p2            |    and   |      0|  0|   64|          64|          64|
    |p_Result_64_fu_591_p2             |    and   |      0|  0|   64|          64|          64|
    |p_Result_66_fu_869_p2             |    and   |      0|  0|   64|          64|          64|
    |p_demorgan_fu_705_p2              |    and   |      0|  0|   64|          64|          64|
    |tmp_592_fu_717_p2                 |    and   |      0|  0|   64|          64|          64|
    |tmp_593_fu_723_p2                 |    and   |      0|  0|   64|          64|          64|
    |tmp_617_fu_1356_p2                |    and   |      0|  0|   64|          64|          64|
    |tmp_618_fu_1362_p2                |    and   |      0|  0|   64|          64|          64|
    |tmp_641_fu_1203_p2                |    and   |      0|  0|   64|          64|          64|
    |tmp_642_fu_1209_p2                |    and   |      0|  0|   64|          64|          64|
    |tmp_666_fu_897_p2                 |    and   |      0|  0|   64|          64|          64|
    |tmp_667_fu_903_p2                 |    and   |      0|  0|   64|          64|          64|
    |tmp_nbreadreq_fu_210_p6           |    and   |      0|  0|   64|           1|           0|
    |grp_fu_371_p2                     |   icmp   |      0|  0|   11|           8|           3|
    |grp_fu_376_p2                     |   icmp   |      0|  0|   11|           8|           1|
    |grp_fu_408_p2                     |   icmp   |      0|  0|   11|           5|           1|
    |icmp10_fu_1087_p2                 |   icmp   |      0|  0|   18|          26|           1|
    |icmp11_fu_781_p2                  |   icmp   |      0|  0|   18|          26|           1|
    |icmp6_fu_1401_p2                  |   icmp   |      0|  0|   11|           5|           1|
    |icmp7_fu_611_p2                   |   icmp   |      0|  0|   18|          26|           1|
    |icmp8_fu_1242_p2                  |   icmp   |      0|  0|   18|          26|           1|
    |icmp9_fu_1417_p2                  |   icmp   |      0|  0|    9|           4|           1|
    |tmp_304_i_i_i_i_fu_495_p2         |   icmp   |      0|  0|    9|           4|           1|
    |tmp_308_i_i_i_i_fu_505_p2         |   icmp   |      0|  0|    9|           4|           2|
    |tmp_309_i_i_i_i_fu_366_p2         |   icmp   |      0|  0|   11|           8|           1|
    |tmp_310_i_i_i_i_fu_511_p2         |   icmp   |      0|  0|    9|           4|           2|
    |tmp_313_i_i_i_i_fu_517_p2         |   icmp   |      0|  0|    9|           4|           3|
    |tmp_314_i_i_i_i_fu_1481_p2        |   icmp   |      0|  0|   11|           8|           4|
    |tmp_316_i_i_i_i_fu_1395_p2        |   icmp   |      0|  0|   11|           8|           4|
    |tmp_317_i_i_i_i_fu_527_p2         |   icmp   |      0|  0|    9|           4|           3|
    |tmp_321_i_i_i_i_fu_361_p2         |   icmp   |      0|  0|   11|           8|           1|
    |tmp_322_i_i_i_i_fu_533_p2         |   icmp   |      0|  0|    9|           4|           3|
    |tmp_329_i_i_i_i_fu_1013_p2        |   icmp   |      0|  0|   18|          18|          18|
    |tmp_332_i_i_i_i_fu_571_p2         |   icmp   |      0|  0|   18|          18|          18|
    |tmp_337_i_i_i_i_fu_1049_p2        |   icmp   |      0|  0|   18|          17|           1|
    |tmp_338_i_i_i_i_fu_737_p2         |   icmp   |      0|  0|   11|           8|           1|
    |tmp_342_i_i_i_i_fu_916_p2         |   icmp   |      0|  0|   13|          16|           4|
    |tmp_343_i_i_i_i_fu_922_p2         |   icmp   |      0|  0|   13|          16|          16|
    |tmp_345_i_i_i_i_fu_940_p2         |   icmp   |      0|  0|   18|          17|           4|
    |tmp_47_i_fu_483_p2                |   icmp   |      0|  0|   11|           8|           1|
    |tmp_i_fu_477_p2                   |   icmp   |      0|  0|   11|           8|           3|
    |tmp_i_i_i_i_fu_458_p2             |   icmp   |      0|  0|    9|           4|           1|
    |tmp_574_fu_585_p2                 |   lshr   |      0|  0|  182|           2|          64|
    |tmp_590_fu_699_p2                 |   lshr   |      0|  0|  182|           2|          64|
    |tmp_611_fu_1322_p2                |   lshr   |      0|  0|  182|          64|          64|
    |tmp_612_fu_1328_p2                |   lshr   |      0|  0|  182|           2|          64|
    |tmp_615_fu_1344_p2                |   lshr   |      0|  0|  182|           2|          64|
    |tmp_634_fu_1163_p2                |   lshr   |      0|  0|  182|          64|          64|
    |tmp_635_fu_1169_p2                |   lshr   |      0|  0|  182|           2|          64|
    |tmp_639_fu_1191_p2                |   lshr   |      0|  0|  182|           2|          64|
    |tmp_659_fu_857_p2                 |   lshr   |      0|  0|  182|          64|          64|
    |tmp_660_fu_863_p2                 |   lshr   |      0|  0|  182|           2|          64|
    |tmp_664_fu_885_p2                 |   lshr   |      0|  0|  182|           2|          64|
    |ap_block_state1_pp0_stage0_iter0  |    or    |      0|  0|    2|           1|           1|
    |ap_block_state2_pp0_stage0_iter1  |    or    |      0|  0|    2|           1|           1|
    |or_cond_i_i_i_i_fu_928_p2         |    or    |      0|  0|    2|           1|           1|
    |p_Result_49_fu_1215_p2            |    or    |      0|  0|   64|          64|          64|
    |p_Result_55_fu_909_p2             |    or    |      0|  0|   64|          64|          64|
    |p_Result_63_fu_1368_p2            |    or    |      0|  0|   64|          64|          64|
    |p_Result_65_fu_729_p2             |    or    |      0|  0|   64|          64|          64|
    |tmp_48_i_fu_489_p2                |    or    |      0|  0|    2|           1|           1|
    |tmp_559_fu_387_p2                 |    or    |      0|  0|    2|           1|           1|
    |tmp_571_fu_381_p2                 |    or    |      0|  0|    2|           1|           1|
    |grp_fu_414_p3                     |  select  |      0|  0|    3|           1|           3|
    |storemerge37_i_i_i_i_fu_1035_p3   |  select  |      0|  0|   17|           1|          17|
    |storemerge_cast_cast_fu_1437_p3   |  select  |      0|  0|    3|           1|           1|
    |tmp_499_i_i_i_i_fu_952_p3         |  select  |      0|  0|   17|           1|          17|
    |tmp_580_fu_627_p3                 |  select  |      0|  0|    7|           1|           6|
    |tmp_581_fu_635_p3                 |  select  |      0|  0|    7|           1|           7|
    |tmp_582_fu_649_p3                 |  select  |      0|  0|    7|           1|           7|
    |tmp_588_fu_685_p3                 |  select  |      0|  0|   64|           1|          64|
    |tmp_595_fu_1423_p3                |  select  |      0|  0|    3|           1|           3|
    |tmp_605_fu_1284_p3                |  select  |      0|  0|    7|           1|           7|
    |tmp_606_fu_1292_p3                |  select  |      0|  0|   64|           1|          64|
    |tmp_607_fu_1300_p3                |  select  |      0|  0|    7|           1|           7|
    |tmp_628_fu_1125_p3                |  select  |      0|  0|    7|           1|           7|
    |tmp_629_fu_1133_p3                |  select  |      0|  0|   64|           1|          64|
    |tmp_630_fu_1141_p3                |  select  |      0|  0|    7|           1|           7|
    |tmp_653_fu_819_p3                 |  select  |      0|  0|    7|           1|           7|
    |tmp_654_fu_827_p3                 |  select  |      0|  0|   64|           1|          64|
    |tmp_655_fu_835_p3                 |  select  |      0|  0|    7|           1|           7|
    |tmp_586_fu_669_p2                 |    shl   |      0|  0|  182|          64|          64|
    |tmp_589_fu_693_p2                 |    shl   |      0|  0|  182|           2|          64|
    |tmp_591_fu_711_p2                 |    xor   |      0|  0|   64|          64|           2|
    |tmp_616_fu_1350_p2                |    xor   |      0|  0|   64|          64|           2|
    |tmp_640_fu_1197_p2                |    xor   |      0|  0|   64|          64|           2|
    |tmp_665_fu_891_p2                 |    xor   |      0|  0|   64|          64|           2|
    +----------------------------------+----------+-------+---+-----+------------+------------+
    |Total                             |          |      0|  0| 5021|        2202|        2648|
    +----------------------------------+----------+-------+---+-----+------------+------------+

    * Multiplexer: 
    +-------------------------------------------------+----+-----------+-----+-----------+
    |                       Name                      | LUT| Input Size| Bits| Total Bits|
    +-------------------------------------------------+----+-----------+-----+-----------+
    |ap_NS_iter1_fsm                                  |  15|          3|    2|          6|
    |ap_done                                          |   9|          2|    1|          2|
    |ap_phi_mux_storemerge1_i_i_i_i_phi_fu_293_p4     |  15|          3|   17|         51|
    |ap_phi_mux_storemerge38_i_i_i_i_phi_fu_312_p4    |  15|          3|    2|          6|
    |ap_phi_mux_valueTempBuffer_V_fl_phi_fu_323_p8    |  15|          3|    1|          3|
    |ap_phi_mux_valueTempBuffer_V_ne_1_phi_fu_274_p4  |  15|          3|   64|        192|
    |ap_phi_mux_valueTempBuffer_V_ne_2_phi_fu_283_p4  |  15|          3|   64|        192|
    |ap_phi_mux_valueTempBuffer_V_ne_3_phi_fu_341_p8  |  15|          3|   64|        192|
    |ap_phi_mux_valueTempBuffer_V_ne_phi_fu_303_p4    |  15|          3|   64|        192|
    |bpf_valueLengthBuffe                             |  21|          4|   17|         68|
    |bpf_wordCounter                                  |  41|          8|    3|         24|
    |flushAck_V_blk_n                                 |   9|          2|    1|          2|
    |flushAck_V_out_blk_n                             |   9|          2|    1|          2|
    |inData_TDATA_blk_n                               |   9|          2|    1|          2|
    |keyBuffer_rp_V_V_blk_n                           |   9|          2|    1|          2|
    |keyLengthBuffer                                  |  15|          3|    8|         24|
    |metadataBuffer_rp_V_s_blk_n                      |   9|          2|    1|          2|
    |metadataTempBuffer_V                             |   9|          2|  248|        496|
    |real_start                                       |   9|          2|    1|          2|
    |valueBuffer_rp_V_V_blk_n                         |   9|          2|    1|          2|
    |valueBuffer_rp_V_V_din                           |  27|          5|   64|        320|
    |valueShift                                       |   9|          2|    5|         10|
    +-------------------------------------------------+----+-----------+-----+-----------+
    |Total                                            | 314|         64|  631|       1792|
    +-------------------------------------------------+----+-----------+-----+-----------+

    * Register: 
    +------------------------------+-----+----+-----+-----------+
    |             Name             |  FF | LUT| Bits| Const Bits|
    +------------------------------+-----+----+-----+-----------+
    |ap_CS_iter0_fsm               |    1|   0|    1|          0|
    |ap_CS_iter1_fsm               |    2|   0|    2|          0|
    |ap_done_reg                   |    1|   0|    1|          0|
    |bpf_keyLength_V               |    8|   0|    8|          0|
    |bpf_opCode_V                  |    8|   0|    8|          0|
    |bpf_opCode_V_load_reg_1725    |    8|   0|    8|          0|
    |bpf_valueLengthBuffe          |   17|   0|   17|          0|
    |bpf_wordCounter               |    3|   0|    4|          1|
    |keyLengthBuffer               |    8|   0|    8|          0|
    |lastValueWord                 |    1|   0|    1|          0|
    |lastValueWord_load_reg_1700   |    1|   0|    1|          0|
    |metadataTempBuffer_V          |  248|   0|  248|          0|
    |p_Result_63_reg_1783          |   64|   0|   64|          0|
    |p_Result_65_reg_1758          |   64|   0|   64|          0|
    |p_Result_66_i_i_i_s_reg_1822  |    8|   0|    8|          0|
    |p_Val2_38_reg_1704            |   64|   0|   64|          0|
    |protocol_V                    |    4|   0|    4|          0|
    |start_once_reg                |    1|   0|    1|          0|
    |tmp_304_i_i_i_i_reg_1730      |    1|   0|    1|          0|
    |tmp_307_i_i_i_i_reg_1812      |   17|   0|   17|          0|
    |tmp_308_i_i_i_i_reg_1734      |    1|   0|    1|          0|
    |tmp_310_i_i_i_i_reg_1738      |    1|   0|    1|          0|
    |tmp_313_i_i_i_i_reg_1742      |    1|   0|    1|          0|
    |tmp_317_i_i_i_i_reg_1746      |    1|   0|    1|          0|
    |tmp_321_i_i_i_i_reg_1771      |    1|   0|    1|          0|
    |tmp_322_i_i_i_i_reg_1750      |    1|   0|    1|          0|
    |tmp_337_i_i_i_i_reg_1779      |    1|   0|    1|          0|
    |tmp_553_reg_1817              |  108|   0|  108|          0|
    |tmp_data_V_reg_1713           |   64|   0|   64|          0|
    |tmp_i_i_i_i_reg_1721          |    1|   0|    1|          0|
    |tmp_reg_1709                  |    1|   0|    1|          0|
    |valueShift                    |    5|   0|    8|          3|
    |valueTempBuffer_V             |   64|   0|   64|          0|
    +------------------------------+-----+----+-----+-----------+
    |Total                         |  779|   0|  783|          4|
    +------------------------------+-----+----+-----+-----------+



================================================================
== Interface
================================================================
* Summary: 
+------------------------------+-----+-----+------------+-----------------------+--------------+
|           RTL Ports          | Dir | Bits|  Protocol  |     Source Object     |    C Type    |
+------------------------------+-----+-----+------------+-----------------------+--------------+
|ap_clk                        |  in |    1| ap_ctrl_hs |        bp_f1192       | return value |
|ap_rst                        |  in |    1| ap_ctrl_hs |        bp_f1192       | return value |
|ap_start                      |  in |    1| ap_ctrl_hs |        bp_f1192       | return value |
|start_full_n                  |  in |    1| ap_ctrl_hs |        bp_f1192       | return value |
|ap_done                       | out |    1| ap_ctrl_hs |        bp_f1192       | return value |
|ap_continue                   |  in |    1| ap_ctrl_hs |        bp_f1192       | return value |
|ap_idle                       | out |    1| ap_ctrl_hs |        bp_f1192       | return value |
|ap_ready                      | out |    1| ap_ctrl_hs |        bp_f1192       | return value |
|start_out                     | out |    1| ap_ctrl_hs |        bp_f1192       | return value |
|start_write                   | out |    1| ap_ctrl_hs |        bp_f1192       | return value |
|inData_TVALID                 |  in |    1|    axis    |    feInput_V_last_V   |    pointer   |
|inData_TREADY                 | out |    1|    axis    |    feInput_V_last_V   |    pointer   |
|inData_TLAST                  |  in |    1|    axis    |    feInput_V_last_V   |    pointer   |
|flushAck_V_dout               |  in |    1|   ap_fifo  |       flushAck_V      |    pointer   |
|flushAck_V_empty_n            |  in |    1|   ap_fifo  |       flushAck_V      |    pointer   |
|flushAck_V_read               | out |    1|   ap_fifo  |       flushAck_V      |    pointer   |
|flushAck_V_out_din            | out |    1|   ap_fifo  |     flushAck_V_out    |    pointer   |
|flushAck_V_out_full_n         |  in |    1|   ap_fifo  |     flushAck_V_out    |    pointer   |
|flushAck_V_out_write          | out |    1|   ap_fifo  |     flushAck_V_out    |    pointer   |
|valueBuffer_rp_V_V_din        | out |   64|   ap_fifo  |   valueBuffer_rp_V_V  |    pointer   |
|valueBuffer_rp_V_V_full_n     |  in |    1|   ap_fifo  |   valueBuffer_rp_V_V  |    pointer   |
|valueBuffer_rp_V_V_write      | out |    1|   ap_fifo  |   valueBuffer_rp_V_V  |    pointer   |
|keyBuffer_rp_V_V_din          | out |   64|   ap_fifo  |    keyBuffer_rp_V_V   |    pointer   |
|keyBuffer_rp_V_V_full_n       |  in |    1|   ap_fifo  |    keyBuffer_rp_V_V   |    pointer   |
|keyBuffer_rp_V_V_write        | out |    1|   ap_fifo  |    keyBuffer_rp_V_V   |    pointer   |
|metadataBuffer_rp_V_s_din     | out |  248|   ap_fifo  | metadataBuffer_rp_V_s |    pointer   |
|metadataBuffer_rp_V_s_full_n  |  in |    1|   ap_fifo  | metadataBuffer_rp_V_s |    pointer   |
|metadataBuffer_rp_V_s_write   | out |    1|   ap_fifo  | metadataBuffer_rp_V_s |    pointer   |
|inData_TDATA                  |  in |   64|    axis    |    feInput_V_data_V   |    pointer   |
|inData_TUSER                  |  in |  112|    axis    |    feInput_V_user_V   |    pointer   |
|inData_TKEEP                  |  in |    8|    axis    |    feInput_V_keep_V   |    pointer   |
+------------------------------+-----+-----+------------+-----------------------+--------------+

