

================================================================
== Vivado HLS Report for 'concurrencyControl'
================================================================
* Date:           Fri Nov  9 23:10:44 2018

* Version:        2018.2 (Build 2258646 on Thu Jun 14 20:25:20 MDT 2018)
* Project:        memcachedPipeline_prj
* Solution:       solution1
* Product family: virtex7
* Target device:  xc7vx690tffg1761-2


================================================================
== Performance Estimates
================================================================
+ Timing (ns): 
    * Summary: 
    +--------+-------+----------+------------+
    |  Clock | Target| Estimated| Uncertainty|
    +--------+-------+----------+------------+
    |ap_clk  |   6.66|     6.402|        0.83|
    +--------+-------+----------+------------+

+ Latency (clock cycles): 
    * Summary: 
    +-----+-----+-----+-----+----------+
    |  Latency  |  Interval | Pipeline |
    | min | max | min | max |   Type   |
    +-----+-----+-----+-----+----------+
    |    1|    1|    1|    1| function |
    +-----+-----+-----+-----+----------+

    + Detail: 
        * Instance: 
        N/A

        * Loop: 
        N/A



================================================================
== Utilization Estimates
================================================================
* Summary: 
+-----------------+---------+-------+--------+--------+
|       Name      | BRAM_18K| DSP48E|   FF   |   LUT  |
+-----------------+---------+-------+--------+--------+
|DSP              |        -|      -|       -|       -|
|Expression       |        -|      -|       0|     734|
|FIFO             |        -|      -|       -|       -|
|Instance         |        -|      -|       -|       -|
|Memory           |        -|      -|       -|       -|
|Multiplexer      |        -|      -|       -|     230|
|Register         |        -|      -|     494|       -|
+-----------------+---------+-------+--------+--------+
|Total            |        0|      0|     494|     964|
+-----------------+---------+-------+--------+--------+
|Available        |     2940|   3600|  866400|  433200|
+-----------------+---------+-------+--------+--------+
|Utilization (%)  |        0|      0|   ~0   |   ~0   |
+-----------------+---------+-------+--------+--------+

+ Detail: 
    * Instance: 
    N/A

    * DSP48: 
    N/A

    * Memory: 
    N/A

    * FIFO: 
    N/A

    * Expression: 
    +----------------------------------+----------+-------+---+----+------------+------------+
    |           Variable Name          | Operation| DSP48E| FF| LUT| Bitwidth P0| Bitwidth P1|
    +----------------------------------+----------+-------+---+----+------------+------------+
    |grp_fu_355_p2                     |     +    |      0|  0|  15|           8|           1|
    |grp_fu_374_p2                     |     +    |      0|  0|  15|           8|           2|
    |tmp_277_i_fu_890_p2               |     +    |      0|  0|  15|           8|           1|
    |tmp_278_i_fu_910_p2               |     +    |      0|  0|  15|           8|           1|
    |ap_condition_128                  |    and   |      0|  0|   2|           1|           1|
    |ap_condition_2234                 |    and   |      0|  0|   2|           1|           1|
    |ap_predicate_op234_read_state1    |    and   |      0|  0|   2|           1|           1|
    |demorgan25_old_fu_972_p2          |    and   |      0|  0|   2|           1|           1|
    |demorgan26_old_fu_996_p2          |    and   |      0|  0|   2|           1|           1|
    |demorgan27_old_fu_1020_p2         |    and   |      0|  0|   2|           1|           1|
    |demorgan28_old_fu_1044_p2         |    and   |      0|  0|   2|           1|           1|
    |demorgan29_old_fu_1068_p2         |    and   |      0|  0|   2|           1|           1|
    |demorgan30_old_fu_1092_p2         |    and   |      0|  0|   2|           1|           1|
    |demorgan31_old_fu_1116_p2         |    and   |      0|  0|   2|           1|           1|
    |demorgan_old_fu_948_p2            |    and   |      0|  0|   2|           1|           1|
    |or_cond10_i_fu_1268_p2            |    and   |      0|  0|   2|           1|           1|
    |or_cond11_i_fu_1062_p2            |    and   |      0|  0|   2|           1|           1|
    |or_cond12_i_fu_1280_p2            |    and   |      0|  0|   2|           1|           1|
    |or_cond13_i_fu_1086_p2            |    and   |      0|  0|   2|           1|           1|
    |or_cond14_i_fu_1292_p2            |    and   |      0|  0|   2|           1|           1|
    |or_cond15_i_fu_1110_p2            |    and   |      0|  0|   2|           1|           1|
    |or_cond16_i_fu_1304_p2            |    and   |      0|  0|   2|           1|           1|
    |or_cond2_i_fu_942_p2              |    and   |      0|  0|   2|           1|           1|
    |or_cond3_i_fu_966_p2              |    and   |      0|  0|   2|           1|           1|
    |or_cond4_i_fu_1232_p2             |    and   |      0|  0|   2|           1|           1|
    |or_cond5_i_fu_990_p2              |    and   |      0|  0|   2|           1|           1|
    |or_cond6_i_fu_1244_p2             |    and   |      0|  0|   2|           1|           1|
    |or_cond7_i_fu_1014_p2             |    and   |      0|  0|   2|           1|           1|
    |or_cond8_i_fu_1256_p2             |    and   |      0|  0|   2|           1|           1|
    |or_cond9_i_fu_1038_p2             |    and   |      0|  0|   2|           1|           1|
    |or_cond_i_fu_1220_p2              |    and   |      0|  0|   2|           1|           1|
    |sel_tmp16_fu_1310_p2              |    and   |      0|  0|   2|           1|           1|
    |sel_tmp17_fu_1316_p2              |    and   |      0|  0|   2|           1|           1|
    |sel_tmp18_fu_1322_p2              |    and   |      0|  0|   2|           1|           1|
    |sel_tmp19_fu_1328_p2              |    and   |      0|  0|   2|           1|           1|
    |sel_tmp20_fu_1334_p2              |    and   |      0|  0|   2|           1|           1|
    |sel_tmp21_fu_1340_p2              |    and   |      0|  0|   2|           1|           1|
    |sel_tmp22_fu_1346_p2              |    and   |      0|  0|   2|           1|           1|
    |sel_tmp23_fu_1352_p2              |    and   |      0|  0|   2|           1|           1|
    |sel_tmp24_fu_1358_p2              |    and   |      0|  0|   2|           1|           1|
    |sel_tmp25_fu_1364_p2              |    and   |      0|  0|   2|           1|           1|
    |sel_tmp26_fu_1370_p2              |    and   |      0|  0|   2|           1|           1|
    |sel_tmp27_fu_1376_p2              |    and   |      0|  0|   2|           1|           1|
    |sel_tmp28_fu_1382_p2              |    and   |      0|  0|   2|           1|           1|
    |sel_tmp29_fu_1388_p2              |    and   |      0|  0|   2|           1|           1|
    |sel_tmp30_fu_1394_p2              |    and   |      0|  0|   2|           1|           1|
    |sel_tmp31_fu_1400_p2              |    and   |      0|  0|   2|           1|           1|
    |sel_tmp32_fu_1406_p2              |    and   |      0|  0|   2|           1|           1|
    |sel_tmp33_fu_1412_p2              |    and   |      0|  0|   2|           1|           1|
    |sel_tmp34_fu_1418_p2              |    and   |      0|  0|   2|           1|           1|
    |sel_tmp35_fu_1424_p2              |    and   |      0|  0|   2|           1|           1|
    |sel_tmp36_fu_1430_p2              |    and   |      0|  0|   2|           1|           1|
    |sel_tmp37_fu_1436_p2              |    and   |      0|  0|   2|           1|           1|
    |sel_tmp38_fu_1442_p2              |    and   |      0|  0|   2|           1|           1|
    |sel_tmp39_fu_1448_p2              |    and   |      0|  0|   2|           1|           1|
    |grp_fu_350_p2                     |   icmp   |      0|  0|  11|           8|           3|
    |grp_fu_419_p2                     |   icmp   |      0|  0|  11|           8|           4|
    |grp_fu_424_p2                     |   icmp   |      0|  0|  11|           8|           4|
    |grp_fu_429_p2                     |   icmp   |      0|  0|  11|           8|           3|
    |grp_fu_434_p2                     |   icmp   |      0|  0|  11|           8|           1|
    |grp_fu_439_p2                     |   icmp   |      0|  0|  11|           8|           4|
    |grp_fu_444_p2                     |   icmp   |      0|  0|  11|           8|           3|
    |grp_fu_449_p2                     |   icmp   |      0|  0|  11|           8|           1|
    |grp_fu_454_p2                     |   icmp   |      0|  0|  11|           8|           4|
    |grp_fu_459_p2                     |   icmp   |      0|  0|  11|           8|           3|
    |grp_fu_464_p2                     |   icmp   |      0|  0|  11|           8|           1|
    |grp_fu_469_p2                     |   icmp   |      0|  0|  11|           8|           4|
    |grp_fu_474_p2                     |   icmp   |      0|  0|  11|           8|           3|
    |grp_fu_479_p2                     |   icmp   |      0|  0|  11|           8|           1|
    |grp_fu_484_p2                     |   icmp   |      0|  0|  11|           8|           4|
    |grp_fu_489_p2                     |   icmp   |      0|  0|  11|           8|           3|
    |grp_fu_494_p2                     |   icmp   |      0|  0|  11|           8|           1|
    |grp_fu_499_p2                     |   icmp   |      0|  0|  11|           8|           4|
    |grp_fu_504_p2                     |   icmp   |      0|  0|  11|           8|           3|
    |grp_fu_509_p2                     |   icmp   |      0|  0|  11|           8|           1|
    |grp_fu_514_p2                     |   icmp   |      0|  0|  11|           8|           4|
    |grp_fu_519_p2                     |   icmp   |      0|  0|  11|           8|           3|
    |grp_fu_524_p2                     |   icmp   |      0|  0|  11|           8|           1|
    |grp_fu_529_p2                     |   icmp   |      0|  0|  11|           8|           4|
    |grp_fu_534_p2                     |   icmp   |      0|  0|  11|           8|           3|
    |grp_fu_539_p2                     |   icmp   |      0|  0|  11|           8|           1|
    |icmp_fu_726_p2                    |   icmp   |      0|  0|  11|           5|           1|
    |tmp_276_i_fu_884_p2               |   icmp   |      0|  0|  11|           8|           3|
    |tmp_409_1_i_fu_960_p2             |   icmp   |      0|  0|  11|           6|           6|
    |tmp_409_2_i_fu_984_p2             |   icmp   |      0|  0|  11|           6|           6|
    |tmp_409_3_i_fu_1008_p2            |   icmp   |      0|  0|  11|           6|           6|
    |tmp_409_4_i_fu_1032_p2            |   icmp   |      0|  0|  11|           6|           6|
    |tmp_409_5_i_fu_1056_p2            |   icmp   |      0|  0|  11|           6|           6|
    |tmp_409_6_i_fu_1080_p2            |   icmp   |      0|  0|  11|           6|           6|
    |tmp_409_7_i_fu_1104_p2            |   icmp   |      0|  0|  11|           6|           6|
    |tmp_409_i_fu_936_p2               |   icmp   |      0|  0|  11|           6|           6|
    |tmp_413_1_i_fu_1226_p2            |   icmp   |      0|  0|  11|           6|           6|
    |tmp_413_2_i_fu_1238_p2            |   icmp   |      0|  0|  11|           6|           6|
    |tmp_413_3_i_fu_1250_p2            |   icmp   |      0|  0|  11|           6|           6|
    |tmp_413_4_i_fu_1262_p2            |   icmp   |      0|  0|  11|           6|           6|
    |tmp_413_5_i_fu_1274_p2            |   icmp   |      0|  0|  11|           6|           6|
    |tmp_413_6_i_fu_1286_p2            |   icmp   |      0|  0|  11|           6|           6|
    |tmp_413_7_i_fu_1298_p2            |   icmp   |      0|  0|  11|           6|           6|
    |tmp_413_i_fu_1214_p2              |   icmp   |      0|  0|  11|           6|           6|
    |ap_block_state1_pp0_stage0_iter0  |    or    |      0|  0|   2|           1|           1|
    |ap_block_state2_pp0_stage0_iter1  |    or    |      0|  0|   2|           1|           1|
    |sel_tmp40_fu_1592_p2              |    or    |      0|  0|   2|           1|           1|
    |tmp10_fu_1502_p2                  |    or    |      0|  0|   2|           1|           1|
    |tmp11_fu_1496_p2                  |    or    |      0|  0|   2|           1|           1|
    |tmp12_fu_1586_p2                  |    or    |      0|  0|   2|           1|           1|
    |tmp13_fu_1544_p2                  |    or    |      0|  0|   2|           1|           1|
    |tmp14_fu_1526_p2                  |    or    |      0|  0|   2|           1|           1|
    |tmp15_fu_1520_p2                  |    or    |      0|  0|   2|           1|           1|
    |tmp16_fu_1538_p2                  |    or    |      0|  0|   2|           1|           1|
    |tmp17_fu_1532_p2                  |    or    |      0|  0|   2|           1|           1|
    |tmp18_fu_1580_p2                  |    or    |      0|  0|   2|           1|           1|
    |tmp19_fu_1556_p2                  |    or    |      0|  0|   2|           1|           1|
    |tmp1_fu_1514_p2                   |    or    |      0|  0|   2|           1|           1|
    |tmp20_fu_1550_p2                  |    or    |      0|  0|   2|           1|           1|
    |tmp21_fu_1574_p2                  |    or    |      0|  0|   2|           1|           1|
    |tmp22_fu_1562_p2                  |    or    |      0|  0|   2|           1|           1|
    |tmp23_fu_1568_p2                  |    or    |      0|  0|   2|           1|           1|
    |tmp2_fu_1478_p2                   |    or    |      0|  0|   2|           1|           1|
    |tmp3_fu_1460_p2                   |    or    |      0|  0|   2|           1|           1|
    |tmp4_fu_1454_p2                   |    or    |      0|  0|   2|           1|           1|
    |tmp5_fu_1472_p2                   |    or    |      0|  0|   2|           1|           1|
    |tmp6_fu_1466_p2                   |    or    |      0|  0|   2|           1|           1|
    |tmp7_fu_1508_p2                   |    or    |      0|  0|   2|           1|           1|
    |tmp8_fu_1490_p2                   |    or    |      0|  0|   2|           1|           1|
    |tmp9_fu_1484_p2                   |    or    |      0|  0|   2|           1|           1|
    |tmp_525_fu_954_p2                 |    or    |      0|  0|   2|           1|           1|
    |tmp_528_fu_978_p2                 |    or    |      0|  0|   2|           1|           1|
    |tmp_531_fu_1002_p2                |    or    |      0|  0|   2|           1|           1|
    |tmp_534_fu_1026_p2                |    or    |      0|  0|   2|           1|           1|
    |tmp_537_fu_1050_p2                |    or    |      0|  0|   2|           1|           1|
    |tmp_540_fu_1074_p2                |    or    |      0|  0|   2|           1|           1|
    |tmp_543_fu_1098_p2                |    or    |      0|  0|   2|           1|           1|
    |tmp_546_fu_1122_p2                |    or    |      0|  0|   2|           1|           1|
    |grp_fu_360_p3                     |  select  |      0|  0|   8|           1|           1|
    |p_tmp_i_fu_896_p3                 |  select  |      0|  0|   8|           1|           1|
    |storemerge32_cast_i_s_fu_1598_p3  |  select  |      0|  0|   2|           1|           1|
    |storemerge_cast_i_ca_fu_922_p3    |  select  |      0|  0|   2|           1|           1|
    +----------------------------------+----------+-------+---+----+------------+------------+
    |Total                             |          |      0|  0| 734|         438|         265|
    +----------------------------------+----------+-------+---+----+------------+------------+

    * Multiplexer: 
    +-------------------------+----+-----------+-----+-----------+
    |           Name          | LUT| Input Size| Bits| Total Bits|
    +-------------------------+----+-----------+-----+-----------+
    |ap_NS_iter1_fsm          |  15|          3|    2|          6|
    |ap_done                  |   9|          2|    1|          2|
    |cc2memReadMd_V_blk_n     |   9|          2|    1|          2|
    |cc2memRead_V_blk_n       |   9|          2|    1|          2|
    |cc2memRead_V_din         |  15|          3|  130|        390|
    |ccInputWord_data_V       |   9|          2|  128|        256|
    |ccState                  |  38|          7|    3|         21|
    |dec2cc_V_V_blk_n         |   9|          2|    1|          2|
    |hash2cc_V_V_blk_n        |   9|          2|    1|          2|
    |hashFilter_filterEnt_16  |   9|          2|    6|         12|
    |hashFilter_filterEnt_17  |   9|          2|    6|         12|
    |hashFilter_filterEnt_18  |   9|          2|    6|         12|
    |hashFilter_filterEnt_19  |   9|          2|    6|         12|
    |hashFilter_filterEnt_20  |   9|          2|    6|         12|
    |hashFilter_filterEnt_21  |   9|          2|    6|         12|
    |hashFilter_filterEnt_22  |   9|          2|    6|         12|
    |hashFilter_filterEnt_23  |   9|          2|    6|         12|
    |hashFilter_level         |   9|          2|    8|         16|
    |in2ccMd_V_blk_n          |   9|          2|    1|          2|
    |in2cc_V_blk_n            |   9|          2|    1|          2|
    |real_start               |   9|          2|    1|          2|
    +-------------------------+----+-----------+-----+-----------+
    |Total                    | 230|         49|  327|        801|
    +-------------------------+----+-----------+-----+-----------+

    * Register: 
    +-------------------------+-----+----+-----+-----------+
    |           Name          |  FF | LUT| Bits| Const Bits|
    +-------------------------+-----+----+-----+-----------+
    |ap_CS_iter0_fsm          |    1|   0|    1|          0|
    |ap_CS_iter1_fsm          |    2|   0|    2|          0|
    |ap_done_reg              |    1|   0|    1|          0|
    |ccCompareElement_add     |    6|   0|    6|          0|
    |ccCompareElement_ope     |    8|   0|    8|          0|
    |ccInputWordMd_keyLen     |    8|   0|    8|          0|
    |ccInputWordMd_metada     |   32|   0|   32|          0|
    |ccInputWordMd_operat     |    8|   0|    8|          0|
    |ccInputWordMd_valueL     |   16|   0|   16|          0|
    |ccInputWord_EOP_V        |    1|   0|    1|          0|
    |ccInputWord_SOP_V        |    1|   0|    1|          0|
    |ccInputWord_data_V       |  128|   0|  128|          0|
    |ccState                  |    3|   0|    3|          0|
    |ccState_load_reg_1665    |    3|   0|    3|          0|
    |hashFilter_filterEnt     |    1|   0|    1|          0|
    |hashFilter_filterEnt_1   |    1|   0|    1|          0|
    |hashFilter_filterEnt_10  |    8|   0|    8|          0|
    |hashFilter_filterEnt_11  |    8|   0|    8|          0|
    |hashFilter_filterEnt_12  |    8|   0|    8|          0|
    |hashFilter_filterEnt_13  |    8|   0|    8|          0|
    |hashFilter_filterEnt_14  |    8|   0|    8|          0|
    |hashFilter_filterEnt_15  |    8|   0|    8|          0|
    |hashFilter_filterEnt_16  |    6|   0|    6|          0|
    |hashFilter_filterEnt_17  |    6|   0|    6|          0|
    |hashFilter_filterEnt_18  |    6|   0|    6|          0|
    |hashFilter_filterEnt_19  |    6|   0|    6|          0|
    |hashFilter_filterEnt_2   |    1|   0|    1|          0|
    |hashFilter_filterEnt_20  |    6|   0|    6|          0|
    |hashFilter_filterEnt_21  |    6|   0|    6|          0|
    |hashFilter_filterEnt_22  |    6|   0|    6|          0|
    |hashFilter_filterEnt_23  |    6|   0|    6|          0|
    |hashFilter_filterEnt_3   |    1|   0|    1|          0|
    |hashFilter_filterEnt_4   |    1|   0|    1|          0|
    |hashFilter_filterEnt_5   |    1|   0|    1|          0|
    |hashFilter_filterEnt_6   |    1|   0|    1|          0|
    |hashFilter_filterEnt_7   |    1|   0|    1|          0|
    |hashFilter_filterEnt_8   |    8|   0|    8|          0|
    |hashFilter_filterEnt_9   |    8|   0|    8|          0|
    |hashFilter_level         |    8|   0|    8|          0|
    |hashFilter_rdPtr         |    8|   0|    8|          0|
    |hashFilter_wrPtr         |    8|   0|    8|          0|
    |start_once_reg           |    1|   0|    1|          0|
    |tmp_4_reg_1690           |  130|   0|  130|          0|
    |tmp_EOP_V_14_reg_1669    |    1|   0|    1|          0|
    +-------------------------+-----+----+-----+-----------+
    |Total                    |  494|   0|  494|          0|
    +-------------------------+-----+----+-----+-----------+



================================================================
== Interface
================================================================
* Summary: 
+-----------------------+-----+-----+------------+--------------------+--------------+
|       RTL Ports       | Dir | Bits|  Protocol  |    Source Object   |    C Type    |
+-----------------------+-----+-----+------------+--------------------+--------------+
|ap_clk                 |  in |    1| ap_ctrl_hs | concurrencyControl | return value |
|ap_rst                 |  in |    1| ap_ctrl_hs | concurrencyControl | return value |
|ap_start               |  in |    1| ap_ctrl_hs | concurrencyControl | return value |
|start_full_n           |  in |    1| ap_ctrl_hs | concurrencyControl | return value |
|ap_done                | out |    1| ap_ctrl_hs | concurrencyControl | return value |
|ap_continue            |  in |    1| ap_ctrl_hs | concurrencyControl | return value |
|ap_idle                | out |    1| ap_ctrl_hs | concurrencyControl | return value |
|ap_ready               | out |    1| ap_ctrl_hs | concurrencyControl | return value |
|start_out              | out |    1| ap_ctrl_hs | concurrencyControl | return value |
|start_write            | out |    1| ap_ctrl_hs | concurrencyControl | return value |
|dec2cc_V_V_dout        |  in |    1|   ap_fifo  |     dec2cc_V_V     |    pointer   |
|dec2cc_V_V_empty_n     |  in |    1|   ap_fifo  |     dec2cc_V_V     |    pointer   |
|dec2cc_V_V_read        | out |    1|   ap_fifo  |     dec2cc_V_V     |    pointer   |
|in2cc_V_dout           |  in |  130|   ap_fifo  |       in2cc_V      |    pointer   |
|in2cc_V_empty_n        |  in |    1|   ap_fifo  |       in2cc_V      |    pointer   |
|in2cc_V_read           | out |    1|   ap_fifo  |       in2cc_V      |    pointer   |
|in2ccMd_V_dout         |  in |   64|   ap_fifo  |      in2ccMd_V     |    pointer   |
|in2ccMd_V_empty_n      |  in |    1|   ap_fifo  |      in2ccMd_V     |    pointer   |
|in2ccMd_V_read         | out |    1|   ap_fifo  |      in2ccMd_V     |    pointer   |
|hash2cc_V_V_dout       |  in |   32|   ap_fifo  |     hash2cc_V_V    |    pointer   |
|hash2cc_V_V_empty_n    |  in |    1|   ap_fifo  |     hash2cc_V_V    |    pointer   |
|hash2cc_V_V_read       | out |    1|   ap_fifo  |     hash2cc_V_V    |    pointer   |
|cc2memRead_V_din       | out |  130|   ap_fifo  |    cc2memRead_V    |    pointer   |
|cc2memRead_V_full_n    |  in |    1|   ap_fifo  |    cc2memRead_V    |    pointer   |
|cc2memRead_V_write     | out |    1|   ap_fifo  |    cc2memRead_V    |    pointer   |
|cc2memReadMd_V_din     | out |   64|   ap_fifo  |   cc2memReadMd_V   |    pointer   |
|cc2memReadMd_V_full_n  |  in |    1|   ap_fifo  |   cc2memReadMd_V   |    pointer   |
|cc2memReadMd_V_write   | out |    1|   ap_fifo  |   cc2memReadMd_V   |    pointer   |
+-----------------------+-----+-----+------------+--------------------+--------------+

