

================================================================
== Vivado HLS Report for 'flashRemux'
================================================================
* Date:           Fri Nov  9 23:11:45 2018

* Version:        2018.2 (Build 2258646 on Thu Jun 14 20:25:20 MDT 2018)
* Project:        memcachedPipeline_prj
* Solution:       solution1
* Product family: virtex7
* Target device:  xc7vx690tffg1761-2


================================================================
== Performance Estimates
================================================================
+ Timing (ns): 
    * Summary: 
    +--------+-------+----------+------------+
    |  Clock | Target| Estimated| Uncertainty|
    +--------+-------+----------+------------+
    |ap_clk  |   6.66|     7.515|        0.83|
    +--------+-------+----------+------------+

+ Latency (clock cycles): 
    * Summary: 
    +-----+-----+-----+-----+----------+
    |  Latency  |  Interval | Pipeline |
    | min | max | min | max |   Type   |
    +-----+-----+-----+-----+----------+
    |    1|    1|    1|    1| function |
    +-----+-----+-----+-----+----------+

    + Detail: 
        * Instance: 
        N/A

        * Loop: 
        N/A



================================================================
== Utilization Estimates
================================================================
* Summary: 
+-----------------+---------+-------+--------+--------+
|       Name      | BRAM_18K| DSP48E|   FF   |   LUT  |
+-----------------+---------+-------+--------+--------+
|DSP              |        -|      -|       -|       -|
|Expression       |        -|      -|       0|     439|
|FIFO             |        -|      -|       -|       -|
|Instance         |        -|      -|       -|       -|
|Memory           |        -|      -|       -|       -|
|Multiplexer      |        -|      -|       -|     611|
|Register         |        -|      -|    1004|       -|
+-----------------+---------+-------+--------+--------+
|Total            |        0|      0|    1004|    1050|
+-----------------+---------+-------+--------+--------+
|Available        |     2940|   3600|  866400|  433200|
+-----------------+---------+-------+--------+--------+
|Utilization (%)  |        0|      0|   ~0   |   ~0   |
+-----------------+---------+-------+--------+--------+

+ Detail: 
    * Instance: 
    N/A

    * DSP48: 
    N/A

    * Memory: 
    N/A

    * FIFO: 
    N/A

    * Expression: 
    +----------------------------------+----------+-------+---+----+------------+------------+
    |           Variable Name          | Operation| DSP48E| FF| LUT| Bitwidth P0| Bitwidth P1|
    +----------------------------------+----------+-------+---+----+------------+------------+
    |grp_fu_678_p2                     |     +    |      0|  0|  15|           8|           5|
    |grp_fu_708_p2                     |     +    |      0|  0|  23|          16|           5|
    |grp_fu_751_p2                     |     +    |      0|  0|  15|           8|           5|
    |tmp_209_i_fu_904_p2               |     +    |      0|  0|  15|           5|           8|
    |tmp_235_i_fu_1069_p2              |     +    |      0|  0|  23|           5|          16|
    |ap_condition_369                  |    and   |      0|  0|   2|           1|           1|
    |ap_condition_889                  |    and   |      0|  0|   2|           1|           1|
    |ap_predicate_op176_write_state2   |    and   |      0|  0|   2|           1|           1|
    |ap_predicate_op178_write_state2   |    and   |      0|  0|   2|           1|           1|
    |ap_predicate_op180_write_state2   |    and   |      0|  0|   2|           1|           1|
    |ap_predicate_op74_read_state1     |    and   |      0|  0|   2|           1|           1|
    |ap_predicate_op81_read_state1     |    and   |      0|  0|   2|           1|           1|
    |ap_predicate_op87_read_state1     |    and   |      0|  0|   2|           1|           1|
    |ap_predicate_op97_read_state1     |    and   |      0|  0|   2|           1|           1|
    |tmp_EOP_V_8_fu_843_p2             |    and   |      0|  0|   2|           1|           1|
    |tmp_EOP_V_9_fu_872_p2             |    and   |      0|  0|   2|           1|           1|
    |grp_fu_673_p2                     |   icmp   |      0|  0|  13|          16|           1|
    |grp_fu_702_p2                     |   icmp   |      0|  0|  13|          13|           1|
    |grp_fu_729_p2                     |   icmp   |      0|  0|  11|           8|           1|
    |grp_fu_745_p2                     |   icmp   |      0|  0|  11|           5|           1|
    |icmp9_fu_1063_p2                  |   icmp   |      0|  0|  13|          13|           1|
    |icmp_fu_824_p2                    |   icmp   |      0|  0|  11|           5|           1|
    |tmp_212_i_fu_991_p2               |   icmp   |      0|  0|  11|           8|           1|
    |tmp_215_i_fu_1037_p2              |   icmp   |      0|  0|  11|           8|           1|
    |tmp_227_i_fu_831_p2               |   icmp   |      0|  0|  13|          16|           1|
    |tmp_228_i_fu_837_p2               |   icmp   |      0|  0|  11|           8|           1|
    |tmp_232_i_fu_860_p2               |   icmp   |      0|  0|  13|          16|           1|
    |tmp_233_i_fu_866_p2               |   icmp   |      0|  0|  11|           8|           1|
    |tmp_457_fu_1007_p2                |   icmp   |      0|  0|  11|           8|           4|
    |tmp_458_fu_1013_p2                |   icmp   |      0|  0|  11|           8|           3|
    |tmp_460_fu_1025_p2                |   icmp   |      0|  0|  11|           8|           1|
    |tmp_EOP_V_7_fu_919_p2             |   icmp   |      0|  0|  11|           8|           1|
    |tmp_EOP_V_fu_887_p2               |   icmp   |      0|  0|  11|           8|           1|
    |tmp_s_fu_808_p2                   |   icmp   |      0|  0|  11|           8|           1|
    |ap_block_state1_pp0_stage0_iter0  |    or    |      0|  0|   2|           1|           1|
    |ap_block_state2_pp0_stage0_iter1  |    or    |      0|  0|   2|           1|           1|
    |ap_condition_105                  |    or    |      0|  0|   2|           1|           1|
    |ap_condition_114                  |    or    |      0|  0|   2|           1|           1|
    |ap_condition_168                  |    or    |      0|  0|   2|           1|           1|
    |ap_condition_54                   |    or    |      0|  0|   2|           1|           1|
    |ap_condition_596                  |    or    |      0|  0|   2|           1|           1|
    |ap_condition_615                  |    or    |      0|  0|   2|           1|           1|
    |ap_condition_624                  |    or    |      0|  0|   2|           1|           1|
    |ap_condition_641                  |    or    |      0|  0|   2|           1|           1|
    |ap_condition_677                  |    or    |      0|  0|   2|           1|           1|
    |ap_condition_71                   |    or    |      0|  0|   2|           1|           1|
    |ap_predicate_op138_read_state1    |    or    |      0|  0|   2|           1|           1|
    |ap_predicate_op144_read_state1    |    or    |      0|  0|   2|           1|           1|
    |ap_predicate_op169_write_state2   |    or    |      0|  0|   2|           1|           1|
    |ap_predicate_op174_write_state2   |    or    |      0|  0|   2|           1|           1|
    |ap_predicate_op184_write_state2   |    or    |      0|  0|   2|           1|           1|
    |ap_predicate_op186_write_state2   |    or    |      0|  0|   2|           1|           1|
    |ap_predicate_op188_write_state2   |    or    |      0|  0|   2|           1|           1|
    |ap_predicate_op47_read_state1     |    or    |      0|  0|   2|           1|           1|
    |tmp_459_fu_1019_p2                |    or    |      0|  0|   2|           1|           1|
    |tmp_461_fu_1031_p2                |    or    |      0|  0|   2|           1|           1|
    |grp_fu_683_p3                     |  select  |      0|  0|   8|           1|           8|
    |grp_fu_713_p3                     |  select  |      0|  0|  16|           1|          16|
    |grp_fu_757_p3                     |  select  |      0|  0|   8|           1|           8|
    |p_flashRmKeyLength_lo_fu_972_p3   |  select  |      0|  0|   8|           1|           8|
    |p_s_fu_963_p3                     |  select  |      0|  0|   2|           1|           2|
    |storemerge23_i_fu_910_p3          |  select  |      0|  0|   8|           1|           8|
    |storemerge24_cast_i_fu_931_p3     |  select  |      0|  0|   2|           1|           2|
    |storemerge30_i_fu_878_p3          |  select  |      0|  0|   4|           1|           1|
    |storemerge31_i_fu_1075_p3         |  select  |      0|  0|  16|           1|          16|
    |not_tmp_EOP_V_i_fu_925_p2         |    xor   |      0|  0|   2|           1|           2|
    +----------------------------------+----------+-------+---+----+------------+------------+
    |Total                             |          |      0|  0| 439|         257|         166|
    +----------------------------------+----------+-------+---+----+------------+------------+

    * Multiplexer: 
    +--------------------------------------------------+----+-----------+-----+-----------+
    |                       Name                       | LUT| Input Size| Bits| Total Bits|
    +--------------------------------------------------+----+-----------+-----+-----------+
    |ap_NS_iter1_fsm                                   |  15|          3|    2|          6|
    |ap_done                                           |   9|          2|    1|          2|
    |ap_phi_mux_flashRemuxState_flag_1_phi_fu_315_p42  |  33|          6|    1|          6|
    |ap_phi_mux_flashRemuxState_flag_phi_fu_258_p6     |  15|          3|    1|          3|
    |ap_phi_mux_flashRemuxState_new_s_phi_fu_382_p42   |  38|          7|    3|         21|
    |ap_phi_mux_flashRmKeyLength_fla_1_phi_fu_448_p42  |  38|          7|    1|          7|
    |ap_phi_mux_flashRmKeyLength_fla_phi_fu_294_p4     |  15|          3|    1|          3|
    |ap_phi_mux_flashRmKeyLength_loa_1_phi_fu_240_p4   |  15|          3|    8|         24|
    |ap_phi_mux_flashRmKeyLength_loa_2_phi_fu_210_p4   |  15|          3|    8|         24|
    |ap_phi_mux_flashRmKeyLength_loc_phi_fu_283_p6     |  15|          3|    8|         24|
    |ap_phi_mux_flashRmKeyLength_new_1_phi_fu_517_p42  |  44|          9|    8|         72|
    |ap_phi_mux_flashRmKeyLength_new_phi_fu_305_p4     |  15|          3|    8|         24|
    |ap_phi_mux_p_Val2_30_phi_fu_271_p6                |  15|          3|  124|        372|
    |ap_phi_mux_tmp_226_i_phi_fu_219_p4                |  15|          3|   16|         48|
    |ap_phi_mux_tmp_231_i_phi_fu_249_p4                |  15|          3|   16|         48|
    |ap_phi_mux_tmp_keyValid_V_4_phi_fu_198_p4         |  15|          3|    1|          3|
    |ap_phi_mux_tmp_keyValid_V_5_phi_fu_228_p4         |  15|          3|    1|          3|
    |ap_phi_reg_pp0_iter1_tmp_keyValid_V_reg_649       |  15|          3|    1|          3|
    |ap_phi_reg_pp0_iter1_tmp_key_V_10_reg_579         |  15|          3|   64|        192|
    |ap_phi_reg_pp0_iter1_tmp_key_V_1_reg_614          |  15|          3|   64|        192|
    |ap_phi_reg_pp0_iter1_tmp_key_V_2_reg_662          |  15|          3|   64|        192|
    |ap_phi_reg_pp0_iter1_tmp_valueValid_V_3_reg_625   |  15|          3|    1|          3|
    |ap_phi_reg_pp0_iter1_tmp_valueValid_V_reg_590     |  15|          3|    1|          3|
    |ap_phi_reg_pp0_iter1_tmp_value_V_5_reg_603        |  15|          3|   64|        192|
    |ap_phi_reg_pp0_iter1_tmp_value_V_6_reg_638        |  15|          3|   64|        192|
    |flashGetPath2remux_V_blk_n                        |   9|          2|    1|          2|
    |flashKeyBuffer_V_V_blk_n                          |   9|          2|    1|          2|
    |flashMetadataBuffer_s_0_blk_n                     |   9|          2|    1|          2|
    |flashRmMdBuffer_meta                              |  15|          3|  124|        372|
    |flashRmValueLength                                |   9|          2|   16|         32|
    |p_Val2_30_reg_268                                 |  15|          3|  124|        372|
    |tmp_keyValid_V_4_reg_195                          |  15|          3|    1|          3|
    |tmp_keyValid_V_5_reg_225                          |  15|          3|    1|          3|
    |valueStoreFlash2merg_1_blk_n                      |   9|          2|    1|          2|
    |valueStoreFlash2merg_1_din                        |  44|          9|  256|       2304|
    +--------------------------------------------------+----+-----------+-----+-----------+
    |Total                                             | 611|        122| 1057|       4753|
    +--------------------------------------------------+----+-----------+-----+-----------+

    * Register: 
    +-------------------------------------------------+-----+----+-----+-----------+
    |                       Name                      |  FF | LUT| Bits| Const Bits|
    +-------------------------------------------------+-----+----+-----+-----------+
    |ap_CS_iter0_fsm                                  |    1|   0|    1|          0|
    |ap_CS_iter1_fsm                                  |    2|   0|    2|          0|
    |ap_done_reg                                      |    1|   0|    1|          0|
    |ap_phi_reg_pp0_iter1_tmp_keyValid_V_reg_649      |    1|   0|    1|          0|
    |ap_phi_reg_pp0_iter1_tmp_key_V_10_reg_579        |   64|   0|   64|          0|
    |ap_phi_reg_pp0_iter1_tmp_key_V_1_reg_614         |   64|   0|   64|          0|
    |ap_phi_reg_pp0_iter1_tmp_key_V_2_reg_662         |   64|   0|   64|          0|
    |ap_phi_reg_pp0_iter1_tmp_valueValid_V_3_reg_625  |    1|   0|    1|          0|
    |ap_phi_reg_pp0_iter1_tmp_valueValid_V_reg_590    |    1|   0|    1|          0|
    |ap_phi_reg_pp0_iter1_tmp_value_V_5_reg_603       |   64|   0|   64|          0|
    |ap_phi_reg_pp0_iter1_tmp_value_V_6_reg_638       |   64|   0|   64|          0|
    |flashOutputWord_meta_1_reg_1245                  |  124|   0|  124|          0|
    |flashOutputWord_meta_reg_1268                    |  124|   0|  124|          0|
    |flashRemuxState                                  |    3|   0|    3|          0|
    |flashRemuxState_load_reg_1204                    |    3|   0|    3|          0|
    |flashRmKeyLength                                 |    8|   0|    8|          0|
    |flashRmMdBuffer_meta                             |  124|   0|  124|          0|
    |flashRmValueLength                               |   16|   0|   16|          0|
    |p_Val2_30_reg_268                                |  124|   0|  124|          0|
    |reg_767                                          |   64|   0|   64|          0|
    |reg_774                                          |   64|   0|   64|          0|
    |tmp_207_i_reg_1216                               |    1|   0|    1|          0|
    |tmp_211_i_reg_1237                               |    1|   0|    1|          0|
    |tmp_212_i_reg_1286                               |    1|   0|    1|          0|
    |tmp_215_i_reg_1294                               |    1|   0|    1|          0|
    |tmp_216_i_reg_1305                               |    1|   0|    1|          0|
    |tmp_32_reg_1264                                  |    1|   0|    1|          0|
    |tmp_33_reg_1229                                  |    1|   0|    1|          0|
    |tmp_34_reg_1255                                  |    1|   0|    1|          0|
    |tmp_35_reg_1212                                  |    1|   0|    1|          0|
    |tmp_36_reg_1274                                  |    1|   0|    1|          0|
    |tmp_37_reg_1233                                  |    1|   0|    1|          0|
    |tmp_38_reg_1220                                  |    1|   0|    1|          0|
    |tmp_39_reg_1309                                  |    1|   0|    1|          0|
    |tmp_40_reg_1298                                  |    1|   0|    1|          0|
    |tmp_41_reg_1241                                  |    1|   0|    1|          0|
    |tmp_461_reg_1290                                 |    1|   0|    1|          0|
    |tmp_EOP_V_7_reg_1278                             |    1|   0|    1|          0|
    |tmp_EOP_V_8_reg_1224                             |    1|   0|    1|          0|
    |tmp_EOP_V_9_reg_1250                             |    1|   0|    1|          0|
    |tmp_EOP_V_reg_1259                               |    1|   0|    1|          0|
    |tmp_keyValid_V_4_reg_195                         |    1|   0|    1|          0|
    |tmp_keyValid_V_5_reg_225                         |    1|   0|    1|          0|
    |tmp_s_reg_1208                                   |    1|   0|    1|          0|
    +-------------------------------------------------+-----+----+-----+-----------+
    |Total                                            | 1004|   0| 1004|          0|
    +-------------------------------------------------+-----+----+-----+-----------+



================================================================
== Interface
================================================================
* Summary: 
+---------------------------------+-----+-----+--------------+-------------------------+--------------+
|            RTL Ports            | Dir | Bits|   Protocol   |      Source Object      |    C Type    |
+---------------------------------+-----+-----+--------------+-------------------------+--------------+
|ap_clk                           |  in |    1| ap_ctrl_none |        flashRemux       | return value |
|ap_rst                           |  in |    1| ap_ctrl_none |        flashRemux       | return value |
|ap_start                         |  in |    1| ap_ctrl_none |        flashRemux       | return value |
|ap_done                          | out |    1| ap_ctrl_none |        flashRemux       | return value |
|ap_continue                      |  in |    1| ap_ctrl_none |        flashRemux       | return value |
|ap_idle                          | out |    1| ap_ctrl_none |        flashRemux       | return value |
|ap_ready                         | out |    1| ap_ctrl_none |        flashRemux       | return value |
|flashKeyBuffer_V_V_dout          |  in |   64|    ap_fifo   |    flashKeyBuffer_V_V   |    pointer   |
|flashKeyBuffer_V_V_empty_n       |  in |    1|    ap_fifo   |    flashKeyBuffer_V_V   |    pointer   |
|flashKeyBuffer_V_V_read          | out |    1|    ap_fifo   |    flashKeyBuffer_V_V   |    pointer   |
|flashGetPath2remux_V_dout        |  in |   64|    ap_fifo   |   flashGetPath2remux_V  |    pointer   |
|flashGetPath2remux_V_empty_n     |  in |    1|    ap_fifo   |   flashGetPath2remux_V  |    pointer   |
|flashGetPath2remux_V_read        | out |    1|    ap_fifo   |   flashGetPath2remux_V  |    pointer   |
|flashMetadataBuffer_s_0_dout     |  in |  128|    ap_fifo   | flashMetadataBuffer_s_0 |    pointer   |
|flashMetadataBuffer_s_0_empty_n  |  in |    1|    ap_fifo   | flashMetadataBuffer_s_0 |    pointer   |
|flashMetadataBuffer_s_0_read     | out |    1|    ap_fifo   | flashMetadataBuffer_s_0 |    pointer   |
|valueStoreFlash2merg_1_din       | out |  256|    ap_fifo   |  valueStoreFlash2merg_1 |    pointer   |
|valueStoreFlash2merg_1_full_n    |  in |    1|    ap_fifo   |  valueStoreFlash2merg_1 |    pointer   |
|valueStoreFlash2merg_1_write     | out |    1|    ap_fifo   |  valueStoreFlash2merg_1 |    pointer   |
+---------------------------------+-----+-----+--------------+-------------------------+--------------+

