

================================================================
== Vivado HLS Report for 'flashDemux'
================================================================
* Date:           Fri Nov  9 23:11:37 2018

* Version:        2018.2 (Build 2258646 on Thu Jun 14 20:25:20 MDT 2018)
* Project:        memcachedPipeline_prj
* Solution:       solution1
* Product family: virtex7
* Target device:  xc7vx690tffg1761-2


================================================================
== Performance Estimates
================================================================
+ Timing (ns): 
    * Summary: 
    +--------+-------+----------+------------+
    |  Clock | Target| Estimated| Uncertainty|
    +--------+-------+----------+------------+
    |ap_clk  |   6.66|     5.024|        0.83|
    +--------+-------+----------+------------+

+ Latency (clock cycles): 
    * Summary: 
    +-----+-----+-----+-----+----------+
    |  Latency  |  Interval | Pipeline |
    | min | max | min | max |   Type   |
    +-----+-----+-----+-----+----------+
    |    1|    1|    1|    1| function |
    +-----+-----+-----+-----+----------+

    + Detail: 
        * Instance: 
        N/A

        * Loop: 
        N/A



================================================================
== Utilization Estimates
================================================================
* Summary: 
+-----------------+---------+-------+--------+--------+
|       Name      | BRAM_18K| DSP48E|   FF   |   LUT  |
+-----------------+---------+-------+--------+--------+
|DSP              |        -|      -|       -|       -|
|Expression       |        -|      -|       0|     191|
|FIFO             |        -|      -|       -|       -|
|Instance         |        -|      -|       -|       -|
|Memory           |        -|      -|       -|       -|
|Multiplexer      |        -|      -|       -|     183|
|Register         |        -|      -|     602|       -|
+-----------------+---------+-------+--------+--------+
|Total            |        0|      0|     602|     374|
+-----------------+---------+-------+--------+--------+
|Available        |     2940|   3600|  866400|  433200|
+-----------------+---------+-------+--------+--------+
|Utilization (%)  |        0|      0|   ~0   |   ~0   |
+-----------------+---------+-------+--------+--------+

+ Detail: 
    * Instance: 
    N/A

    * DSP48: 
    N/A

    * Memory: 
    N/A

    * FIFO: 
    N/A

    * Expression: 
    +----------------------------------+----------+-------+---+----+------------+------------+
    |           Variable Name          | Operation| DSP48E| FF| LUT| Bitwidth P0| Bitwidth P1|
    +----------------------------------+----------+-------+---+----+------------+------------+
    |grp_fu_227_p2                     |     +    |      0|  0|  10|           1|           2|
    |tmp_249_i_fu_333_p2               |     +    |      0|  0|  23|          16|           5|
    |tmp_254_i_fu_421_p2               |     +    |      0|  0|  23|          16|           5|
    |ap_condition_226                  |    and   |      0|  0|   2|           1|           1|
    |ap_condition_306                  |    and   |      0|  0|   2|           1|           1|
    |ap_condition_396                  |    and   |      0|  0|   2|           1|           1|
    |ap_predicate_op101_write_state2   |    and   |      0|  0|   2|           1|           1|
    |ap_predicate_op108_write_state2   |    and   |      0|  0|   2|           1|           1|
    |ap_predicate_op113_write_state2   |    and   |      0|  0|   2|           1|           1|
    |ap_predicate_op118_write_state2   |    and   |      0|  0|   2|           1|           1|
    |ap_predicate_op121_write_state2   |    and   |      0|  0|   2|           1|           1|
    |ap_predicate_op28_read_state1     |    and   |      0|  0|   2|           1|           1|
    |ap_predicate_op41_read_state1     |    and   |      0|  0|   2|           1|           1|
    |ap_predicate_op88_write_state2    |    and   |      0|  0|   2|           1|           1|
    |ap_predicate_op90_write_state2    |    and   |      0|  0|   2|           1|           1|
    |ap_predicate_op94_write_state2    |    and   |      0|  0|   2|           1|           1|
    |ap_predicate_op99_write_state2    |    and   |      0|  0|   2|           1|           1|
    |tmp_248_i_fu_327_p2               |   icmp   |      0|  0|  13|          16|           4|
    |tmp_250_i_fu_403_p2               |   icmp   |      0|  0|  11|           8|           1|
    |tmp_251_i_fu_409_p2               |   icmp   |      0|  0|  11|           8|           1|
    |tmp_252_i_fu_457_p2               |   icmp   |      0|  0|  11|           8|           4|
    |tmp_486_fu_385_p2                 |   icmp   |      0|  0|  11|           8|           4|
    |tmp_487_fu_391_p2                 |   icmp   |      0|  0|  11|           8|           3|
    |tmp_EOP_V_1_fu_415_p2             |   icmp   |      0|  0|  13|          16|           4|
    |ap_block_state1_pp0_stage0_iter0  |    or    |      0|  0|   2|           1|           1|
    |ap_block_state2_pp0_stage0_iter1  |    or    |      0|  0|   2|           1|           1|
    |ap_predicate_op126_write_state2   |    or    |      0|  0|   2|           1|           1|
    |ap_predicate_op127_write_state2   |    or    |      0|  0|   2|           1|           1|
    |tmp_488_fu_397_p2                 |    or    |      0|  0|   2|           1|           1|
    |tmp_length_V_2_fu_427_p3          |  select  |      0|  0|  16|           1|          16|
    +----------------------------------+----------+-------+---+----+------------+------------+
    |Total                             |          |      0|  0| 191|         125|          68|
    +----------------------------------+----------+-------+---+----+------------+------------+

    * Multiplexer: 
    +-------------------------------------------+----+-----------+-----+-----------+
    |                    Name                   | LUT| Input Size| Bits| Total Bits|
    +-------------------------------------------+----+-----------+-----+-----------+
    |ap_NS_iter1_fsm                            |  15|          3|    2|          6|
    |ap_done                                    |   9|          2|    1|          2|
    |ap_phi_reg_pp0_iter1_tmp_EOP_V_11_reg_171  |  15|          3|    1|          3|
    |flashDemux2getPath_V_blk_n                 |   9|          2|    1|          2|
    |flashDemux2setPathMe_1_blk_n               |   9|          2|    1|          2|
    |flashDemux2setPathVa_1_blk_n               |   9|          2|    1|          2|
    |flashDemux2setPathVa_1_din                 |  15|          3|   66|        198|
    |flashDemuxState                            |  15|          3|    2|          6|
    |flashDemuxValueLengt                       |   9|          2|   16|         32|
    |flashKeyBuffer_V_V_blk_n                   |   9|          2|    1|          2|
    |flashMetadataBuffer_s_0_blk_n              |   9|          2|    1|          2|
    |flashMetadataBuffer_s_0_din                |  33|          6|  128|        768|
    |flashWordCounter_V                         |   9|          2|    2|          4|
    |real_start                                 |   9|          2|    1|          2|
    |splitter2valueStoreF_1_blk_n               |   9|          2|    1|          2|
    +-------------------------------------------+----+-----------+-----+-----------+
    |Total                                      | 183|         38|  225|       1033|
    +-------------------------------------------+----+-----------+-----+-----------+

    * Register: 
    +-------------------------------------------+-----+----+-----+-----------+
    |                    Name                   |  FF | LUT| Bits| Const Bits|
    +-------------------------------------------+-----+----+-----+-----------+
    |ap_CS_iter0_fsm                            |    1|   0|    1|          0|
    |ap_CS_iter1_fsm                            |    2|   0|    2|          0|
    |ap_done_reg                                |    1|   0|    1|          0|
    |ap_phi_reg_pp0_iter1_tmp_EOP_V_11_reg_171  |    1|   0|    1|          0|
    |flashDemuxState                            |    2|   0|    2|          0|
    |flashDemuxState_load_reg_532               |    2|   0|    2|          0|
    |flashDemuxValueLengt                       |   16|   0|   16|          0|
    |flashWordCounter_V                         |    2|   0|    2|          0|
    |metadataWrWord_SOP_V_reg_592               |    1|   0|    1|          0|
    |metadataWrWord_keyVa_1_reg_564             |    1|   0|    1|          0|
    |metadataWrWord_keyVa_2_reg_536             |    1|   0|    1|          0|
    |metadataWrWord_keyVa_reg_596               |    1|   0|    1|          0|
    |metadataWrWord_value_reg_540               |    1|   0|    1|          0|
    |p_Val2_s_reg_585                           |  124|   0|  124|          0|
    |reg_280                                    |   64|   0|   64|          0|
    |reg_284                                    |   64|   0|   64|          0|
    |reg_289                                    |    3|   0|    3|          0|
    |reg_293                                    |   32|   0|   32|          0|
    |reg_297                                    |   16|   0|   16|          0|
    |start_once_reg                             |    1|   0|    1|          0|
    |tmp_10_reg_552                             |  128|   0|  128|          0|
    |tmp_250_i_reg_608                          |    1|   0|    1|          0|
    |tmp_251_i_reg_612                          |    1|   0|    1|          0|
    |tmp_252_i_reg_621                          |    1|   0|    1|          0|
    |tmp_472_reg_560                            |    1|   0|    1|          0|
    |tmp_476_reg_548                            |    1|   0|    1|          0|
    |tmp_482_reg_572                            |    1|   0|    1|          0|
    |tmp_484_reg_600                            |    1|   0|    1|          0|
    |tmp_488_reg_604                            |    1|   0|    1|          0|
    |tmp_8_reg_576                              |  128|   0|  128|          0|
    |tmp_EOP_V_1_reg_616                        |    1|   0|    1|          0|
    |tmp_reg_581                                |    1|   0|    1|          0|
    +-------------------------------------------+-----+----+-----+-----------+
    |Total                                      |  602|   0|  602|          0|
    +-------------------------------------------+-----+----+-----+-----------+



================================================================
== Interface
================================================================
* Summary: 
+--------------------------------+-----+-----+--------------+-------------------------+--------------+
|            RTL Ports           | Dir | Bits|   Protocol   |      Source Object      |    C Type    |
+--------------------------------+-----+-----+--------------+-------------------------+--------------+
|ap_clk                          |  in |    1| ap_ctrl_none |        flashDemux       | return value |
|ap_rst                          |  in |    1| ap_ctrl_none |        flashDemux       | return value |
|ap_start                        |  in |    1| ap_ctrl_none |        flashDemux       | return value |
|start_full_n                    |  in |    1| ap_ctrl_none |        flashDemux       | return value |
|ap_done                         | out |    1| ap_ctrl_none |        flashDemux       | return value |
|ap_continue                     |  in |    1| ap_ctrl_none |        flashDemux       | return value |
|ap_idle                         | out |    1| ap_ctrl_none |        flashDemux       | return value |
|ap_ready                        | out |    1| ap_ctrl_none |        flashDemux       | return value |
|start_out                       | out |    1| ap_ctrl_none |        flashDemux       | return value |
|start_write                     | out |    1| ap_ctrl_none |        flashDemux       | return value |
|splitter2valueStoreF_1_dout     |  in |  256|    ap_fifo   |  splitter2valueStoreF_1 |    pointer   |
|splitter2valueStoreF_1_empty_n  |  in |    1|    ap_fifo   |  splitter2valueStoreF_1 |    pointer   |
|splitter2valueStoreF_1_read     | out |    1|    ap_fifo   |  splitter2valueStoreF_1 |    pointer   |
|flashMetadataBuffer_s_0_din     | out |  128|    ap_fifo   | flashMetadataBuffer_s_0 |    pointer   |
|flashMetadataBuffer_s_0_full_n  |  in |    1|    ap_fifo   | flashMetadataBuffer_s_0 |    pointer   |
|flashMetadataBuffer_s_0_write   | out |    1|    ap_fifo   | flashMetadataBuffer_s_0 |    pointer   |
|flashKeyBuffer_V_V_din          | out |   64|    ap_fifo   |    flashKeyBuffer_V_V   |    pointer   |
|flashKeyBuffer_V_V_full_n       |  in |    1|    ap_fifo   |    flashKeyBuffer_V_V   |    pointer   |
|flashKeyBuffer_V_V_write        | out |    1|    ap_fifo   |    flashKeyBuffer_V_V   |    pointer   |
|flashDemux2setPathVa_1_din      | out |   66|    ap_fifo   |  flashDemux2setPathVa_1 |    pointer   |
|flashDemux2setPathVa_1_full_n   |  in |    1|    ap_fifo   |  flashDemux2setPathVa_1 |    pointer   |
|flashDemux2setPathVa_1_write    | out |    1|    ap_fifo   |  flashDemux2setPathVa_1 |    pointer   |
|flashDemux2setPathMe_1_din      | out |   48|    ap_fifo   |  flashDemux2setPathMe_1 |    pointer   |
|flashDemux2setPathMe_1_full_n   |  in |    1|    ap_fifo   |  flashDemux2setPathMe_1 |    pointer   |
|flashDemux2setPathMe_1_write    | out |    1|    ap_fifo   |  flashDemux2setPathMe_1 |    pointer   |
|flashDemux2getPath_V_din        | out |   48|    ap_fifo   |   flashDemux2getPath_V  |    pointer   |
|flashDemux2getPath_V_full_n     |  in |    1|    ap_fifo   |   flashDemux2getPath_V  |    pointer   |
|flashDemux2getPath_V_write      | out |    1|    ap_fifo   |   flashDemux2getPath_V  |    pointer   |
+--------------------------------+-----+-----+--------------+-------------------------+--------------+

