

================================================================
== Vivado HLS Report for 'ht_inputLogic'
================================================================
* Date:           Tue Nov 13 22:51:43 2018

* Version:        2018.2 (Build 2258646 on Thu Jun 14 20:25:20 MDT 2018)
* Project:        memcachedPipeline_prj
* Solution:       solution1
* Product family: virtex7
* Target device:  xc7vx690tffg1761-2


================================================================
== Performance Estimates
================================================================
+ Timing (ns): 
    * Summary: 
    +--------+-------+----------+------------+
    |  Clock | Target| Estimated| Uncertainty|
    +--------+-------+----------+------------+
    |ap_clk  |   6.66|     5.603|        0.83|
    +--------+-------+----------+------------+

+ Latency (clock cycles): 
    * Summary: 
    +-----+-----+-----+-----+----------+
    |  Latency  |  Interval | Pipeline |
    | min | max | min | max |   Type   |
    +-----+-----+-----+-----+----------+
    |    2|    2|    1|    1| function |
    +-----+-----+-----+-----+----------+

    + Detail: 
        * Instance: 
        N/A

        * Loop: 
        N/A



================================================================
== Utilization Estimates
================================================================
* Summary: 
+-----------------+---------+-------+--------+--------+
|       Name      | BRAM_18K| DSP48E|   FF   |   LUT  |
+-----------------+---------+-------+--------+--------+
|DSP              |        -|      -|       -|       -|
|Expression       |        -|      -|       0|    5642|
|FIFO             |        -|      -|       -|       -|
|Instance         |        -|      -|       -|       -|
|Memory           |        -|      -|       -|       -|
|Multiplexer      |        -|      -|       -|     444|
|Register         |        -|      -|    1157|       -|
+-----------------+---------+-------+--------+--------+
|Total            |        0|      0|    1157|    6086|
+-----------------+---------+-------+--------+--------+
|Available        |     2940|   3600|  866400|  433200|
+-----------------+---------+-------+--------+--------+
|Utilization (%)  |        0|      0|   ~0   |       1|
+-----------------+---------+-------+--------+--------+

+ Detail: 
    * Instance: 
    N/A

    * DSP48: 
    N/A

    * Memory: 
    N/A

    * FIFO: 
    N/A

    * Expression: 
    +----------------------------------+----------+-------+---+-----+------------+------------+
    |           Variable Name          | Operation| DSP48E| FF| LUT | Bitwidth P0| Bitwidth P1|
    +----------------------------------+----------+-------+---+-----+------------+------------+
    |Hi_assign_fu_688_p2               |     +    |      0|  0|   15|           2|           7|
    |Hi_assign_s_fu_830_p2             |     +    |      0|  0|   16|           9|           9|
    |tmp_159_i_fu_720_p2               |     +    |      0|  0|   10|           1|           2|
    |tmp_166_i_fu_820_p2               |     +    |      0|  0|   15|           2|           7|
    |tmp_168_i_fu_788_p2               |     +    |      0|  0|   10|           2|           1|
    |tmp_169_i_fu_801_p2               |     +    |      0|  0|   15|           8|           5|
    |tmp_173_i_fu_671_p2               |     +    |      0|  0|   15|           8|           5|
    |grp_fu_522_p2                     |     -    |      0|  0|   15|           7|           8|
    |tmp_372_fu_858_p2                 |     -    |      0|  0|   15|           7|           8|
    |tmp_390_fu_776_p2                 |     -    |      0|  0|   15|           7|           8|
    |tmp_404_fu_902_p2                 |     -    |      0|  0|   15|           8|           7|
    |tmp_409_fu_698_p2                 |     -    |      0|  0|   15|           7|           8|
    |ap_condition_1009                 |    and   |      0|  0|    2|           1|           1|
    |ap_condition_1035                 |    and   |      0|  0|    2|           1|           1|
    |ap_condition_1040                 |    and   |      0|  0|    2|           1|           1|
    |ap_condition_1044                 |    and   |      0|  0|    2|           1|           1|
    |ap_condition_207                  |    and   |      0|  0|    2|           1|           1|
    |ap_condition_236                  |    and   |      0|  0|    2|           1|           1|
    |ap_condition_329                  |    and   |      0|  0|    2|           1|           1|
    |ap_condition_462                  |    and   |      0|  0|    2|           1|           1|
    |ap_condition_470                  |    and   |      0|  0|    2|           1|           1|
    |ap_condition_478                  |    and   |      0|  0|    2|           1|           1|
    |ap_condition_511                  |    and   |      0|  0|    2|           1|           1|
    |ap_condition_525                  |    and   |      0|  0|    2|           1|           1|
    |ap_condition_543                  |    and   |      0|  0|    2|           1|           1|
    |ap_condition_589                  |    and   |      0|  0|    2|           1|           1|
    |ap_condition_88                   |    and   |      0|  0|    2|           1|           1|
    |ap_predicate_op125_write_state3   |    and   |      0|  0|    2|           1|           1|
    |ap_predicate_op142_write_state3   |    and   |      0|  0|    2|           1|           1|
    |ap_predicate_op148_write_state3   |    and   |      0|  0|    2|           1|           1|
    |ap_predicate_op152_write_state3   |    and   |      0|  0|    2|           1|           1|
    |ap_predicate_op153_write_state3   |    and   |      0|  0|    2|           1|           1|
    |ap_predicate_op172_write_state3   |    and   |      0|  0|    2|           1|           1|
    |ap_predicate_op192_write_state3   |    and   |      0|  0|    2|           1|           1|
    |ap_predicate_op31_read_state1     |    and   |      0|  0|    2|           1|           1|
    |ap_predicate_op46_write_state2    |    and   |      0|  0|    2|           1|           1|
    |ap_predicate_op55_write_state2    |    and   |      0|  0|    2|           1|           1|
    |ap_predicate_op61_write_state2    |    and   |      0|  0|    2|           1|           1|
    |ap_predicate_op8_read_state1      |    and   |      0|  0|    2|           1|           1|
    |p_Result_32_fu_917_p2             |    and   |      0|  0|   64|          64|          64|
    |p_demorgan2_fu_1169_p2            |    and   |      0|  0|  128|         128|         128|
    |p_demorgan_fu_1062_p2             |    and   |      0|  0|  128|         128|         128|
    |tmp_382_fu_1181_p2                |    and   |      0|  0|  128|         128|         128|
    |tmp_383_fu_1187_p2                |    and   |      0|  0|  128|         128|         128|
    |tmp_400_fu_1074_p2                |    and   |      0|  0|  128|         128|         128|
    |tmp_401_fu_1080_p2                |    and   |      0|  0|  128|         128|         128|
    |tmp_413_fu_942_p2                 |    and   |      0|  0|  128|         128|         128|
    |tmp_414_fu_948_p2                 |    and   |      0|  0|  128|         128|         128|
    |tmp_160_i_fu_727_p2               |   icmp   |      0|  0|   11|           8|           1|
    |tmp_161_i_fu_733_p2               |   icmp   |      0|  0|   11|           8|           4|
    |tmp_163_i_fu_595_p2               |   icmp   |      0|  0|   11|           8|           1|
    |tmp_167_i_fu_782_p2               |   icmp   |      0|  0|    8|           2|           1|
    |tmp_170_i_fu_601_p2               |   icmp   |      0|  0|   11|           8|           4|
    |tmp_366_fu_840_p2                 |   icmp   |      0|  0|   18|          32|          32|
    |tmp_385_fu_762_p2                 |   icmp   |      0|  0|   11|           8|           8|
    |tmp_i_fu_577_p2                   |   icmp   |      0|  0|   11|           8|           4|
    |tmp_380_fu_1163_p2                |   lshr   |      0|  0|  423|           2|         128|
    |tmp_398_fu_1056_p2                |   lshr   |      0|  0|  423|           2|         128|
    |tmp_406_fu_911_p2                 |   lshr   |      0|  0|  182|           2|          64|
    |tmp_411_fu_930_p2                 |   lshr   |      0|  0|  423|           2|         128|
    |Hi_assign_1_fu_756_p2             |    or    |      0|  0|    8|           6|           8|
    |ap_block_state1_pp0_stage0_iter0  |    or    |      0|  0|    2|           1|           1|
    |ap_block_state2_pp0_stage0_iter1  |    or    |      0|  0|    2|           1|           1|
    |ap_block_state3_pp0_stage0_iter2  |    or    |      0|  0|    2|           1|           1|
    |p_Result_33_fu_954_p2             |    or    |      0|  0|  128|         128|         128|
    |p_Result_36_fu_1193_p2            |    or    |      0|  0|  128|         128|         128|
    |p_Result_37_fu_1086_p2            |    or    |      0|  0|  128|         128|         128|
    |tmp_369_fu_850_p3                 |  select  |      0|  0|    8|           1|           8|
    |tmp_370_fu_1112_p3                |  select  |      0|  0|    8|           1|           8|
    |tmp_371_fu_1117_p3                |  select  |      0|  0|    8|           1|           8|
    |tmp_378_fu_1150_p3                |  select  |      0|  0|  128|           1|         128|
    |tmp_387_fu_768_p3                 |  select  |      0|  0|    8|           1|           8|
    |tmp_388_fu_1005_p3                |  select  |      0|  0|    8|           1|           8|
    |tmp_389_fu_1010_p3                |  select  |      0|  0|    8|           1|           8|
    |tmp_396_fu_1043_p3                |  select  |      0|  0|  128|           1|         128|
    |tmp_V_43_fu_587_p3                |  select  |      0|  0|    8|           1|           1|
    |tmp_376_fu_1134_p2                |    shl   |      0|  0|  423|         128|         128|
    |tmp_379_fu_1157_p2                |    shl   |      0|  0|  423|           2|         128|
    |tmp_394_fu_1027_p2                |    shl   |      0|  0|  423|         128|         128|
    |tmp_397_fu_1050_p2                |    shl   |      0|  0|  423|           2|         128|
    |tmp_381_fu_1175_p2                |    xor   |      0|  0|  128|         128|           2|
    |tmp_399_fu_1068_p2                |    xor   |      0|  0|  128|         128|           2|
    |tmp_412_fu_936_p2                 |    xor   |      0|  0|  128|         128|           2|
    +----------------------------------+----------+-------+---+-----+------------+------------+
    |Total                             |          |      0|  0| 5642|        2319|        2911|
    +----------------------------------+----------+-------+---+-----+------------+------------+

    * Multiplexer: 
    +-----------------------------------------------------+----+-----------+-----+-----------+
    |                         Name                        | LUT| Input Size| Bits| Total Bits|
    +-----------------------------------------------------+----+-----------+-----+-----------+
    |ap_NS_iter1_fsm                                      |  15|          3|    2|          6|
    |ap_NS_iter2_fsm                                      |  15|          3|    2|          6|
    |ap_done                                              |   9|          2|    1|          2|
    |ap_phi_mux_keyLength_V_flag_4_i_phi_fu_386_p6        |  15|          3|    1|          3|
    |ap_phi_mux_keyLength_V_flag_6_i_phi_fu_450_p8        |  15|          3|    1|          3|
    |ap_phi_mux_keyLength_V_new_1_i_phi_fu_344_p4         |   9|          2|    8|         16|
    |ap_phi_mux_keyLength_V_new_4_i_phi_fu_400_p6         |  15|          3|    8|         24|
    |ap_phi_mux_keyLength_V_new_6_i_phi_fu_469_p8         |  15|          3|    8|         24|
    |ap_phi_mux_keyLength_V_new_i_phi_fu_319_p6           |   9|          2|    8|         16|
    |ap_phi_mux_storemerge_i_phi_fu_376_p4                |  15|          3|    2|          6|
    |ap_phi_mux_wordCounter_V_1_flag_1_phi_fu_414_p8      |  15|          3|    1|          3|
    |ap_phi_mux_wordCounter_V_1_flag_phi_fu_355_p4        |  15|          3|    1|          3|
    |ap_phi_mux_wordCounter_V_1_new_1_phi_fu_433_p8       |  15|          3|    2|          6|
    |ap_phi_mux_wordCounter_V_1_new_2_phi_fu_332_p4       |   9|          2|    1|          2|
    |ap_phi_mux_wordCounter_V_1_new_s_phi_fu_366_p4       |   9|          2|    2|          4|
    |ap_phi_reg_pp0_iter1_bufferWordMd_keyLeng_1_reg_483  |   9|          2|    8|         16|
    |ap_phi_reg_pp0_iter1_keyLength_V_flag_6_i_reg_446    |   9|          2|    1|          2|
    |ap_phi_reg_pp0_iter1_keyLength_V_new_i_reg_315       |  15|          3|    8|         24|
    |ap_phi_reg_pp0_iter1_wordCounter_V_1_flag_1_reg_410  |   9|          2|    1|          2|
    |ap_phi_reg_pp0_iter1_wordCounter_V_1_new_2_reg_328   |   9|          2|    1|          2|
    |ap_phi_reg_pp0_iter2_bufferWordMd_keyLeng_1_reg_483  |   9|          2|    8|         16|
    |bufferWord_data_V                                    |  21|          4|  128|        512|
    |hashKeyBuffer_V_V_blk_n                              |   9|          2|    1|          2|
    |hashMdBuffer_V_V_blk_n                               |   9|          2|    1|          2|
    |hashMdBuffer_V_V_din                                 |  15|          3|  128|        384|
    |hashValueBuffer_V_V_blk_n                            |   9|          2|    1|          2|
    |in2ccMd_V_blk_n                                      |   9|          2|    1|          2|
    |in2ccMd_V_din                                        |  15|          3|   64|        192|
    |in2cc_V_blk_n                                        |   9|          2|    1|          2|
    |in2cc_V_din                                          |  21|          4|  130|        520|
    |in2hashKeyLength_V_V_blk_n                           |   9|          2|    1|          2|
    |in2hash_V_blk_n                                      |   9|          2|    1|          2|
    |in2hash_V_din                                        |  21|          4|  130|        520|
    |keyWordCounter_V                                     |  15|          3|    2|          6|
    |real_start                                           |   9|          2|    1|          2|
    |requestParser2hashTa_1_blk_n                         |   9|          2|    1|          2|
    +-----------------------------------------------------+----+-----------+-----+-----------+
    |Total                                                | 444|         92|  666|       2338|
    +-----------------------------------------------------+----+-----------+-----+-----------+

    * Register: 
    +-----------------------------------------------------+-----+----+-----+-----------+
    |                         Name                        |  FF | LUT| Bits| Const Bits|
    +-----------------------------------------------------+-----+----+-----+-----------+
    |Hi_assign_1_reg_1344                                 |    2|   0|    8|          6|
    |Lo_assign_reg_1336                                   |    2|   0|    8|          6|
    |ap_CS_iter0_fsm                                      |    1|   0|    1|          0|
    |ap_CS_iter1_fsm                                      |    2|   0|    2|          0|
    |ap_CS_iter2_fsm                                      |    2|   0|    2|          0|
    |ap_done_reg                                          |    1|   0|    1|          0|
    |ap_phi_reg_pp0_iter1_bufferWordMd_keyLeng_1_reg_483  |    8|   0|    8|          0|
    |ap_phi_reg_pp0_iter1_keyLength_V_flag_6_i_reg_446    |    1|   0|    1|          0|
    |ap_phi_reg_pp0_iter1_keyLength_V_new_i_reg_315       |    8|   0|    8|          0|
    |ap_phi_reg_pp0_iter1_wordCounter_V_1_flag_1_reg_410  |    1|   0|    1|          0|
    |ap_phi_reg_pp0_iter1_wordCounter_V_1_new_2_reg_328   |    1|   0|    1|          0|
    |ap_phi_reg_pp0_iter2_bufferWordMd_keyLeng_1_reg_483  |    8|   0|    8|          0|
    |bufferWordMd_keyLeng                                 |    8|   0|    8|          0|
    |bufferWordMd_operati                                 |    8|   0|    8|          0|
    |bufferWordMd_valueLe                                 |   16|   0|   16|          0|
    |bufferWord_data_V                                    |  128|   0|  128|          0|
    |iState                                               |    1|   0|    1|          0|
    |iState_load_reg_1236                                 |    1|   0|    1|          0|
    |iState_load_reg_1236_pp0_iter1_reg                   |    1|   0|    1|          0|
    |keyLength_V                                          |    8|   0|    8|          0|
    |keyWordCounter_V                                     |    2|   0|    2|          0|
    |p_Result_35_reg_1323                                 |  128|   0|  128|          0|
    |p_Val2_s_reg_1244                                    |  124|   0|  124|          0|
    |p_Val2_s_reg_1244_pp0_iter1_reg                      |  124|   0|  124|          0|
    |reg_527                                              |   64|   0|   64|          0|
    |reg_532                                              |   64|   0|   64|          0|
    |reg_532_pp0_iter1_reg                                |   64|   0|   64|          0|
    |reg_537                                              |    2|   0|    8|          6|
    |start_once_reg                                       |    1|   0|    1|          0|
    |tmp_160_i_reg_1328                                   |    1|   0|    1|          0|
    |tmp_161_i_reg_1332                                   |    1|   0|    1|          0|
    |tmp_163_i_reg_1283                                   |    1|   0|    1|          0|
    |tmp_163_i_reg_1283_pp0_iter1_reg                     |    1|   0|    1|          0|
    |tmp_167_i_reg_1361                                   |    1|   0|    1|          0|
    |tmp_170_i_reg_1287                                   |    1|   0|    1|          0|
    |tmp_170_i_reg_1287_pp0_iter1_reg                     |    1|   0|    1|          0|
    |tmp_172_i_reg_1309                                   |    4|   0|    7|          3|
    |tmp_357_reg_1301                                     |    1|   0|    1|          0|
    |tmp_360_reg_1249                                     |    1|   0|    1|          0|
    |tmp_360_reg_1249_pp0_iter1_reg                       |    1|   0|    1|          0|
    |tmp_361_reg_1253                                     |    1|   0|    1|          0|
    |tmp_362_reg_1319                                     |    1|   0|    1|          0|
    |tmp_366_reg_1365                                     |    1|   0|    1|          0|
    |tmp_367_reg_1372                                     |    5|   0|    8|          3|
    |tmp_372_reg_1377                                     |    8|   0|    8|          0|
    |tmp_385_reg_1349                                     |    1|   0|    1|          0|
    |tmp_390_reg_1356                                     |    8|   0|    8|          0|
    |tmp_409_reg_1314                                     |    5|   0|    8|          3|
    |tmp_47_i_reg_1291                                    |    3|   0|    3|          0|
    |tmp_47_i_reg_1291_pp0_iter1_reg                      |    3|   0|    3|          0|
    |tmp_4_reg_1296                                       |  256|   0|  256|          0|
    |tmp_V_43_reg_1273                                    |    8|   0|    8|          0|
    |tmp_V_43_reg_1273_pp0_iter1_reg                      |    8|   0|    8|          0|
    |tmp_i_reg_1269                                       |    1|   0|    1|          0|
    |tmp_i_reg_1269_pp0_iter1_reg                         |    1|   0|    1|          0|
    |tmp_operation_V_1_reg_1257                           |    8|   0|    8|          0|
    |tmp_operation_V_1_reg_1257_pp0_iter1_reg             |    8|   0|    8|          0|
    |tmp_reg_1240                                         |    1|   0|    1|          0|
    |tmp_reg_1240_pp0_iter1_reg                           |    1|   0|    1|          0|
    |tmp_valueLength_V_1_reg_1263                         |   16|   0|   16|          0|
    |tmp_valueLength_V_1_reg_1263_pp0_iter1_reg           |   16|   0|   16|          0|
    |wordCounter_V_1                                      |    2|   0|    2|          0|
    +-----------------------------------------------------+-----+----+-----+-----------+
    |Total                                                | 1157|   0| 1184|         27|
    +-----------------------------------------------------+-----+----+-----+-----------+



================================================================
== Interface
================================================================
* Summary: 
+--------------------------------+-----+-----+--------------+------------------------+--------------+
|            RTL Ports           | Dir | Bits|   Protocol   |      Source Object     |    C Type    |
+--------------------------------+-----+-----+--------------+------------------------+--------------+
|ap_clk                          |  in |    1| ap_ctrl_none |      ht_inputLogic     | return value |
|ap_rst                          |  in |    1| ap_ctrl_none |      ht_inputLogic     | return value |
|ap_start                        |  in |    1| ap_ctrl_none |      ht_inputLogic     | return value |
|start_full_n                    |  in |    1| ap_ctrl_none |      ht_inputLogic     | return value |
|ap_done                         | out |    1| ap_ctrl_none |      ht_inputLogic     | return value |
|ap_continue                     |  in |    1| ap_ctrl_none |      ht_inputLogic     | return value |
|ap_idle                         | out |    1| ap_ctrl_none |      ht_inputLogic     | return value |
|ap_ready                        | out |    1| ap_ctrl_none |      ht_inputLogic     | return value |
|start_out                       | out |    1| ap_ctrl_none |      ht_inputLogic     | return value |
|start_write                     | out |    1| ap_ctrl_none |      ht_inputLogic     | return value |
|requestParser2hashTa_1_dout     |  in |  256|    ap_fifo   | requestParser2hashTa_1 |    pointer   |
|requestParser2hashTa_1_empty_n  |  in |    1|    ap_fifo   | requestParser2hashTa_1 |    pointer   |
|requestParser2hashTa_1_read     | out |    1|    ap_fifo   | requestParser2hashTa_1 |    pointer   |
|in2hashKeyLength_V_V_din        | out |    8|    ap_fifo   |  in2hashKeyLength_V_V  |    pointer   |
|in2hashKeyLength_V_V_full_n     |  in |    1|    ap_fifo   |  in2hashKeyLength_V_V  |    pointer   |
|in2hashKeyLength_V_V_write      | out |    1|    ap_fifo   |  in2hashKeyLength_V_V  |    pointer   |
|hashValueBuffer_V_V_din         | out |   64|    ap_fifo   |   hashValueBuffer_V_V  |    pointer   |
|hashValueBuffer_V_V_full_n      |  in |    1|    ap_fifo   |   hashValueBuffer_V_V  |    pointer   |
|hashValueBuffer_V_V_write       | out |    1|    ap_fifo   |   hashValueBuffer_V_V  |    pointer   |
|hashKeyBuffer_V_V_din           | out |   64|    ap_fifo   |    hashKeyBuffer_V_V   |    pointer   |
|hashKeyBuffer_V_V_full_n        |  in |    1|    ap_fifo   |    hashKeyBuffer_V_V   |    pointer   |
|hashKeyBuffer_V_V_write         | out |    1|    ap_fifo   |    hashKeyBuffer_V_V   |    pointer   |
|in2cc_V_din                     | out |  130|    ap_fifo   |         in2cc_V        |    pointer   |
|in2cc_V_full_n                  |  in |    1|    ap_fifo   |         in2cc_V        |    pointer   |
|in2cc_V_write                   | out |    1|    ap_fifo   |         in2cc_V        |    pointer   |
|in2ccMd_V_din                   | out |   64|    ap_fifo   |        in2ccMd_V       |    pointer   |
|in2ccMd_V_full_n                |  in |    1|    ap_fifo   |        in2ccMd_V       |    pointer   |
|in2ccMd_V_write                 | out |    1|    ap_fifo   |        in2ccMd_V       |    pointer   |
|in2hash_V_din                   | out |  130|    ap_fifo   |        in2hash_V       |    pointer   |
|in2hash_V_full_n                |  in |    1|    ap_fifo   |        in2hash_V       |    pointer   |
|in2hash_V_write                 | out |    1|    ap_fifo   |        in2hash_V       |    pointer   |
|hashMdBuffer_V_V_din            | out |  128|    ap_fifo   |    hashMdBuffer_V_V    |    pointer   |
|hashMdBuffer_V_V_full_n         |  in |    1|    ap_fifo   |    hashMdBuffer_V_V    |    pointer   |
|hashMdBuffer_V_V_write          | out |    1|    ap_fifo   |    hashMdBuffer_V_V    |    pointer   |
+--------------------------------+-----+-----+--------------+------------------------+--------------+

