

================================================================
== Vivado HLS Report for 'remux'
================================================================
* Date:           Fri Nov  9 23:11:28 2018

* Version:        2018.2 (Build 2258646 on Thu Jun 14 20:25:20 MDT 2018)
* Project:        memcachedPipeline_prj
* Solution:       solution1
* Product family: virtex7
* Target device:  xc7vx690tffg1761-2


================================================================
== Performance Estimates
================================================================
+ Timing (ns): 
    * Summary: 
    +--------+-------+----------+------------+
    |  Clock | Target| Estimated| Uncertainty|
    +--------+-------+----------+------------+
    |ap_clk  |   6.66|     7.515|        0.83|
    +--------+-------+----------+------------+

+ Latency (clock cycles): 
    * Summary: 
    +-----+-----+-----+-----+----------+
    |  Latency  |  Interval | Pipeline |
    | min | max | min | max |   Type   |
    +-----+-----+-----+-----+----------+
    |    1|    1|    1|    1| function |
    +-----+-----+-----+-----+----------+

    + Detail: 
        * Instance: 
        N/A

        * Loop: 
        N/A



================================================================
== Utilization Estimates
================================================================
* Summary: 
+-----------------+---------+-------+--------+--------+
|       Name      | BRAM_18K| DSP48E|   FF   |   LUT  |
+-----------------+---------+-------+--------+--------+
|DSP              |        -|      -|       -|       -|
|Expression       |        -|      -|       0|     433|
|FIFO             |        -|      -|       -|       -|
|Instance         |        -|      -|       -|       -|
|Memory           |        -|      -|       -|       -|
|Multiplexer      |        -|      -|       -|     620|
|Register         |        -|      -|    1005|       -|
+-----------------+---------+-------+--------+--------+
|Total            |        0|      0|    1005|    1053|
+-----------------+---------+-------+--------+--------+
|Available        |     2940|   3600|  866400|  433200|
+-----------------+---------+-------+--------+--------+
|Utilization (%)  |        0|      0|   ~0   |   ~0   |
+-----------------+---------+-------+--------+--------+

+ Detail: 
    * Instance: 
    N/A

    * DSP48: 
    N/A

    * Memory: 
    N/A

    * FIFO: 
    N/A

    * Expression: 
    +----------------------------------+----------+-------+---+----+------------+------------+
    |           Variable Name          | Operation| DSP48E| FF| LUT| Bitwidth P0| Bitwidth P1|
    +----------------------------------+----------+-------+---+----+------------+------------+
    |grp_fu_682_p2                     |     +    |      0|  0|  15|           8|           5|
    |grp_fu_712_p2                     |     +    |      0|  0|  23|          16|           5|
    |grp_fu_755_p2                     |     +    |      0|  0|  15|           8|           5|
    |tmp_66_i_fu_908_p2                |     +    |      0|  0|  15|           5|           8|
    |tmp_93_i_fu_1073_p2               |     +    |      0|  0|  20|           5|          13|
    |ap_condition_376                  |    and   |      0|  0|   2|           1|           1|
    |ap_condition_902                  |    and   |      0|  0|   2|           1|           1|
    |ap_predicate_op177_write_state2   |    and   |      0|  0|   2|           1|           1|
    |ap_predicate_op179_write_state2   |    and   |      0|  0|   2|           1|           1|
    |ap_predicate_op181_write_state2   |    and   |      0|  0|   2|           1|           1|
    |ap_predicate_op74_read_state1     |    and   |      0|  0|   2|           1|           1|
    |ap_predicate_op81_read_state1     |    and   |      0|  0|   2|           1|           1|
    |ap_predicate_op87_read_state1     |    and   |      0|  0|   2|           1|           1|
    |ap_predicate_op97_read_state1     |    and   |      0|  0|   2|           1|           1|
    |tmp_EOP_V_2_fu_847_p2             |    and   |      0|  0|   2|           1|           1|
    |tmp_EOP_V_3_fu_876_p2             |    and   |      0|  0|   2|           1|           1|
    |grp_fu_677_p2                     |   icmp   |      0|  0|  13|          16|           1|
    |grp_fu_706_p2                     |   icmp   |      0|  0|  13|          13|           1|
    |grp_fu_733_p2                     |   icmp   |      0|  0|  11|           8|           1|
    |grp_fu_749_p2                     |   icmp   |      0|  0|  11|           5|           1|
    |icmp9_fu_1067_p2                  |   icmp   |      0|  0|  13|          10|           1|
    |icmp_fu_828_p2                    |   icmp   |      0|  0|  11|           5|           1|
    |tmp_102_fu_1011_p2                |   icmp   |      0|  0|  11|           8|           4|
    |tmp_103_fu_1017_p2                |   icmp   |      0|  0|  11|           8|           3|
    |tmp_105_fu_1029_p2                |   icmp   |      0|  0|  11|           8|           1|
    |tmp_69_i_fu_995_p2                |   icmp   |      0|  0|  11|           8|           1|
    |tmp_72_i_fu_1041_p2               |   icmp   |      0|  0|  11|           8|           1|
    |tmp_84_i_fu_835_p2                |   icmp   |      0|  0|  13|          16|           1|
    |tmp_85_i_fu_841_p2                |   icmp   |      0|  0|  11|           8|           1|
    |tmp_89_i_fu_864_p2                |   icmp   |      0|  0|  13|          16|           1|
    |tmp_90_i_fu_870_p2                |   icmp   |      0|  0|  11|           8|           1|
    |tmp_EOP_V_1_fu_923_p2             |   icmp   |      0|  0|  11|           8|           1|
    |tmp_EOP_V_fu_891_p2               |   icmp   |      0|  0|  11|           8|           1|
    |tmp_s_fu_812_p2                   |   icmp   |      0|  0|  11|           8|           1|
    |ap_block_state1_pp0_stage0_iter0  |    or    |      0|  0|   2|           1|           1|
    |ap_block_state2_pp0_stage0_iter1  |    or    |      0|  0|   2|           1|           1|
    |ap_condition_112                  |    or    |      0|  0|   2|           1|           1|
    |ap_condition_121                  |    or    |      0|  0|   2|           1|           1|
    |ap_condition_175                  |    or    |      0|  0|   2|           1|           1|
    |ap_condition_609                  |    or    |      0|  0|   2|           1|           1|
    |ap_condition_61                   |    or    |      0|  0|   2|           1|           1|
    |ap_condition_628                  |    or    |      0|  0|   2|           1|           1|
    |ap_condition_637                  |    or    |      0|  0|   2|           1|           1|
    |ap_condition_654                  |    or    |      0|  0|   2|           1|           1|
    |ap_condition_690                  |    or    |      0|  0|   2|           1|           1|
    |ap_condition_78                   |    or    |      0|  0|   2|           1|           1|
    |ap_predicate_op139_read_state1    |    or    |      0|  0|   2|           1|           1|
    |ap_predicate_op145_read_state1    |    or    |      0|  0|   2|           1|           1|
    |ap_predicate_op170_write_state2   |    or    |      0|  0|   2|           1|           1|
    |ap_predicate_op175_write_state2   |    or    |      0|  0|   2|           1|           1|
    |ap_predicate_op185_write_state2   |    or    |      0|  0|   2|           1|           1|
    |ap_predicate_op187_write_state2   |    or    |      0|  0|   2|           1|           1|
    |ap_predicate_op189_write_state2   |    or    |      0|  0|   2|           1|           1|
    |ap_predicate_op47_read_state1     |    or    |      0|  0|   2|           1|           1|
    |tmp_104_fu_1023_p2                |    or    |      0|  0|   2|           1|           1|
    |tmp_106_fu_1035_p2                |    or    |      0|  0|   2|           1|           1|
    |grp_fu_687_p3                     |  select  |      0|  0|   8|           1|           8|
    |grp_fu_717_p3                     |  select  |      0|  0|  16|           1|          16|
    |grp_fu_761_p3                     |  select  |      0|  0|   8|           1|           8|
    |p_rmKeyLength_load_fu_976_p3      |  select  |      0|  0|   8|           1|           8|
    |p_s_fu_967_p3                     |  select  |      0|  0|   2|           1|           2|
    |storemerge10_i_fu_1079_p3         |  select  |      0|  0|  13|           1|          13|
    |storemerge1_i_fu_882_p3           |  select  |      0|  0|   4|           1|           1|
    |storemerge5_i_fu_914_p3           |  select  |      0|  0|   8|           1|           8|
    |storemerge6_cast_i_fu_935_p3      |  select  |      0|  0|   2|           1|           2|
    |not_tmp_EOP_V_i_fu_929_p2         |    xor   |      0|  0|   2|           1|           2|
    +----------------------------------+----------+-------+---+----+------------+------------+
    |Total                             |          |      0|  0| 433|         254|         160|
    +----------------------------------+----------+-------+---+----+------------+------------+

    * Multiplexer: 
    +-------------------------------------------------+----+-----------+-----+-----------+
    |                       Name                      | LUT| Input Size| Bits| Total Bits|
    +-------------------------------------------------+----+-----------+-----+-----------+
    |ap_NS_iter1_fsm                                  |  15|          3|    2|          6|
    |ap_done                                          |   9|          2|    1|          2|
    |ap_phi_mux_p_Val2_10_phi_fu_275_p6               |  15|          3|  124|        372|
    |ap_phi_mux_remuxState_flag_14_i_phi_fu_319_p42   |  33|          6|    1|          6|
    |ap_phi_mux_remuxState_flag_2_i_phi_fu_262_p6     |  15|          3|    1|          3|
    |ap_phi_mux_remuxState_new_1_i_phi_fu_386_p42     |  38|          7|    3|         21|
    |ap_phi_mux_rmKeyLength_flag_15_s_phi_fu_452_p42  |  38|          7|    1|          7|
    |ap_phi_mux_rmKeyLength_flag_5_i_phi_fu_298_p4    |  15|          3|    1|          3|
    |ap_phi_mux_rmKeyLength_load_1_i_phi_fu_244_p4    |  15|          3|    8|         24|
    |ap_phi_mux_rmKeyLength_load_i_phi_fu_214_p4      |  15|          3|    8|         24|
    |ap_phi_mux_rmKeyLength_loc_2_i_phi_fu_287_p6     |  15|          3|    8|         24|
    |ap_phi_mux_rmKeyLength_new_12_i_phi_fu_521_p42   |  44|          9|    8|         72|
    |ap_phi_mux_rmKeyLength_new_5_i_phi_fu_309_p4     |  15|          3|    8|         24|
    |ap_phi_mux_tmp_83_i_phi_fu_223_p4                |  15|          3|   16|         48|
    |ap_phi_mux_tmp_88_i_phi_fu_253_p4                |  15|          3|   16|         48|
    |ap_phi_mux_tmp_keyValid_V_1_phi_fu_202_p4        |  15|          3|    1|          3|
    |ap_phi_mux_tmp_keyValid_V_2_phi_fu_232_p4        |  15|          3|    1|          3|
    |ap_phi_reg_pp0_iter1_tmp_keyValid_V_reg_653      |  15|          3|    1|          3|
    |ap_phi_reg_pp0_iter1_tmp_key_V_3_reg_666         |  15|          3|   64|        192|
    |ap_phi_reg_pp0_iter1_tmp_key_V_4_reg_583         |  15|          3|   64|        192|
    |ap_phi_reg_pp0_iter1_tmp_key_V_5_reg_618         |  15|          3|   64|        192|
    |ap_phi_reg_pp0_iter1_tmp_valueValid_V_1_reg_629  |  15|          3|    1|          3|
    |ap_phi_reg_pp0_iter1_tmp_valueValid_V_reg_594    |  15|          3|    1|          3|
    |ap_phi_reg_pp0_iter1_tmp_value_V_1_reg_607       |  15|          3|   64|        192|
    |ap_phi_reg_pp0_iter1_tmp_value_V_2_reg_642       |  15|          3|   64|        192|
    |getPath2remux_V_V_blk_n                          |   9|          2|    1|          2|
    |keyBuffer_V_V_blk_n                              |   9|          2|    1|          2|
    |metadataBuffer_V_blk_n                           |   9|          2|    1|          2|
    |p_Val2_10_reg_272                                |  15|          3|  124|        372|
    |real_start                                       |   9|          2|    1|          2|
    |rmMdBuffer_metadata_s                            |  15|          3|  124|        372|
    |rmValueLength                                    |   9|          2|   16|         32|
    |tmp_keyValid_V_1_reg_199                         |  15|          3|    1|          3|
    |tmp_keyValid_V_2_reg_229                         |  15|          3|    1|          3|
    |valueStoreDram2merge_1_blk_n                     |   9|          2|    1|          2|
    |valueStoreDram2merge_1_din                       |  44|          9|  256|       2304|
    +-------------------------------------------------+----+-----------+-----+-----------+
    |Total                                            | 620|        124| 1058|       4755|
    +-------------------------------------------------+----+-----------+-----+-----------+

    * Register: 
    +-------------------------------------------------+-----+----+-----+-----------+
    |                       Name                      |  FF | LUT| Bits| Const Bits|
    +-------------------------------------------------+-----+----+-----+-----------+
    |ap_CS_iter0_fsm                                  |    1|   0|    1|          0|
    |ap_CS_iter1_fsm                                  |    2|   0|    2|          0|
    |ap_done_reg                                      |    1|   0|    1|          0|
    |ap_phi_reg_pp0_iter1_tmp_keyValid_V_reg_653      |    1|   0|    1|          0|
    |ap_phi_reg_pp0_iter1_tmp_key_V_3_reg_666         |   64|   0|   64|          0|
    |ap_phi_reg_pp0_iter1_tmp_key_V_4_reg_583         |   64|   0|   64|          0|
    |ap_phi_reg_pp0_iter1_tmp_key_V_5_reg_618         |   64|   0|   64|          0|
    |ap_phi_reg_pp0_iter1_tmp_valueValid_V_1_reg_629  |    1|   0|    1|          0|
    |ap_phi_reg_pp0_iter1_tmp_valueValid_V_reg_594    |    1|   0|    1|          0|
    |ap_phi_reg_pp0_iter1_tmp_value_V_1_reg_607       |   64|   0|   64|          0|
    |ap_phi_reg_pp0_iter1_tmp_value_V_2_reg_642       |   64|   0|   64|          0|
    |outputWord_metadata_1_reg_1253                   |  124|   0|  124|          0|
    |outputWord_metadata_s_reg_1276                   |  124|   0|  124|          0|
    |p_Val2_10_reg_272                                |  124|   0|  124|          0|
    |reg_771                                          |   64|   0|   64|          0|
    |reg_778                                          |   64|   0|   64|          0|
    |remuxState                                       |    3|   0|    3|          0|
    |remuxState_load_reg_1212                         |    3|   0|    3|          0|
    |rmKeyLength                                      |    8|   0|    8|          0|
    |rmMdBuffer_metadata_s                            |  124|   0|  124|          0|
    |rmValueLength                                    |   16|   0|   16|          0|
    |start_once_reg                                   |    1|   0|    1|          0|
    |tmp_106_reg_1298                                 |    1|   0|    1|          0|
    |tmp_10_reg_1228                                  |    1|   0|    1|          0|
    |tmp_11_reg_1317                                  |    1|   0|    1|          0|
    |tmp_12_reg_1306                                  |    1|   0|    1|          0|
    |tmp_13_reg_1249                                  |    1|   0|    1|          0|
    |tmp_1_reg_1237                                   |    1|   0|    1|          0|
    |tmp_2_reg_1263                                   |    1|   0|    1|          0|
    |tmp_3_reg_1220                                   |    1|   0|    1|          0|
    |tmp_5_reg_1282                                   |    1|   0|    1|          0|
    |tmp_64_i_reg_1224                                |    1|   0|    1|          0|
    |tmp_68_i_reg_1245                                |    1|   0|    1|          0|
    |tmp_69_i_reg_1294                                |    1|   0|    1|          0|
    |tmp_72_i_reg_1302                                |    1|   0|    1|          0|
    |tmp_73_i_reg_1313                                |    1|   0|    1|          0|
    |tmp_8_reg_1241                                   |    1|   0|    1|          0|
    |tmp_9_reg_1272                                   |    1|   0|    1|          0|
    |tmp_EOP_V_1_reg_1286                             |    1|   0|    1|          0|
    |tmp_EOP_V_2_reg_1232                             |    1|   0|    1|          0|
    |tmp_EOP_V_3_reg_1258                             |    1|   0|    1|          0|
    |tmp_EOP_V_reg_1267                               |    1|   0|    1|          0|
    |tmp_keyValid_V_1_reg_199                         |    1|   0|    1|          0|
    |tmp_keyValid_V_2_reg_229                         |    1|   0|    1|          0|
    |tmp_s_reg_1216                                   |    1|   0|    1|          0|
    +-------------------------------------------------+-----+----+-----+-----------+
    |Total                                            | 1005|   0| 1005|          0|
    +-------------------------------------------------+-----+----+-----+-----------+



================================================================
== Interface
================================================================
* Summary: 
+-------------------------------+-----+-----+--------------+------------------------+--------------+
|           RTL Ports           | Dir | Bits|   Protocol   |      Source Object     |    C Type    |
+-------------------------------+-----+-----+--------------+------------------------+--------------+
|ap_clk                         |  in |    1| ap_ctrl_none |          remux         | return value |
|ap_rst                         |  in |    1| ap_ctrl_none |          remux         | return value |
|ap_start                       |  in |    1| ap_ctrl_none |          remux         | return value |
|start_full_n                   |  in |    1| ap_ctrl_none |          remux         | return value |
|ap_done                        | out |    1| ap_ctrl_none |          remux         | return value |
|ap_continue                    |  in |    1| ap_ctrl_none |          remux         | return value |
|ap_idle                        | out |    1| ap_ctrl_none |          remux         | return value |
|ap_ready                       | out |    1| ap_ctrl_none |          remux         | return value |
|start_out                      | out |    1| ap_ctrl_none |          remux         | return value |
|start_write                    | out |    1| ap_ctrl_none |          remux         | return value |
|keyBuffer_V_V_dout             |  in |   64|    ap_fifo   |      keyBuffer_V_V     |    pointer   |
|keyBuffer_V_V_empty_n          |  in |    1|    ap_fifo   |      keyBuffer_V_V     |    pointer   |
|keyBuffer_V_V_read             | out |    1|    ap_fifo   |      keyBuffer_V_V     |    pointer   |
|getPath2remux_V_V_dout         |  in |   64|    ap_fifo   |    getPath2remux_V_V   |    pointer   |
|getPath2remux_V_V_empty_n      |  in |    1|    ap_fifo   |    getPath2remux_V_V   |    pointer   |
|getPath2remux_V_V_read         | out |    1|    ap_fifo   |    getPath2remux_V_V   |    pointer   |
|metadataBuffer_V_dout          |  in |  128|    ap_fifo   |    metadataBuffer_V    |    pointer   |
|metadataBuffer_V_empty_n       |  in |    1|    ap_fifo   |    metadataBuffer_V    |    pointer   |
|metadataBuffer_V_read          | out |    1|    ap_fifo   |    metadataBuffer_V    |    pointer   |
|valueStoreDram2merge_1_din     | out |  256|    ap_fifo   | valueStoreDram2merge_1 |    pointer   |
|valueStoreDram2merge_1_full_n  |  in |    1|    ap_fifo   | valueStoreDram2merge_1 |    pointer   |
|valueStoreDram2merge_1_write   | out |    1|    ap_fifo   | valueStoreDram2merge_1 |    pointer   |
+-------------------------------+-----+-----+--------------+------------------------+--------------+

