

================================================================
== Vivado HLS Report for 'response_r'
================================================================
* Date:           Tue Nov 13 22:53:00 2018

* Version:        2018.2 (Build 2258646 on Thu Jun 14 20:25:20 MDT 2018)
* Project:        memcachedPipeline_prj
* Solution:       solution1
* Product family: virtex7
* Target device:  xc7vx690tffg1761-2


================================================================
== Performance Estimates
================================================================
+ Timing (ns): 
    * Summary: 
    +--------+-------+----------+------------+
    |  Clock | Target| Estimated| Uncertainty|
    +--------+-------+----------+------------+
    |ap_clk  |   6.66|     5.311|        0.83|
    +--------+-------+----------+------------+

+ Latency (clock cycles): 
    * Summary: 
    +-----+-----+-----+-----+----------+
    |  Latency  |  Interval | Pipeline |
    | min | max | min | max |   Type   |
    +-----+-----+-----+-----+----------+
    |    2|    2|    1|    1| function |
    +-----+-----+-----+-----+----------+

    + Detail: 
        * Instance: 
        N/A

        * Loop: 
        N/A



================================================================
== Utilization Estimates
================================================================
* Summary: 
+-----------------+---------+-------+--------+--------+
|       Name      | BRAM_18K| DSP48E|   FF   |   LUT  |
+-----------------+---------+-------+--------+--------+
|DSP              |        -|      -|       -|       -|
|Expression       |        -|      -|       0|    1417|
|FIFO             |        -|      -|       -|       -|
|Instance         |        -|      -|       0|    5448|
|Memory           |        -|      -|       -|       -|
|Multiplexer      |        -|      -|       -|     520|
|Register         |        -|      -|    1186|       -|
+-----------------+---------+-------+--------+--------+
|Total            |        0|      0|    1186|    7385|
+-----------------+---------+-------+--------+--------+
|Available        |     2940|   3600|  866400|  433200|
+-----------------+---------+-------+--------+--------+
|Utilization (%)  |        0|      0|   ~0   |       1|
+-----------------+---------+-------+--------+--------+

+ Detail: 
    * Instance: 
    +---------------------------+----------------------+---------+-------+---+------+
    |          Instance         |        Module        | BRAM_18K| DSP48E| FF|  LUT |
    +---------------------------+----------------------+---------+-------+---+------+
    |memcachedPipelinebkb_U100  |memcachedPipelinebkb  |        0|      0|  0|  1362|
    |memcachedPipelinebkb_U101  |memcachedPipelinebkb  |        0|      0|  0|  1362|
    |memcachedPipelinebkb_U102  |memcachedPipelinebkb  |        0|      0|  0|  1362|
    |memcachedPipelinebkb_U103  |memcachedPipelinebkb  |        0|      0|  0|  1362|
    +---------------------------+----------------------+---------+-------+---+------+
    |Total                      |                      |        0|      0|  0|  5448|
    +---------------------------+----------------------+---------+-------+---+------+

    * DSP48: 
    N/A

    * Memory: 
    N/A

    * FIFO: 
    N/A

    * Expression: 
    +--------------------------------------+----------+-------+---+-----+------------+------------+
    |             Variable Name            | Operation| DSP48E| FF| LUT | Bitwidth P0| Bitwidth P1|
    +--------------------------------------+----------+-------+---+-----+------------+------------+
    |Hi_assign_2_fu_2623_p2                |     +    |      0|  0|   15|           5|           6|
    |Hi_assign_fu_2617_p2                  |     +    |      0|  0|   15|           2|           6|
    |br_valueLengthTemp_V_fu_2010_p2       |     +    |      0|  0|   23|          16|           5|
    |lengthValue_assign_fu_1208_p2         |     +    |      0|  0|   13|           3|           4|
    |p_Val2_4_fu_1808_p2                   |     +    |      0|  0|   39|           3|          32|
    |tmp_19_i_fu_1932_p2                   |     +    |      0|  0|   39|          32|           5|
    |tmp_20_i_fu_1944_p2                   |     +    |      0|  0|   23|          16|           5|
    |tmp_38_i_fu_1192_p2                   |     +    |      0|  0|   23|          16|           4|
    |tmp_44_i_fu_1144_p2                   |     +    |      0|  0|   23|           5|          16|
    |tmp_76_fu_2663_p2                     |     +    |      0|  0|   15|           7|           7|
    |tmp_75_fu_2657_p2                     |     -    |      0|  0|   15|           6|           7|
    |tmp_79_fu_2685_p2                     |     -    |      0|  0|   15|           6|           7|
    |tmp_87_fu_2747_p2                     |     -    |      0|  0|   15|           6|           7|
    |ap_condition_2601                     |    and   |      0|  0|    2|           1|           1|
    |ap_condition_334                      |    and   |      0|  0|    2|           1|           1|
    |ap_condition_658                      |    and   |      0|  0|    2|           1|           1|
    |ap_condition_708                      |    and   |      0|  0|    2|           1|           1|
    |ap_condition_722                      |    and   |      0|  0|    2|           1|           1|
    |ap_condition_754                      |    and   |      0|  0|    2|           1|           1|
    |ap_condition_759                      |    and   |      0|  0|    2|           1|           1|
    |ap_condition_785                      |    and   |      0|  0|    2|           1|           1|
    |ap_condition_839                      |    and   |      0|  0|    2|           1|           1|
    |ap_condition_849                      |    and   |      0|  0|    2|           1|           1|
    |ap_condition_88                       |    and   |      0|  0|    2|           1|           1|
    |ap_condition_962                      |    and   |      0|  0|    2|           1|           1|
    |ap_predicate_op142_read_state1        |    and   |      0|  0|    2|           1|           1|
    |ap_predicate_op150_write_state2       |    and   |      0|  0|    2|           1|           1|
    |ap_predicate_op155_write_state2       |    and   |      0|  0|    2|           1|           1|
    |ap_predicate_op190_write_state2       |    and   |      0|  0|    2|           1|           1|
    |ap_predicate_op195_write_state2       |    and   |      0|  0|    2|           1|           1|
    |ap_predicate_op197_write_state2       |    and   |      0|  0|    2|           1|           1|
    |ap_predicate_op200_write_state2       |    and   |      0|  0|    2|           1|           1|
    |ap_predicate_op208_write_state2       |    and   |      0|  0|    2|           1|           1|
    |ap_predicate_op218_write_state3       |    and   |      0|  0|    2|           1|           1|
    |ap_predicate_op221_write_state3       |    and   |      0|  0|    2|           1|           1|
    |ap_predicate_op226_write_state3       |    and   |      0|  0|    2|           1|           1|
    |ap_predicate_op227_write_state3       |    and   |      0|  0|    2|           1|           1|
    |ap_predicate_op229_write_state3       |    and   |      0|  0|    2|           1|           1|
    |ap_predicate_op230_write_state3       |    and   |      0|  0|    2|           1|           1|
    |ap_predicate_op231_write_state3       |    and   |      0|  0|    2|           1|           1|
    |ap_predicate_op37_read_state1         |    and   |      0|  0|    2|           1|           1|
    |ap_predicate_op56_read_state1         |    and   |      0|  0|    2|           1|           1|
    |or_cond2_i_fu_1902_p2                 |    and   |      0|  0|    2|           1|           1|
    |or_cond4_i_fu_1790_p2                 |    and   |      0|  0|    2|           1|           1|
    |or_cond913_not_i_fu_1884_p2           |    and   |      0|  0|    2|           1|           1|
    |p_Result_8_fu_2737_p2                 |    and   |      0|  0|   64|          64|          64|
    |p_Result_9_fu_2763_p2                 |    and   |      0|  0|   64|          64|          64|
    |respOutput_V_data_V_1_load_A          |    and   |      0|  0|    2|           1|           1|
    |respOutput_V_data_V_1_load_B          |    and   |      0|  0|    2|           1|           1|
    |respOutput_V_keep_V_1_load_A          |    and   |      0|  0|    2|           1|           1|
    |respOutput_V_keep_V_1_load_B          |    and   |      0|  0|    2|           1|           1|
    |respOutput_V_last_V_1_load_A          |    and   |      0|  0|    2|           1|           1|
    |respOutput_V_last_V_1_load_B          |    and   |      0|  0|    2|           1|           1|
    |respOutput_V_user_V_1_load_A          |    and   |      0|  0|    2|           1|           1|
    |respOutput_V_user_V_1_load_B          |    and   |      0|  0|    2|           1|           1|
    |tmp1_fu_1878_p2                       |    and   |      0|  0|    2|           1|           1|
    |grp_fu_492_p2                         |   icmp   |      0|  0|   13|          16|           3|
    |grp_fu_502_p2                         |   icmp   |      0|  0|   11|           8|           1|
    |grp_fu_507_p2                         |   icmp   |      0|  0|   11|           8|           3|
    |grp_fu_512_p2                         |   icmp   |      0|  0|   11|           8|           1|
    |p_not_i_fu_1872_p2                    |   icmp   |      0|  0|   11|           8|           1|
    |respOutput_V_data_V_1_state_cmp_full  |   icmp   |      0|  0|    8|           2|           1|
    |respOutput_V_keep_V_1_state_cmp_full  |   icmp   |      0|  0|    8|           2|           1|
    |respOutput_V_last_V_1_state_cmp_full  |   icmp   |      0|  0|    8|           2|           1|
    |respOutput_V_user_V_1_state_cmp_full  |   icmp   |      0|  0|    8|           2|           1|
    |tmp_18_i_fu_570_p2                    |   icmp   |      0|  0|    9|           4|           2|
    |tmp_23_i_fu_1778_p2                   |   icmp   |      0|  0|   11|           8|           1|
    |tmp_24_i_fu_576_p2                    |   icmp   |      0|  0|    9|           4|           2|
    |tmp_28_i_fu_497_p2                    |   icmp   |      0|  0|   11|           8|           1|
    |tmp_29_i_fu_582_p2                    |   icmp   |      0|  0|    9|           4|           3|
    |tmp_30_i_fu_1998_p2                   |   icmp   |      0|  0|   11|           8|           1|
    |tmp_31_i_fu_588_p2                    |   icmp   |      0|  0|    9|           4|           3|
    |tmp_34_i_fu_606_p2                    |   icmp   |      0|  0|   13|          16|           3|
    |tmp_35_i_fu_594_p2                    |   icmp   |      0|  0|    9|           4|           3|
    |tmp_41_i_fu_600_p2                    |   icmp   |      0|  0|    9|           4|           3|
    |tmp_43_i_fu_1138_p2                   |   icmp   |      0|  0|   13|          16|           4|
    |tmp_46_i_fu_1164_p2                   |   icmp   |      0|  0|   13|          16|           1|
    |tmp_50_i_fu_1170_p2                   |   icmp   |      0|  0|   13|          16|           3|
    |tmp_60_fu_1736_p2                     |   icmp   |      0|  0|   11|           8|           4|
    |tmp_63_fu_1748_p2                     |   icmp   |      0|  0|   11|           8|           1|
    |tmp_8_fu_1982_p2                      |   icmp   |      0|  0|   11|           8|           1|
    |tmp_i_82_fu_559_p2                    |   icmp   |      0|  0|    9|           4|           1|
    |tmp_i_fu_541_p2                       |   icmp   |      0|  0|    9|           4|           1|
    |tmp_84_fu_2731_p2                     |   lshr   |      0|  0|  182|           2|          64|
    |tmp_89_fu_2757_p2                     |   lshr   |      0|  0|  182|           2|          64|
    |ap_block_state1_pp0_stage0_iter0      |    or    |      0|  0|    2|           1|           1|
    |ap_block_state2_io                    |    or    |      0|  0|    2|           1|           1|
    |ap_block_state3_io                    |    or    |      0|  0|    2|           1|           1|
    |ap_block_state3_pp0_stage0_iter2      |    or    |      0|  0|    2|           1|           1|
    |ap_predicate_op185_write_state2       |    or    |      0|  0|    2|           1|           1|
    |ap_predicate_op223_write_state3       |    or    |      0|  0|    2|           1|           1|
    |or_cond1_i_fu_1890_p2                 |    or    |      0|  0|    2|           1|           1|
    |or_cond3_i_fu_1784_p2                 |    or    |      0|  0|    2|           1|           1|
    |or_cond5_i_fu_2004_p2                 |    or    |      0|  0|    2|           1|           1|
    |tmp_22_i_fu_1772_p2                   |    or    |      0|  0|    8|           8|           8|
    |tmp_62_fu_1742_p2                     |    or    |      0|  0|    2|           1|           1|
    |tmp_64_fu_1754_p2                     |    or    |      0|  0|    2|           1|           1|
    |tmp_7_fu_1976_p2                      |    or    |      0|  0|    8|           8|           8|
    |p_1_cast_i_cast_cast_fu_1796_p3       |  select  |      0|  0|   28|           1|          28|
    |p_cast_i_cast_cast_fu_2016_p3         |  select  |      0|  0|    6|           1|           6|
    |tempOutput_data_V_fu_3335_p3          |  select  |      0|  0|   64|           1|          64|
    |tmp_45_i_fu_1150_p3                   |  select  |      0|  0|   16|           1|          16|
    |tmp_77_fu_2669_p3                     |  select  |      0|  0|    7|           1|           7|
    |tmp_78_fu_2677_p3                     |  select  |      0|  0|   64|           1|          64|
    |tmp_83_fu_2723_p3                     |  select  |      0|  0|   64|           1|          64|
    |or_cond915_not_i_fu_1896_p2           |    xor   |      0|  0|    2|           1|           2|
    |rev_fu_2637_p2                        |    xor   |      0|  0|    2|           1|           2|
    +--------------------------------------+----------+-------+---+-----+------------+------------+
    |Total                                 |          |      0|  0| 1417|         532|         739|
    +--------------------------------------+----------+-------+---+-----+------------+------------+

    * Multiplexer: 
    +----------------------------------------------------+----+-----------+-----+-----------+
    |                        Name                        | LUT| Input Size| Bits| Total Bits|
    +----------------------------------------------------+----+-----------+-----+-----------+
    |ap_NS_iter1_fsm                                     |  15|          3|    2|          6|
    |ap_NS_iter2_fsm                                     |  15|          3|    2|          6|
    |ap_done                                             |   9|          2|    1|          2|
    |ap_phi_mux_xtrasBuffer_V_flag_8_phi_fu_419_p18      |   9|          2|    1|          2|
    |ap_phi_mux_xtrasBuffer_V_new_8_s_phi_fu_453_p18     |   9|          2|   64|        128|
    |ap_phi_reg_pp0_iter1_p_0492_1_i_reg_405             |  15|          3|   16|         48|
    |ap_phi_reg_pp0_iter1_tmp_data_V_1_reg_385           |  15|          3|   32|         96|
    |ap_phi_reg_pp0_iter1_tmp_keep_V_1_reg_352           |  15|          3|    8|         24|
    |ap_phi_reg_pp0_iter1_tmp_keep_V_3_reg_322           |  15|          3|    8|         24|
    |ap_phi_reg_pp0_iter1_tmp_last_V_1_reg_336           |  15|          3|    1|          3|
    |ap_phi_reg_pp0_iter1_tmp_last_V_2_reg_306           |  15|          3|    1|          3|
    |ap_phi_reg_pp0_iter1_tmp_last_V_reg_366             |  15|          3|    1|          3|
    |ap_phi_reg_pp0_iter1_xtrasBuffer_V_flag_8_reg_414   |  15|          3|    1|          3|
    |ap_phi_reg_pp0_iter1_xtrasBuffer_V_new_8_s_reg_449  |   9|          2|   64|        128|
    |ap_phi_reg_pp0_iter1_xtrasBuffer_V_new_i_reg_394    |  15|          3|   64|        192|
    |br_outWordCounter                                   |  41|          8|    3|         24|
    |metadataBuffer_rf_V_s_blk_n                         |   9|          2|    1|          2|
    |outData_TDATA_blk_n                                 |   9|          2|    1|          2|
    |respOutput_V_data_V_1_data_in                       |  44|          9|   64|        576|
    |respOutput_V_data_V_1_data_out                      |   9|          2|   64|        128|
    |respOutput_V_data_V_1_state                         |  15|          3|    2|          6|
    |respOutput_V_keep_V_1_data_in                       |  33|          6|    8|         48|
    |respOutput_V_keep_V_1_data_out                      |   9|          2|    8|         16|
    |respOutput_V_keep_V_1_state                         |  15|          3|    2|          6|
    |respOutput_V_last_V_1_data_in                       |  33|          6|    1|          6|
    |respOutput_V_last_V_1_data_out                      |   9|          2|    1|          2|
    |respOutput_V_last_V_1_state                         |  15|          3|    2|          6|
    |respOutput_V_user_V_1_data_in                       |  15|          3|  112|        336|
    |respOutput_V_user_V_1_data_out                      |   9|          2|  112|        224|
    |respOutput_V_user_V_1_state                         |  15|          3|    2|          6|
    |resp_ValueConvertTem                                |   9|          2|   32|         64|
    |valueBuffer_rf_V_V_blk_n                            |   9|          2|    1|          2|
    |valueLength                                         |  21|          4|   16|         64|
    +----------------------------------------------------+----+-----------+-----+-----------+
    |Total                                               | 520|        105|  698|       2186|
    +----------------------------------------------------+----+-----------+-----+-----------+

    * Register: 
    +----------------------------------------------------+-----+----+-----+-----------+
    |                        Name                        |  FF | LUT| Bits| Const Bits|
    +----------------------------------------------------+-----+----+-----+-----------+
    |ap_CS_iter0_fsm                                     |    1|   0|    1|          0|
    |ap_CS_iter1_fsm                                     |    2|   0|    2|          0|
    |ap_CS_iter2_fsm                                     |    2|   0|    2|          0|
    |ap_done_reg                                         |    1|   0|    1|          0|
    |ap_phi_reg_pp0_iter1_p_0492_1_i_reg_405             |   16|   0|   16|          0|
    |ap_phi_reg_pp0_iter1_tmp_data_V_1_reg_385           |   32|   0|   32|          0|
    |ap_phi_reg_pp0_iter1_tmp_keep_V_1_reg_352           |    8|   0|    8|          0|
    |ap_phi_reg_pp0_iter1_tmp_keep_V_3_reg_322           |    8|   0|    8|          0|
    |ap_phi_reg_pp0_iter1_tmp_last_V_1_reg_336           |    1|   0|    1|          0|
    |ap_phi_reg_pp0_iter1_tmp_last_V_2_reg_306           |    1|   0|    1|          0|
    |ap_phi_reg_pp0_iter1_tmp_last_V_reg_366             |    1|   0|    1|          0|
    |ap_phi_reg_pp0_iter1_xtrasBuffer_V_flag_8_reg_414   |    1|   0|    1|          0|
    |ap_phi_reg_pp0_iter1_xtrasBuffer_V_new_8_s_reg_449  |   64|   0|   64|          0|
    |ap_phi_reg_pp0_iter1_xtrasBuffer_V_new_i_reg_394    |   64|   0|   64|          0|
    |br_outWordCounter                                   |    3|   0|    5|          2|
    |errorCode                                           |    8|   0|    8|          0|
    |or_cond2_i_reg_3479                                 |    1|   0|    1|          0|
    |or_cond2_i_reg_3479_pp0_iter1_reg                   |    1|   0|    1|          0|
    |outMetadataTempBuffe                                |  248|   0|  248|          0|
    |outOpCode                                           |    8|   0|    8|          0|
    |p_Result_1_i_reg_3483                               |   96|   0|   96|          0|
    |p_Result_2_i_reg_3488                               |    8|   0|    8|          0|
    |p_Result_8_i_reg_3499                               |    8|   0|    8|          0|
    |respOutput_V_data_V_1_payload_A                     |   64|   0|   64|          0|
    |respOutput_V_data_V_1_payload_B                     |   64|   0|   64|          0|
    |respOutput_V_data_V_1_sel_rd                        |    1|   0|    1|          0|
    |respOutput_V_data_V_1_sel_wr                        |    1|   0|    1|          0|
    |respOutput_V_data_V_1_state                         |    2|   0|    2|          0|
    |respOutput_V_keep_V_1_payload_A                     |    8|   0|    8|          0|
    |respOutput_V_keep_V_1_payload_B                     |    8|   0|    8|          0|
    |respOutput_V_keep_V_1_sel_rd                        |    1|   0|    1|          0|
    |respOutput_V_keep_V_1_sel_wr                        |    1|   0|    1|          0|
    |respOutput_V_keep_V_1_state                         |    2|   0|    2|          0|
    |respOutput_V_last_V_1_payload_A                     |    1|   0|    1|          0|
    |respOutput_V_last_V_1_payload_B                     |    1|   0|    1|          0|
    |respOutput_V_last_V_1_sel_rd                        |    1|   0|    1|          0|
    |respOutput_V_last_V_1_sel_wr                        |    1|   0|    1|          0|
    |respOutput_V_last_V_1_state                         |    2|   0|    2|          0|
    |respOutput_V_user_V_1_payload_A                     |  112|   0|  112|          0|
    |respOutput_V_user_V_1_payload_B                     |  112|   0|  112|          0|
    |respOutput_V_user_V_1_sel_rd                        |    1|   0|    1|          0|
    |respOutput_V_user_V_1_sel_wr                        |    1|   0|    1|          0|
    |respOutput_V_user_V_1_state                         |    2|   0|    2|          0|
    |resp_ValueConvertTem                                |   32|   0|   32|          0|
    |tmp_18_i_reg_3383                                   |    1|   0|    1|          0|
    |tmp_18_i_reg_3383_pp0_iter1_reg                     |    1|   0|    1|          0|
    |tmp_24_i_reg_3387                                   |    1|   0|    1|          0|
    |tmp_24_i_reg_3387_pp0_iter1_reg                     |    1|   0|    1|          0|
    |tmp_29_i_reg_3391                                   |    1|   0|    1|          0|
    |tmp_29_i_reg_3391_pp0_iter1_reg                     |    1|   0|    1|          0|
    |tmp_31_i_reg_3395                                   |    1|   0|    1|          0|
    |tmp_31_i_reg_3395_pp0_iter1_reg                     |    1|   0|    1|          0|
    |tmp_34_i_reg_3407                                   |    1|   0|    1|          0|
    |tmp_34_i_reg_3407_pp0_iter1_reg                     |    1|   0|    1|          0|
    |tmp_35_i_reg_3399                                   |    1|   0|    1|          0|
    |tmp_35_i_reg_3399_pp0_iter1_reg                     |    1|   0|    1|          0|
    |tmp_39_i_reg_3415                                   |    1|   0|    1|          0|
    |tmp_39_i_reg_3415_pp0_iter1_reg                     |    1|   0|    1|          0|
    |tmp_41_i_reg_3403                                   |    1|   0|    1|          0|
    |tmp_41_i_reg_3403_pp0_iter1_reg                     |    1|   0|    1|          0|
    |tmp_5_reg_3437                                      |    1|   0|    1|          0|
    |tmp_5_reg_3437_pp0_iter1_reg                        |    1|   0|    1|          0|
    |tmp_66_reg_3441                                     |   32|   0|   32|          0|
    |tmp_69_reg_3419                                     |   32|   0|   32|          0|
    |tmp_6_reg_3411                                      |    1|   0|    1|          0|
    |tmp_6_reg_3411_pp0_iter1_reg                        |    1|   0|    1|          0|
    |tmp_8_reg_3494                                      |    1|   0|    1|          0|
    |tmp_i_82_reg_3372                                   |    1|   0|    1|          0|
    |tmp_i_82_reg_3372_pp0_iter1_reg                     |    1|   0|    1|          0|
    |tmp_i_reg_3368                                      |    1|   0|    1|          0|
    |tmp_i_reg_3368_pp0_iter1_reg                        |    1|   0|    1|          0|
    |valueLength                                         |   16|   0|   16|          0|
    |valueLength_load_reg_3376                           |   16|   0|   16|          0|
    |xtrasBuffer_V                                       |   64|   0|   64|          0|
    +----------------------------------------------------+-----+----+-----+-----------+
    |Total                                               | 1186|   0| 1188|          2|
    +----------------------------------------------------+-----+----+-----+-----------+



================================================================
== Interface
================================================================
* Summary: 
+-------------------------------+-----+-----+------------+-----------------------+--------------+
|           RTL Ports           | Dir | Bits|  Protocol  |     Source Object     |    C Type    |
+-------------------------------+-----+-----+------------+-----------------------+--------------+
|ap_clk                         |  in |    1| ap_ctrl_hs |       response_r      | return value |
|ap_rst                         |  in |    1| ap_ctrl_hs |       response_r      | return value |
|ap_start                       |  in |    1| ap_ctrl_hs |       response_r      | return value |
|ap_done                        | out |    1| ap_ctrl_hs |       response_r      | return value |
|ap_continue                    |  in |    1| ap_ctrl_hs |       response_r      | return value |
|ap_idle                        | out |    1| ap_ctrl_hs |       response_r      | return value |
|ap_ready                       | out |    1| ap_ctrl_hs |       response_r      | return value |
|valueBuffer_rf_V_V_dout        |  in |   64|   ap_fifo  |   valueBuffer_rf_V_V  |    pointer   |
|valueBuffer_rf_V_V_empty_n     |  in |    1|   ap_fifo  |   valueBuffer_rf_V_V  |    pointer   |
|valueBuffer_rf_V_V_read        | out |    1|   ap_fifo  |   valueBuffer_rf_V_V  |    pointer   |
|metadataBuffer_rf_V_s_dout     |  in |  248|   ap_fifo  | metadataBuffer_rf_V_s |    pointer   |
|metadataBuffer_rf_V_s_empty_n  |  in |    1|   ap_fifo  | metadataBuffer_rf_V_s |    pointer   |
|metadataBuffer_rf_V_s_read     | out |    1|   ap_fifo  | metadataBuffer_rf_V_s |    pointer   |
|outData_TREADY                 |  in |    1|    axis    |  respOutput_V_last_V  |    pointer   |
|outData_TVALID                 | out |    1|    axis    |  respOutput_V_last_V  |    pointer   |
|outData_TLAST                  | out |    1|    axis    |  respOutput_V_last_V  |    pointer   |
|outData_TDATA                  | out |   64|    axis    |  respOutput_V_data_V  |    pointer   |
|outData_TUSER                  | out |  112|    axis    |  respOutput_V_user_V  |    pointer   |
|outData_TKEEP                  | out |    8|    axis    |  respOutput_V_keep_V  |    pointer   |
+-------------------------------+-----+-----+------------+-----------------------+--------------+

