

================================================================
== Vivado HLS Report for 'splitter'
================================================================
* Date:           Fri Nov  9 23:11:13 2018

* Version:        2018.2 (Build 2258646 on Thu Jun 14 20:25:20 MDT 2018)
* Project:        memcachedPipeline_prj
* Solution:       solution1
* Product family: virtex7
* Target device:  xc7vx690tffg1761-2


================================================================
== Performance Estimates
================================================================
+ Timing (ns): 
    * Summary: 
    +--------+-------+----------+------------+
    |  Clock | Target| Estimated| Uncertainty|
    +--------+-------+----------+------------+
    |ap_clk  |   6.66|     3.651|        0.83|
    +--------+-------+----------+------------+

+ Latency (clock cycles): 
    * Summary: 
    +-----+-----+-----+-----+----------+
    |  Latency  |  Interval | Pipeline |
    | min | max | min | max |   Type   |
    +-----+-----+-----+-----+----------+
    |    2|    2|    1|    1| function |
    +-----+-----+-----+-----+----------+

    + Detail: 
        * Instance: 
        N/A

        * Loop: 
        N/A



================================================================
== Utilization Estimates
================================================================
* Summary: 
+-----------------+---------+-------+--------+--------+
|       Name      | BRAM_18K| DSP48E|   FF   |   LUT  |
+-----------------+---------+-------+--------+--------+
|DSP              |        -|      -|       -|       -|
|Expression       |        -|      -|       0|      40|
|FIFO             |        -|      -|       -|       -|
|Instance         |        -|      -|       -|       -|
|Memory           |        -|      -|       -|       -|
|Multiplexer      |        -|      -|       -|     138|
|Register         |        -|      -|     528|       -|
+-----------------+---------+-------+--------+--------+
|Total            |        0|      0|     528|     178|
+-----------------+---------+-------+--------+--------+
|Available        |     2940|   3600|  866400|  433200|
+-----------------+---------+-------+--------+--------+
|Utilization (%)  |        0|      0|   ~0   |   ~0   |
+-----------------+---------+-------+--------+--------+

+ Detail: 
    * Instance: 
    N/A

    * DSP48: 
    N/A

    * Memory: 
    N/A

    * FIFO: 
    N/A

    * Expression: 
    +----------------------------------+----------+-------+---+----+------------+------------+
    |           Variable Name          | Operation| DSP48E| FF| LUT| Bitwidth P0| Bitwidth P1|
    +----------------------------------+----------+-------+---+----+------------+------------+
    |ap_condition_151                  |    and   |      0|  0|   2|           1|           1|
    |ap_condition_194                  |    and   |      0|  0|   2|           1|           1|
    |ap_condition_96                   |    and   |      0|  0|   2|           1|           1|
    |ap_predicate_op32_write_state3    |    and   |      0|  0|   2|           1|           1|
    |ap_predicate_op34_write_state3    |    and   |      0|  0|   2|           1|           1|
    |not_i_fu_153_p2                   |   icmp   |      0|  0|  18|          32|          12|
    |ap_block_pp0_stage0_01001         |    or    |      0|  0|   2|           1|           1|
    |ap_block_state1_pp0_stage0_iter0  |    or    |      0|  0|   2|           1|           1|
    |ap_block_state3_pp0_stage0_iter2  |    or    |      0|  0|   2|           1|           1|
    |p_is_validFlag_flag_i_fu_181_p2   |    or    |      0|  0|   2|           1|           1|
    |ap_enable_pp0                     |    xor   |      0|  0|   2|           1|           2|
    |not_din_EOP_V_assign_fu_188_p2    |    xor   |      0|  0|   2|           1|           2|
    +----------------------------------+----------+-------+---+----+------------+------------+
    |Total                             |          |      0|  0|  40|          43|          25|
    +----------------------------------+----------+-------+---+----+------------+------------+

    * Multiplexer: 
    +----------------------------------------------------+----+-----------+-----+-----------+
    |                        Name                        | LUT| Input Size| Bits| Total Bits|
    +----------------------------------------------------+----+-----------+-----+-----------+
    |ap_done                                             |   9|          2|    1|          2|
    |ap_phi_mux_is_validFlag_flag_2_s_phi_fu_117_p4      |  15|          3|    1|          3|
    |ap_phi_mux_is_validFlag_flag_i_phi_fu_84_p4         |   9|          2|    1|          2|
    |ap_phi_mux_is_validFlag_loc_i_phi_fu_96_p4          |   9|          2|    1|          2|
    |ap_phi_mux_is_validFlag_new_2_i_phi_fu_128_p4       |  15|          3|    1|          3|
    |ap_phi_reg_pp0_iter1_dramOrFlash_V_1_loc_s_reg_104  |   9|          2|    1|          2|
    |ap_phi_reg_pp0_iter1_is_validFlag_flag_i_reg_80     |   9|          2|    1|          2|
    |ap_phi_reg_pp0_iter1_is_validFlag_loc_i_reg_92      |   9|          2|    1|          2|
    |dramOrFlash_V_1_loc_s_reg_104                       |   9|          2|    1|          2|
    |hashTable2splitter_V_blk_n                          |   9|          2|    1|          2|
    |is_validFlag_loc_i_reg_92                           |   9|          2|    1|          2|
    |real_start                                          |   9|          2|    1|          2|
    |splitter2valueStoreD_1_blk_n                        |   9|          2|    1|          2|
    |splitter2valueStoreF_1_blk_n                        |   9|          2|    1|          2|
    +----------------------------------------------------+----+-----------+-----+-----------+
    |Total                                               | 138|         30|   14|         30|
    +----------------------------------------------------+----+-----------+-----+-----------+

    * Register: 
    +----------------------------------------------------+-----+----+-----+-----------+
    |                        Name                        |  FF | LUT| Bits| Const Bits|
    +----------------------------------------------------+-----+----+-----+-----------+
    |ap_CS_fsm                                           |    1|   0|    1|          0|
    |ap_done_reg                                         |    1|   0|    1|          0|
    |ap_enable_reg_pp0_iter1                             |    1|   0|    1|          0|
    |ap_enable_reg_pp0_iter2                             |    1|   0|    1|          0|
    |ap_phi_reg_pp0_iter1_dramOrFlash_V_1_loc_s_reg_104  |    1|   0|    1|          0|
    |ap_phi_reg_pp0_iter1_is_validFlag_flag_i_reg_80     |    1|   0|    1|          0|
    |ap_phi_reg_pp0_iter1_is_validFlag_loc_i_reg_92      |    1|   0|    1|          0|
    |dramOrFlash_V_1                                     |    1|   0|    1|          0|
    |dramOrFlash_V_1_loc_s_reg_104                       |    1|   0|    1|          0|
    |is_validFlag                                        |    1|   0|    1|          0|
    |is_validFlag_loc_i_reg_92                           |    1|   0|    1|          0|
    |not_i_reg_216                                       |    1|   0|    1|          0|
    |start_once_reg                                      |    1|   0|    1|          0|
    |tmp92_reg_205                                       |  256|   0|  256|          0|
    |tmp92_reg_205_pp0_iter1_reg                         |  256|   0|  256|          0|
    |tmp_SOP_V_reg_212                                   |    1|   0|    1|          0|
    |tmp_reg_201                                         |    1|   0|    1|          0|
    |tmp_reg_201_pp0_iter1_reg                           |    1|   0|    1|          0|
    +----------------------------------------------------+-----+----+-----+-----------+
    |Total                                               |  528|   0|  528|          0|
    +----------------------------------------------------+-----+----+-----+-----------+



================================================================
== Interface
================================================================
* Summary: 
+-------------------------------+-----+-----+------------+------------------------+--------------+
|           RTL Ports           | Dir | Bits|  Protocol  |      Source Object     |    C Type    |
+-------------------------------+-----+-----+------------+------------------------+--------------+
|ap_clk                         |  in |    1| ap_ctrl_hs |        splitter        | return value |
|ap_rst                         |  in |    1| ap_ctrl_hs |        splitter        | return value |
|ap_start                       |  in |    1| ap_ctrl_hs |        splitter        | return value |
|start_full_n                   |  in |    1| ap_ctrl_hs |        splitter        | return value |
|ap_done                        | out |    1| ap_ctrl_hs |        splitter        | return value |
|ap_continue                    |  in |    1| ap_ctrl_hs |        splitter        | return value |
|ap_idle                        | out |    1| ap_ctrl_hs |        splitter        | return value |
|ap_ready                       | out |    1| ap_ctrl_hs |        splitter        | return value |
|start_out                      | out |    1| ap_ctrl_hs |        splitter        | return value |
|start_write                    | out |    1| ap_ctrl_hs |        splitter        | return value |
|hashTable2splitter_V_dout      |  in |  256|   ap_fifo  |  hashTable2splitter_V  |    pointer   |
|hashTable2splitter_V_empty_n   |  in |    1|   ap_fifo  |  hashTable2splitter_V  |    pointer   |
|hashTable2splitter_V_read      | out |    1|   ap_fifo  |  hashTable2splitter_V  |    pointer   |
|splitter2valueStoreF_1_din     | out |  256|   ap_fifo  | splitter2valueStoreF_1 |    pointer   |
|splitter2valueStoreF_1_full_n  |  in |    1|   ap_fifo  | splitter2valueStoreF_1 |    pointer   |
|splitter2valueStoreF_1_write   | out |    1|   ap_fifo  | splitter2valueStoreF_1 |    pointer   |
|splitter2valueStoreD_1_din     | out |  256|   ap_fifo  | splitter2valueStoreD_1 |    pointer   |
|splitter2valueStoreD_1_full_n  |  in |    1|   ap_fifo  | splitter2valueStoreD_1 |    pointer   |
|splitter2valueStoreD_1_write   | out |    1|   ap_fifo  | splitter2valueStoreD_1 |    pointer   |
+-------------------------------+-----+-----+------------+------------------------+--------------+

